<?xml version="1.0" encoding="utf-8"?><testsuites name="pytest tests"><testsuite name="pytest" errors="0" failures="0" skipped="0" tests="113" time="73.138" timestamp="2025-12-21T12:18:45.490857+00:00" hostname="a306b1b952cc"><testcase classname="api.tests.GetTimeTest" name="test_get_time_success" time="23.342" /><testcase classname="api.tests.TranslationViewTest" name="test_missing_required_fields" time="0.016" /><testcase classname="api.tests.TranslationViewTest" name="test_successful_translation" time="0.015" /><testcase classname="api.tests.TranslationViewTest" name="test_translation_service_error" time="0.015" /><testcase classname="api.tests.TranslationServiceTest" name="test_translate_text" time="0.015" /><testcase classname="api.tests.TranslationServiceTest" name="test_translation_service_error" time="0.015" /><testcase classname="api.tests.TranslationServiceTest" name="test_validate_translation_params" time="0.013" /><testcase classname="foods.tests.FoodCatalogTests" name="test_case_insensitive_category_filtering" time="0.046" /><testcase classname="foods.tests.FoodCatalogTests" name="test_category_filtering" time="0.061" /><testcase classname="foods.tests.FoodCatalogTests" name="test_no_search_result" time="0.068" /><testcase classname="foods.tests.FoodCatalogTests" name="test_nonexistent_category" time="0.061" /><testcase classname="foods.tests.FoodCatalogTests" name="test_search_returns_successful" time="0.113" /><testcase classname="foods.tests.FoodCatalogTests" name="test_search_with_category" time="0.094" /><testcase classname="foods.tests.FoodCatalogTests" name="test_successful_query" time="0.068" /><testcase classname="foods.tests.FoodProposalTests" name="test_nutrition_score_calculation" time="0.802" /><testcase classname="foods.tests.FoodProposalTests" name="test_submit_duplicate_food_proposal" time="0.695" /><testcase classname="foods.tests.FoodProposalTests" name="test_submit_food_proposal_long_name" time="0.728" /><testcase classname="foods.tests.FoodProposalTests" name="test_submit_food_proposal_minimal_data" time="0.677" /><testcase classname="foods.tests.FoodProposalTests" name="test_submit_food_proposal_missing_required_fields" time="0.603" /><testcase classname="foods.tests.FoodProposalTests" name="test_submit_food_proposal_negative_values" time="0.642" /><testcase classname="foods.tests.FoodProposalTests" name="test_submit_food_proposal_no_auth" time="0.739" /><testcase classname="foods.tests.FoodProposalTests" name="test_submit_food_proposal_success" time="0.728" /><testcase classname="foods.tests.FoodProposalTests" name="test_submit_food_proposal_with_dietary_options" time="0.676" /><testcase classname="foods.tests.FoodProposalTests" name="test_submit_food_proposal_with_image_url" time="0.838" /><testcase classname="foods.tests.FoodProposalTests" name="test_submit_food_proposal_with_multiple_allergens" time="0.697" /><testcase classname="foods.tests.FoodProposalTests" name="test_submit_food_proposal_zero_serving_size" time="0.653" /><testcase classname="foods.tests.PriceCategorizationTests" name="test_manual_override_survives_price_updates" time="0.397" /><testcase classname="foods.tests.PriceCategorizationTests" name="test_recalculate_price_thresholds_uses_sorted_prices" time="0.322" /><testcase classname="foods.tests.PriceCategorizationTests" name="test_update_food_price_assigns_category_and_logs_audit" time="0.345" /><testcase classname="foods.tests.FoodProposalApprovalTests" name="test_approve_food_proposal_assigns_category_and_creates_audit" time="0.705" /><testcase classname="foods.tests.ModeratorWorkflowTests" name="test_approve_proposal_with_micronutrients_with_units_in_name" time="0.664" /><testcase classname="foods.tests.ModeratorWorkflowTests" name="test_full_moderation_flow_records_price_audit" time="0.641" /><testcase classname="foods.tests.MicronutrientFilteringTests" name="test_bounded_range_filtering" time="0.683" /><testcase classname="foods.tests.MicronutrientFilteringTests" name="test_case_insensitive_micronutrient_name" time="0.553" /><testcase classname="foods.tests.MicronutrientFilteringTests" name="test_combined_with_other_filters" time="0.578" /><testcase classname="foods.tests.MicronutrientFilteringTests" name="test_combined_with_search" time="0.490" /><testcase classname="foods.tests.MicronutrientFilteringTests" name="test_empty_micronutrient_param" time="0.419" /><testcase classname="foods.tests.MicronutrientFilteringTests" name="test_exact_boundary_values" time="0.475" /><testcase classname="foods.tests.MicronutrientFilteringTests" name="test_foods_without_micronutrient_treated_as_zero" time="0.555" /><testcase classname="foods.tests.MicronutrientFilteringTests" name="test_invalid_format_skipped" time="0.567" /><testcase classname="foods.tests.MicronutrientFilteringTests" name="test_invalid_numbers_skipped" time="0.495" /><testcase classname="foods.tests.MicronutrientFilteringTests" name="test_lower_bounded_filtering" time="0.419" /><testcase classname="foods.tests.MicronutrientFilteringTests" name="test_multiple_micronutrient_filters_and" time="0.424" /><testcase classname="foods.tests.MicronutrientFilteringTests" name="test_nonexistent_micronutrient" time="0.413" /><testcase classname="foods.tests.MicronutrientFilteringTests" name="test_partial_name_matching" time="0.433" /><testcase classname="foods.tests.MicronutrientFilteringTests" name="test_serializer_includes_micronutrients" time="0.412" /><testcase classname="foods.tests.MicronutrientFilteringTests" name="test_upper_bounded_filtering" time="0.439" /><testcase classname="foods.tests.MicronutrientFilteringTests" name="test_whitespace_handling" time="0.419" /><testcase classname="foods.tests.MicronutrientFilteringTests" name="test_zero_values" time="0.390" /><testcase classname="foods.tests.MacronutrientFilteringTests" name="test_carbohydrate_alias_carbohydrate_singular" time="0.426" /><testcase classname="foods.tests.MacronutrientFilteringTests" name="test_carbohydrate_alias_carbs" time="0.436" /><testcase classname="foods.tests.MacronutrientFilteringTests" name="test_carbohydrate_range_filtering" time="0.405" /><testcase classname="foods.tests.MacronutrientFilteringTests" name="test_case_insensitive_macronutrient_name" time="0.415" /><testcase classname="foods.tests.MacronutrientFilteringTests" name="test_combined_with_category_filter" time="0.382" /><testcase classname="foods.tests.MacronutrientFilteringTests" name="test_combined_with_search" time="0.464" /><testcase classname="foods.tests.MacronutrientFilteringTests" name="test_complex_multi_macro_filter" time="0.404" /><testcase classname="foods.tests.MacronutrientFilteringTests" name="test_decimal_values" time="0.391" /><testcase classname="foods.tests.MacronutrientFilteringTests" name="test_empty_macronutrient_param" time="0.430" /><testcase classname="foods.tests.MacronutrientFilteringTests" name="test_exact_boundary_values" time="0.400" /><testcase classname="foods.tests.MacronutrientFilteringTests" name="test_fat_alias_fats" time="0.405" /><testcase classname="foods.tests.MacronutrientFilteringTests" name="test_fat_range_filtering" time="0.416" /><testcase classname="foods.tests.MacronutrientFilteringTests" name="test_invalid_format_skipped" time="0.459" /><testcase classname="foods.tests.MacronutrientFilteringTests" name="test_invalid_macronutrient_name_ignored" time="0.410" /><testcase classname="foods.tests.MacronutrientFilteringTests" name="test_invalid_numbers_skipped" time="0.411" /><testcase classname="foods.tests.MacronutrientFilteringTests" name="test_multiple_macronutrient_filters_and" time="0.423" /><testcase classname="foods.tests.MacronutrientFilteringTests" name="test_protein_bounded_range" time="0.422" /><testcase classname="foods.tests.MacronutrientFilteringTests" name="test_protein_lower_bound_only" time="0.418" /><testcase classname="foods.tests.MacronutrientFilteringTests" name="test_protein_upper_bound_only" time="0.401" /><testcase classname="foods.tests.MacronutrientFilteringTests" name="test_whitespace_handling" time="0.449" /><testcase classname="foods.tests.MacronutrientFilteringTests" name="test_zero_values" time="0.416" /><testcase classname="foods.tests.PrivateFoodAccessTest" name="test_anonymous_user_sees_only_public_foods" time="0.563" /><testcase classname="foods.tests.PrivateFoodAccessTest" name="test_user1_sees_public_and_own_private_foods" time="0.546" /><testcase classname="foods.tests.PrivateFoodAccessTest" name="test_user2_sees_public_and_own_private_foods" time="0.584" /><testcase classname="foods.tests.PrivateFoodVisibilityTests" name="test_anonymous_can_only_access_public_foods" time="0.553" /><testcase classname="foods.tests.PrivateFoodVisibilityTests" name="test_approve_proposal_makes_food_public" time="0.634" /><testcase classname="foods.tests.PrivateFoodVisibilityTests" name="test_can_access_food_validates_ownership" time="0.529" /><testcase classname="foods.tests.PrivateFoodVisibilityTests" name="test_user_can_access_own_private_food" time="0.565" /><testcase classname="foods.tests.PrivateFoodVisibilityTests" name="test_user_cannot_access_others_private_food" time="0.664" /><testcase classname="forum.tests.test_comment.CommentTests" name="test_create_comment" time="0.511" /><testcase classname="forum.tests.test_comment.CommentTests" name="test_list_comments_for_post" time="0.529" /><testcase classname="forum.tests.test_comment.CommentTests" name="test_user_can_delete_own_comment" time="0.511" /><testcase classname="forum.tests.test_comment.CommentTests" name="test_user_cannot_delete_others_comment" time="0.575" /><testcase classname="forum.tests.test_like.LikeTests" name="test_unauthenticated_user_cannot_like" time="0.521" /><testcase classname="forum.tests.test_like.LikeTests" name="test_user_can_like_post" time="0.548" /><testcase classname="forum.tests.test_like.LikeTests" name="test_user_can_unlike_post" time="0.557" /><testcase classname="forum.tests.test_like.LikeTests" name="test_user_cannot_like_twice" time="0.526" /><testcase classname="forum.tests.test_posts.PostTests" name="test_author_can_delete_own_post" time="0.527" /><testcase classname="forum.tests.test_posts.PostTests" name="test_author_can_edit_own_post" time="0.517" /><testcase classname="forum.tests.test_posts.PostTests" name="test_create_post" time="0.568" /><testcase classname="forum.tests.test_posts.PostTests" name="test_non_author_cannot_delete_post" time="0.520" /><testcase classname="forum.tests.test_recipe.RecipeTests" name="test_create_recipe" time="0.536" /><testcase classname="forum.tests.test_recipe.RecipeTests" name="test_filter_recipes_by_post" time="0.522" /><testcase classname="forum.tests.test_recipe.RecipeTests" name="test_get_recipe_details" time="0.579" /><testcase classname="forum.tests.test_recipe.RecipeTests" name="test_post_author_can_delete_recipe" time="0.507" /><testcase classname="forum.tests.test_recipe.RecipeTests" name="test_recipe_cost_updates_when_food_price_changes" time="0.525" /><testcase classname="forum.tests.test_recipe.RecipeTests" name="test_user_can_update_own_recipe" time="0.530" /><testcase classname="forum.tests.test_recipe.RecipeTests" name="test_user_cannot_update_others_recipe" time="0.574" /><testcase classname="forum.tests.test_tags.TaggingTests" name="test_create_post_with_tags" time="0.272" /><testcase classname="forum.tests.test_tags.TaggingTests" name="test_filter_by_multiple_tags" time="0.284" /><testcase classname="forum.tests.test_tags.TaggingTests" name="test_filter_by_single_tag" time="0.271" /><testcase classname="forum.tests.test_tags.TaggingTests" name="test_ordering_by_created_at" time="0.281" /><testcase classname="meal_planner.tests.MealPlanModelTests" name="test_calculate_total_nutrition_skips_missing_foods" time="0.266" /><testcase classname="meal_planner.tests.MealPlanModelTests" name="test_calculate_total_nutrition_with_valid_meals" time="0.326" /><testcase classname="meal_planner.tests.MealPlanSerializerTests" name="test_meal_plan_create_serializer_creates_and_calculates" time="0.276" /><testcase classname="meal_planner.tests.MealPlanSerializerTests" name="test_meal_plan_update_serializer_updates_meals_and_totals" time="0.274" /><testcase classname="meal_planner.tests.MealPlanSerializerTests" name="test_meal_serializer_validates_food_id" time="0.325" /><testcase classname="meal_planner.tests.MealPlanAPITests" name="test_create_meal_plan_sets_user_and_calculates" time="0.522" /><testcase classname="meal_planner.tests.MealPlanAPITests" name="test_list_meal_plans_filters_by_user" time="0.570" /><testcase classname="meal_planner.tests.MealPlanAPITests" name="test_retrieve_update_delete_meal_plan_permissions" time="0.521" /><testcase classname="meal_planner.tests.MealPlanAPITests" name="test_set_and_get_current_meal_plan" time="0.522" /><testcase classname="meal_planner.tests.DailyNutritionHydrationTests" name="test_hydration_penalty_applied_when_under_target" time="0.266" /><testcase classname="meal_planner.tests.DailyNutritionHydrationTests" name="test_hydration_penalty_zero_when_target_met" time="0.269" /><testcase classname="meal_planner.tests.DailyNutritionPrivateFoodRegressionTests" name="test_serializer_handles_private_food_entry" time="0.278" /></testsuite></testsuites>