<?xml version="1.0" encoding="UTF-8" ?>
<testsuites name="vitest tests" tests="276" failures="55" errors="0" time="32.237814044">
    <testsuite name="src/components/FoodSelector.test.tsx" timestamp="2025-12-21T12:21:45.116Z" hostname="Ardas-MacBook-Air-502.local" tests="3" failures="0" errors="0" skipped="0" time="0.00134025">
        <testcase classname="src/components/FoodSelector.test.tsx" name="rankFoodsByQuery &gt; prioritizes close fuzzy name matches" time="0.000765084">
        </testcase>
        <testcase classname="src/components/FoodSelector.test.tsx" name="rankFoodsByQuery &gt; surfaces matches from category and dietary options" time="0.000465584">
        </testcase>
        <testcase classname="src/components/FoodSelector.test.tsx" name="rankFoodsByQuery &gt; returns original list when query is empty" time="0.000061583">
        </testcase>
    </testsuite>
    <testsuite name="src/pages/Home.test.tsx" timestamp="2025-12-21T12:21:45.132Z" hostname="Ardas-MacBook-Air-502.local" tests="4" failures="4" errors="0" skipped="0" time="0.074029667">
        <testcase classname="src/pages/Home.test.tsx" name="Home Page &gt; renders the home page with all main elements" time="0.018138417">
            <failure message="Found multiple elements with the text: Welcome to NutriHub

Here are the matching elements:

Ignored nodes: comments, script, style
[36m&lt;h1[39m
  [33mclass[39m=[32m&quot;nh-title-lg&quot;[39m
[36m&gt;[39m
  [0mWelcome to NutriHub[0m
[36m&lt;/h1&gt;[39m

Ignored nodes: comments, script, style
[36m&lt;h1[39m
  [33mclass[39m=[32m&quot;nh-title-lg&quot;[39m
[36m&gt;[39m
  [0mWelcome to NutriHub[0m
[36m&lt;/h1&gt;[39m

Ignored nodes: comments, script, style
[36m&lt;h1[39m
  [33mclass[39m=[32m&quot;nh-title-lg&quot;[39m
[36m&gt;[39m
  [0mWelcome to NutriHub[0m
[36m&lt;/h1&gt;[39m

Ignored nodes: comments, script, style
[36m&lt;h1[39m
  [33mclass[39m=[32m&quot;nh-title-lg&quot;[39m
[36m&gt;[39m
  [0mWelcome to NutriHub[0m
[36m&lt;/h1&gt;[39m

Ignored nodes: comments, script, style
[36m&lt;h1[39m
  [33mclass[39m=[32m&quot;nh-title-lg&quot;[39m
[36m&gt;[39m
  [0mWelcome to NutriHub[0m
[36m&lt;/h1&gt;[39m

(If this is intentional, then use the `*AllBy*` variant of the query (like `queryAllByText`, `getAllByText`, or `findAllByText`)).

Ignored nodes: comments, script, style
[36m&lt;body&gt;[39m
  [36m&lt;div&gt;[39m
    [36m&lt;div[39m
      [33mclass[39m=[32m&quot;w-full py-12&quot;[39m
    [36m&gt;[39m
      [36m&lt;div[39m
        [33mclass[39m=[32m&quot;nh-container&quot;[39m
      [36m&gt;[39m
        [36m&lt;div[39m
          [33mclass[39m=[32m&quot;flex flex-col md:flex-row gap-6&quot;[39m
        [36m&gt;[39m
          [36m&lt;div[39m
            [33mclass[39m=[32m&quot;w-full md:w-1/5&quot;[39m
          [36m&gt;[39m
            [36m&lt;div[39m
              [33mclass[39m=[32m&quot;sticky top-20&quot;[39m
            [36m&gt;[39m
              [36m&lt;h3[39m
                [33mclass[39m=[32m&quot;nh-subtitle mb-4 flex items-center gap-2&quot;[39m
              [36m&gt;[39m
                [36m&lt;svg[39m
                  [33mclass[39m=[32m&quot;text-primary&quot;[39m
                  [33mfill[39m=[32m&quot;currentColor&quot;[39m
                  [33mheight[39m=[32m&quot;20&quot;[39m
                  [33mviewBox[39m=[32m&quot;0 0 256 256&quot;[39m
                  [33mwidth[39m=[32m&quot;20&quot;[39m
                  [33mxmlns[39m=[32m&quot;http://www.w3.org/2000/svg&quot;[39m
                [36m&gt;[39m
                  [36m&lt;path[39m
                    [33md[39m=[32m&quot;M227.81,66.76l-.08.09L160,139.17v55.49A16,16,0,0,1,152.87,208l-32,21.34A16,16,0,0,1,96,216V139.17L28.27,66.85l-.08-.09A16,16,0,0,1,40,40H216a16,16,0,0,1,11.84,26.76Z&quot;[39m
                  [36m/&gt;[39m
                [36m&lt;/svg&gt;[39m
                [0mFilters[0m
              [36m&lt;/h3&gt;[39m
              [36m&lt;div[39m
                [33mclass[39m=[32m&quot;w-full&quot;[39m
              [36m&gt;[39m
                [36m&lt;h3[39m
                  [33mclass[39m=[32m&quot;nh-subtitle mb-4&quot;[39m
                [36m&gt;[39m
                  [0mNutrient Filters[0m
                [36m&lt;/h3&gt;[39m
                [36m&lt;div[39m
                  [33mclass[39m=[32m&quot;space-y-3 mb-5&quot;[39m
                [36m&gt;[39m
                  [36m&lt;div[39m
                    [33mclass[39m=[32m&quot;relative&quot;[39m
                  [36m&gt;[39m
                    [36m&lt;input[39m
                      [33mclass[39m=[32m&quot;w-full px-4 py-2.5 border rounded-lg focus:ring-2 focus:ring-primary focus:border-primary nh-forum-search disabled:opacity-50 disabled:cursor-not-allowed transition-all&quot;[39m
                      [33mplaceholder[39m=[32m&quot;Nutrient name (e.g., iron, protein)&quot;[39m
                      [33mstyle[39m=[32m&quot;background-color: var(--color-bg-secondary); border-color: var(--dietary-option-border);&quot;[39m
                      [33mtype[39m=[32m&quot;text&quot;[39m
                      [33mvalue[39m=[32m&quot;&quot;[39m
                    [36m/&gt;[39m
                  [36m&lt;/div&gt;[39m
                  [36m&lt;div[39m
                    [33mclass[39m=[32m&quot;flex gap-2 w-full&quot;[39m
                  [36m&gt;[39m
                    [36m&lt;input[39m
                      [33mclass[39m=[32m&quot;w-1/2 px-4 py-2.5 border rounded-lg focus:ring-2 focus:ring-primary focus:border-primary nh-forum-search transition-all&quot;[39m
                      [33mplaceholder[39m=[32m&quot;Min&quot;[39m
                      [33mstyle[39m=[32m&quot;min-width: 0; background-color: var(--color-bg-secondary); border-color: var(--dietary-option-border);&quot;[39m
                      [33mtype[39m=[32m&quot;number&quot;[39m
                      [33mvalue[39m=[32m&quot;&quot;[39m
                    [36m/&gt;[39m
                    [36m&lt;input[39m
                      [33mclass[39m=[32m&quot;w-1/2 px-4 py-2.5 border rounded-lg focus:ring-2 focus:ring-primary focus:border-primary nh-forum-search transition-all&quot;[39m
                      [33mplaceholder[39m=[32m&quot;Max&quot;[39m
                      [33mstyle[39m=[32m&quot;min-width: 0; background-color: var(--color-bg-secondary); border-color: var(--dietary-option-border);&quot;[39m
                      [33mtype[39m=[32m&quot;number&quot;[39m
                      [33mvalue[39m=[32m&quot;&quot;[39m
                    [36m/&gt;[39m
                  [36m&lt;/div&gt;[39m
                  [36m&lt;button[39m
                    [33mclass[39m=[32m&quot;w-full nh-button nh-button-primary flex items-center justify-center gap-2 py-2.5 rounded-lg font-medium transition-all disabled:opacity-50 disabled:cursor-not-allowed hover:shadow-md&quot;[39m
                    [33mdisabled[39m=[32m&quot;&quot;[39m
                  [36m&gt;[39m
                    [36m&lt;svg[39m
                      [33mfill[39m=[32m&quot;currentColor&quot;[39m
                      [33mheight[39m=[32m&quot;18&quot;[39m
                      [33mviewBox[39m=[32m&quot;0 0 256 256&quot;[39m
                      [33mwidth[39m=[32m&quot;18&quot;[39m
                      [33mxmlns[39m=[32m&quot;http://www.w3.org/2000/svg&quot;[39m
                    [36m&gt;[39m
                      [36m&lt;path[39m
                        [33md[39m=[32m&quot;M228,128a12,12,0,0,1-12,12H140v76a12,12,0,0,1-24,0V140H40a12,12,0,0,1,0-24h76V40a12,12,0,0,1,24,0v76h76A12,12,0,0,1,228,128Z&quot;[39m
                      [36m/&gt;[39m
                    [36m&lt;/svg&gt;[39m
                    [0mAdd[0m
                  [36m&lt;/button&gt;[39m
                [36m&lt;/div&gt;[39m
              [36m&lt;/div&gt;[39m
            [36m&lt;/div&gt;[39m
          [36m&lt;/div&gt;[39m
          [36m&lt;div[39m
            [33mclass[39m=[32m&quot;w-full md:w-3/5&quot;[39m
          [36m&gt;[39m
            [36m&lt;div[39m
              [33mclass[39m=[32m&quot;mb-4&quot;[39m
            [36m&gt;[39m
              [36m&lt;form[39m
                [33mclass[39m=[32m&quot;flex gap-2&quot;[39m
              [36m&gt;[39m
                [36m&lt;div[39m
                  [33mclass[39m=[32m&quot;relative flex-grow&quot;[39m
                [36m&gt;[39m
                  [36m&lt;div[39m
                    [33mclass[39m=[32m&quot;absolute inset-y-0 left-0 flex items-center pl-3 pointer-events-none&quot;[39m
                  [36m&gt;[39m
                    [36m&lt;svg[39m
                      [33mfill[39m=[32m&quot;currentColor&quot;[39m
                      [33mheight[39m=[32m&quot;20&quot;[39m
                      [33mstyle[39m=[32m&quot;color: var(--forum-search-icon);&quot;[39m
                      [33mviewBox[39m=[32m&quot;0 0 256 256&quot;[39m
                      [33mwidth[39m=[32m&quot;20&quot;[39m
                      [33mxmlns[39m=[32m&quot;http://www.w3.org/2000/svg&quot;[39m
                    [36m&gt;[39m
                      [36m&lt;path[39m
                        [33md[39m=[32m&quot;M229.66,218.34l-50.07-50.06a88.11,88.11,0,1,0-11.31,11.31l50.06,50.07a8,8,0,0,0,11.32-11.32ZM40,112a72,72,0,1,1,72,72A72.08,72.08,0,0,1,40,112Z&quot;[39m
                      [36m/&gt;[39m
                    [36m&lt;/svg&gt;[39m
                  [36m&lt;/div&gt;[39m
                  [36m&lt;input[39m
                    [33maria-label[39m=[32m&quot;Search foods&quot;[39m
                    [33mclass[39m=[32m&quot;w-full p-2 pl-10 border rounded-lg focus:ring-primary focus:border-primary nh-forum-search&quot;[39m
                    [33mplaceholder[39m=[32m&quot;Search for a food...&quot;[39m
                    [33mtype[39m=[32m&quot;search&quot;[39m
                    [33mvalue[39m=[32m&quot;&quot;[39m
                  [36m/&gt;[39m
        ..." type="TestingLibraryElementError">
TestingLibraryElementError: Found multiple elements with the text: Welcome to NutriHub

Here are the matching elements:

Ignored nodes: comments, script, style
&lt;h1
  class=&quot;nh-title-lg&quot;
&gt;
  Welcome to NutriHub
&lt;/h1&gt;

Ignored nodes: comments, script, style
&lt;h1
  class=&quot;nh-title-lg&quot;
&gt;
  Welcome to NutriHub
&lt;/h1&gt;

Ignored nodes: comments, script, style
&lt;h1
  class=&quot;nh-title-lg&quot;
&gt;
  Welcome to NutriHub
&lt;/h1&gt;

Ignored nodes: comments, script, style
&lt;h1
  class=&quot;nh-title-lg&quot;
&gt;
  Welcome to NutriHub
&lt;/h1&gt;

Ignored nodes: comments, script, style
&lt;h1
  class=&quot;nh-title-lg&quot;
&gt;
  Welcome to NutriHub
&lt;/h1&gt;

(If this is intentional, then use the `*AllBy*` variant of the query (like `queryAllByText`, `getAllByText`, or `findAllByText`)).

Ignored nodes: comments, script, style
&lt;body&gt;
  &lt;div&gt;
    &lt;div
      class=&quot;w-full py-12&quot;
    &gt;
      &lt;div
        class=&quot;nh-container&quot;
      &gt;
        &lt;div
          class=&quot;flex flex-col md:flex-row gap-6&quot;
        &gt;
          &lt;div
            class=&quot;w-full md:w-1/5&quot;
          &gt;
            &lt;div
              class=&quot;sticky top-20&quot;
            &gt;
              &lt;h3
                class=&quot;nh-subtitle mb-4 flex items-center gap-2&quot;
              &gt;
                &lt;svg
                  class=&quot;text-primary&quot;
                  fill=&quot;currentColor&quot;
                  height=&quot;20&quot;
                  viewBox=&quot;0 0 256 256&quot;
                  width=&quot;20&quot;
                  xmlns=&quot;http://www.w3.org/2000/svg&quot;
                &gt;
                  &lt;path
                    d=&quot;M227.81,66.76l-.08.09L160,139.17v55.49A16,16,0,0,1,152.87,208l-32,21.34A16,16,0,0,1,96,216V139.17L28.27,66.85l-.08-.09A16,16,0,0,1,40,40H216a16,16,0,0,1,11.84,26.76Z&quot;
                  /&gt;
                &lt;/svg&gt;
                Filters
              &lt;/h3&gt;
              &lt;div
                class=&quot;w-full&quot;
              &gt;
                &lt;h3
                  class=&quot;nh-subtitle mb-4&quot;
                &gt;
                  Nutrient Filters
                &lt;/h3&gt;
                &lt;div
                  class=&quot;space-y-3 mb-5&quot;
                &gt;
                  &lt;div
                    class=&quot;relative&quot;
                  &gt;
                    &lt;input
                      class=&quot;w-full px-4 py-2.5 border rounded-lg focus:ring-2 focus:ring-primary focus:border-primary nh-forum-search disabled:opacity-50 disabled:cursor-not-allowed transition-all&quot;
                      placeholder=&quot;Nutrient name (e.g., iron, protein)&quot;
                      style=&quot;background-color: var(--color-bg-secondary); border-color: var(--dietary-option-border);&quot;
                      type=&quot;text&quot;
                      value=&quot;&quot;
                    /&gt;
                  &lt;/div&gt;
                  &lt;div
                    class=&quot;flex gap-2 w-full&quot;
                  &gt;
                    &lt;input
                      class=&quot;w-1/2 px-4 py-2.5 border rounded-lg focus:ring-2 focus:ring-primary focus:border-primary nh-forum-search transition-all&quot;
                      placeholder=&quot;Min&quot;
                      style=&quot;min-width: 0; background-color: var(--color-bg-secondary); border-color: var(--dietary-option-border);&quot;
                      type=&quot;number&quot;
                      value=&quot;&quot;
                    /&gt;
                    &lt;input
                      class=&quot;w-1/2 px-4 py-2.5 border rounded-lg focus:ring-2 focus:ring-primary focus:border-primary nh-forum-search transition-all&quot;
                      placeholder=&quot;Max&quot;
                      style=&quot;min-width: 0; background-color: var(--color-bg-secondary); border-color: var(--dietary-option-border);&quot;
                      type=&quot;number&quot;
                      value=&quot;&quot;
                    /&gt;
                  &lt;/div&gt;
                  &lt;button
                    class=&quot;w-full nh-button nh-button-primary flex items-center justify-center gap-2 py-2.5 rounded-lg font-medium transition-all disabled:opacity-50 disabled:cursor-not-allowed hover:shadow-md&quot;
                    disabled=&quot;&quot;
                  &gt;
                    &lt;svg
                      fill=&quot;currentColor&quot;
                      height=&quot;18&quot;
                      viewBox=&quot;0 0 256 256&quot;
                      width=&quot;18&quot;
                      xmlns=&quot;http://www.w3.org/2000/svg&quot;
                    &gt;
                      &lt;path
                        d=&quot;M228,128a12,12,0,0,1-12,12H140v76a12,12,0,0,1-24,0V140H40a12,12,0,0,1,0-24h76V40a12,12,0,0,1,24,0v76h76A12,12,0,0,1,228,128Z&quot;
                      /&gt;
                    &lt;/svg&gt;
                    Add
                  &lt;/button&gt;
                &lt;/div&gt;
              &lt;/div&gt;
            &lt;/div&gt;
          &lt;/div&gt;
          &lt;div
            class=&quot;w-full md:w-3/5&quot;
          &gt;
            &lt;div
              class=&quot;mb-4&quot;
            &gt;
              &lt;form
                class=&quot;flex gap-2&quot;
              &gt;
                &lt;div
                  class=&quot;relative flex-grow&quot;
                &gt;
                  &lt;div
                    class=&quot;absolute inset-y-0 left-0 flex items-center pl-3 pointer-events-none&quot;
                  &gt;
                    &lt;svg
                      fill=&quot;currentColor&quot;
                      height=&quot;20&quot;
                      style=&quot;color: var(--forum-search-icon);&quot;
                      viewBox=&quot;0 0 256 256&quot;
                      width=&quot;20&quot;
                      xmlns=&quot;http://www.w3.org/2000/svg&quot;
                    &gt;
                      &lt;path
                        d=&quot;M229.66,218.34l-50.07-50.06a88.11,88.11,0,1,0-11.31,11.31l50.06,50.07a8,8,0,0,0,11.32-11.32ZM40,112a72,72,0,1,1,72,72A72.08,72.08,0,0,1,40,112Z&quot;
                      /&gt;
                    &lt;/svg&gt;
                  &lt;/div&gt;
                  &lt;input
                    aria-label=&quot;Search foods&quot;
                    class=&quot;w-full p-2 pl-10 border rounded-lg focus:ring-primary focus:border-primary nh-forum-search&quot;
                    placeholder=&quot;Search for a food...&quot;
                    type=&quot;search&quot;
                    value=&quot;&quot;
                  /&gt;
        ...
 ❯ Object.getElementError node_modules/@testing-library/dom/dist/config.js:37:19
 ❯ getElementError node_modules/@testing-library/dom/dist/query-helpers.js:20:35
 ❯ getMultipleElementsFoundError node_modules/@testing-library/dom/dist/query-helpers.js:23:10
 ❯ node_modules/@testing-library/dom/dist/query-helpers.js:55:13
 ❯ node_modules/@testing-library/dom/dist/query-helpers.js:95:19
 ❯ src/pages/Home.test.tsx:17:23
            </failure>
        </testcase>
        <testcase classname="src/pages/Home.test.tsx" name="Home Page &gt; has correct links to other pages" time="0.017967375">
            <failure message="Found multiple elements with the text: Explore Foods

Here are the matching elements:

Ignored nodes: comments, script, style
[36m&lt;a[39m
  [33mclass[39m=[32m&quot;nh-button nh-button-lg nh-button-primary flex items-center justify-center&quot;[39m
  [33mdata-discover[39m=[32m&quot;true&quot;[39m
  [33mhref[39m=[32m&quot;/foods&quot;[39m
[36m&gt;[39m
  [0mExplore Foods[0m
[36m&lt;/a&gt;[39m

Ignored nodes: comments, script, style
[36m&lt;a[39m
  [33mclass[39m=[32m&quot;nh-button nh-button-lg nh-button-primary flex items-center justify-center&quot;[39m
  [33mdata-discover[39m=[32m&quot;true&quot;[39m
  [33mhref[39m=[32m&quot;/foods&quot;[39m
[36m&gt;[39m
  [0mExplore Foods[0m
[36m&lt;/a&gt;[39m

Ignored nodes: comments, script, style
[36m&lt;a[39m
  [33mclass[39m=[32m&quot;nh-button nh-button-lg nh-button-primary flex items-center justify-center&quot;[39m
  [33mdata-discover[39m=[32m&quot;true&quot;[39m
  [33mhref[39m=[32m&quot;/foods&quot;[39m
[36m&gt;[39m
  [0mExplore Foods[0m
[36m&lt;/a&gt;[39m

Ignored nodes: comments, script, style
[36m&lt;a[39m
  [33mclass[39m=[32m&quot;nh-button nh-button-lg nh-button-primary flex items-center justify-center&quot;[39m
  [33mdata-discover[39m=[32m&quot;true&quot;[39m
  [33mhref[39m=[32m&quot;/foods&quot;[39m
[36m&gt;[39m
  [0mExplore Foods[0m
[36m&lt;/a&gt;[39m

Ignored nodes: comments, script, style
[36m&lt;a[39m
  [33mclass[39m=[32m&quot;nh-button nh-button-lg nh-button-primary flex items-center justify-center&quot;[39m
  [33mdata-discover[39m=[32m&quot;true&quot;[39m
  [33mhref[39m=[32m&quot;/foods&quot;[39m
[36m&gt;[39m
  [0mExplore Foods[0m
[36m&lt;/a&gt;[39m

Ignored nodes: comments, script, style
[36m&lt;a[39m
  [33mclass[39m=[32m&quot;nh-button nh-button-lg nh-button-primary flex items-center justify-center&quot;[39m
  [33mdata-discover[39m=[32m&quot;true&quot;[39m
  [33mhref[39m=[32m&quot;/foods&quot;[39m
[36m&gt;[39m
  [0mExplore Foods[0m
[36m&lt;/a&gt;[39m

(If this is intentional, then use the `*AllBy*` variant of the query (like `queryAllByText`, `getAllByText`, or `findAllByText`)).

Ignored nodes: comments, script, style
[36m&lt;body&gt;[39m
  [36m&lt;div&gt;[39m
    [36m&lt;div[39m
      [33mclass[39m=[32m&quot;w-full py-12&quot;[39m
    [36m&gt;[39m
      [36m&lt;div[39m
        [33mclass[39m=[32m&quot;nh-container&quot;[39m
      [36m&gt;[39m
        [36m&lt;div[39m
          [33mclass[39m=[32m&quot;flex flex-col md:flex-row gap-6&quot;[39m
        [36m&gt;[39m
          [36m&lt;div[39m
            [33mclass[39m=[32m&quot;w-full md:w-1/5&quot;[39m
          [36m&gt;[39m
            [36m&lt;div[39m
              [33mclass[39m=[32m&quot;sticky top-20&quot;[39m
            [36m&gt;[39m
              [36m&lt;h3[39m
                [33mclass[39m=[32m&quot;nh-subtitle mb-4 flex items-center gap-2&quot;[39m
              [36m&gt;[39m
                [36m&lt;svg[39m
                  [33mclass[39m=[32m&quot;text-primary&quot;[39m
                  [33mfill[39m=[32m&quot;currentColor&quot;[39m
                  [33mheight[39m=[32m&quot;20&quot;[39m
                  [33mviewBox[39m=[32m&quot;0 0 256 256&quot;[39m
                  [33mwidth[39m=[32m&quot;20&quot;[39m
                  [33mxmlns[39m=[32m&quot;http://www.w3.org/2000/svg&quot;[39m
                [36m&gt;[39m
                  [36m&lt;path[39m
                    [33md[39m=[32m&quot;M227.81,66.76l-.08.09L160,139.17v55.49A16,16,0,0,1,152.87,208l-32,21.34A16,16,0,0,1,96,216V139.17L28.27,66.85l-.08-.09A16,16,0,0,1,40,40H216a16,16,0,0,1,11.84,26.76Z&quot;[39m
                  [36m/&gt;[39m
                [36m&lt;/svg&gt;[39m
                [0mFilters[0m
              [36m&lt;/h3&gt;[39m
              [36m&lt;div[39m
                [33mclass[39m=[32m&quot;w-full&quot;[39m
              [36m&gt;[39m
                [36m&lt;h3[39m
                  [33mclass[39m=[32m&quot;nh-subtitle mb-4&quot;[39m
                [36m&gt;[39m
                  [0mNutrient Filters[0m
                [36m&lt;/h3&gt;[39m
                [36m&lt;div[39m
                  [33mclass[39m=[32m&quot;space-y-3 mb-5&quot;[39m
                [36m&gt;[39m
                  [36m&lt;div[39m
                    [33mclass[39m=[32m&quot;relative&quot;[39m
                  [36m&gt;[39m
                    [36m&lt;input[39m
                      [33mclass[39m=[32m&quot;w-full px-4 py-2.5 border rounded-lg focus:ring-2 focus:ring-primary focus:border-primary nh-forum-search disabled:opacity-50 disabled:cursor-not-allowed transition-all&quot;[39m
                      [33mplaceholder[39m=[32m&quot;Nutrient name (e.g., iron, protein)&quot;[39m
                      [33mstyle[39m=[32m&quot;background-color: var(--color-bg-secondary); border-color: var(--dietary-option-border);&quot;[39m
                      [33mtype[39m=[32m&quot;text&quot;[39m
                      [33mvalue[39m=[32m&quot;&quot;[39m
                    [36m/&gt;[39m
                  [36m&lt;/div&gt;[39m
                  [36m&lt;div[39m
                    [33mclass[39m=[32m&quot;flex gap-2 w-full&quot;[39m
                  [36m&gt;[39m
                    [36m&lt;input[39m
                      [33mclass[39m=[32m&quot;w-1/2 px-4 py-2.5 border rounded-lg focus:ring-2 focus:ring-primary focus:border-primary nh-forum-search transition-all&quot;[39m
                      [33mplaceholder[39m=[32m&quot;Min&quot;[39m
                      [33mstyle[39m=[32m&quot;min-width: 0; background-color: var(--color-bg-secondary); border-color: var(--dietary-option-border);&quot;[39m
                      [33mtype[39m=[32m&quot;number&quot;[39m
                      [33mvalue[39m=[32m&quot;&quot;[39m
                    [36m/&gt;[39m
                    [36m&lt;input[39m
                      [33mclass[39m=[32m&quot;w-1/2 px-4 py-2.5 border rounded-lg focus:ring-2 focus:ring-primary focus:border-primary nh-forum-search transition-all&quot;[39m
                      [33mplaceholder[39m=[32m&quot;Max&quot;[39m
                      [33mstyle[39m=[32m&quot;min-width: 0; background-color: var(--color-bg-secondary); border-color: var(--dietary-option-border);&quot;[39m
                      [33mtype[39m=[32m&quot;number&quot;[39m
                      [33mvalue[39m=[32m&quot;&quot;[39m
                    [36m/&gt;[39m
                  [36m&lt;/div&gt;[39m
                  [36m&lt;button[39m
                    [33mclass[39m=[32m&quot;w-full nh-button nh-button-primary flex items-center justify-center gap-2 py-2.5 rounded-lg font-medium transition-all disabled:opacity-50 disabled:cursor-not-allowed hover:shadow-md&quot;[39m
                    [33mdisabled[39m=[32m&quot;&quot;[39m
                  [36m&gt;[39m
                    [36m&lt;svg[39m
                      [33mfill[39m=[32m&quot;currentColor&quot;[39m
                      [33mheight[39m=[32m&quot;18&quot;[39m
                      [33mviewBox[39m=[32m&quot;0 0 256 256&quot;[39m
                      [33mwidth[39m=[32m&quot;18&quot;[39m
                      [33mxmlns[39m=[32m&quot;http://www.w3.org/2000/svg&quot;[39m
                    [36m&gt;[39m
                      [36m&lt;path[39m
                        [33md[39m=[32m&quot;M228,128a12,12,0,0,1-12,12H140v76a12,12,0,0,1-24,0V140H40a12,12,0,0,1,0-24h76V40a12,12,0,0,1,24,0v76h76A12,12,0,0,1,228,128Z&quot;[39m
                      [36m/&gt;[39m
                    [36m&lt;/svg&gt;[39m
                    [0mAdd[0m
                  [36m&lt;/button&gt;[39m
                [36m&lt;/div&gt;[39m
              [36m&lt;/div&gt;[39m
            [36m&lt;/div&gt;[39m
          [36m&lt;/div&gt;[39m
          [36m&lt;div[39m
            [33mclass[39m=[32m&quot;w-full md:w-3/5&quot;[39m
          [36m&gt;[39m
            [36m&lt;div[39m
              [33mclass[39m=[32m&quot;mb-4&quot;[39m
            [36m&gt;[39m
              [36m&lt;form[39m
                [33mclass[39m=[32m&quot;flex gap-2&quot;[39m
              [36m&gt;[39m
                [36m&lt;div[39m
                  [33mclass[39m=[32m&quot;relative flex-grow&quot;[39m
                [36m&gt;[39m
                  [36m&lt;div[39m
                    [33mclass[39m=[32m&quot;absolute inset-y-0 left-0 flex items-center pl-3 pointer-events-none&quot;[39m
                  [36m&gt;[39m
                    [36m&lt;svg[39m
                      [33mfill[39m=[32m&quot;currentColor&quot;[39m
                      [33mheight[39m=[32m&quot;20&quot;[39m
                      [33mstyle[39m=[32m&quot;color: var(--forum-search-icon);&quot;[39m
                      [33mviewBox[39m=[32m&quot;0 0 256 256&quot;[39m
                      [33mwidth[39m=[32m&quot;20&quot;[39m
                      [33mxmlns[39m=[32m&quot;http://www.w3.org/2000/svg&quot;[39m
                    [36m&gt;[39m
                      [36m&lt;path[39m
                        [33md[39m=[32m&quot;M229.66,218.34l-50.07-50.06a88.11,88.11,0,1,0-11.31,11.31l50.06,50.07a8,8,0,0,0,11.32-11.32ZM40,112a72,72,0,1,1,72,72A72.08,72.08,0,0,1,40,112Z&quot;[39m
                      [36m/&gt;[39m
                    [36m&lt;/svg&gt;[39m
                  [36m&lt;/div&gt;[39m
                  [36m&lt;input[39m
                    [33maria-label[39m=[32m&quot;Search foods&quot;[39m
                    [33mclass[39m=[32m&quot;w-full p-2 pl-10 border rounded-lg focus:ring-primary focus:border-primary nh-forum-search&quot;[39m
                    [33mplaceholder[39m=[32m&quot;Search for a food...&quot;[39m
                    [33mtype[39m=[32m&quot;search&quot;[39m
                    [33mvalue[39m=[32m&quot;&quot;[39m
                  [36m/&gt;[39m
        ..." type="TestingLibraryElementError">
TestingLibraryElementError: Found multiple elements with the text: Explore Foods

Here are the matching elements:

Ignored nodes: comments, script, style
&lt;a
  class=&quot;nh-button nh-button-lg nh-button-primary flex items-center justify-center&quot;
  data-discover=&quot;true&quot;
  href=&quot;/foods&quot;
&gt;
  Explore Foods
&lt;/a&gt;

Ignored nodes: comments, script, style
&lt;a
  class=&quot;nh-button nh-button-lg nh-button-primary flex items-center justify-center&quot;
  data-discover=&quot;true&quot;
  href=&quot;/foods&quot;
&gt;
  Explore Foods
&lt;/a&gt;

Ignored nodes: comments, script, style
&lt;a
  class=&quot;nh-button nh-button-lg nh-button-primary flex items-center justify-center&quot;
  data-discover=&quot;true&quot;
  href=&quot;/foods&quot;
&gt;
  Explore Foods
&lt;/a&gt;

Ignored nodes: comments, script, style
&lt;a
  class=&quot;nh-button nh-button-lg nh-button-primary flex items-center justify-center&quot;
  data-discover=&quot;true&quot;
  href=&quot;/foods&quot;
&gt;
  Explore Foods
&lt;/a&gt;

Ignored nodes: comments, script, style
&lt;a
  class=&quot;nh-button nh-button-lg nh-button-primary flex items-center justify-center&quot;
  data-discover=&quot;true&quot;
  href=&quot;/foods&quot;
&gt;
  Explore Foods
&lt;/a&gt;

Ignored nodes: comments, script, style
&lt;a
  class=&quot;nh-button nh-button-lg nh-button-primary flex items-center justify-center&quot;
  data-discover=&quot;true&quot;
  href=&quot;/foods&quot;
&gt;
  Explore Foods
&lt;/a&gt;

(If this is intentional, then use the `*AllBy*` variant of the query (like `queryAllByText`, `getAllByText`, or `findAllByText`)).

Ignored nodes: comments, script, style
&lt;body&gt;
  &lt;div&gt;
    &lt;div
      class=&quot;w-full py-12&quot;
    &gt;
      &lt;div
        class=&quot;nh-container&quot;
      &gt;
        &lt;div
          class=&quot;flex flex-col md:flex-row gap-6&quot;
        &gt;
          &lt;div
            class=&quot;w-full md:w-1/5&quot;
          &gt;
            &lt;div
              class=&quot;sticky top-20&quot;
            &gt;
              &lt;h3
                class=&quot;nh-subtitle mb-4 flex items-center gap-2&quot;
              &gt;
                &lt;svg
                  class=&quot;text-primary&quot;
                  fill=&quot;currentColor&quot;
                  height=&quot;20&quot;
                  viewBox=&quot;0 0 256 256&quot;
                  width=&quot;20&quot;
                  xmlns=&quot;http://www.w3.org/2000/svg&quot;
                &gt;
                  &lt;path
                    d=&quot;M227.81,66.76l-.08.09L160,139.17v55.49A16,16,0,0,1,152.87,208l-32,21.34A16,16,0,0,1,96,216V139.17L28.27,66.85l-.08-.09A16,16,0,0,1,40,40H216a16,16,0,0,1,11.84,26.76Z&quot;
                  /&gt;
                &lt;/svg&gt;
                Filters
              &lt;/h3&gt;
              &lt;div
                class=&quot;w-full&quot;
              &gt;
                &lt;h3
                  class=&quot;nh-subtitle mb-4&quot;
                &gt;
                  Nutrient Filters
                &lt;/h3&gt;
                &lt;div
                  class=&quot;space-y-3 mb-5&quot;
                &gt;
                  &lt;div
                    class=&quot;relative&quot;
                  &gt;
                    &lt;input
                      class=&quot;w-full px-4 py-2.5 border rounded-lg focus:ring-2 focus:ring-primary focus:border-primary nh-forum-search disabled:opacity-50 disabled:cursor-not-allowed transition-all&quot;
                      placeholder=&quot;Nutrient name (e.g., iron, protein)&quot;
                      style=&quot;background-color: var(--color-bg-secondary); border-color: var(--dietary-option-border);&quot;
                      type=&quot;text&quot;
                      value=&quot;&quot;
                    /&gt;
                  &lt;/div&gt;
                  &lt;div
                    class=&quot;flex gap-2 w-full&quot;
                  &gt;
                    &lt;input
                      class=&quot;w-1/2 px-4 py-2.5 border rounded-lg focus:ring-2 focus:ring-primary focus:border-primary nh-forum-search transition-all&quot;
                      placeholder=&quot;Min&quot;
                      style=&quot;min-width: 0; background-color: var(--color-bg-secondary); border-color: var(--dietary-option-border);&quot;
                      type=&quot;number&quot;
                      value=&quot;&quot;
                    /&gt;
                    &lt;input
                      class=&quot;w-1/2 px-4 py-2.5 border rounded-lg focus:ring-2 focus:ring-primary focus:border-primary nh-forum-search transition-all&quot;
                      placeholder=&quot;Max&quot;
                      style=&quot;min-width: 0; background-color: var(--color-bg-secondary); border-color: var(--dietary-option-border);&quot;
                      type=&quot;number&quot;
                      value=&quot;&quot;
                    /&gt;
                  &lt;/div&gt;
                  &lt;button
                    class=&quot;w-full nh-button nh-button-primary flex items-center justify-center gap-2 py-2.5 rounded-lg font-medium transition-all disabled:opacity-50 disabled:cursor-not-allowed hover:shadow-md&quot;
                    disabled=&quot;&quot;
                  &gt;
                    &lt;svg
                      fill=&quot;currentColor&quot;
                      height=&quot;18&quot;
                      viewBox=&quot;0 0 256 256&quot;
                      width=&quot;18&quot;
                      xmlns=&quot;http://www.w3.org/2000/svg&quot;
                    &gt;
                      &lt;path
                        d=&quot;M228,128a12,12,0,0,1-12,12H140v76a12,12,0,0,1-24,0V140H40a12,12,0,0,1,0-24h76V40a12,12,0,0,1,24,0v76h76A12,12,0,0,1,228,128Z&quot;
                      /&gt;
                    &lt;/svg&gt;
                    Add
                  &lt;/button&gt;
                &lt;/div&gt;
              &lt;/div&gt;
            &lt;/div&gt;
          &lt;/div&gt;
          &lt;div
            class=&quot;w-full md:w-3/5&quot;
          &gt;
            &lt;div
              class=&quot;mb-4&quot;
            &gt;
              &lt;form
                class=&quot;flex gap-2&quot;
              &gt;
                &lt;div
                  class=&quot;relative flex-grow&quot;
                &gt;
                  &lt;div
                    class=&quot;absolute inset-y-0 left-0 flex items-center pl-3 pointer-events-none&quot;
                  &gt;
                    &lt;svg
                      fill=&quot;currentColor&quot;
                      height=&quot;20&quot;
                      style=&quot;color: var(--forum-search-icon);&quot;
                      viewBox=&quot;0 0 256 256&quot;
                      width=&quot;20&quot;
                      xmlns=&quot;http://www.w3.org/2000/svg&quot;
                    &gt;
                      &lt;path
                        d=&quot;M229.66,218.34l-50.07-50.06a88.11,88.11,0,1,0-11.31,11.31l50.06,50.07a8,8,0,0,0,11.32-11.32ZM40,112a72,72,0,1,1,72,72A72.08,72.08,0,0,1,40,112Z&quot;
                      /&gt;
                    &lt;/svg&gt;
                  &lt;/div&gt;
                  &lt;input
                    aria-label=&quot;Search foods&quot;
                    class=&quot;w-full p-2 pl-10 border rounded-lg focus:ring-primary focus:border-primary nh-forum-search&quot;
                    placeholder=&quot;Search for a food...&quot;
                    type=&quot;search&quot;
                    value=&quot;&quot;
                  /&gt;
        ...
 ❯ Object.getElementError node_modules/@testing-library/dom/dist/config.js:37:19
 ❯ getElementError node_modules/@testing-library/dom/dist/query-helpers.js:20:35
 ❯ getMultipleElementsFoundError node_modules/@testing-library/dom/dist/query-helpers.js:23:10
 ❯ node_modules/@testing-library/dom/dist/query-helpers.js:55:13
 ❯ node_modules/@testing-library/dom/dist/query-helpers.js:95:19
 ❯ src/pages/Home.test.tsx:41:33
            </failure>
        </testcase>
        <testcase classname="src/pages/Home.test.tsx" name="Home Page &gt; renders buttons with correct styles" time="0.017398416">
            <failure message="Found multiple elements with the text: Explore Foods

Here are the matching elements:

Ignored nodes: comments, script, style
[36m&lt;a[39m
  [33mclass[39m=[32m&quot;nh-button nh-button-lg nh-button-primary flex items-center justify-center&quot;[39m
  [33mdata-discover[39m=[32m&quot;true&quot;[39m
  [33mhref[39m=[32m&quot;/foods&quot;[39m
[36m&gt;[39m
  [0mExplore Foods[0m
[36m&lt;/a&gt;[39m

Ignored nodes: comments, script, style
[36m&lt;a[39m
  [33mclass[39m=[32m&quot;nh-button nh-button-lg nh-button-primary flex items-center justify-center&quot;[39m
  [33mdata-discover[39m=[32m&quot;true&quot;[39m
  [33mhref[39m=[32m&quot;/foods&quot;[39m
[36m&gt;[39m
  [0mExplore Foods[0m
[36m&lt;/a&gt;[39m

Ignored nodes: comments, script, style
[36m&lt;a[39m
  [33mclass[39m=[32m&quot;nh-button nh-button-lg nh-button-primary flex items-center justify-center&quot;[39m
  [33mdata-discover[39m=[32m&quot;true&quot;[39m
  [33mhref[39m=[32m&quot;/foods&quot;[39m
[36m&gt;[39m
  [0mExplore Foods[0m
[36m&lt;/a&gt;[39m

Ignored nodes: comments, script, style
[36m&lt;a[39m
  [33mclass[39m=[32m&quot;nh-button nh-button-lg nh-button-primary flex items-center justify-center&quot;[39m
  [33mdata-discover[39m=[32m&quot;true&quot;[39m
  [33mhref[39m=[32m&quot;/foods&quot;[39m
[36m&gt;[39m
  [0mExplore Foods[0m
[36m&lt;/a&gt;[39m

Ignored nodes: comments, script, style
[36m&lt;a[39m
  [33mclass[39m=[32m&quot;nh-button nh-button-lg nh-button-primary flex items-center justify-center&quot;[39m
  [33mdata-discover[39m=[32m&quot;true&quot;[39m
  [33mhref[39m=[32m&quot;/foods&quot;[39m
[36m&gt;[39m
  [0mExplore Foods[0m
[36m&lt;/a&gt;[39m

Ignored nodes: comments, script, style
[36m&lt;a[39m
  [33mclass[39m=[32m&quot;nh-button nh-button-lg nh-button-primary flex items-center justify-center&quot;[39m
  [33mdata-discover[39m=[32m&quot;true&quot;[39m
  [33mhref[39m=[32m&quot;/foods&quot;[39m
[36m&gt;[39m
  [0mExplore Foods[0m
[36m&lt;/a&gt;[39m

Ignored nodes: comments, script, style
[36m&lt;a[39m
  [33mclass[39m=[32m&quot;nh-button nh-button-lg nh-button-primary flex items-center justify-center&quot;[39m
  [33mdata-discover[39m=[32m&quot;true&quot;[39m
  [33mhref[39m=[32m&quot;/foods&quot;[39m
[36m&gt;[39m
  [0mExplore Foods[0m
[36m&lt;/a&gt;[39m

(If this is intentional, then use the `*AllBy*` variant of the query (like `queryAllByText`, `getAllByText`, or `findAllByText`)).

Ignored nodes: comments, script, style
[36m&lt;body&gt;[39m
  [36m&lt;div&gt;[39m
    [36m&lt;div[39m
      [33mclass[39m=[32m&quot;w-full py-12&quot;[39m
    [36m&gt;[39m
      [36m&lt;div[39m
        [33mclass[39m=[32m&quot;nh-container&quot;[39m
      [36m&gt;[39m
        [36m&lt;div[39m
          [33mclass[39m=[32m&quot;flex flex-col md:flex-row gap-6&quot;[39m
        [36m&gt;[39m
          [36m&lt;div[39m
            [33mclass[39m=[32m&quot;w-full md:w-1/5&quot;[39m
          [36m&gt;[39m
            [36m&lt;div[39m
              [33mclass[39m=[32m&quot;sticky top-20&quot;[39m
            [36m&gt;[39m
              [36m&lt;h3[39m
                [33mclass[39m=[32m&quot;nh-subtitle mb-4 flex items-center gap-2&quot;[39m
              [36m&gt;[39m
                [36m&lt;svg[39m
                  [33mclass[39m=[32m&quot;text-primary&quot;[39m
                  [33mfill[39m=[32m&quot;currentColor&quot;[39m
                  [33mheight[39m=[32m&quot;20&quot;[39m
                  [33mviewBox[39m=[32m&quot;0 0 256 256&quot;[39m
                  [33mwidth[39m=[32m&quot;20&quot;[39m
                  [33mxmlns[39m=[32m&quot;http://www.w3.org/2000/svg&quot;[39m
                [36m&gt;[39m
                  [36m&lt;path[39m
                    [33md[39m=[32m&quot;M227.81,66.76l-.08.09L160,139.17v55.49A16,16,0,0,1,152.87,208l-32,21.34A16,16,0,0,1,96,216V139.17L28.27,66.85l-.08-.09A16,16,0,0,1,40,40H216a16,16,0,0,1,11.84,26.76Z&quot;[39m
                  [36m/&gt;[39m
                [36m&lt;/svg&gt;[39m
                [0mFilters[0m
              [36m&lt;/h3&gt;[39m
              [36m&lt;div[39m
                [33mclass[39m=[32m&quot;w-full&quot;[39m
              [36m&gt;[39m
                [36m&lt;h3[39m
                  [33mclass[39m=[32m&quot;nh-subtitle mb-4&quot;[39m
                [36m&gt;[39m
                  [0mNutrient Filters[0m
                [36m&lt;/h3&gt;[39m
                [36m&lt;div[39m
                  [33mclass[39m=[32m&quot;space-y-3 mb-5&quot;[39m
                [36m&gt;[39m
                  [36m&lt;div[39m
                    [33mclass[39m=[32m&quot;relative&quot;[39m
                  [36m&gt;[39m
                    [36m&lt;input[39m
                      [33mclass[39m=[32m&quot;w-full px-4 py-2.5 border rounded-lg focus:ring-2 focus:ring-primary focus:border-primary nh-forum-search disabled:opacity-50 disabled:cursor-not-allowed transition-all&quot;[39m
                      [33mplaceholder[39m=[32m&quot;Nutrient name (e.g., iron, protein)&quot;[39m
                      [33mstyle[39m=[32m&quot;background-color: var(--color-bg-secondary); border-color: var(--dietary-option-border);&quot;[39m
                      [33mtype[39m=[32m&quot;text&quot;[39m
                      [33mvalue[39m=[32m&quot;&quot;[39m
                    [36m/&gt;[39m
                  [36m&lt;/div&gt;[39m
                  [36m&lt;div[39m
                    [33mclass[39m=[32m&quot;flex gap-2 w-full&quot;[39m
                  [36m&gt;[39m
                    [36m&lt;input[39m
                      [33mclass[39m=[32m&quot;w-1/2 px-4 py-2.5 border rounded-lg focus:ring-2 focus:ring-primary focus:border-primary nh-forum-search transition-all&quot;[39m
                      [33mplaceholder[39m=[32m&quot;Min&quot;[39m
                      [33mstyle[39m=[32m&quot;min-width: 0; background-color: var(--color-bg-secondary); border-color: var(--dietary-option-border);&quot;[39m
                      [33mtype[39m=[32m&quot;number&quot;[39m
                      [33mvalue[39m=[32m&quot;&quot;[39m
                    [36m/&gt;[39m
                    [36m&lt;input[39m
                      [33mclass[39m=[32m&quot;w-1/2 px-4 py-2.5 border rounded-lg focus:ring-2 focus:ring-primary focus:border-primary nh-forum-search transition-all&quot;[39m
                      [33mplaceholder[39m=[32m&quot;Max&quot;[39m
                      [33mstyle[39m=[32m&quot;min-width: 0; background-color: var(--color-bg-secondary); border-color: var(--dietary-option-border);&quot;[39m
                      [33mtype[39m=[32m&quot;number&quot;[39m
                      [33mvalue[39m=[32m&quot;&quot;[39m
                    [36m/&gt;[39m
                  [36m&lt;/div&gt;[39m
                  [36m&lt;button[39m
                    [33mclass[39m=[32m&quot;w-full nh-button nh-button-primary flex items-center justify-center gap-2 py-2.5 rounded-lg font-medium transition-all disabled:opacity-50 disabled:cursor-not-allowed hover:shadow-md&quot;[39m
                    [33mdisabled[39m=[32m&quot;&quot;[39m
                  [36m&gt;[39m
                    [36m&lt;svg[39m
                      [33mfill[39m=[32m&quot;currentColor&quot;[39m
                      [33mheight[39m=[32m&quot;18&quot;[39m
                      [33mviewBox[39m=[32m&quot;0 0 256 256&quot;[39m
                      [33mwidth[39m=[32m&quot;18&quot;[39m
                      [33mxmlns[39m=[32m&quot;http://www.w3.org/2000/svg&quot;[39m
                    [36m&gt;[39m
                      [36m&lt;path[39m
                        [33md[39m=[32m&quot;M228,128a12,12,0,0,1-12,12H140v76a12,12,0,0,1-24,0V140H40a12,12,0,0,1,0-24h76V40a12,12,0,0,1,24,0v76h76A12,12,0,0,1,228,128Z&quot;[39m
                      [36m/&gt;[39m
                    [36m&lt;/svg&gt;[39m
                    [0mAdd[0m
                  [36m&lt;/button&gt;[39m
                [36m&lt;/div&gt;[39m
              [36m&lt;/div&gt;[39m
            [36m&lt;/div&gt;[39m
          [36m&lt;/div&gt;[39m
          [36m&lt;div[39m
            [33mclass[39m=[32m&quot;w-full md:w-3/5&quot;[39m
          [36m&gt;[39m
            [36m&lt;div[39m
              [33mclass[39m=[32m&quot;mb-4&quot;[39m
            [36m&gt;[39m
              [36m&lt;form[39m
                [33mclass[39m=[32m&quot;flex gap-2&quot;[39m
              [36m&gt;[39m
                [36m&lt;div[39m
                  [33mclass[39m=[32m&quot;relative flex-grow&quot;[39m
                [36m&gt;[39m
                  [36m&lt;div[39m
                    [33mclass[39m=[32m&quot;absolute inset-y-0 left-0 flex items-center pl-3 pointer-events-none&quot;[39m
                  [36m&gt;[39m
                    [36m&lt;svg[39m
                      [33mfill[39m=[32m&quot;currentColor&quot;[39m
                      [33mheight[39m=[32m&quot;20&quot;[39m
                      [33mstyle[39m=[32m&quot;color: var(--forum-search-icon);&quot;[39m
                      [33mviewBox[39m=[32m&quot;0 0 256 256&quot;[39m
                      [33mwidth[39m=[32m&quot;20&quot;[39m
                      [33mxmlns[39m=[32m&quot;http://www.w3.org/2000/svg&quot;[39m
                    [36m&gt;[39m
                      [36m&lt;path[39m
                        [33md[39m=[32m&quot;M229.66,218.34l-50.07-50.06a88.11,88.11,0,1,0-11.31,11.31l50.06,50.07a8,8,0,0,0,11.32-11.32ZM40,112a72,72,0,1,1,72,72A72.08,72.08,0,0,1,40,112Z&quot;[39m
                      [36m/&gt;[39m
                    [36m&lt;/svg&gt;[39m
                  [36m&lt;/div&gt;[39m
                  [36m&lt;input[39m
                    [33maria-label[39m=[32m&quot;Search foods&quot;[39m
                    [33mclass[39m=[32m&quot;w-full p-2 pl-10 border rounded-lg focus:ring-primary focus:border-primary nh-forum-search&quot;[39m
                    [33mplaceholder[39m=[32m&quot;Search for a food...&quot;[39m
                    [33mtype[39m=[32m&quot;search&quot;[39m
                    [33mvalue[39m=[32m&quot;&quot;[39m
                  [36m/&gt;[39m
        ..." type="TestingLibraryElementError">
TestingLibraryElementError: Found multiple elements with the text: Explore Foods

Here are the matching elements:

Ignored nodes: comments, script, style
&lt;a
  class=&quot;nh-button nh-button-lg nh-button-primary flex items-center justify-center&quot;
  data-discover=&quot;true&quot;
  href=&quot;/foods&quot;
&gt;
  Explore Foods
&lt;/a&gt;

Ignored nodes: comments, script, style
&lt;a
  class=&quot;nh-button nh-button-lg nh-button-primary flex items-center justify-center&quot;
  data-discover=&quot;true&quot;
  href=&quot;/foods&quot;
&gt;
  Explore Foods
&lt;/a&gt;

Ignored nodes: comments, script, style
&lt;a
  class=&quot;nh-button nh-button-lg nh-button-primary flex items-center justify-center&quot;
  data-discover=&quot;true&quot;
  href=&quot;/foods&quot;
&gt;
  Explore Foods
&lt;/a&gt;

Ignored nodes: comments, script, style
&lt;a
  class=&quot;nh-button nh-button-lg nh-button-primary flex items-center justify-center&quot;
  data-discover=&quot;true&quot;
  href=&quot;/foods&quot;
&gt;
  Explore Foods
&lt;/a&gt;

Ignored nodes: comments, script, style
&lt;a
  class=&quot;nh-button nh-button-lg nh-button-primary flex items-center justify-center&quot;
  data-discover=&quot;true&quot;
  href=&quot;/foods&quot;
&gt;
  Explore Foods
&lt;/a&gt;

Ignored nodes: comments, script, style
&lt;a
  class=&quot;nh-button nh-button-lg nh-button-primary flex items-center justify-center&quot;
  data-discover=&quot;true&quot;
  href=&quot;/foods&quot;
&gt;
  Explore Foods
&lt;/a&gt;

Ignored nodes: comments, script, style
&lt;a
  class=&quot;nh-button nh-button-lg nh-button-primary flex items-center justify-center&quot;
  data-discover=&quot;true&quot;
  href=&quot;/foods&quot;
&gt;
  Explore Foods
&lt;/a&gt;

(If this is intentional, then use the `*AllBy*` variant of the query (like `queryAllByText`, `getAllByText`, or `findAllByText`)).

Ignored nodes: comments, script, style
&lt;body&gt;
  &lt;div&gt;
    &lt;div
      class=&quot;w-full py-12&quot;
    &gt;
      &lt;div
        class=&quot;nh-container&quot;
      &gt;
        &lt;div
          class=&quot;flex flex-col md:flex-row gap-6&quot;
        &gt;
          &lt;div
            class=&quot;w-full md:w-1/5&quot;
          &gt;
            &lt;div
              class=&quot;sticky top-20&quot;
            &gt;
              &lt;h3
                class=&quot;nh-subtitle mb-4 flex items-center gap-2&quot;
              &gt;
                &lt;svg
                  class=&quot;text-primary&quot;
                  fill=&quot;currentColor&quot;
                  height=&quot;20&quot;
                  viewBox=&quot;0 0 256 256&quot;
                  width=&quot;20&quot;
                  xmlns=&quot;http://www.w3.org/2000/svg&quot;
                &gt;
                  &lt;path
                    d=&quot;M227.81,66.76l-.08.09L160,139.17v55.49A16,16,0,0,1,152.87,208l-32,21.34A16,16,0,0,1,96,216V139.17L28.27,66.85l-.08-.09A16,16,0,0,1,40,40H216a16,16,0,0,1,11.84,26.76Z&quot;
                  /&gt;
                &lt;/svg&gt;
                Filters
              &lt;/h3&gt;
              &lt;div
                class=&quot;w-full&quot;
              &gt;
                &lt;h3
                  class=&quot;nh-subtitle mb-4&quot;
                &gt;
                  Nutrient Filters
                &lt;/h3&gt;
                &lt;div
                  class=&quot;space-y-3 mb-5&quot;
                &gt;
                  &lt;div
                    class=&quot;relative&quot;
                  &gt;
                    &lt;input
                      class=&quot;w-full px-4 py-2.5 border rounded-lg focus:ring-2 focus:ring-primary focus:border-primary nh-forum-search disabled:opacity-50 disabled:cursor-not-allowed transition-all&quot;
                      placeholder=&quot;Nutrient name (e.g., iron, protein)&quot;
                      style=&quot;background-color: var(--color-bg-secondary); border-color: var(--dietary-option-border);&quot;
                      type=&quot;text&quot;
                      value=&quot;&quot;
                    /&gt;
                  &lt;/div&gt;
                  &lt;div
                    class=&quot;flex gap-2 w-full&quot;
                  &gt;
                    &lt;input
                      class=&quot;w-1/2 px-4 py-2.5 border rounded-lg focus:ring-2 focus:ring-primary focus:border-primary nh-forum-search transition-all&quot;
                      placeholder=&quot;Min&quot;
                      style=&quot;min-width: 0; background-color: var(--color-bg-secondary); border-color: var(--dietary-option-border);&quot;
                      type=&quot;number&quot;
                      value=&quot;&quot;
                    /&gt;
                    &lt;input
                      class=&quot;w-1/2 px-4 py-2.5 border rounded-lg focus:ring-2 focus:ring-primary focus:border-primary nh-forum-search transition-all&quot;
                      placeholder=&quot;Max&quot;
                      style=&quot;min-width: 0; background-color: var(--color-bg-secondary); border-color: var(--dietary-option-border);&quot;
                      type=&quot;number&quot;
                      value=&quot;&quot;
                    /&gt;
                  &lt;/div&gt;
                  &lt;button
                    class=&quot;w-full nh-button nh-button-primary flex items-center justify-center gap-2 py-2.5 rounded-lg font-medium transition-all disabled:opacity-50 disabled:cursor-not-allowed hover:shadow-md&quot;
                    disabled=&quot;&quot;
                  &gt;
                    &lt;svg
                      fill=&quot;currentColor&quot;
                      height=&quot;18&quot;
                      viewBox=&quot;0 0 256 256&quot;
                      width=&quot;18&quot;
                      xmlns=&quot;http://www.w3.org/2000/svg&quot;
                    &gt;
                      &lt;path
                        d=&quot;M228,128a12,12,0,0,1-12,12H140v76a12,12,0,0,1-24,0V140H40a12,12,0,0,1,0-24h76V40a12,12,0,0,1,24,0v76h76A12,12,0,0,1,228,128Z&quot;
                      /&gt;
                    &lt;/svg&gt;
                    Add
                  &lt;/button&gt;
                &lt;/div&gt;
              &lt;/div&gt;
            &lt;/div&gt;
          &lt;/div&gt;
          &lt;div
            class=&quot;w-full md:w-3/5&quot;
          &gt;
            &lt;div
              class=&quot;mb-4&quot;
            &gt;
              &lt;form
                class=&quot;flex gap-2&quot;
              &gt;
                &lt;div
                  class=&quot;relative flex-grow&quot;
                &gt;
                  &lt;div
                    class=&quot;absolute inset-y-0 left-0 flex items-center pl-3 pointer-events-none&quot;
                  &gt;
                    &lt;svg
                      fill=&quot;currentColor&quot;
                      height=&quot;20&quot;
                      style=&quot;color: var(--forum-search-icon);&quot;
                      viewBox=&quot;0 0 256 256&quot;
                      width=&quot;20&quot;
                      xmlns=&quot;http://www.w3.org/2000/svg&quot;
                    &gt;
                      &lt;path
                        d=&quot;M229.66,218.34l-50.07-50.06a88.11,88.11,0,1,0-11.31,11.31l50.06,50.07a8,8,0,0,0,11.32-11.32ZM40,112a72,72,0,1,1,72,72A72.08,72.08,0,0,1,40,112Z&quot;
                      /&gt;
                    &lt;/svg&gt;
                  &lt;/div&gt;
                  &lt;input
                    aria-label=&quot;Search foods&quot;
                    class=&quot;w-full p-2 pl-10 border rounded-lg focus:ring-primary focus:border-primary nh-forum-search&quot;
                    placeholder=&quot;Search for a food...&quot;
                    type=&quot;search&quot;
                    value=&quot;&quot;
                  /&gt;
        ...
 ❯ Object.getElementError node_modules/@testing-library/dom/dist/config.js:37:19
 ❯ getElementError node_modules/@testing-library/dom/dist/query-helpers.js:20:35
 ❯ getMultipleElementsFoundError node_modules/@testing-library/dom/dist/query-helpers.js:23:10
 ❯ node_modules/@testing-library/dom/dist/query-helpers.js:55:13
 ❯ node_modules/@testing-library/dom/dist/query-helpers.js:95:19
 ❯ src/pages/Home.test.tsx:58:38
            </failure>
        </testcase>
        <testcase classname="src/pages/Home.test.tsx" name="Home Page &gt; renders buttons in correct responsive layout" time="0.020440584">
            <failure message="Found multiple elements with the text: Explore Foods

Here are the matching elements:

Ignored nodes: comments, script, style
[36m&lt;a[39m
  [33mclass[39m=[32m&quot;nh-button nh-button-lg nh-button-primary flex items-center justify-center&quot;[39m
  [33mdata-discover[39m=[32m&quot;true&quot;[39m
  [33mhref[39m=[32m&quot;/foods&quot;[39m
[36m&gt;[39m
  [0mExplore Foods[0m
[36m&lt;/a&gt;[39m

Ignored nodes: comments, script, style
[36m&lt;a[39m
  [33mclass[39m=[32m&quot;nh-button nh-button-lg nh-button-primary flex items-center justify-center&quot;[39m
  [33mdata-discover[39m=[32m&quot;true&quot;[39m
  [33mhref[39m=[32m&quot;/foods&quot;[39m
[36m&gt;[39m
  [0mExplore Foods[0m
[36m&lt;/a&gt;[39m

Ignored nodes: comments, script, style
[36m&lt;a[39m
  [33mclass[39m=[32m&quot;nh-button nh-button-lg nh-button-primary flex items-center justify-center&quot;[39m
  [33mdata-discover[39m=[32m&quot;true&quot;[39m
  [33mhref[39m=[32m&quot;/foods&quot;[39m
[36m&gt;[39m
  [0mExplore Foods[0m
[36m&lt;/a&gt;[39m

Ignored nodes: comments, script, style
[36m&lt;a[39m
  [33mclass[39m=[32m&quot;nh-button nh-button-lg nh-button-primary flex items-center justify-center&quot;[39m
  [33mdata-discover[39m=[32m&quot;true&quot;[39m
  [33mhref[39m=[32m&quot;/foods&quot;[39m
[36m&gt;[39m
  [0mExplore Foods[0m
[36m&lt;/a&gt;[39m

Ignored nodes: comments, script, style
[36m&lt;a[39m
  [33mclass[39m=[32m&quot;nh-button nh-button-lg nh-button-primary flex items-center justify-center&quot;[39m
  [33mdata-discover[39m=[32m&quot;true&quot;[39m
  [33mhref[39m=[32m&quot;/foods&quot;[39m
[36m&gt;[39m
  [0mExplore Foods[0m
[36m&lt;/a&gt;[39m

Ignored nodes: comments, script, style
[36m&lt;a[39m
  [33mclass[39m=[32m&quot;nh-button nh-button-lg nh-button-primary flex items-center justify-center&quot;[39m
  [33mdata-discover[39m=[32m&quot;true&quot;[39m
  [33mhref[39m=[32m&quot;/foods&quot;[39m
[36m&gt;[39m
  [0mExplore Foods[0m
[36m&lt;/a&gt;[39m

Ignored nodes: comments, script, style
[36m&lt;a[39m
  [33mclass[39m=[32m&quot;nh-button nh-button-lg nh-button-primary flex items-center justify-center&quot;[39m
  [33mdata-discover[39m=[32m&quot;true&quot;[39m
  [33mhref[39m=[32m&quot;/foods&quot;[39m
[36m&gt;[39m
  [0mExplore Foods[0m
[36m&lt;/a&gt;[39m

Ignored nodes: comments, script, style
[36m&lt;a[39m
  [33mclass[39m=[32m&quot;nh-button nh-button-lg nh-button-primary flex items-center justify-center&quot;[39m
  [33mdata-discover[39m=[32m&quot;true&quot;[39m
  [33mhref[39m=[32m&quot;/foods&quot;[39m
[36m&gt;[39m
  [0mExplore Foods[0m
[36m&lt;/a&gt;[39m

(If this is intentional, then use the `*AllBy*` variant of the query (like `queryAllByText`, `getAllByText`, or `findAllByText`)).

Ignored nodes: comments, script, style
[36m&lt;body&gt;[39m
  [36m&lt;div&gt;[39m
    [36m&lt;div[39m
      [33mclass[39m=[32m&quot;w-full py-12&quot;[39m
    [36m&gt;[39m
      [36m&lt;div[39m
        [33mclass[39m=[32m&quot;nh-container&quot;[39m
      [36m&gt;[39m
        [36m&lt;div[39m
          [33mclass[39m=[32m&quot;flex flex-col md:flex-row gap-6&quot;[39m
        [36m&gt;[39m
          [36m&lt;div[39m
            [33mclass[39m=[32m&quot;w-full md:w-1/5&quot;[39m
          [36m&gt;[39m
            [36m&lt;div[39m
              [33mclass[39m=[32m&quot;sticky top-20&quot;[39m
            [36m&gt;[39m
              [36m&lt;h3[39m
                [33mclass[39m=[32m&quot;nh-subtitle mb-4 flex items-center gap-2&quot;[39m
              [36m&gt;[39m
                [36m&lt;svg[39m
                  [33mclass[39m=[32m&quot;text-primary&quot;[39m
                  [33mfill[39m=[32m&quot;currentColor&quot;[39m
                  [33mheight[39m=[32m&quot;20&quot;[39m
                  [33mviewBox[39m=[32m&quot;0 0 256 256&quot;[39m
                  [33mwidth[39m=[32m&quot;20&quot;[39m
                  [33mxmlns[39m=[32m&quot;http://www.w3.org/2000/svg&quot;[39m
                [36m&gt;[39m
                  [36m&lt;path[39m
                    [33md[39m=[32m&quot;M227.81,66.76l-.08.09L160,139.17v55.49A16,16,0,0,1,152.87,208l-32,21.34A16,16,0,0,1,96,216V139.17L28.27,66.85l-.08-.09A16,16,0,0,1,40,40H216a16,16,0,0,1,11.84,26.76Z&quot;[39m
                  [36m/&gt;[39m
                [36m&lt;/svg&gt;[39m
                [0mFilters[0m
              [36m&lt;/h3&gt;[39m
              [36m&lt;div[39m
                [33mclass[39m=[32m&quot;w-full&quot;[39m
              [36m&gt;[39m
                [36m&lt;h3[39m
                  [33mclass[39m=[32m&quot;nh-subtitle mb-4&quot;[39m
                [36m&gt;[39m
                  [0mNutrient Filters[0m
                [36m&lt;/h3&gt;[39m
                [36m&lt;div[39m
                  [33mclass[39m=[32m&quot;space-y-3 mb-5&quot;[39m
                [36m&gt;[39m
                  [36m&lt;div[39m
                    [33mclass[39m=[32m&quot;relative&quot;[39m
                  [36m&gt;[39m
                    [36m&lt;input[39m
                      [33mclass[39m=[32m&quot;w-full px-4 py-2.5 border rounded-lg focus:ring-2 focus:ring-primary focus:border-primary nh-forum-search disabled:opacity-50 disabled:cursor-not-allowed transition-all&quot;[39m
                      [33mplaceholder[39m=[32m&quot;Nutrient name (e.g., iron, protein)&quot;[39m
                      [33mstyle[39m=[32m&quot;background-color: var(--color-bg-secondary); border-color: var(--dietary-option-border);&quot;[39m
                      [33mtype[39m=[32m&quot;text&quot;[39m
                      [33mvalue[39m=[32m&quot;&quot;[39m
                    [36m/&gt;[39m
                  [36m&lt;/div&gt;[39m
                  [36m&lt;div[39m
                    [33mclass[39m=[32m&quot;flex gap-2 w-full&quot;[39m
                  [36m&gt;[39m
                    [36m&lt;input[39m
                      [33mclass[39m=[32m&quot;w-1/2 px-4 py-2.5 border rounded-lg focus:ring-2 focus:ring-primary focus:border-primary nh-forum-search transition-all&quot;[39m
                      [33mplaceholder[39m=[32m&quot;Min&quot;[39m
                      [33mstyle[39m=[32m&quot;min-width: 0; background-color: var(--color-bg-secondary); border-color: var(--dietary-option-border);&quot;[39m
                      [33mtype[39m=[32m&quot;number&quot;[39m
                      [33mvalue[39m=[32m&quot;&quot;[39m
                    [36m/&gt;[39m
                    [36m&lt;input[39m
                      [33mclass[39m=[32m&quot;w-1/2 px-4 py-2.5 border rounded-lg focus:ring-2 focus:ring-primary focus:border-primary nh-forum-search transition-all&quot;[39m
                      [33mplaceholder[39m=[32m&quot;Max&quot;[39m
                      [33mstyle[39m=[32m&quot;min-width: 0; background-color: var(--color-bg-secondary); border-color: var(--dietary-option-border);&quot;[39m
                      [33mtype[39m=[32m&quot;number&quot;[39m
                      [33mvalue[39m=[32m&quot;&quot;[39m
                    [36m/&gt;[39m
                  [36m&lt;/div&gt;[39m
                  [36m&lt;button[39m
                    [33mclass[39m=[32m&quot;w-full nh-button nh-button-primary flex items-center justify-center gap-2 py-2.5 rounded-lg font-medium transition-all disabled:opacity-50 disabled:cursor-not-allowed hover:shadow-md&quot;[39m
                    [33mdisabled[39m=[32m&quot;&quot;[39m
                  [36m&gt;[39m
                    [36m&lt;svg[39m
                      [33mfill[39m=[32m&quot;currentColor&quot;[39m
                      [33mheight[39m=[32m&quot;18&quot;[39m
                      [33mviewBox[39m=[32m&quot;0 0 256 256&quot;[39m
                      [33mwidth[39m=[32m&quot;18&quot;[39m
                      [33mxmlns[39m=[32m&quot;http://www.w3.org/2000/svg&quot;[39m
                    [36m&gt;[39m
                      [36m&lt;path[39m
                        [33md[39m=[32m&quot;M228,128a12,12,0,0,1-12,12H140v76a12,12,0,0,1-24,0V140H40a12,12,0,0,1,0-24h76V40a12,12,0,0,1,24,0v76h76A12,12,0,0,1,228,128Z&quot;[39m
                      [36m/&gt;[39m
                    [36m&lt;/svg&gt;[39m
                    [0mAdd[0m
                  [36m&lt;/button&gt;[39m
                [36m&lt;/div&gt;[39m
              [36m&lt;/div&gt;[39m
            [36m&lt;/div&gt;[39m
          [36m&lt;/div&gt;[39m
          [36m&lt;div[39m
            [33mclass[39m=[32m&quot;w-full md:w-3/5&quot;[39m
          [36m&gt;[39m
            [36m&lt;div[39m
              [33mclass[39m=[32m&quot;mb-4&quot;[39m
            [36m&gt;[39m
              [36m&lt;form[39m
                [33mclass[39m=[32m&quot;flex gap-2&quot;[39m
              [36m&gt;[39m
                [36m&lt;div[39m
                  [33mclass[39m=[32m&quot;relative flex-grow&quot;[39m
                [36m&gt;[39m
                  [36m&lt;div[39m
                    [33mclass[39m=[32m&quot;absolute inset-y-0 left-0 flex items-center pl-3 pointer-events-none&quot;[39m
                  [36m&gt;[39m
                    [36m&lt;svg[39m
                      [33mfill[39m=[32m&quot;currentColor&quot;[39m
                      [33mheight[39m=[32m&quot;20&quot;[39m
                      [33mstyle[39m=[32m&quot;color: var(--forum-search-icon);&quot;[39m
                      [33mviewBox[39m=[32m&quot;0 0 256 256&quot;[39m
                      [33mwidth[39m=[32m&quot;20&quot;[39m
                      [33mxmlns[39m=[32m&quot;http://www.w3.org/2000/svg&quot;[39m
                    [36m&gt;[39m
                      [36m&lt;path[39m
                        [33md[39m=[32m&quot;M229.66,218.34l-50.07-50.06a88.11,88.11,0,1,0-11.31,11.31l50.06,50.07a8,8,0,0,0,11.32-11.32ZM40,112a72,72,0,1,1,72,72A72.08,72.08,0,0,1,40,112Z&quot;[39m
                      [36m/&gt;[39m
                    [36m&lt;/svg&gt;[39m
                  [36m&lt;/div&gt;[39m
                  [36m&lt;input[39m
                    [33maria-label[39m=[32m&quot;Search foods&quot;[39m
                    [33mclass[39m=[32m&quot;w-full p-2 pl-10 border rounded-lg focus:ring-primary focus:border-primary nh-forum-search&quot;[39m
                    [33mplaceholder[39m=[32m&quot;Search for a food...&quot;[39m
                    [33mtype[39m=[32m&quot;search&quot;[39m
                    [33mvalue[39m=[32m&quot;&quot;[39m
                  [36m/&gt;[39m
        ..." type="TestingLibraryElementError">
TestingLibraryElementError: Found multiple elements with the text: Explore Foods

Here are the matching elements:

Ignored nodes: comments, script, style
&lt;a
  class=&quot;nh-button nh-button-lg nh-button-primary flex items-center justify-center&quot;
  data-discover=&quot;true&quot;
  href=&quot;/foods&quot;
&gt;
  Explore Foods
&lt;/a&gt;

Ignored nodes: comments, script, style
&lt;a
  class=&quot;nh-button nh-button-lg nh-button-primary flex items-center justify-center&quot;
  data-discover=&quot;true&quot;
  href=&quot;/foods&quot;
&gt;
  Explore Foods
&lt;/a&gt;

Ignored nodes: comments, script, style
&lt;a
  class=&quot;nh-button nh-button-lg nh-button-primary flex items-center justify-center&quot;
  data-discover=&quot;true&quot;
  href=&quot;/foods&quot;
&gt;
  Explore Foods
&lt;/a&gt;

Ignored nodes: comments, script, style
&lt;a
  class=&quot;nh-button nh-button-lg nh-button-primary flex items-center justify-center&quot;
  data-discover=&quot;true&quot;
  href=&quot;/foods&quot;
&gt;
  Explore Foods
&lt;/a&gt;

Ignored nodes: comments, script, style
&lt;a
  class=&quot;nh-button nh-button-lg nh-button-primary flex items-center justify-center&quot;
  data-discover=&quot;true&quot;
  href=&quot;/foods&quot;
&gt;
  Explore Foods
&lt;/a&gt;

Ignored nodes: comments, script, style
&lt;a
  class=&quot;nh-button nh-button-lg nh-button-primary flex items-center justify-center&quot;
  data-discover=&quot;true&quot;
  href=&quot;/foods&quot;
&gt;
  Explore Foods
&lt;/a&gt;

Ignored nodes: comments, script, style
&lt;a
  class=&quot;nh-button nh-button-lg nh-button-primary flex items-center justify-center&quot;
  data-discover=&quot;true&quot;
  href=&quot;/foods&quot;
&gt;
  Explore Foods
&lt;/a&gt;

Ignored nodes: comments, script, style
&lt;a
  class=&quot;nh-button nh-button-lg nh-button-primary flex items-center justify-center&quot;
  data-discover=&quot;true&quot;
  href=&quot;/foods&quot;
&gt;
  Explore Foods
&lt;/a&gt;

(If this is intentional, then use the `*AllBy*` variant of the query (like `queryAllByText`, `getAllByText`, or `findAllByText`)).

Ignored nodes: comments, script, style
&lt;body&gt;
  &lt;div&gt;
    &lt;div
      class=&quot;w-full py-12&quot;
    &gt;
      &lt;div
        class=&quot;nh-container&quot;
      &gt;
        &lt;div
          class=&quot;flex flex-col md:flex-row gap-6&quot;
        &gt;
          &lt;div
            class=&quot;w-full md:w-1/5&quot;
          &gt;
            &lt;div
              class=&quot;sticky top-20&quot;
            &gt;
              &lt;h3
                class=&quot;nh-subtitle mb-4 flex items-center gap-2&quot;
              &gt;
                &lt;svg
                  class=&quot;text-primary&quot;
                  fill=&quot;currentColor&quot;
                  height=&quot;20&quot;
                  viewBox=&quot;0 0 256 256&quot;
                  width=&quot;20&quot;
                  xmlns=&quot;http://www.w3.org/2000/svg&quot;
                &gt;
                  &lt;path
                    d=&quot;M227.81,66.76l-.08.09L160,139.17v55.49A16,16,0,0,1,152.87,208l-32,21.34A16,16,0,0,1,96,216V139.17L28.27,66.85l-.08-.09A16,16,0,0,1,40,40H216a16,16,0,0,1,11.84,26.76Z&quot;
                  /&gt;
                &lt;/svg&gt;
                Filters
              &lt;/h3&gt;
              &lt;div
                class=&quot;w-full&quot;
              &gt;
                &lt;h3
                  class=&quot;nh-subtitle mb-4&quot;
                &gt;
                  Nutrient Filters
                &lt;/h3&gt;
                &lt;div
                  class=&quot;space-y-3 mb-5&quot;
                &gt;
                  &lt;div
                    class=&quot;relative&quot;
                  &gt;
                    &lt;input
                      class=&quot;w-full px-4 py-2.5 border rounded-lg focus:ring-2 focus:ring-primary focus:border-primary nh-forum-search disabled:opacity-50 disabled:cursor-not-allowed transition-all&quot;
                      placeholder=&quot;Nutrient name (e.g., iron, protein)&quot;
                      style=&quot;background-color: var(--color-bg-secondary); border-color: var(--dietary-option-border);&quot;
                      type=&quot;text&quot;
                      value=&quot;&quot;
                    /&gt;
                  &lt;/div&gt;
                  &lt;div
                    class=&quot;flex gap-2 w-full&quot;
                  &gt;
                    &lt;input
                      class=&quot;w-1/2 px-4 py-2.5 border rounded-lg focus:ring-2 focus:ring-primary focus:border-primary nh-forum-search transition-all&quot;
                      placeholder=&quot;Min&quot;
                      style=&quot;min-width: 0; background-color: var(--color-bg-secondary); border-color: var(--dietary-option-border);&quot;
                      type=&quot;number&quot;
                      value=&quot;&quot;
                    /&gt;
                    &lt;input
                      class=&quot;w-1/2 px-4 py-2.5 border rounded-lg focus:ring-2 focus:ring-primary focus:border-primary nh-forum-search transition-all&quot;
                      placeholder=&quot;Max&quot;
                      style=&quot;min-width: 0; background-color: var(--color-bg-secondary); border-color: var(--dietary-option-border);&quot;
                      type=&quot;number&quot;
                      value=&quot;&quot;
                    /&gt;
                  &lt;/div&gt;
                  &lt;button
                    class=&quot;w-full nh-button nh-button-primary flex items-center justify-center gap-2 py-2.5 rounded-lg font-medium transition-all disabled:opacity-50 disabled:cursor-not-allowed hover:shadow-md&quot;
                    disabled=&quot;&quot;
                  &gt;
                    &lt;svg
                      fill=&quot;currentColor&quot;
                      height=&quot;18&quot;
                      viewBox=&quot;0 0 256 256&quot;
                      width=&quot;18&quot;
                      xmlns=&quot;http://www.w3.org/2000/svg&quot;
                    &gt;
                      &lt;path
                        d=&quot;M228,128a12,12,0,0,1-12,12H140v76a12,12,0,0,1-24,0V140H40a12,12,0,0,1,0-24h76V40a12,12,0,0,1,24,0v76h76A12,12,0,0,1,228,128Z&quot;
                      /&gt;
                    &lt;/svg&gt;
                    Add
                  &lt;/button&gt;
                &lt;/div&gt;
              &lt;/div&gt;
            &lt;/div&gt;
          &lt;/div&gt;
          &lt;div
            class=&quot;w-full md:w-3/5&quot;
          &gt;
            &lt;div
              class=&quot;mb-4&quot;
            &gt;
              &lt;form
                class=&quot;flex gap-2&quot;
              &gt;
                &lt;div
                  class=&quot;relative flex-grow&quot;
                &gt;
                  &lt;div
                    class=&quot;absolute inset-y-0 left-0 flex items-center pl-3 pointer-events-none&quot;
                  &gt;
                    &lt;svg
                      fill=&quot;currentColor&quot;
                      height=&quot;20&quot;
                      style=&quot;color: var(--forum-search-icon);&quot;
                      viewBox=&quot;0 0 256 256&quot;
                      width=&quot;20&quot;
                      xmlns=&quot;http://www.w3.org/2000/svg&quot;
                    &gt;
                      &lt;path
                        d=&quot;M229.66,218.34l-50.07-50.06a88.11,88.11,0,1,0-11.31,11.31l50.06,50.07a8,8,0,0,0,11.32-11.32ZM40,112a72,72,0,1,1,72,72A72.08,72.08,0,0,1,40,112Z&quot;
                      /&gt;
                    &lt;/svg&gt;
                  &lt;/div&gt;
                  &lt;input
                    aria-label=&quot;Search foods&quot;
                    class=&quot;w-full p-2 pl-10 border rounded-lg focus:ring-primary focus:border-primary nh-forum-search&quot;
                    placeholder=&quot;Search for a food...&quot;
                    type=&quot;search&quot;
                    value=&quot;&quot;
                  /&gt;
        ...
 ❯ Object.getElementError node_modules/@testing-library/dom/dist/config.js:37:19
 ❯ getElementError node_modules/@testing-library/dom/dist/query-helpers.js:20:35
 ❯ getMultipleElementsFoundError node_modules/@testing-library/dom/dist/query-helpers.js:23:10
 ❯ node_modules/@testing-library/dom/dist/query-helpers.js:55:13
 ❯ node_modules/@testing-library/dom/dist/query-helpers.js:95:19
 ❯ src/pages/Home.test.tsx:79:40
            </failure>
        </testcase>
    </testsuite>
    <testsuite name="src/test/App.test.tsx" timestamp="2025-12-21T12:21:45.146Z" hostname="Ardas-MacBook-Air-502.local" tests="2" failures="1" errors="0" skipped="0" time="0.019679917">
        <testcase classname="src/test/App.test.tsx" name="App Component &gt; renders the app with correct structure" time="0.0052005">
        </testcase>
        <testcase classname="src/test/App.test.tsx" name="App Component &gt; has the correct routing setup" time="0.014347083">
            <failure message="Found multiple elements by: [data-testid=&quot;auth-provider&quot;]

Here are the matching elements:

Ignored nodes: comments, script, style
[36m&lt;div[39m
  [33mdata-testid[39m=[32m&quot;auth-provider&quot;[39m
[36m&gt;[39m
  [36m&lt;div[39m
    [33mdata-testid[39m=[32m&quot;browser-router&quot;[39m
  [36m&gt;[39m
    [36m&lt;div[39m
      [33mdata-testid[39m=[32m&quot;routes&quot;[39m
    [36m&gt;[39m
      [36m&lt;div[39m
        [33mdata-testid[39m=[32m&quot;route&quot;[39m
      [36m/&gt;[39m
      [36m&lt;div[39m
        [33mdata-testid[39m=[32m&quot;route&quot;[39m
      [36m&gt;[39m
        [36m&lt;div[39m
          [33mdata-testid[39m=[32m&quot;route&quot;[39m
        [36m/&gt;[39m
        [36m&lt;div[39m
          [33mdata-testid[39m=[32m&quot;route&quot;[39m
        [36m/&gt;[39m
        [36m&lt;div[39m
          [33mdata-testid[39m=[32m&quot;route&quot;[39m
        [36m&gt;[39m
          [36m&lt;div[39m
            [33mdata-testid[39m=[32m&quot;route&quot;[39m
          [36m/&gt;[39m
          [36m&lt;div[39m
            [33mdata-testid[39m=[32m&quot;route&quot;[39m
          [36m/&gt;[39m
          [36m&lt;div[39m
            [33mdata-testid[39m=[32m&quot;route&quot;[39m
          [36m/&gt;[39m
          [36m&lt;div[39m
            [33mdata-testid[39m=[32m&quot;route&quot;[39m
          [36m/&gt;[39m
          [36m&lt;div[39m
            [33mdata-testid[39m=[32m&quot;route&quot;[39m
          [36m/&gt;[39m
          [36m&lt;div[39m
            [33mdata-testid[39m=[32m&quot;route&quot;[39m
          [36m/&gt;[39m
          [36m&lt;div[39m
            [33mdata-testid[39m=[32m&quot;route&quot;[39m
          [36m/&gt;[39m
          [36m&lt;div[39m
            [33mdata-testid[39m=[32m&quot;route&quot;[39m
          [36m/&gt;[39m
          [36m&lt;div[39m
            [33mdata-testid[39m=[32m&quot;route&quot;[39m
          [36m/&gt;[39m
          [36m&lt;div[39m
            [33mdata-testid[39m=[32m&quot;route&quot;[39m
          [36m/&gt;[39m
          [36m&lt;div[39m
            [33mdata-testid[39m=[32m&quot;route&quot;[39m
          [36m/&gt;[39m
          [36m&lt;div[39m
            [33mdata-testid[39m=[32m&quot;route&quot;[39m
          [36m/&gt;[39m
          [36m&lt;div[39m
            [33mdata-testid[39m=[32m&quot;route&quot;[39m
          [36m/&gt;[39m
        [36m&lt;/div&gt;[39m
        [36m&lt;div[39m
          [33mdata-testid[39m=[32m&quot;route&quot;[39m
        [36m&gt;[39m
          [36m&lt;div[39m
            [33mdata-testid[39m=[32m&quot;route&quot;[39m
          [36m/&gt;[39m
        [36m&lt;/div&gt;[39m
        [36m&lt;div[39m
          [33mdata-testid[39m=[32m&quot;route&quot;[39m
        [36m/&gt;[39m
      [36m&lt;/div&gt;[39m
    [36m&lt;/div&gt;[39m
  [36m&lt;/div&gt;[39m
[36m&lt;/div&gt;[39m

Ignored nodes: comments, script, style
[36m&lt;div[39m
  [33mdata-testid[39m=[32m&quot;auth-provider&quot;[39m
[36m&gt;[39m
  [36m&lt;div[39m
    [33mdata-testid[39m=[32m&quot;browser-router&quot;[39m
  [36m&gt;[39m
    [36m&lt;div[39m
      [33mdata-testid[39m=[32m&quot;routes&quot;[39m
    [36m&gt;[39m
      [36m&lt;div[39m
        [33mdata-testid[39m=[32m&quot;route&quot;[39m
      [36m/&gt;[39m
      [36m&lt;div[39m
        [33mdata-testid[39m=[32m&quot;route&quot;[39m
      [36m&gt;[39m
        [36m&lt;div[39m
          [33mdata-testid[39m=[32m&quot;route&quot;[39m
        [36m/&gt;[39m
        [36m&lt;div[39m
          [33mdata-testid[39m=[32m&quot;route&quot;[39m
        [36m/&gt;[39m
        [36m&lt;div[39m
          [33mdata-testid[39m=[32m&quot;route&quot;[39m
        [36m&gt;[39m
          [36m&lt;div[39m
            [33mdata-testid[39m=[32m&quot;route&quot;[39m
          [36m/&gt;[39m
          [36m&lt;div[39m
            [33mdata-testid[39m=[32m&quot;route&quot;[39m
          [36m/&gt;[39m
          [36m&lt;div[39m
            [33mdata-testid[39m=[32m&quot;route&quot;[39m
          [36m/&gt;[39m
          [36m&lt;div[39m
            [33mdata-testid[39m=[32m&quot;route&quot;[39m
          [36m/&gt;[39m
          [36m&lt;div[39m
            [33mdata-testid[39m=[32m&quot;route&quot;[39m
          [36m/&gt;[39m
          [36m&lt;div[39m
            [33mdata-testid[39m=[32m&quot;route&quot;[39m
          [36m/&gt;[39m
          [36m&lt;div[39m
            [33mdata-testid[39m=[32m&quot;route&quot;[39m
          [36m/&gt;[39m
          [36m&lt;div[39m
            [33mdata-testid[39m=[32m&quot;route&quot;[39m
          [36m/&gt;[39m
          [36m&lt;div[39m
            [33mdata-testid[39m=[32m&quot;route&quot;[39m
          [36m/&gt;[39m
          [36m&lt;div[39m
            [33mdata-testid[39m=[32m&quot;route&quot;[39m
          [36m/&gt;[39m
          [36m&lt;div[39m
            [33mdata-testid[39m=[32m&quot;route&quot;[39m
          [36m/&gt;[39m
          [36m&lt;div[39m
            [33mdata-testid[39m=[32m&quot;route&quot;[39m
          [36m/&gt;[39m
          [36m&lt;div[39m
            [33mdata-testid[39m=[32m&quot;route&quot;[39m
          [36m/&gt;[39m
        [36m&lt;/div&gt;[39m
        [36m&lt;div[39m
          [33mdata-testid[39m=[32m&quot;route&quot;[39m
        [36m&gt;[39m
          [36m&lt;div[39m
            [33mdata-testid[39m=[32m&quot;route&quot;[39m
          [36m/&gt;[39m
        [36m&lt;/div&gt;[39m
        [36m&lt;div[39m
          [33mdata-testid[39m=[32m&quot;route&quot;[39m
        [36m/&gt;[39m
      [36m&lt;/div&gt;[39m
    [36m&lt;/div&gt;[39m
  [36m&lt;/div&gt;[39m
[36m&lt;/div&gt;[39m

(If this is intentional, then use the `*AllBy*` variant of the query (like `queryAllByText`, `getAllByText`, or `findAllByText`)).

Ignored nodes: comments, script, style
[36m&lt;body&gt;[39m
  [36m&lt;div&gt;[39m
    [36m&lt;div[39m
      [33mclass[39m=[32m&quot;w-full py-12&quot;[39m
    [36m&gt;[39m
      [36m&lt;div[39m
        [33mclass[39m=[32m&quot;nh-container&quot;[39m
      [36m&gt;[39m
        [36m&lt;div[39m
          [33mclass[39m=[32m&quot;flex flex-col md:flex-row gap-6&quot;[39m
        [36m&gt;[39m
          [36m&lt;div[39m
            [33mclass[39m=[32m&quot;w-full md:w-1/5&quot;[39m
          [36m&gt;[39m
            [36m&lt;div[39m
              [33mclass[39m=[32m&quot;sticky top-20&quot;[39m
            [36m&gt;[39m
              [36m&lt;h3[39m
                [33mclass[39m=[32m&quot;nh-subtitle mb-4 flex items-center gap-2&quot;[39m
              [36m&gt;[39m
                [36m&lt;svg[39m
                  [33mclass[39m=[32m&quot;text-primary&quot;[39m
                  [33mfill[39m=[32m&quot;currentColor&quot;[39m
                  [33mheight[39m=[32m&quot;20&quot;[39m
                  [33mviewBox[39m=[32m&quot;0 0 256 256&quot;[39m
                  [33mwidth[39m=[32m&quot;20&quot;[39m
                  [33mxmlns[39m=[32m&quot;http://www.w3.org/2000/svg&quot;[39m
                [36m&gt;[39m
                  [36m&lt;path[39m
                    [33md[39m=[32m&quot;M227.81,66.76l-.08.09L160,139.17v55.49A16,16,0,0,1,152.87,208l-32,21.34A16,16,0,0,1,96,216V139.17L28.27,66.85l-.08-.09A16,16,0,0,1,40,40H216a16,16,0,0,1,11.84,26.76Z&quot;[39m
                  [36m/&gt;[39m
                [36m&lt;/svg&gt;[39m
[...]
Error fetching foods: Error: Failed to fetch foods
    at [90m/Users/ardasaygan/Desktop/School_Materials/4th/CMPE 352/bounswe2025group9/frontend/[39msrc/test/pages/foods/Foods.test.tsx:121:57
    at [90mfile:///Users/ardasaygan/Desktop/School_Materials/4th/CMPE%20352/bounswe2025group9/frontend/[39mnode_modules/[4m@vitest/runner[24m/dist/chunk-hooks.js:155:11
    at [90mfile:///Users/ardasaygan/Desktop/School_Materials/4th/CMPE%20352/bounswe2025group9/frontend/[39mnode_modules/[4m@vitest/runner[24m/dist/chunk-hooks.js:752:26
    at [90mfile:///Users/ardasaygan/Desktop/School_Materials/4th/CMPE%20352/bounswe2025group9/frontend/[39mnode_modules/[4m@vitest/runner[24m/dist/chunk-hooks.js:1897:20
    at new Promise (&lt;anonymous&gt;)
    at runWithTimeout [90m(file:///Users/ardasaygan/Desktop/School_Materials/4th/CMPE%20352/bounswe2025group9/frontend/[39mnode_modules/[4m@vitest/runner[24m/dist/chunk-hooks.js:1863:10[90m)[39m
    at runTest [90m(file:///Users/ardasaygan/Desktop/School_Materials/4th/CMPE%20352/bounswe2025group9/frontend/[39mnode_modules/[4m@vitest/runner[24m/dist/chunk-hooks.js:1574:12[90m)[39m
    at runSuite [90m(file:///Users/ardasaygan/Desktop/School_Materials/4th/CMPE%20352/bounswe2025group9/frontend/[39mnode_modules/[4m@vitest/runner[24m/dist/chunk-hooks.js:1729:8[90m)[39m
    at runSuite [90m(file:///Users/ardasaygan/Desktop/School_Materials/4th/CMPE%20352/bounswe2025group9/frontend/[39mnode_modules/[4m@vitest/runner[24m/dist/chunk-hooks.js:1729:8[90m)[39m
    at runFiles [90m(file:///Users/ardasaygan/Desktop/School_Materials/4th/CMPE%20352/bounswe2025group9/frontend/[39mnode_modules/[4m@vitest/runner[24m/dist/chunk-hooks.js:1787:3[90m)[39m

            </system-err>
            <failure message="Found multiple elements with the text: Error fetching foods. Please try again later.

Here are the matching elements:

Ignored nodes: comments, script, style
[36m&lt;p[39m
  [33mclass[39m=[32m&quot;col-span-full text-center nh-text&quot;[39m
[36m&gt;[39m
  [0mError fetching foods. Please try again later.[0m
[36m&lt;/p&gt;[39m

Ignored nodes: comments, script, style
[36m&lt;p[39m
  [33mclass[39m=[32m&quot;col-span-full text-center nh-text&quot;[39m
[36m&gt;[39m
  [0mError fetching foods. Please try again later.[0m
[36m&lt;/p&gt;[39m

(If this is intentional, then use the `*AllBy*` variant of the query (like `queryAllByText`, `getAllByText`, or `findAllByText`)).

Ignored nodes: comments, script, style
[36m&lt;body&gt;[39m
  [36m&lt;div&gt;[39m
    [36m&lt;div[39m
      [33mclass[39m=[32m&quot;w-full py-12&quot;[39m
    [36m&gt;[39m
      [36m&lt;div[39m
        [33mclass[39m=[32m&quot;nh-container&quot;[39m
      [36m&gt;[39m
        [36m&lt;div[39m
          [33mclass[39m=[32m&quot;flex flex-col md:flex-row gap-6&quot;[39m
        [36m&gt;[39m
          [36m&lt;div[39m
            [33mclass[39m=[32m&quot;w-full md:w-1/5&quot;[39m
          [36m&gt;[39m
            [36m&lt;div[39m
              [33mclass[39m=[32m&quot;sticky top-20&quot;[39m
            [36m&gt;[39m
              [36m&lt;h3[39m
                [33mclass[39m=[32m&quot;nh-subtitle mb-4 flex items-center gap-2&quot;[39m
              [36m&gt;[39m
                [36m&lt;svg[39m
                  [33mclass[39m=[32m&quot;text-primary&quot;[39m
                  [33mfill[39m=[32m&quot;currentColor&quot;[39m
                  [33mheight[39m=[32m&quot;20&quot;[39m
                  [33mviewBox[39m=[32m&quot;0 0 256 256&quot;[39m
                  [33mwidth[39m=[32m&quot;20&quot;[39m
                  [33mxmlns[39m=[32m&quot;http://www.w3.org/2000/svg&quot;[39m
                [36m&gt;[39m
                  [36m&lt;path[39m
                    [33md[39m=[32m&quot;M227.81,66.76l-.08.09L160,139.17v55.49A16,16,0,0,1,152.87,208l-32,21.34A16,16,0,0,1,96,216V139.17L28.27,66.85l-.08-.09A16,16,0,0,1,40,40H216a16,16,0,0,1,11.84,26.76Z&quot;[39m
                  [36m/&gt;[39m
                [36m&lt;/svg&gt;[39m
                [0mFilters[0m
              [36m&lt;/h3&gt;[39m
              [36m&lt;div[39m
                [33mclass[39m=[32m&quot;w-full&quot;[39m
              [36m&gt;[39m
                [36m&lt;h3[39m
                  [33mclass[39m=[32m&quot;nh-subtitle mb-4&quot;[39m
                [36m&gt;[39m
                  [0mNutrient Filters[0m
                [36m&lt;/h3&gt;[39m
                [36m&lt;div[39m
                  [33mclass[39m=[32m&quot;space-y-3 mb-5&quot;[39m
                [36m&gt;[39m
                  [36m&lt;div[39m
                    [33mclass[39m=[32m&quot;relative&quot;[39m
                  [36m&gt;[39m
                    [36m&lt;input[39m
                      [33mclass[39m=[32m&quot;w-full px-4 py-2.5 border rounded-lg focus:ring-2 focus:ring-primary focus:border-primary nh-forum-search disabled:opacity-50 disabled:cursor-not-allowed transition-all&quot;[39m
                      [33mplaceholder[39m=[32m&quot;Nutrient name (e.g., iron, protein)&quot;[39m
                      [33mstyle[39m=[32m&quot;background-color: var(--color-bg-secondary); border-color: var(--dietary-option-border);&quot;[39m
                      [33mtype[39m=[32m&quot;text&quot;[39m
                      [33mvalue[39m=[32m&quot;&quot;[39m
                    [36m/&gt;[39m
                  [36m&lt;/div&gt;[39m
                  [36m&lt;div[39m
                    [33mclass[39m=[32m&quot;flex gap-2 w-full&quot;[39m
                  [36m&gt;[39m
                    [36m&lt;input[39m
                      [33mclass[39m=[32m&quot;w-1/2 px-4 py-2.5 border rounded-lg focus:ring-2 focus:ring-primary focus:border-primary nh-forum-search transition-all&quot;[39m
                      [33mplaceholder[39m=[32m&quot;Min&quot;[39m
                      [33mstyle[39m=[32m&quot;min-width: 0; background-color: var(--color-bg-secondary); border-color: var(--dietary-option-border);&quot;[39m
                      [33mtype[39m=[32m&quot;number&quot;[39m
                      [33mvalue[39m=[32m&quot;&quot;[39m
                    [36m/&gt;[39m
                    [36m&lt;input[39m
                      [33mclass[39m=[32m&quot;w-1/2 px-4 py-2.5 border rounded-lg focus:ring-2 focus:ring-primary focus:border-primary nh-forum-search transition-all&quot;[39m
                      [33mplaceholder[39m=[32m&quot;Max&quot;[39m
                      [33mstyle[39m=[32m&quot;min-width: 0; background-color: var(--color-bg-secondary); border-color: var(--dietary-option-border);&quot;[39m
                      [33mtype[39m=[32m&quot;number&quot;[39m
                      [33mvalue[39m=[32m&quot;&quot;[39m
                    [36m/&gt;[39m
                  [36m&lt;/div&gt;[39m
                  [36m&lt;button[39m
                    [33mclass[39m=[32m&quot;w-full nh-button nh-button-primary flex items-center justify-center gap-2 py-2.5 rounded-lg font-medium transition-all disabled:opacity-50 disabled:cursor-not-allowed hover:shadow-md&quot;[39m
                    [33mdisabled[39m=[32m&quot;&quot;[39m
                  [36m&gt;[39m
                    [36m&lt;svg[39m
                      [33mfill[39m=[32m&quot;currentColor&quot;[39m
                      [33mheight[39m=[32m&quot;18&quot;[39m
                      [33mviewBox[39m=[32m&quot;0 0 256 256&quot;[39m
                      [33mwidth[39m=[32m&quot;18&quot;[39m
                      [33mxmlns[39m=[32m&quot;http://www.w3.org/2000/svg&quot;[39m
                    [36m&gt;[39m
                      [36m&lt;path[39m
                        [33md[39m=[32m&quot;M228,128a12,12,0,0,1-12,12H140v76a12,12,0,0,1-24,0V140H40a12,12,0,0,1,0-24h76V40a12,12,0,0,1,24,0v76h76A12,12,0,0,1,228,128Z&quot;[39m
                      [36m/&gt;[39m
                    [36m&lt;/svg&gt;[39m
                    [0mAdd[0m
                  [36m&lt;/button&gt;[39m
                [36m&lt;/div&gt;[39m
              [36m&lt;/div&gt;[39m
            [36m&lt;/div&gt;[39m
          [36m&lt;/div&gt;[39m
          [36m&lt;div[39m
            [33mclass[39m=[32m&quot;w-full md:w-3/5&quot;[39m
          [36m&gt;[39m
            [36m&lt;div[39m
              [33mclass[39m=[32m&quot;mb-4&quot;[39m
            [36m&gt;[39m
              [36m&lt;form[39m
                [33mclass[39m=[32m&quot;flex gap-2&quot;[39m
              [36m&gt;[39m
                [36m&lt;div[39m
                  [33mclass[39m=[32m&quot;relative flex-grow&quot;[39m
                [36m&gt;[39m
                  [36m&lt;div[39m
                    [33mclass[39m=[32m&quot;absolute inset-y-0 left-0 flex items-center pl-3 pointer-events-none&quot;[39m
                  [36m&gt;[39m
                    [36m&lt;svg[39m
                      [33mfill[39m=[32m&quot;currentColor&quot;[39m
                      [33mheight[39m=[32m&quot;20&quot;[39m
                      [33mstyle[39m=[32m&quot;color: var(--forum-search-icon);&quot;[39m
                      [33mviewBox[39m=[32m&quot;0 0 256 256&quot;[39m
                      [33mwidth[39m=[32m&quot;20&quot;[39m
                      [33mxmlns[39m=[32m&quot;http://www.w3.org/2000/svg&quot;[39m
                    [36m&gt;[39m
                      [36m&lt;path[39m
                        [33md[39m=[32m&quot;M229.66,218.34l-50.07-50.06a88.11,88.11,0,1,0-11.31,11.31l50.06,50.07a8,8,0,0,0,11.32-11.32ZM40,112a72,72,0,1,1,72,72A72.08,72.08,0,0,1,40,112Z&quot;[39m
                      [36m/&gt;[39m
                    [36m&lt;/svg&gt;[39m
                  [36m&lt;/div&gt;[39m
                  [36m&lt;input[39m
                    [33maria-label[39m=[32m&quot;Search foods&quot;[39m
                    [33mclass[39m=[32m&quot;w-full p-2 pl-10 border rounded-lg focus:ring-primary focus:border-primary nh-forum-search&quot;[39m
                    [33mplaceholder[39m=[32m&quot;Search for a food...&quot;[39m
                    [33mtype[39m=[32m&quot;search&quot;[39m
                    [33mvalue[39m=[32m&quot;&quot;[39m
                  [36m/&gt;[39m
        ..." type="TestingLibraryElementError">
TestingLibraryElementError: Found multiple elements with the text: Error fetching foods. Please try again later.

Here are the matching elements:

Ignored nodes: comments, script, style
&lt;p
  class=&quot;col-span-full text-center nh-text&quot;
&gt;
  Error fetching foods. Please try again later.
&lt;/p&gt;

Ignored nodes: comments, script, style
&lt;p
  class=&quot;col-span-full text-center nh-text&quot;
&gt;
  Error fetching foods. Please try again later.
&lt;/p&gt;

(If this is intentional, then use the `*AllBy*` variant of the query (like `queryAllByText`, `getAllByText`, or `findAllByText`)).

Ignored nodes: comments, script, style
&lt;body&gt;
  &lt;div&gt;
    &lt;div
      class=&quot;w-full py-12&quot;
    &gt;
      &lt;div
        class=&quot;nh-container&quot;
      &gt;
        &lt;div
          class=&quot;flex flex-col md:flex-row gap-6&quot;
        &gt;
          &lt;div
            class=&quot;w-full md:w-1/5&quot;
          &gt;
            &lt;div
              class=&quot;sticky top-20&quot;
            &gt;
              &lt;h3
                class=&quot;nh-subtitle mb-4 flex items-center gap-2&quot;
              &gt;
                &lt;svg
                  class=&quot;text-primary&quot;
                  fill=&quot;currentColor&quot;
                  height=&quot;20&quot;
                  viewBox=&quot;0 0 256 256&quot;
                  width=&quot;20&quot;
                  xmlns=&quot;http://www.w3.org/2000/svg&quot;
                &gt;
                  &lt;path
                    d=&quot;M227.81,66.76l-.08.09L160,139.17v55.49A16,16,0,0,1,152.87,208l-32,21.34A16,16,0,0,1,96,216V139.17L28.27,66.85l-.08-.09A16,16,0,0,1,40,40H216a16,16,0,0,1,11.84,26.76Z&quot;
                  /&gt;
                &lt;/svg&gt;
                Filters
              &lt;/h3&gt;
              &lt;div
                class=&quot;w-full&quot;
              &gt;
                &lt;h3
                  class=&quot;nh-subtitle mb-4&quot;
                &gt;
                  Nutrient Filters
                &lt;/h3&gt;
                &lt;div
                  class=&quot;space-y-3 mb-5&quot;
                &gt;
                  &lt;div
                    class=&quot;relative&quot;
                  &gt;
                    &lt;input
                      class=&quot;w-full px-4 py-2.5 border rounded-lg focus:ring-2 focus:ring-primary focus:border-primary nh-forum-search disabled:opacity-50 disabled:cursor-not-allowed transition-all&quot;
                      placeholder=&quot;Nutrient name (e.g., iron, protein)&quot;
                      style=&quot;background-color: var(--color-bg-secondary); border-color: var(--dietary-option-border);&quot;
                      type=&quot;text&quot;
                      value=&quot;&quot;
                    /&gt;
                  &lt;/div&gt;
                  &lt;div
                    class=&quot;flex gap-2 w-full&quot;
                  &gt;
                    &lt;input
                      class=&quot;w-1/2 px-4 py-2.5 border rounded-lg focus:ring-2 focus:ring-primary focus:border-primary nh-forum-search transition-all&quot;
                      placeholder=&quot;Min&quot;
                      style=&quot;min-width: 0; background-color: var(--color-bg-secondary); border-color: var(--dietary-option-border);&quot;
                      type=&quot;number&quot;
                      value=&quot;&quot;
                    /&gt;
                    &lt;input
                      class=&quot;w-1/2 px-4 py-2.5 border rounded-lg focus:ring-2 focus:ring-primary focus:border-primary nh-forum-search transition-all&quot;
                      placeholder=&quot;Max&quot;
                      style=&quot;min-width: 0; background-color: var(--color-bg-secondary); border-color: var(--dietary-option-border);&quot;
                      type=&quot;number&quot;
                      value=&quot;&quot;
                    /&gt;
                  &lt;/div&gt;
                  &lt;button
                    class=&quot;w-full nh-button nh-button-primary flex items-center justify-center gap-2 py-2.5 rounded-lg font-medium transition-all disabled:opacity-50 disabled:cursor-not-allowed hover:shadow-md&quot;
                    disabled=&quot;&quot;
                  &gt;
                    &lt;svg
                      fill=&quot;currentColor&quot;
                      height=&quot;18&quot;
                      viewBox=&quot;0 0 256 256&quot;
                      width=&quot;18&quot;
                      xmlns=&quot;http://www.w3.org/2000/svg&quot;
                    &gt;
                      &lt;path
                        d=&quot;M228,128a12,12,0,0,1-12,12H140v76a12,12,0,0,1-24,0V140H40a12,12,0,0,1,0-24h76V40a12,12,0,0,1,24,0v76h76A12,12,0,0,1,228,128Z&quot;
                      /&gt;
                    &lt;/svg&gt;
                    Add
                  &lt;/button&gt;
                &lt;/div&gt;
              &lt;/div&gt;
            &lt;/div&gt;
          &lt;/div&gt;
          &lt;div
            class=&quot;w-full md:w-3/5&quot;
          &gt;
            &lt;div
              class=&quot;mb-4&quot;
            &gt;
              &lt;form
                class=&quot;flex gap-2&quot;
              &gt;
                &lt;div
                  class=&quot;relative flex-grow&quot;
                &gt;
                  &lt;div
                    class=&quot;absolute inset-y-0 left-0 flex items-center pl-3 pointer-events-none&quot;
                  &gt;
                    &lt;svg
                      fill=&quot;currentColor&quot;
                      height=&quot;20&quot;
                      style=&quot;color: var(--forum-search-icon);&quot;
                      viewBox=&quot;0 0 256 256&quot;
                      width=&quot;20&quot;
                      xmlns=&quot;http://www.w3.org/2000/svg&quot;
                    &gt;
                      &lt;path
                        d=&quot;M229.66,218.34l-50.07-50.06a88.11,88.11,0,1,0-11.31,11.31l50.06,50.07a8,8,0,0,0,11.32-11.32ZM40,112a72,72,0,1,1,72,72A72.08,72.08,0,0,1,40,112Z&quot;
                      /&gt;
                    &lt;/svg&gt;
                  &lt;/div&gt;
                  &lt;input
                    aria-label=&quot;Search foods&quot;
                    class=&quot;w-full p-2 pl-10 border rounded-lg focus:ring-primary focus:border-primary nh-forum-search&quot;
                    placeholder=&quot;Search for a food...&quot;
                    type=&quot;search&quot;
                    value=&quot;&quot;
                  /&gt;
        ...
 ❯ Object.getElementError node_modules/@testing-library/dom/dist/config.js:37:19
 ❯ getElementError node_modules/@testing-library/dom/dist/query-helpers.js:20:35
 ❯ getMultipleElementsFoundError node_modules/@testing-library/dom/dist/query-helpers.js:23:10
 ❯ node_modules/@testing-library/dom/dist/query-helpers.js:55:13
 ❯ node_modules/@testing-library/dom/dist/query-helpers.js:95:19
 ❯ src/test/pages/foods/Foods.test.tsx:130:23
            </failure>
        </testcase>
        <testcase classname="src/test/pages/foods/Foods.test.tsx" name="Foods Page &gt; calls getFoods on component mount" time="0.013496959">
            <system-out>
API request params: { page: [33m1[39m, search: [32m&apos;&apos;[39m }
API request params: { page: [33m1[39m, search: [32m&apos;&apos;[39m }
Fetched foods: { results: [], count: [33m0[39m, next: [1mnull[22m, previous: [1mnull[22m, status: [33m200[39m }
Fetched foods: { results: [], count: [33m0[39m, next: [1mnull[22m, previous: [1mnull[22m, status: [33m200[39m }

            </system-out>
            <system-err>
Error fetching micronutrients: TypeError: __vite_ssr_import_2__.apiClient.getAvailableMicronutrients is not a function
    at fetchMicronutrients [90m(/Users/ardasaygan/Desktop/School_Materials/4th/CMPE 352/bounswe2025group9/frontend/[39msrc/components/CombinedNutrientFilter.tsx:30:42[90m)[39m
    at [90m/Users/ardasaygan/Desktop/School_Materials/4th/CMPE 352/bounswe2025group9/frontend/[39msrc/components/CombinedNutrientFilter.tsx:39:5
    at Object.react_stack_bottom_frame [90m(/Users/ardasaygan/Desktop/School_Materials/4th/CMPE 352/bounswe2025group9/frontend/[39mnode_modules/[4mreact-dom[24m/cjs/react-dom-client.development.js:25989:20[90m)[39m
    at runWithFiberInDEV [90m(/Users/ardasaygan/Desktop/School_Materials/4th/CMPE 352/bounswe2025group9/frontend/[39mnode_modules/[4mreact-dom[24m/cjs/react-dom-client.development.js:874:13[90m)[39m
    at commitHookEffectListMount [90m(/Users/ardasaygan/Desktop/School_Materials/4th/CMPE 352/bounswe2025group9/frontend/[39mnode_modules/[4mreact-dom[24m/cjs/react-dom-client.development.js:13249:29[90m)[39m
    at commitHookPassiveMountEffects [90m(/Users/ardasaygan/Desktop/School_Materials/4th/CMPE 352/bounswe2025group9/frontend/[39mnode_modules/[4mreact-dom[24m/cjs/react-dom-client.development.js:13336:11[90m)[39m
    at commitPassiveMountOnFiber [90m(/Users/ardasaygan/Desktop/School_Materials/4th/CMPE 352/bounswe2025group9/frontend/[39mnode_modules/[4mreact-dom[24m/cjs/react-dom-client.development.js:15484:13[90m)[39m
    at recursivelyTraversePassiveMountEffects [90m(/Users/ardasaygan/Desktop/School_Materials/4th/CMPE 352/bounswe2025group9/frontend/[39mnode_modules/[4mreact-dom[24m/cjs/react-dom-client.development.js:15439:11[90m)[39m
    at commitPassiveMountOnFiber [90m(/Users/ardasaygan/Desktop/School_Materials/4th/CMPE 352/bounswe2025group9/frontend/[39mnode_modules/[4mreact-dom[24m/cjs/react-dom-client.development.js:15718:11[90m)[39m
    at recursivelyTraversePassiveMountEffects [90m(/Users/ardasaygan/Desktop/School_Materials/4th/CMPE 352/bounswe2025group9/frontend/[39mnode_modules/[4mreact-dom[24m/cjs/react-dom-client.development.js:15439:11[90m)[39m

            </system-err>
        </testcase>
    </testsuite>
</testsuites>
