<?xml version="1.0" encoding="UTF-8" ?>
<testsuites name="vitest tests" tests="62" failures="29" errors="0" time="2.610077626">
    <testsuite name="src/components/FoodSelector.test.tsx" timestamp="2025-12-21T12:23:47.818Z" hostname="Ardas-MacBook-Air-502.local" tests="3" failures="0" errors="0" skipped="0" time="0.001248917">
        <testcase classname="src/components/FoodSelector.test.tsx" name="rankFoodsByQuery &gt; prioritizes close fuzzy name matches" time="0.000630625">
        </testcase>
        <testcase classname="src/components/FoodSelector.test.tsx" name="rankFoodsByQuery &gt; surfaces matches from category and dietary options" time="0.000513583">
        </testcase>
        <testcase classname="src/components/FoodSelector.test.tsx" name="rankFoodsByQuery &gt; returns original list when query is empty" time="0.00006075">
        </testcase>
    </testsuite>
    <testsuite name="src/pages/Home.test.tsx" timestamp="2025-12-21T12:23:47.827Z" hostname="Ardas-MacBook-Air-502.local" tests="4" failures="4" errors="0" skipped="0" time="0.047519417">
        <testcase classname="src/pages/Home.test.tsx" name="Home Page &gt; renders the home page with all main elements" time="0.011714458">
            <failure message="Found multiple elements with the text: Welcome to NutriHub

Here are the matching elements:

Ignored nodes: comments, script, style
[36m&lt;h1[39m
  [33mclass[39m=[32m&quot;nh-title-lg&quot;[39m
[36m&gt;[39m
  [0mWelcome to NutriHub[0m
[36m&lt;/h1&gt;[39m

Ignored nodes: comments, script, style
[36m&lt;h1[39m
  [33mclass[39m=[32m&quot;nh-title-lg&quot;[39m
[36m&gt;[39m
  [0mWelcome to NutriHub[0m
[36m&lt;/h1&gt;[39m

Ignored nodes: comments, script, style
[36m&lt;h1[39m
  [33mclass[39m=[32m&quot;nh-title-lg&quot;[39m
[36m&gt;[39m
  [0mWelcome to NutriHub[0m
[36m&lt;/h1&gt;[39m

Ignored nodes: comments, script, style
[36m&lt;h1[39m
  [33mclass[39m=[32m&quot;nh-title-lg&quot;[39m
[36m&gt;[39m
  [0mWelcome to NutriHub[0m
[36m&lt;/h1&gt;[39m

Ignored nodes: comments, script, style
[36m&lt;h1[39m
  [33mclass[39m=[32m&quot;nh-title-lg&quot;[39m
[36m&gt;[39m
  [0mWelcome to NutriHub[0m
[36m&lt;/h1&gt;[39m

(If this is intentional, then use the `*AllBy*` variant of the query (like `queryAllByText`, `getAllByText`, or `findAllByText`)).

Ignored nodes: comments, script, style
[36m&lt;body&gt;[39m
  [36m&lt;div&gt;[39m
    [36m&lt;div[39m
      [33mclass[39m=[32m&quot;py-12&quot;[39m
    [36m&gt;[39m
      [36m&lt;div[39m
        [33mclass[39m=[32m&quot;nh-container&quot;[39m
      [36m&gt;[39m
        [36m&lt;div[39m
          [33mclass[39m=[32m&quot;max-w-md mx-auto nh-card&quot;[39m
        [36m&gt;[39m
          [36m&lt;div[39m
            [33mclass[39m=[32m&quot;text-center mb-4&quot;[39m
          [36m&gt;[39m
            [36m&lt;div[39m
              [33mclass[39m=[32m&quot;inline-flex items-center justify-center&quot;[39m
            [36m&gt;[39m
              [36m&lt;svg[39m
                [33maria-hidden[39m=[32m&quot;true&quot;[39m
                [33mclass[39m=[32m&quot;text-primary mr-2 mb-3&quot;[39m
                [33mfill[39m=[32m&quot;currentColor&quot;[39m
                [33mheight[39m=[32m&quot;28&quot;[39m
                [33mviewBox[39m=[32m&quot;0 0 256 256&quot;[39m
                [33mwidth[39m=[32m&quot;28&quot;[39m
                [33mxmlns[39m=[32m&quot;http://www.w3.org/2000/svg&quot;[39m
              [36m&gt;[39m
                [36m&lt;path[39m
                  [33md[39m=[32m&quot;M144.49,136.49l-40,40a12,12,0,0,1-17-17L107,140H24a12,12,0,0,1,0-24h83L87.51,96.49a12,12,0,0,1,17-17l40,40A12,12,0,0,1,144.49,136.49ZM200,28H136a12,12,0,0,0,0,24h52V204H136a12,12,0,0,0,0,24h64a12,12,0,0,0,12-12V40A12,12,0,0,0,200,28Z&quot;[39m
                [36m/&gt;[39m
              [36m&lt;/svg&gt;[39m
              [36m&lt;h2[39m
                [33mclass[39m=[32m&quot;nh-title&quot;[39m
              [36m&gt;[39m
                [0mLogin[0m
              [36m&lt;/h2&gt;[39m
            [36m&lt;/div&gt;[39m
          [36m&lt;/div&gt;[39m
          [36m&lt;form[39m
            [33mclass[39m=[32m&quot;space-y-4&quot;[39m
          [36m&gt;[39m
            [36m&lt;div&gt;[39m
              [36m&lt;label[39m
                [33mclass[39m=[32m&quot;block text-sm font-medium mb-1&quot;[39m
                [33mfor[39m=[32m&quot;username&quot;[39m
                [33mstyle[39m=[32m&quot;color: var(--color-light);&quot;[39m
              [36m&gt;[39m
                [0mUsername[0m
              [36m&lt;/label&gt;[39m
              [36m&lt;input[39m
                [33mclass[39m=[32m&quot;w-full px-3 py-2 border rounded-md focus:outline-none focus:ring-2 focus:ring-primary placeholder:text-gray-400 border-gray-500&quot;[39m
                [33mid[39m=[32m&quot;username&quot;[39m
                [33mname[39m=[32m&quot;username&quot;[39m
                [33mplaceholder[39m=[32m&quot;Enter your username&quot;[39m
                [33mtype[39m=[32m&quot;text&quot;[39m
                [33mvalue[39m=[32m&quot;testuser&quot;[39m
              [36m/&gt;[39m
            [36m&lt;/div&gt;[39m
            [36m&lt;div&gt;[39m
              [36m&lt;label[39m
                [33mclass[39m=[32m&quot;block text-sm font-medium mb-1&quot;[39m
                [33mfor[39m=[32m&quot;password&quot;[39m
                [33mstyle[39m=[32m&quot;color: var(--color-light);&quot;[39m
              [36m&gt;[39m
                [0mPassword[0m
              [36m&lt;/label&gt;[39m
              [36m&lt;div[39m
                [33mclass[39m=[32m&quot;relative&quot;[39m
              [36m&gt;[39m
                [36m&lt;input[39m
                  [33mclass[39m=[32m&quot;w-full px-3 py-2 border rounded-md focus:outline-none focus:ring-2 focus:ring-primary placeholder:text-gray-400 border-gray-500&quot;[39m
                  [33mid[39m=[32m&quot;password&quot;[39m
                  [33mname[39m=[32m&quot;password&quot;[39m
                  [33mplaceholder[39m=[32m&quot;Enter your password&quot;[39m
                  [33mtype[39m=[32m&quot;password&quot;[39m
                  [33mvalue[39m=[32m&quot;wrongpassword&quot;[39m
                [36m/&gt;[39m
                [36m&lt;button[39m
                  [33mclass[39m=[32m&quot;absolute right-3 top-1/2 transform -translate-y-1/2 text-gray-500 hover:text-gray-700&quot;[39m
                  [33mtype[39m=[32m&quot;button&quot;[39m
                [36m&gt;[39m
                  [36m&lt;svg[39m
                    [33mfill[39m=[32m&quot;currentColor&quot;[39m
                    [33mheight[39m=[32m&quot;20&quot;[39m
                    [33mviewBox[39m=[32m&quot;0 0 256 256&quot;[39m
                    [33mwidth[39m=[32m&quot;20&quot;[39m
                    [33mxmlns[39m=[32m&quot;http://www.w3.org/2000/svg&quot;[39m
                  [36m&gt;[39m
                    [36m&lt;path[39m
                      [33md[39m=[32m&quot;M247.31,124.76c-.35-.79-8.82-19.58-27.65-38.41C194.57,61.26,162.88,48,128,48S61.43,61.26,36.34,86.35C17.51,105.18,9,124,8.69,124.76a8,8,0,0,0,0,6.5c.35.79,8.82,19.57,27.65,38.4C61.43,194.74,93.12,208,128,208s66.57-13.26,91.66-38.34c18.83-18.83,27.3-37.61,27.65-38.4A8,8,0,0,0,247.31,124.76ZM128,192c-30.78,0-57.67-11.19-79.93-33.25A133.47,133.47,0,0,1,25,128,133.33,133.33,0,0,1,48.07,97.25C70.33,75.19,97.22,64,128,64s57.67,11.19,79.93,33.25A133.46,133.46,0,0,1,231.05,128C223.84,141.46,192.43,192,128,192Zm0-112a48,48,0,1,0,48,48A48.05,48.05,0,0,0,128,80Zm0,80a32,32,0,1,1,32-32A32,32,0,0,1,128,160Z&quot;[39m
                    [36m/&gt;[39m
                  [36m&lt;/svg&gt;[39m
                [36m&lt;/button&gt;[39m
              [36m&lt;/div&gt;[39m
            [36m&lt;/div&gt;[39m
            [36m&lt;button[39m
              [33mclass[39m=[32m&quot;nh-button nh-button-primary w-full&quot;[39m
              [33mtype[39m=[32m&quot;submit&quot;[39m
            [36m&gt;[39m
              [0mSign In[0m
            [36m&lt;/button&gt;[39m
          [36m&lt;/form&gt;[39m
          [36m&lt;div[39m
            [33mclass[39m=[32m&quot;mt-4 text-center&quot;[39m
          [36m&gt;[39m
            [36m&lt;p[39m
              [33mclass[39m=[32m&quot;text-sm text-gray-600 dark:text-gray-400&quot;[39m
            [36m&gt;[39m
              [0mDon&apos;t have an account?[0m
              [0m [0m
              [36m&lt;a[39m
                [33mclass[39m=[32m&quot;text-primary hover:text-primary-dark dark:text-primary-light dark:hover:text-primary&quot;[39m
                [33mdata-discover[39m=[32m&quot;true&quot;[39m
                [33mhref[39m=[32m&quot;/signup&quot;[39m
              [36m&gt;[39m
                [0mSign up[0m
              [36m&lt;/a&gt;[39m
            [36m&lt;/p&gt;[39m
          [36m&lt;/div&gt;[39m
        [36m&lt;/div&gt;[39m
      [36m&lt;/div&gt;[39m
    [36m&lt;/div&gt;[39m
  [36m&lt;/div&gt;[39m
  [36m&lt;div&gt;[39m
    [36m&lt;div[39m
      [33mclass[39m=[32m&quot;py-12&quot;[39m
    [36m&gt;[39m
      [36m&lt;div[39m
        [33mclass[39m=[32m&quot;nh-container&quot;[39m
      [36m&gt;[39m
        [36m&lt;div[39m
          [33mclass[39m=[32m&quot;max-w-md mx-auto nh-card&quot;[39m
        [36m&gt;[39m
          [36m&lt;div[39m
            [33mclass[39m=[32m&quot;text-center mb-4&quot;[39m
          [36m&gt;[39m
            [36m&lt;div[39m
              [33mclass[39m=[32m&quot;inline-flex items-center justify-center&quot;[39m
            [36m&gt;[39m
              [36m&lt;svg[39m
                [33maria-hidden[39m=[32m&quot;true&quot;[39m
                [33mclass[39m=[32m&quot;text-primary mr-2 mb-3&quot;[39m
                [33mfill[39m=[32m&quot;currentColor&quot;[39m
                [33mheight[39m=[32m&quot;28&quot;[39m
                [33mviewBox[39m=[32m&quot;0 0 256 256&quot;[39m
                [33mwidth[39m=[32m&quot;28&quot;[39m
                [33mxmlns[39m=[32m&quot;htt..." type="TestingLibraryElementError">
TestingLibraryElementError: Found multiple elements with the text: Welcome to NutriHub

Here are the matching elements:

Ignored nodes: comments, script, style
&lt;h1
  class=&quot;nh-title-lg&quot;
&gt;
  Welcome to NutriHub
&lt;/h1&gt;

Ignored nodes: comments, script, style
&lt;h1
  class=&quot;nh-title-lg&quot;
&gt;
  Welcome to NutriHub
&lt;/h1&gt;

Ignored nodes: comments, script, style
&lt;h1
  class=&quot;nh-title-lg&quot;
&gt;
  Welcome to NutriHub
&lt;/h1&gt;

Ignored nodes: comments, script, style
&lt;h1
  class=&quot;nh-title-lg&quot;
&gt;
  Welcome to NutriHub
&lt;/h1&gt;

Ignored nodes: comments, script, style
&lt;h1
  class=&quot;nh-title-lg&quot;
&gt;
  Welcome to NutriHub
&lt;/h1&gt;

(If this is intentional, then use the `*AllBy*` variant of the query (like `queryAllByText`, `getAllByText`, or `findAllByText`)).

Ignored nodes: comments, script, style
&lt;body&gt;
  &lt;div&gt;
    &lt;div
      class=&quot;py-12&quot;
    &gt;
      &lt;div
        class=&quot;nh-container&quot;
      &gt;
        &lt;div
          class=&quot;max-w-md mx-auto nh-card&quot;
        &gt;
          &lt;div
            class=&quot;text-center mb-4&quot;
          &gt;
            &lt;div
              class=&quot;inline-flex items-center justify-center&quot;
            &gt;
              &lt;svg
                aria-hidden=&quot;true&quot;
                class=&quot;text-primary mr-2 mb-3&quot;
                fill=&quot;currentColor&quot;
                height=&quot;28&quot;
                viewBox=&quot;0 0 256 256&quot;
                width=&quot;28&quot;
                xmlns=&quot;http://www.w3.org/2000/svg&quot;
              &gt;
                &lt;path
                  d=&quot;M144.49,136.49l-40,40a12,12,0,0,1-17-17L107,140H24a12,12,0,0,1,0-24h83L87.51,96.49a12,12,0,0,1,17-17l40,40A12,12,0,0,1,144.49,136.49ZM200,28H136a12,12,0,0,0,0,24h52V204H136a12,12,0,0,0,0,24h64a12,12,0,0,0,12-12V40A12,12,0,0,0,200,28Z&quot;
                /&gt;
              &lt;/svg&gt;
              &lt;h2
                class=&quot;nh-title&quot;
              &gt;
                Login
              &lt;/h2&gt;
            &lt;/div&gt;
          &lt;/div&gt;
          &lt;form
            class=&quot;space-y-4&quot;
          &gt;
            &lt;div&gt;
              &lt;label
                class=&quot;block text-sm font-medium mb-1&quot;
                for=&quot;username&quot;
                style=&quot;color: var(--color-light);&quot;
              &gt;
                Username
              &lt;/label&gt;
              &lt;input
                class=&quot;w-full px-3 py-2 border rounded-md focus:outline-none focus:ring-2 focus:ring-primary placeholder:text-gray-400 border-gray-500&quot;
                id=&quot;username&quot;
                name=&quot;username&quot;
                placeholder=&quot;Enter your username&quot;
                type=&quot;text&quot;
                value=&quot;testuser&quot;
              /&gt;
            &lt;/div&gt;
            &lt;div&gt;
              &lt;label
                class=&quot;block text-sm font-medium mb-1&quot;
                for=&quot;password&quot;
                style=&quot;color: var(--color-light);&quot;
              &gt;
                Password
              &lt;/label&gt;
              &lt;div
                class=&quot;relative&quot;
              &gt;
                &lt;input
                  class=&quot;w-full px-3 py-2 border rounded-md focus:outline-none focus:ring-2 focus:ring-primary placeholder:text-gray-400 border-gray-500&quot;
                  id=&quot;password&quot;
                  name=&quot;password&quot;
                  placeholder=&quot;Enter your password&quot;
                  type=&quot;password&quot;
                  value=&quot;wrongpassword&quot;
                /&gt;
                &lt;button
                  class=&quot;absolute right-3 top-1/2 transform -translate-y-1/2 text-gray-500 hover:text-gray-700&quot;
                  type=&quot;button&quot;
                &gt;
                  &lt;svg
                    fill=&quot;currentColor&quot;
                    height=&quot;20&quot;
                    viewBox=&quot;0 0 256 256&quot;
                    width=&quot;20&quot;
                    xmlns=&quot;http://www.w3.org/2000/svg&quot;
                  &gt;
                    &lt;path
                      d=&quot;M247.31,124.76c-.35-.79-8.82-19.58-27.65-38.41C194.57,61.26,162.88,48,128,48S61.43,61.26,36.34,86.35C17.51,105.18,9,124,8.69,124.76a8,8,0,0,0,0,6.5c.35.79,8.82,19.57,27.65,38.4C61.43,194.74,93.12,208,128,208s66.57-13.26,91.66-38.34c18.83-18.83,27.3-37.61,27.65-38.4A8,8,0,0,0,247.31,124.76ZM128,192c-30.78,0-57.67-11.19-79.93-33.25A133.47,133.47,0,0,1,25,128,133.33,133.33,0,0,1,48.07,97.25C70.33,75.19,97.22,64,128,64s57.67,11.19,79.93,33.25A133.46,133.46,0,0,1,231.05,128C223.84,141.46,192.43,192,128,192Zm0-112a48,48,0,1,0,48,48A48.05,48.05,0,0,0,128,80Zm0,80a32,32,0,1,1,32-32A32,32,0,0,1,128,160Z&quot;
                    /&gt;
                  &lt;/svg&gt;
                &lt;/button&gt;
              &lt;/div&gt;
            &lt;/div&gt;
            &lt;button
              class=&quot;nh-button nh-button-primary w-full&quot;
              type=&quot;submit&quot;
            &gt;
              Sign In
            &lt;/button&gt;
          &lt;/form&gt;
          &lt;div
            class=&quot;mt-4 text-center&quot;
          &gt;
            &lt;p
              class=&quot;text-sm text-gray-600 dark:text-gray-400&quot;
            &gt;
              Don&apos;t have an account?
               
              &lt;a
                class=&quot;text-primary hover:text-primary-dark dark:text-primary-light dark:hover:text-primary&quot;
                data-discover=&quot;true&quot;
                href=&quot;/signup&quot;
              &gt;
                Sign up
              &lt;/a&gt;
            &lt;/p&gt;
          &lt;/div&gt;
        &lt;/div&gt;
      &lt;/div&gt;
    &lt;/div&gt;
  &lt;/div&gt;
  &lt;div&gt;
    &lt;div
      class=&quot;py-12&quot;
    &gt;
      &lt;div
        class=&quot;nh-container&quot;
      &gt;
        &lt;div
          class=&quot;max-w-md mx-auto nh-card&quot;
        &gt;
          &lt;div
            class=&quot;text-center mb-4&quot;
          &gt;
            &lt;div
              class=&quot;inline-flex items-center justify-center&quot;
            &gt;
              &lt;svg
                aria-hidden=&quot;true&quot;
                class=&quot;text-primary mr-2 mb-3&quot;
                fill=&quot;currentColor&quot;
                height=&quot;28&quot;
                viewBox=&quot;0 0 256 256&quot;
                width=&quot;28&quot;
                xmlns=&quot;htt...
 ❯ Object.getElementError node_modules/@testing-library/dom/dist/config.js:37:19
 ❯ getElementError node_modules/@testing-library/dom/dist/query-helpers.js:20:35
 ❯ getMultipleElementsFoundError node_modules/@testing-library/dom/dist/query-helpers.js:23:10
 ❯ node_modules/@testing-library/dom/dist/query-helpers.js:55:13
 ❯ node_modules/@testing-library/dom/dist/query-helpers.js:95:19
 ❯ src/pages/Home.test.tsx:17:23
            </failure>
        </testcase>
        <testcase classname="src/pages/Home.test.tsx" name="Home Page &gt; has correct links to other pages" time="0.010569625">
            <failure message="Found multiple elements with the text: Explore Foods

Here are the matching elements:

Ignored nodes: comments, script, style
[36m&lt;a[39m
  [33mclass[39m=[32m&quot;nh-button nh-button-lg nh-button-primary flex items-center justify-center&quot;[39m
  [33mdata-discover[39m=[32m&quot;true&quot;[39m
  [33mhref[39m=[32m&quot;/foods&quot;[39m
[36m&gt;[39m
  [0mExplore Foods[0m
[36m&lt;/a&gt;[39m

Ignored nodes: comments, script, style
[36m&lt;a[39m
  [33mclass[39m=[32m&quot;nh-button nh-button-lg nh-button-primary flex items-center justify-center&quot;[39m
  [33mdata-discover[39m=[32m&quot;true&quot;[39m
  [33mhref[39m=[32m&quot;/foods&quot;[39m
[36m&gt;[39m
  [0mExplore Foods[0m
[36m&lt;/a&gt;[39m

Ignored nodes: comments, script, style
[36m&lt;a[39m
  [33mclass[39m=[32m&quot;nh-button nh-button-lg nh-button-primary flex items-center justify-center&quot;[39m
  [33mdata-discover[39m=[32m&quot;true&quot;[39m
  [33mhref[39m=[32m&quot;/foods&quot;[39m
[36m&gt;[39m
  [0mExplore Foods[0m
[36m&lt;/a&gt;[39m

Ignored nodes: comments, script, style
[36m&lt;a[39m
  [33mclass[39m=[32m&quot;nh-button nh-button-lg nh-button-primary flex items-center justify-center&quot;[39m
  [33mdata-discover[39m=[32m&quot;true&quot;[39m
  [33mhref[39m=[32m&quot;/foods&quot;[39m
[36m&gt;[39m
  [0mExplore Foods[0m
[36m&lt;/a&gt;[39m

Ignored nodes: comments, script, style
[36m&lt;a[39m
  [33mclass[39m=[32m&quot;nh-button nh-button-lg nh-button-primary flex items-center justify-center&quot;[39m
  [33mdata-discover[39m=[32m&quot;true&quot;[39m
  [33mhref[39m=[32m&quot;/foods&quot;[39m
[36m&gt;[39m
  [0mExplore Foods[0m
[36m&lt;/a&gt;[39m

Ignored nodes: comments, script, style
[36m&lt;a[39m
  [33mclass[39m=[32m&quot;nh-button nh-button-lg nh-button-primary flex items-center justify-center&quot;[39m
  [33mdata-discover[39m=[32m&quot;true&quot;[39m
  [33mhref[39m=[32m&quot;/foods&quot;[39m
[36m&gt;[39m
  [0mExplore Foods[0m
[36m&lt;/a&gt;[39m

(If this is intentional, then use the `*AllBy*` variant of the query (like `queryAllByText`, `getAllByText`, or `findAllByText`)).

Ignored nodes: comments, script, style
[36m&lt;body&gt;[39m
  [36m&lt;div&gt;[39m
    [36m&lt;div[39m
      [33mclass[39m=[32m&quot;py-12&quot;[39m
    [36m&gt;[39m
      [36m&lt;div[39m
        [33mclass[39m=[32m&quot;nh-container&quot;[39m
      [36m&gt;[39m
        [36m&lt;div[39m
          [33mclass[39m=[32m&quot;max-w-md mx-auto nh-card&quot;[39m
        [36m&gt;[39m
          [36m&lt;div[39m
            [33mclass[39m=[32m&quot;text-center mb-4&quot;[39m
          [36m&gt;[39m
            [36m&lt;div[39m
              [33mclass[39m=[32m&quot;inline-flex items-center justify-center&quot;[39m
            [36m&gt;[39m
              [36m&lt;svg[39m
                [33maria-hidden[39m=[32m&quot;true&quot;[39m
                [33mclass[39m=[32m&quot;text-primary mr-2 mb-3&quot;[39m
                [33mfill[39m=[32m&quot;currentColor&quot;[39m
                [33mheight[39m=[32m&quot;28&quot;[39m
                [33mviewBox[39m=[32m&quot;0 0 256 256&quot;[39m
                [33mwidth[39m=[32m&quot;28&quot;[39m
                [33mxmlns[39m=[32m&quot;http://www.w3.org/2000/svg&quot;[39m
              [36m&gt;[39m
                [36m&lt;path[39m
                  [33md[39m=[32m&quot;M144.49,136.49l-40,40a12,12,0,0,1-17-17L107,140H24a12,12,0,0,1,0-24h83L87.51,96.49a12,12,0,0,1,17-17l40,40A12,12,0,0,1,144.49,136.49ZM200,28H136a12,12,0,0,0,0,24h52V204H136a12,12,0,0,0,0,24h64a12,12,0,0,0,12-12V40A12,12,0,0,0,200,28Z&quot;[39m
                [36m/&gt;[39m
              [36m&lt;/svg&gt;[39m
              [36m&lt;h2[39m
                [33mclass[39m=[32m&quot;nh-title&quot;[39m
              [36m&gt;[39m
                [0mLogin[0m
              [36m&lt;/h2&gt;[39m
            [36m&lt;/div&gt;[39m
          [36m&lt;/div&gt;[39m
          [36m&lt;form[39m
            [33mclass[39m=[32m&quot;space-y-4&quot;[39m
          [36m&gt;[39m
            [36m&lt;div&gt;[39m
              [36m&lt;label[39m
                [33mclass[39m=[32m&quot;block text-sm font-medium mb-1&quot;[39m
                [33mfor[39m=[32m&quot;username&quot;[39m
                [33mstyle[39m=[32m&quot;color: var(--color-light);&quot;[39m
              [36m&gt;[39m
                [0mUsername[0m
              [36m&lt;/label&gt;[39m
              [36m&lt;input[39m
                [33mclass[39m=[32m&quot;w-full px-3 py-2 border rounded-md focus:outline-none focus:ring-2 focus:ring-primary placeholder:text-gray-400 border-gray-500&quot;[39m
                [33mid[39m=[32m&quot;username&quot;[39m
                [33mname[39m=[32m&quot;username&quot;[39m
                [33mplaceholder[39m=[32m&quot;Enter your username&quot;[39m
                [33mtype[39m=[32m&quot;text&quot;[39m
                [33mvalue[39m=[32m&quot;testuser&quot;[39m
              [36m/&gt;[39m
            [36m&lt;/div&gt;[39m
            [36m&lt;div&gt;[39m
              [36m&lt;label[39m
                [33mclass[39m=[32m&quot;block text-sm font-medium mb-1&quot;[39m
                [33mfor[39m=[32m&quot;password&quot;[39m
                [33mstyle[39m=[32m&quot;color: var(--color-light);&quot;[39m
              [36m&gt;[39m
                [0mPassword[0m
              [36m&lt;/label&gt;[39m
              [36m&lt;div[39m
                [33mclass[39m=[32m&quot;relative&quot;[39m
              [36m&gt;[39m
                [36m&lt;input[39m
                  [33mclass[39m=[32m&quot;w-full px-3 py-2 border rounded-md focus:outline-none focus:ring-2 focus:ring-primary placeholder:text-gray-400 border-gray-500&quot;[39m
                  [33mid[39m=[32m&quot;password&quot;[39m
                  [33mname[39m=[32m&quot;password&quot;[39m
                  [33mplaceholder[39m=[32m&quot;Enter your password&quot;[39m
                  [33mtype[39m=[32m&quot;password&quot;[39m
                  [33mvalue[39m=[32m&quot;wrongpassword&quot;[39m
                [36m/&gt;[39m
                [36m&lt;button[39m
                  [33mclass[39m=[32m&quot;absolute right-3 top-1/2 transform -translate-y-1/2 text-gray-500 hover:text-gray-700&quot;[39m
                  [33mtype[39m=[32m&quot;button&quot;[39m
                [36m&gt;[39m
                  [36m&lt;svg[39m
                    [33mfill[39m=[32m&quot;currentColor&quot;[39m
                    [33mheight[39m=[32m&quot;20&quot;[39m
                    [33mviewBox[39m=[32m&quot;0 0 256 256&quot;[39m
                    [33mwidth[39m=[32m&quot;20&quot;[39m
                    [33mxmlns[39m=[32m&quot;http://www.w3.org/2000/svg&quot;[39m
                  [36m&gt;[39m
                    [36m&lt;path[39m
                      [33md[39m=[32m&quot;M247.31,124.76c-.35-.79-8.82-19.58-27.65-38.41C194.57,61.26,162.88,48,128,48S61.43,61.26,36.34,86.35C17.51,105.18,9,124,8.69,124.76a8,8,0,0,0,0,6.5c.35.79,8.82,19.57,27.65,38.4C61.43,194.74,93.12,208,128,208s66.57-13.26,91.66-38.34c18.83-18.83,27.3-37.61,27.65-38.4A8,8,0,0,0,247.31,124.76ZM128,192c-30.78,0-57.67-11.19-79.93-33.25A133.47,133.47,0,0,1,25,128,133.33,133.33,0,0,1,48.07,97.25C70.33,75.19,97.22,64,128,64s57.67,11.19,79.93,33.25A133.46,133.46,0,0,1,231.05,128C223.84,141.46,192.43,192,128,192Zm0-112a48,48,0,1,0,48,48A48.05,48.05,0,0,0,128,80Zm0,80a32,32,0,1,1,32-32A32,32,0,0,1,128,160Z&quot;[39m
                    [36m/&gt;[39m
                  [36m&lt;/svg&gt;[39m
                [36m&lt;/button&gt;[39m
              [36m&lt;/div&gt;[39m
            [36m&lt;/div&gt;[39m
            [36m&lt;button[39m
              [33mclass[39m=[32m&quot;nh-button nh-button-primary w-full&quot;[39m
              [33mtype[39m=[32m&quot;submit&quot;[39m
            [36m&gt;[39m
              [0mSign In[0m
            [36m&lt;/button&gt;[39m
          [36m&lt;/form&gt;[39m
          [36m&lt;div[39m
            [33mclass[39m=[32m&quot;mt-4 text-center&quot;[39m
          [36m&gt;[39m
            [36m&lt;p[39m
              [33mclass[39m=[32m&quot;text-sm text-gray-600 dark:text-gray-400&quot;[39m
            [36m&gt;[39m
              [0mDon&apos;t have an account?[0m
              [0m [0m
              [36m&lt;a[39m
                [33mclass[39m=[32m&quot;text-primary hover:text-primary-dark dark:text-primary-light dark:hover:text-primary&quot;[39m
                [33mdata-discover[39m=[32m&quot;true&quot;[39m
                [33mhref[39m=[32m&quot;/signup&quot;[39m
              [36m&gt;[39m
                [0mSign up[0m
              [36m&lt;/a&gt;[39m
            [36m&lt;/p&gt;[39m
          [36m&lt;/div&gt;[39m
        [36m&lt;/div&gt;[39m
      [36m&lt;/div&gt;[39m
    [36m&lt;/div&gt;[39m
  [36m&lt;/div&gt;[39m
  [36m&lt;div&gt;[39m
    [36m&lt;div[39m
      [33mclass[39m=[32m&quot;py-12&quot;[39m
    [36m&gt;[39m
      [36m&lt;div[39m
        [33mclass[39m=[32m&quot;nh-container&quot;[39m
      [36m&gt;[39m
        [36m&lt;div[39m
          [33mclass[39m=[32m&quot;max-w-md mx-auto nh-card&quot;[39m
        [36m&gt;[39m
          [36m&lt;div[39m
            [33mclass[39m=[32m&quot;text-center mb-4&quot;[39m
          [36m&gt;[39m
            [36m&lt;div[39m
              [33mclass[39m=[32m&quot;inline-flex items-center justify-center&quot;[39m
            [36m&gt;[39m
              [36m&lt;svg[39m
                [33maria-hidden[39m=[32m&quot;true&quot;[39m
                [33mclass[39m=[32m&quot;text-primary mr-2 mb-3&quot;[39m
                [33mfill[39m=[32m&quot;currentColor&quot;[39m
                [33mheight[39m=[32m&quot;28&quot;[39m
                [33mviewBox[39m=[32m&quot;0 0 256 256&quot;[39m
                [33mwidth[39m=[32m&quot;28&quot;[39m
                [33mxmlns[39m=[32m&quot;htt..." type="TestingLibraryElementError">
TestingLibraryElementError: Found multiple elements with the text: Explore Foods

Here are the matching elements:

Ignored nodes: comments, script, style
&lt;a
  class=&quot;nh-button nh-button-lg nh-button-primary flex items-center justify-center&quot;
  data-discover=&quot;true&quot;
  href=&quot;/foods&quot;
&gt;
  Explore Foods
&lt;/a&gt;

Ignored nodes: comments, script, style
&lt;a
  class=&quot;nh-button nh-button-lg nh-button-primary flex items-center justify-center&quot;
  data-discover=&quot;true&quot;
  href=&quot;/foods&quot;
&gt;
  Explore Foods
&lt;/a&gt;

Ignored nodes: comments, script, style
&lt;a
  class=&quot;nh-button nh-button-lg nh-button-primary flex items-center justify-center&quot;
  data-discover=&quot;true&quot;
  href=&quot;/foods&quot;
&gt;
  Explore Foods
&lt;/a&gt;

Ignored nodes: comments, script, style
&lt;a
  class=&quot;nh-button nh-button-lg nh-button-primary flex items-center justify-center&quot;
  data-discover=&quot;true&quot;
  href=&quot;/foods&quot;
&gt;
  Explore Foods
&lt;/a&gt;

Ignored nodes: comments, script, style
&lt;a
  class=&quot;nh-button nh-button-lg nh-button-primary flex items-center justify-center&quot;
  data-discover=&quot;true&quot;
  href=&quot;/foods&quot;
&gt;
  Explore Foods
&lt;/a&gt;

Ignored nodes: comments, script, style
&lt;a
  class=&quot;nh-button nh-button-lg nh-button-primary flex items-center justify-center&quot;
  data-discover=&quot;true&quot;
  href=&quot;/foods&quot;
&gt;
  Explore Foods
&lt;/a&gt;

(If this is intentional, then use the `*AllBy*` variant of the query (like `queryAllByText`, `getAllByText`, or `findAllByText`)).

Ignored nodes: comments, script, style
&lt;body&gt;
  &lt;div&gt;
    &lt;div
      class=&quot;py-12&quot;
    &gt;
      &lt;div
        class=&quot;nh-container&quot;
      &gt;
        &lt;div
          class=&quot;max-w-md mx-auto nh-card&quot;
        &gt;
          &lt;div
            class=&quot;text-center mb-4&quot;
          &gt;
            &lt;div
              class=&quot;inline-flex items-center justify-center&quot;
            &gt;
              &lt;svg
                aria-hidden=&quot;true&quot;
                class=&quot;text-primary mr-2 mb-3&quot;
                fill=&quot;currentColor&quot;
                height=&quot;28&quot;
                viewBox=&quot;0 0 256 256&quot;
                width=&quot;28&quot;
                xmlns=&quot;http://www.w3.org/2000/svg&quot;
              &gt;
                &lt;path
                  d=&quot;M144.49,136.49l-40,40a12,12,0,0,1-17-17L107,140H24a12,12,0,0,1,0-24h83L87.51,96.49a12,12,0,0,1,17-17l40,40A12,12,0,0,1,144.49,136.49ZM200,28H136a12,12,0,0,0,0,24h52V204H136a12,12,0,0,0,0,24h64a12,12,0,0,0,12-12V40A12,12,0,0,0,200,28Z&quot;
                /&gt;
              &lt;/svg&gt;
              &lt;h2
                class=&quot;nh-title&quot;
              &gt;
                Login
              &lt;/h2&gt;
            &lt;/div&gt;
          &lt;/div&gt;
          &lt;form
            class=&quot;space-y-4&quot;
          &gt;
            &lt;div&gt;
              &lt;label
                class=&quot;block text-sm font-medium mb-1&quot;
                for=&quot;username&quot;
                style=&quot;color: var(--color-light);&quot;
              &gt;
                Username
              &lt;/label&gt;
              &lt;input
                class=&quot;w-full px-3 py-2 border rounded-md focus:outline-none focus:ring-2 focus:ring-primary placeholder:text-gray-400 border-gray-500&quot;
                id=&quot;username&quot;
                name=&quot;username&quot;
                placeholder=&quot;Enter your username&quot;
                type=&quot;text&quot;
                value=&quot;testuser&quot;
              /&gt;
            &lt;/div&gt;
            &lt;div&gt;
              &lt;label
                class=&quot;block text-sm font-medium mb-1&quot;
                for=&quot;password&quot;
                style=&quot;color: var(--color-light);&quot;
              &gt;
                Password
              &lt;/label&gt;
              &lt;div
                class=&quot;relative&quot;
              &gt;
                &lt;input
                  class=&quot;w-full px-3 py-2 border rounded-md focus:outline-none focus:ring-2 focus:ring-primary placeholder:text-gray-400 border-gray-500&quot;
                  id=&quot;password&quot;
                  name=&quot;password&quot;
                  placeholder=&quot;Enter your password&quot;
                  type=&quot;password&quot;
                  value=&quot;wrongpassword&quot;
                /&gt;
                &lt;button
                  class=&quot;absolute right-3 top-1/2 transform -translate-y-1/2 text-gray-500 hover:text-gray-700&quot;
                  type=&quot;button&quot;
                &gt;
                  &lt;svg
                    fill=&quot;currentColor&quot;
                    height=&quot;20&quot;
                    viewBox=&quot;0 0 256 256&quot;
                    width=&quot;20&quot;
                    xmlns=&quot;http://www.w3.org/2000/svg&quot;
                  &gt;
                    &lt;path
                      d=&quot;M247.31,124.76c-.35-.79-8.82-19.58-27.65-38.41C194.57,61.26,162.88,48,128,48S61.43,61.26,36.34,86.35C17.51,105.18,9,124,8.69,124.76a8,8,0,0,0,0,6.5c.35.79,8.82,19.57,27.65,38.4C61.43,194.74,93.12,208,128,208s66.57-13.26,91.66-38.34c18.83-18.83,27.3-37.61,27.65-38.4A8,8,0,0,0,247.31,124.76ZM128,192c-30.78,0-57.67-11.19-79.93-33.25A133.47,133.47,0,0,1,25,128,133.33,133.33,0,0,1,48.07,97.25C70.33,75.19,97.22,64,128,64s57.67,11.19,79.93,33.25A133.46,133.46,0,0,1,231.05,128C223.84,141.46,192.43,192,128,192Zm0-112a48,48,0,1,0,48,48A48.05,48.05,0,0,0,128,80Zm0,80a32,32,0,1,1,32-32A32,32,0,0,1,128,160Z&quot;
                    /&gt;
                  &lt;/svg&gt;
                &lt;/button&gt;
              &lt;/div&gt;
            &lt;/div&gt;
            &lt;button
              class=&quot;nh-button nh-button-primary w-full&quot;
              type=&quot;submit&quot;
            &gt;
              Sign In
            &lt;/button&gt;
          &lt;/form&gt;
          &lt;div
            class=&quot;mt-4 text-center&quot;
          &gt;
            &lt;p
              class=&quot;text-sm text-gray-600 dark:text-gray-400&quot;
            &gt;
              Don&apos;t have an account?
               
              &lt;a
                class=&quot;text-primary hover:text-primary-dark dark:text-primary-light dark:hover:text-primary&quot;
                data-discover=&quot;true&quot;
                href=&quot;/signup&quot;
              &gt;
                Sign up
              &lt;/a&gt;
            &lt;/p&gt;
          &lt;/div&gt;
        &lt;/div&gt;
      &lt;/div&gt;
    &lt;/div&gt;
  &lt;/div&gt;
  &lt;div&gt;
    &lt;div
      class=&quot;py-12&quot;
    &gt;
      &lt;div
        class=&quot;nh-container&quot;
      &gt;
        &lt;div
          class=&quot;max-w-md mx-auto nh-card&quot;
        &gt;
          &lt;div
            class=&quot;text-center mb-4&quot;
          &gt;
            &lt;div
              class=&quot;inline-flex items-center justify-center&quot;
            &gt;
              &lt;svg
                aria-hidden=&quot;true&quot;
                class=&quot;text-primary mr-2 mb-3&quot;
                fill=&quot;currentColor&quot;
                height=&quot;28&quot;
                viewBox=&quot;0 0 256 256&quot;
                width=&quot;28&quot;
                xmlns=&quot;htt...
 ❯ Object.getElementError node_modules/@testing-library/dom/dist/config.js:37:19
 ❯ getElementError node_modules/@testing-library/dom/dist/query-helpers.js:20:35
 ❯ getMultipleElementsFoundError node_modules/@testing-library/dom/dist/query-helpers.js:23:10
 ❯ node_modules/@testing-library/dom/dist/query-helpers.js:55:13
 ❯ node_modules/@testing-library/dom/dist/query-helpers.js:95:19
 ❯ src/pages/Home.test.tsx:41:33
            </failure>
        </testcase>
        <testcase classname="src/pages/Home.test.tsx" name="Home Page &gt; renders buttons with correct styles" time="0.010971417">
            <failure message="Found multiple elements with the text: Explore Foods

Here are the matching elements:

Ignored nodes: comments, script, style
[36m&lt;a[39m
  [33mclass[39m=[32m&quot;nh-button nh-button-lg nh-button-primary flex items-center justify-center&quot;[39m
  [33mdata-discover[39m=[32m&quot;true&quot;[39m
  [33mhref[39m=[32m&quot;/foods&quot;[39m
[36m&gt;[39m
  [0mExplore Foods[0m
[36m&lt;/a&gt;[39m

Ignored nodes: comments, script, style
[36m&lt;a[39m
  [33mclass[39m=[32m&quot;nh-button nh-button-lg nh-button-primary flex items-center justify-center&quot;[39m
  [33mdata-discover[39m=[32m&quot;true&quot;[39m
  [33mhref[39m=[32m&quot;/foods&quot;[39m
[36m&gt;[39m
  [0mExplore Foods[0m
[36m&lt;/a&gt;[39m

Ignored nodes: comments, script, style
[36m&lt;a[39m
  [33mclass[39m=[32m&quot;nh-button nh-button-lg nh-button-primary flex items-center justify-center&quot;[39m
  [33mdata-discover[39m=[32m&quot;true&quot;[39m
  [33mhref[39m=[32m&quot;/foods&quot;[39m
[36m&gt;[39m
  [0mExplore Foods[0m
[36m&lt;/a&gt;[39m

Ignored nodes: comments, script, style
[36m&lt;a[39m
  [33mclass[39m=[32m&quot;nh-button nh-button-lg nh-button-primary flex items-center justify-center&quot;[39m
  [33mdata-discover[39m=[32m&quot;true&quot;[39m
  [33mhref[39m=[32m&quot;/foods&quot;[39m
[36m&gt;[39m
  [0mExplore Foods[0m
[36m&lt;/a&gt;[39m

Ignored nodes: comments, script, style
[36m&lt;a[39m
  [33mclass[39m=[32m&quot;nh-button nh-button-lg nh-button-primary flex items-center justify-center&quot;[39m
  [33mdata-discover[39m=[32m&quot;true&quot;[39m
  [33mhref[39m=[32m&quot;/foods&quot;[39m
[36m&gt;[39m
  [0mExplore Foods[0m
[36m&lt;/a&gt;[39m

Ignored nodes: comments, script, style
[36m&lt;a[39m
  [33mclass[39m=[32m&quot;nh-button nh-button-lg nh-button-primary flex items-center justify-center&quot;[39m
  [33mdata-discover[39m=[32m&quot;true&quot;[39m
  [33mhref[39m=[32m&quot;/foods&quot;[39m
[36m&gt;[39m
  [0mExplore Foods[0m
[36m&lt;/a&gt;[39m

Ignored nodes: comments, script, style
[36m&lt;a[39m
  [33mclass[39m=[32m&quot;nh-button nh-button-lg nh-button-primary flex items-center justify-center&quot;[39m
  [33mdata-discover[39m=[32m&quot;true&quot;[39m
  [33mhref[39m=[32m&quot;/foods&quot;[39m
[36m&gt;[39m
  [0mExplore Foods[0m
[36m&lt;/a&gt;[39m

(If this is intentional, then use the `*AllBy*` variant of the query (like `queryAllByText`, `getAllByText`, or `findAllByText`)).

Ignored nodes: comments, script, style
[36m&lt;body&gt;[39m
  [36m&lt;div&gt;[39m
    [36m&lt;div[39m
      [33mclass[39m=[32m&quot;py-12&quot;[39m
    [36m&gt;[39m
      [36m&lt;div[39m
        [33mclass[39m=[32m&quot;nh-container&quot;[39m
      [36m&gt;[39m
        [36m&lt;div[39m
          [33mclass[39m=[32m&quot;max-w-md mx-auto nh-card&quot;[39m
        [36m&gt;[39m
          [36m&lt;div[39m
            [33mclass[39m=[32m&quot;text-center mb-4&quot;[39m
          [36m&gt;[39m
            [36m&lt;div[39m
              [33mclass[39m=[32m&quot;inline-flex items-center justify-center&quot;[39m
            [36m&gt;[39m
              [36m&lt;svg[39m
                [33maria-hidden[39m=[32m&quot;true&quot;[39m
                [33mclass[39m=[32m&quot;text-primary mr-2 mb-3&quot;[39m
                [33mfill[39m=[32m&quot;currentColor&quot;[39m
                [33mheight[39m=[32m&quot;28&quot;[39m
                [33mviewBox[39m=[32m&quot;0 0 256 256&quot;[39m
                [33mwidth[39m=[32m&quot;28&quot;[39m
                [33mxmlns[39m=[32m&quot;http://www.w3.org/2000/svg&quot;[39m
              [36m&gt;[39m
                [36m&lt;path[39m
                  [33md[39m=[32m&quot;M144.49,136.49l-40,40a12,12,0,0,1-17-17L107,140H24a12,12,0,0,1,0-24h83L87.51,96.49a12,12,0,0,1,17-17l40,40A12,12,0,0,1,144.49,136.49ZM200,28H136a12,12,0,0,0,0,24h52V204H136a12,12,0,0,0,0,24h64a12,12,0,0,0,12-12V40A12,12,0,0,0,200,28Z&quot;[39m
                [36m/&gt;[39m
              [36m&lt;/svg&gt;[39m
              [36m&lt;h2[39m
                [33mclass[39m=[32m&quot;nh-title&quot;[39m
              [36m&gt;[39m
                [0mLogin[0m
              [36m&lt;/h2&gt;[39m
            [36m&lt;/div&gt;[39m
          [36m&lt;/div&gt;[39m
          [36m&lt;form[39m
            [33mclass[39m=[32m&quot;space-y-4&quot;[39m
          [36m&gt;[39m
            [36m&lt;div&gt;[39m
              [36m&lt;label[39m
                [33mclass[39m=[32m&quot;block text-sm font-medium mb-1&quot;[39m
                [33mfor[39m=[32m&quot;username&quot;[39m
                [33mstyle[39m=[32m&quot;color: var(--color-light);&quot;[39m
              [36m&gt;[39m
                [0mUsername[0m
              [36m&lt;/label&gt;[39m
              [36m&lt;input[39m
                [33mclass[39m=[32m&quot;w-full px-3 py-2 border rounded-md focus:outline-none focus:ring-2 focus:ring-primary placeholder:text-gray-400 border-gray-500&quot;[39m
                [33mid[39m=[32m&quot;username&quot;[39m
                [33mname[39m=[32m&quot;username&quot;[39m
                [33mplaceholder[39m=[32m&quot;Enter your username&quot;[39m
                [33mtype[39m=[32m&quot;text&quot;[39m
                [33mvalue[39m=[32m&quot;testuser&quot;[39m
              [36m/&gt;[39m
            [36m&lt;/div&gt;[39m
            [36m&lt;div&gt;[39m
              [36m&lt;label[39m
                [33mclass[39m=[32m&quot;block text-sm font-medium mb-1&quot;[39m
                [33mfor[39m=[32m&quot;password&quot;[39m
                [33mstyle[39m=[32m&quot;color: var(--color-light);&quot;[39m
              [36m&gt;[39m
                [0mPassword[0m
              [36m&lt;/label&gt;[39m
              [36m&lt;div[39m
                [33mclass[39m=[32m&quot;relative&quot;[39m
              [36m&gt;[39m
                [36m&lt;input[39m
                  [33mclass[39m=[32m&quot;w-full px-3 py-2 border rounded-md focus:outline-none focus:ring-2 focus:ring-primary placeholder:text-gray-400 border-gray-500&quot;[39m
                  [33mid[39m=[32m&quot;password&quot;[39m
                  [33mname[39m=[32m&quot;password&quot;[39m
                  [33mplaceholder[39m=[32m&quot;Enter your password&quot;[39m
                  [33mtype[39m=[32m&quot;password&quot;[39m
                  [33mvalue[39m=[32m&quot;wrongpassword&quot;[39m
                [36m/&gt;[39m
                [36m&lt;button[39m
                  [33mclass[39m=[32m&quot;absolute right-3 top-1/2 transform -translate-y-1/2 text-gray-500 hover:text-gray-700&quot;[39m
                  [33mtype[39m=[32m&quot;button&quot;[39m
                [36m&gt;[39m
                  [36m&lt;svg[39m
                    [33mfill[39m=[32m&quot;currentColor&quot;[39m
                    [33mheight[39m=[32m&quot;20&quot;[39m
                    [33mviewBox[39m=[32m&quot;0 0 256 256&quot;[39m
                    [33mwidth[39m=[32m&quot;20&quot;[39m
                    [33mxmlns[39m=[32m&quot;http://www.w3.org/2000/svg&quot;[39m
                  [36m&gt;[39m
                    [36m&lt;path[39m
                      [33md[39m=[32m&quot;M247.31,124.76c-.35-.79-8.82-19.58-27.65-38.41C194.57,61.26,162.88,48,128,48S61.43,61.26,36.34,86.35C17.51,105.18,9,124,8.69,124.76a8,8,0,0,0,0,6.5c.35.79,8.82,19.57,27.65,38.4C61.43,194.74,93.12,208,128,208s66.57-13.26,91.66-38.34c18.83-18.83,27.3-37.61,27.65-38.4A8,8,0,0,0,247.31,124.76ZM128,192c-30.78,0-57.67-11.19-79.93-33.25A133.47,133.47,0,0,1,25,128,133.33,133.33,0,0,1,48.07,97.25C70.33,75.19,97.22,64,128,64s57.67,11.19,79.93,33.25A133.46,133.46,0,0,1,231.05,128C223.84,141.46,192.43,192,128,192Zm0-112a48,48,0,1,0,48,48A48.05,48.05,0,0,0,128,80Zm0,80a32,32,0,1,1,32-32A32,32,0,0,1,128,160Z&quot;[39m
                    [36m/&gt;[39m
                  [36m&lt;/svg&gt;[39m
                [36m&lt;/button&gt;[39m
              [36m&lt;/div&gt;[39m
            [36m&lt;/div&gt;[39m
            [36m&lt;button[39m
              [33mclass[39m=[32m&quot;nh-button nh-button-primary w-full&quot;[39m
              [33mtype[39m=[32m&quot;submit&quot;[39m
            [36m&gt;[39m
              [0mSign In[0m
            [36m&lt;/button&gt;[39m
          [36m&lt;/form&gt;[39m
          [36m&lt;div[39m
            [33mclass[39m=[32m&quot;mt-4 text-center&quot;[39m
          [36m&gt;[39m
            [36m&lt;p[39m
              [33mclass[39m=[32m&quot;text-sm text-gray-600 dark:text-gray-400&quot;[39m
            [36m&gt;[39m
              [0mDon&apos;t have an account?[0m
              [0m [0m
              [36m&lt;a[39m
                [33mclass[39m=[32m&quot;text-primary hover:text-primary-dark dark:text-primary-light dark:hover:text-primary&quot;[39m
                [33mdata-discover[39m=[32m&quot;true&quot;[39m
                [33mhref[39m=[32m&quot;/signup&quot;[39m
              [36m&gt;[39m
                [0mSign up[0m
              [36m&lt;/a&gt;[39m
            [36m&lt;/p&gt;[39m
          [36m&lt;/div&gt;[39m
        [36m&lt;/div&gt;[39m
      [36m&lt;/div&gt;[39m
    [36m&lt;/div&gt;[39m
  [36m&lt;/div&gt;[39m
  [36m&lt;div&gt;[39m
    [36m&lt;div[39m
      [33mclass[39m=[32m&quot;py-12&quot;[39m
    [36m&gt;[39m
      [36m&lt;div[39m
        [33mclass[39m=[32m&quot;nh-container&quot;[39m
      [36m&gt;[39m
        [36m&lt;div[39m
          [33mclass[39m=[32m&quot;max-w-md mx-auto nh-card&quot;[39m
        [36m&gt;[39m
          [36m&lt;div[39m
            [33mclass[39m=[32m&quot;text-center mb-4&quot;[39m
          [36m&gt;[39m
            [36m&lt;div[39m
              [33mclass[39m=[32m&quot;inline-flex items-center justify-center&quot;[39m
            [36m&gt;[39m
              [36m&lt;svg[39m
                [33maria-hidden[39m=[32m&quot;true&quot;[39m
                [33mclass[39m=[32m&quot;text-primary mr-2 mb-3&quot;[39m
                [33mfill[39m=[32m&quot;currentColor&quot;[39m
                [33mheight[39m=[32m&quot;28&quot;[39m
                [33mviewBox[39m=[32m&quot;0 0 256 256&quot;[39m
                [33mwidth[39m=[32m&quot;28&quot;[39m
                [33mxmlns[39m=[32m&quot;htt..." type="TestingLibraryElementError">
TestingLibraryElementError: Found multiple elements with the text: Explore Foods

Here are the matching elements:

Ignored nodes: comments, script, style
&lt;a
  class=&quot;nh-button nh-button-lg nh-button-primary flex items-center justify-center&quot;
  data-discover=&quot;true&quot;
  href=&quot;/foods&quot;
&gt;
  Explore Foods
&lt;/a&gt;

Ignored nodes: comments, script, style
&lt;a
  class=&quot;nh-button nh-button-lg nh-button-primary flex items-center justify-center&quot;
  data-discover=&quot;true&quot;
  href=&quot;/foods&quot;
&gt;
  Explore Foods
&lt;/a&gt;

Ignored nodes: comments, script, style
&lt;a
  class=&quot;nh-button nh-button-lg nh-button-primary flex items-center justify-center&quot;
  data-discover=&quot;true&quot;
  href=&quot;/foods&quot;
&gt;
  Explore Foods
&lt;/a&gt;

Ignored nodes: comments, script, style
&lt;a
  class=&quot;nh-button nh-button-lg nh-button-primary flex items-center justify-center&quot;
  data-discover=&quot;true&quot;
  href=&quot;/foods&quot;
&gt;
  Explore Foods
&lt;/a&gt;

Ignored nodes: comments, script, style
&lt;a
  class=&quot;nh-button nh-button-lg nh-button-primary flex items-center justify-center&quot;
  data-discover=&quot;true&quot;
  href=&quot;/foods&quot;
&gt;
  Explore Foods
&lt;/a&gt;

Ignored nodes: comments, script, style
&lt;a
  class=&quot;nh-button nh-button-lg nh-button-primary flex items-center justify-center&quot;
  data-discover=&quot;true&quot;
  href=&quot;/foods&quot;
&gt;
  Explore Foods
&lt;/a&gt;

Ignored nodes: comments, script, style
&lt;a
  class=&quot;nh-button nh-button-lg nh-button-primary flex items-center justify-center&quot;
  data-discover=&quot;true&quot;
  href=&quot;/foods&quot;
&gt;
  Explore Foods
&lt;/a&gt;

(If this is intentional, then use the `*AllBy*` variant of the query (like `queryAllByText`, `getAllByText`, or `findAllByText`)).

Ignored nodes: comments, script, style
&lt;body&gt;
  &lt;div&gt;
    &lt;div
      class=&quot;py-12&quot;
    &gt;
      &lt;div
        class=&quot;nh-container&quot;
      &gt;
        &lt;div
          class=&quot;max-w-md mx-auto nh-card&quot;
        &gt;
          &lt;div
            class=&quot;text-center mb-4&quot;
          &gt;
            &lt;div
              class=&quot;inline-flex items-center justify-center&quot;
            &gt;
              &lt;svg
                aria-hidden=&quot;true&quot;
                class=&quot;text-primary mr-2 mb-3&quot;
                fill=&quot;currentColor&quot;
                height=&quot;28&quot;
                viewBox=&quot;0 0 256 256&quot;
                width=&quot;28&quot;
                xmlns=&quot;http://www.w3.org/2000/svg&quot;
              &gt;
                &lt;path
                  d=&quot;M144.49,136.49l-40,40a12,12,0,0,1-17-17L107,140H24a12,12,0,0,1,0-24h83L87.51,96.49a12,12,0,0,1,17-17l40,40A12,12,0,0,1,144.49,136.49ZM200,28H136a12,12,0,0,0,0,24h52V204H136a12,12,0,0,0,0,24h64a12,12,0,0,0,12-12V40A12,12,0,0,0,200,28Z&quot;
                /&gt;
              &lt;/svg&gt;
              &lt;h2
                class=&quot;nh-title&quot;
              &gt;
                Login
              &lt;/h2&gt;
            &lt;/div&gt;
          &lt;/div&gt;
          &lt;form
            class=&quot;space-y-4&quot;
          &gt;
            &lt;div&gt;
              &lt;label
                class=&quot;block text-sm font-medium mb-1&quot;
                for=&quot;username&quot;
                style=&quot;color: var(--color-light);&quot;
              &gt;
                Username
              &lt;/label&gt;
              &lt;input
                class=&quot;w-full px-3 py-2 border rounded-md focus:outline-none focus:ring-2 focus:ring-primary placeholder:text-gray-400 border-gray-500&quot;
                id=&quot;username&quot;
                name=&quot;username&quot;
                placeholder=&quot;Enter your username&quot;
                type=&quot;text&quot;
                value=&quot;testuser&quot;
              /&gt;
            &lt;/div&gt;
            &lt;div&gt;
              &lt;label
                class=&quot;block text-sm font-medium mb-1&quot;
                for=&quot;password&quot;
                style=&quot;color: var(--color-light);&quot;
              &gt;
                Password
              &lt;/label&gt;
              &lt;div
                class=&quot;relative&quot;
              &gt;
                &lt;input
                  class=&quot;w-full px-3 py-2 border rounded-md focus:outline-none focus:ring-2 focus:ring-primary placeholder:text-gray-400 border-gray-500&quot;
                  id=&quot;password&quot;
                  name=&quot;password&quot;
                  placeholder=&quot;Enter your password&quot;
                  type=&quot;password&quot;
                  value=&quot;wrongpassword&quot;
                /&gt;
                &lt;button
                  class=&quot;absolute right-3 top-1/2 transform -translate-y-1/2 text-gray-500 hover:text-gray-700&quot;
                  type=&quot;button&quot;
                &gt;
                  &lt;svg
                    fill=&quot;currentColor&quot;
                    height=&quot;20&quot;
                    viewBox=&quot;0 0 256 256&quot;
                    width=&quot;20&quot;
                    xmlns=&quot;http://www.w3.org/2000/svg&quot;
                  &gt;
                    &lt;path
                      d=&quot;M247.31,124.76c-.35-.79-8.82-19.58-27.65-38.41C194.57,61.26,162.88,48,128,48S61.43,61.26,36.34,86.35C17.51,105.18,9,124,8.69,124.76a8,8,0,0,0,0,6.5c.35.79,8.82,19.57,27.65,38.4C61.43,194.74,93.12,208,128,208s66.57-13.26,91.66-38.34c18.83-18.83,27.3-37.61,27.65-38.4A8,8,0,0,0,247.31,124.76ZM128,192c-30.78,0-57.67-11.19-79.93-33.25A133.47,133.47,0,0,1,25,128,133.33,133.33,0,0,1,48.07,97.25C70.33,75.19,97.22,64,128,64s57.67,11.19,79.93,33.25A133.46,133.46,0,0,1,231.05,128C223.84,141.46,192.43,192,128,192Zm0-112a48,48,0,1,0,48,48A48.05,48.05,0,0,0,128,80Zm0,80a32,32,0,1,1,32-32A32,32,0,0,1,128,160Z&quot;
                    /&gt;
                  &lt;/svg&gt;
                &lt;/button&gt;
              &lt;/div&gt;
            &lt;/div&gt;
            &lt;button
              class=&quot;nh-button nh-button-primary w-full&quot;
              type=&quot;submit&quot;
            &gt;
              Sign In
            &lt;/button&gt;
          &lt;/form&gt;
          &lt;div
            class=&quot;mt-4 text-center&quot;
          &gt;
            &lt;p
              class=&quot;text-sm text-gray-600 dark:text-gray-400&quot;
            &gt;
              Don&apos;t have an account?
               
              &lt;a
                class=&quot;text-primary hover:text-primary-dark dark:text-primary-light dark:hover:text-primary&quot;
                data-discover=&quot;true&quot;
                href=&quot;/signup&quot;
              &gt;
                Sign up
              &lt;/a&gt;
            &lt;/p&gt;
          &lt;/div&gt;
        &lt;/div&gt;
      &lt;/div&gt;
    &lt;/div&gt;
  &lt;/div&gt;
  &lt;div&gt;
    &lt;div
      class=&quot;py-12&quot;
    &gt;
      &lt;div
        class=&quot;nh-container&quot;
      &gt;
        &lt;div
          class=&quot;max-w-md mx-auto nh-card&quot;
        &gt;
          &lt;div
            class=&quot;text-center mb-4&quot;
          &gt;
            &lt;div
              class=&quot;inline-flex items-center justify-center&quot;
            &gt;
              &lt;svg
                aria-hidden=&quot;true&quot;
                class=&quot;text-primary mr-2 mb-3&quot;
                fill=&quot;currentColor&quot;
                height=&quot;28&quot;
                viewBox=&quot;0 0 256 256&quot;
                width=&quot;28&quot;
                xmlns=&quot;htt...
 ❯ Object.getElementError node_modules/@testing-library/dom/dist/config.js:37:19
 ❯ getElementError node_modules/@testing-library/dom/dist/query-helpers.js:20:35
 ❯ getMultipleElementsFoundError node_modules/@testing-library/dom/dist/query-helpers.js:23:10
 ❯ node_modules/@testing-library/dom/dist/query-helpers.js:55:13
 ❯ node_modules/@testing-library/dom/dist/query-helpers.js:95:19
 ❯ src/pages/Home.test.tsx:58:38
            </failure>
        </testcase>
        <testcase classname="src/pages/Home.test.tsx" name="Home Page &gt; renders buttons in correct responsive layout" time="0.014177834">
            <failure message="Found multiple elements with the text: Explore Foods

Here are the matching elements:

Ignored nodes: comments, script, style
[36m&lt;a[39m
  [33mclass[39m=[32m&quot;nh-button nh-button-lg nh-button-primary flex items-center justify-center&quot;[39m
  [33mdata-discover[39m=[32m&quot;true&quot;[39m
  [33mhref[39m=[32m&quot;/foods&quot;[39m
[36m&gt;[39m
  [0mExplore Foods[0m
[36m&lt;/a&gt;[39m

Ignored nodes: comments, script, style
[36m&lt;a[39m
  [33mclass[39m=[32m&quot;nh-button nh-button-lg nh-button-primary flex items-center justify-center&quot;[39m
  [33mdata-discover[39m=[32m&quot;true&quot;[39m
  [33mhref[39m=[32m&quot;/foods&quot;[39m
[36m&gt;[39m
  [0mExplore Foods[0m
[36m&lt;/a&gt;[39m

Ignored nodes: comments, script, style
[36m&lt;a[39m
  [33mclass[39m=[32m&quot;nh-button nh-button-lg nh-button-primary flex items-center justify-center&quot;[39m
  [33mdata-discover[39m=[32m&quot;true&quot;[39m
  [33mhref[39m=[32m&quot;/foods&quot;[39m
[36m&gt;[39m
  [0mExplore Foods[0m
[36m&lt;/a&gt;[39m

Ignored nodes: comments, script, style
[36m&lt;a[39m
  [33mclass[39m=[32m&quot;nh-button nh-button-lg nh-button-primary flex items-center justify-center&quot;[39m
  [33mdata-discover[39m=[32m&quot;true&quot;[39m
  [33mhref[39m=[32m&quot;/foods&quot;[39m
[36m&gt;[39m
  [0mExplore Foods[0m
[36m&lt;/a&gt;[39m

Ignored nodes: comments, script, style
[36m&lt;a[39m
  [33mclass[39m=[32m&quot;nh-button nh-button-lg nh-button-primary flex items-center justify-center&quot;[39m
  [33mdata-discover[39m=[32m&quot;true&quot;[39m
  [33mhref[39m=[32m&quot;/foods&quot;[39m
[36m&gt;[39m
  [0mExplore Foods[0m
[36m&lt;/a&gt;[39m

Ignored nodes: comments, script, style
[36m&lt;a[39m
  [33mclass[39m=[32m&quot;nh-button nh-button-lg nh-button-primary flex items-center justify-center&quot;[39m
  [33mdata-discover[39m=[32m&quot;true&quot;[39m
  [33mhref[39m=[32m&quot;/foods&quot;[39m
[36m&gt;[39m
  [0mExplore Foods[0m
[36m&lt;/a&gt;[39m

Ignored nodes: comments, script, style
[36m&lt;a[39m
  [33mclass[39m=[32m&quot;nh-button nh-button-lg nh-button-primary flex items-center justify-center&quot;[39m
  [33mdata-discover[39m=[32m&quot;true&quot;[39m
  [33mhref[39m=[32m&quot;/foods&quot;[39m
[36m&gt;[39m
  [0mExplore Foods[0m
[36m&lt;/a&gt;[39m

Ignored nodes: comments, script, style
[36m&lt;a[39m
  [33mclass[39m=[32m&quot;nh-button nh-button-lg nh-button-primary flex items-center justify-center&quot;[39m
  [33mdata-discover[39m=[32m&quot;true&quot;[39m
  [33mhref[39m=[32m&quot;/foods&quot;[39m
[36m&gt;[39m
  [0mExplore Foods[0m
[36m&lt;/a&gt;[39m

(If this is intentional, then use the `*AllBy*` variant of the query (like `queryAllByText`, `getAllByText`, or `findAllByText`)).

Ignored nodes: comments, script, style
[36m&lt;body&gt;[39m
  [36m&lt;div&gt;[39m
    [36m&lt;div[39m
      [33mclass[39m=[32m&quot;py-12&quot;[39m
    [36m&gt;[39m
      [36m&lt;div[39m
        [33mclass[39m=[32m&quot;nh-container&quot;[39m
      [36m&gt;[39m
        [36m&lt;div[39m
          [33mclass[39m=[32m&quot;max-w-md mx-auto nh-card&quot;[39m
        [36m&gt;[39m
          [36m&lt;div[39m
            [33mclass[39m=[32m&quot;text-center mb-4&quot;[39m
          [36m&gt;[39m
            [36m&lt;div[39m
              [33mclass[39m=[32m&quot;inline-flex items-center justify-center&quot;[39m
            [36m&gt;[39m
              [36m&lt;svg[39m
                [33maria-hidden[39m=[32m&quot;true&quot;[39m
                [33mclass[39m=[32m&quot;text-primary mr-2 mb-3&quot;[39m
                [33mfill[39m=[32m&quot;currentColor&quot;[39m
                [33mheight[39m=[32m&quot;28&quot;[39m
                [33mviewBox[39m=[32m&quot;0 0 256 256&quot;[39m
                [33mwidth[39m=[32m&quot;28&quot;[39m
                [33mxmlns[39m=[32m&quot;http://www.w3.org/2000/svg&quot;[39m
              [36m&gt;[39m
                [36m&lt;path[39m
                  [33md[39m=[32m&quot;M144.49,136.49l-40,40a12,12,0,0,1-17-17L107,140H24a12,12,0,0,1,0-24h83L87.51,96.49a12,12,0,0,1,17-17l40,40A12,12,0,0,1,144.49,136.49ZM200,28H136a12,12,0,0,0,0,24h52V204H136a12,12,0,0,0,0,24h64a12,12,0,0,0,12-12V40A12,12,0,0,0,200,28Z&quot;[39m
                [36m/&gt;[39m
              [36m&lt;/svg&gt;[39m
              [36m&lt;h2[39m
                [33mclass[39m=[32m&quot;nh-title&quot;[39m
              [36m&gt;[39m
                [0mLogin[0m
              [36m&lt;/h2&gt;[39m
            [36m&lt;/div&gt;[39m
          [36m&lt;/div&gt;[39m
          [36m&lt;form[39m
            [33mclass[39m=[32m&quot;space-y-4&quot;[39m
          [36m&gt;[39m
            [36m&lt;div&gt;[39m
              [36m&lt;label[39m
                [33mclass[39m=[32m&quot;block text-sm font-medium mb-1&quot;[39m
                [33mfor[39m=[32m&quot;username&quot;[39m
                [33mstyle[39m=[32m&quot;color: var(--color-light);&quot;[39m
              [36m&gt;[39m
                [0mUsername[0m
              [36m&lt;/label&gt;[39m
              [36m&lt;input[39m
                [33mclass[39m=[32m&quot;w-full px-3 py-2 border rounded-md focus:outline-none focus:ring-2 focus:ring-primary placeholder:text-gray-400 border-gray-500&quot;[39m
                [33mid[39m=[32m&quot;username&quot;[39m
                [33mname[39m=[32m&quot;username&quot;[39m
                [33mplaceholder[39m=[32m&quot;Enter your username&quot;[39m
                [33mtype[39m=[32m&quot;text&quot;[39m
                [33mvalue[39m=[32m&quot;testuser&quot;[39m
              [36m/&gt;[39m
            [36m&lt;/div&gt;[39m
            [36m&lt;div&gt;[39m
              [36m&lt;label[39m
                [33mclass[39m=[32m&quot;block text-sm font-medium mb-1&quot;[39m
                [33mfor[39m=[32m&quot;password&quot;[39m
                [33mstyle[39m=[32m&quot;color: var(--color-light);&quot;[39m
              [36m&gt;[39m
                [0mPassword[0m
              [36m&lt;/label&gt;[39m
              [36m&lt;div[39m
                [33mclass[39m=[32m&quot;relative&quot;[39m
              [36m&gt;[39m
                [36m&lt;input[39m
                  [33mclass[39m=[32m&quot;w-full px-3 py-2 border rounded-md focus:outline-none focus:ring-2 focus:ring-primary placeholder:text-gray-400 border-gray-500&quot;[39m
                  [33mid[39m=[32m&quot;password&quot;[39m
                  [33mname[39m=[32m&quot;password&quot;[39m
                  [33mplaceholder[39m=[32m&quot;Enter your password&quot;[39m
                  [33mtype[39m=[32m&quot;password&quot;[39m
                  [33mvalue[39m=[32m&quot;wrongpassword&quot;[39m
                [36m/&gt;[39m
                [36m&lt;button[39m
                  [33mclass[39m=[32m&quot;absolute right-3 top-1/2 transform -translate-y-1/2 text-gray-500 hover:text-gray-700&quot;[39m
                  [33mtype[39m=[32m&quot;button&quot;[39m
                [36m&gt;[39m
                  [36m&lt;svg[39m
                    [33mfill[39m=[32m&quot;currentColor&quot;[39m
                    [33mheight[39m=[32m&quot;20&quot;[39m
                    [33mviewBox[39m=[32m&quot;0 0 256 256&quot;[39m
                    [33mwidth[39m=[32m&quot;20&quot;[39m
                    [33mxmlns[39m=[32m&quot;http://www.w3.org/2000/svg&quot;[39m
                  [36m&gt;[39m
                    [36m&lt;path[39m
                      [33md[39m=[32m&quot;M247.31,124.76c-.35-.79-8.82-19.58-27.65-38.41C194.57,61.26,162.88,48,128,48S61.43,61.26,36.34,86.35C17.51,105.18,9,124,8.69,124.76a8,8,0,0,0,0,6.5c.35.79,8.82,19.57,27.65,38.4C61.43,194.74,93.12,208,128,208s66.57-13.26,91.66-38.34c18.83-18.83,27.3-37.61,27.65-38.4A8,8,0,0,0,247.31,124.76ZM128,192c-30.78,0-57.67-11.19-79.93-33.25A133.47,133.47,0,0,1,25,128,133.33,133.33,0,0,1,48.07,97.25C70.33,75.19,97.22,64,128,64s57.67,11.19,79.93,33.25A133.46,133.46,0,0,1,231.05,128C223.84,141.46,192.43,192,128,192Zm0-112a48,48,0,1,0,48,48A48.05,48.05,0,0,0,128,80Zm0,80a32,32,0,1,1,32-32A32,32,0,0,1,128,160Z&quot;[39m
                    [36m/&gt;[39m
                  [36m&lt;/svg&gt;[39m
                [36m&lt;/button&gt;[39m
              [36m&lt;/div&gt;[39m
            [36m&lt;/div&gt;[39m
            [36m&lt;button[39m
              [33mclass[39m=[32m&quot;nh-button nh-button-primary w-full&quot;[39m
              [33mtype[39m=[32m&quot;submit&quot;[39m
            [36m&gt;[39m
              [0mSign In[0m
            [36m&lt;/button&gt;[39m
          [36m&lt;/form&gt;[39m
          [36m&lt;div[39m
            [33mclass[39m=[32m&quot;mt-4 text-center&quot;[39m
          [36m&gt;[39m
            [36m&lt;p[39m
              [33mclass[39m=[32m&quot;text-sm text-gray-600 dark:text-gray-400&quot;[39m
            [36m&gt;[39m
              [0mDon&apos;t have an account?[0m
              [0m [0m
              [36m&lt;a[39m
                [33mclass[39m=[32m&quot;text-primary hover:text-primary-dark dark:text-primary-light dark:hover:text-primary&quot;[39m
                [33mdata-discover[39m=[32m&quot;true&quot;[39m
                [33mhref[39m=[32m&quot;/signup&quot;[39m
              [36m&gt;[39m
                [0mSign up[0m
              [36m&lt;/a&gt;[39m
            [36m&lt;/p&gt;[39m
          [36m&lt;/div&gt;[39m
        [36m&lt;/div&gt;[39m
      [36m&lt;/div&gt;[39m
    [36m&lt;/div&gt;[39m
  [36m&lt;/div&gt;[39m
  [36m&lt;div&gt;[39m
    [36m&lt;div[39m
      [33mclass[39m=[32m&quot;py-12&quot;[39m
    [36m&gt;[39m
      [36m&lt;div[39m
        [33mclass[39m=[32m&quot;nh-container&quot;[39m
      [36m&gt;[39m
        [36m&lt;div[39m
          [33mclass[39m=[32m&quot;max-w-md mx-auto nh-card&quot;[39m
        [36m&gt;[39m
          [36m&lt;div[39m
            [33mclass[39m=[32m&quot;text-center mb-4&quot;[39m
          [36m&gt;[39m
            [36m&lt;div[39m
              [33mclass[39m=[32m&quot;inline-flex items-center justify-center&quot;[39m
            [36m&gt;[39m
              [36m&lt;svg[39m
                [33maria-hidden[39m=[32m&quot;true&quot;[39m
                [33mclass[39m=[32m&quot;text-primary mr-2 mb-3&quot;[39m
                [33mfill[39m=[32m&quot;currentColor&quot;[39m
                [33mheight[39m=[32m&quot;28&quot;[39m
                [33mviewBox[39m=[32m&quot;0 0 256 256&quot;[39m
                [33mwidth[39m=[32m&quot;28&quot;[39m
                [33mxmlns[39m=[32m&quot;htt..." type="TestingLibraryElementError">
TestingLibraryElementError: Found multiple elements with the text: Explore Foods

Here are the matching elements:

Ignored nodes: comments, script, style
&lt;a
  class=&quot;nh-button nh-button-lg nh-button-primary flex items-center justify-center&quot;
  data-discover=&quot;true&quot;
  href=&quot;/foods&quot;
&gt;
  Explore Foods
&lt;/a&gt;

Ignored nodes: comments, script, style
&lt;a
  class=&quot;nh-button nh-button-lg nh-button-primary flex items-center justify-center&quot;
  data-discover=&quot;true&quot;
  href=&quot;/foods&quot;
&gt;
  Explore Foods
&lt;/a&gt;

Ignored nodes: comments, script, style
&lt;a
  class=&quot;nh-button nh-button-lg nh-button-primary flex items-center justify-center&quot;
  data-discover=&quot;true&quot;
  href=&quot;/foods&quot;
&gt;
  Explore Foods
&lt;/a&gt;

Ignored nodes: comments, script, style
&lt;a
  class=&quot;nh-button nh-button-lg nh-button-primary flex items-center justify-center&quot;
  data-discover=&quot;true&quot;
  href=&quot;/foods&quot;
&gt;
  Explore Foods
&lt;/a&gt;

Ignored nodes: comments, script, style
&lt;a
  class=&quot;nh-button nh-button-lg nh-button-primary flex items-center justify-center&quot;
  data-discover=&quot;true&quot;
  href=&quot;/foods&quot;
&gt;
  Explore Foods
&lt;/a&gt;

Ignored nodes: comments, script, style
&lt;a
  class=&quot;nh-button nh-button-lg nh-button-primary flex items-center justify-center&quot;
  data-discover=&quot;true&quot;
  href=&quot;/foods&quot;
&gt;
  Explore Foods
&lt;/a&gt;

Ignored nodes: comments, script, style
&lt;a
  class=&quot;nh-button nh-button-lg nh-button-primary flex items-center justify-center&quot;
  data-discover=&quot;true&quot;
  href=&quot;/foods&quot;
&gt;
  Explore Foods
&lt;/a&gt;

Ignored nodes: comments, script, style
&lt;a
  class=&quot;nh-button nh-button-lg nh-button-primary flex items-center justify-center&quot;
  data-discover=&quot;true&quot;
  href=&quot;/foods&quot;
&gt;
  Explore Foods
&lt;/a&gt;

(If this is intentional, then use the `*AllBy*` variant of the query (like `queryAllByText`, `getAllByText`, or `findAllByText`)).

Ignored nodes: comments, script, style
&lt;body&gt;
  &lt;div&gt;
    &lt;div
      class=&quot;py-12&quot;
    &gt;
      &lt;div
        class=&quot;nh-container&quot;
      &gt;
        &lt;div
          class=&quot;max-w-md mx-auto nh-card&quot;
        &gt;
          &lt;div
            class=&quot;text-center mb-4&quot;
          &gt;
            &lt;div
              class=&quot;inline-flex items-center justify-center&quot;
            &gt;
              &lt;svg
                aria-hidden=&quot;true&quot;
                class=&quot;text-primary mr-2 mb-3&quot;
                fill=&quot;currentColor&quot;
                height=&quot;28&quot;
                viewBox=&quot;0 0 256 256&quot;
                width=&quot;28&quot;
                xmlns=&quot;http://www.w3.org/2000/svg&quot;
              &gt;
                &lt;path
                  d=&quot;M144.49,136.49l-40,40a12,12,0,0,1-17-17L107,140H24a12,12,0,0,1,0-24h83L87.51,96.49a12,12,0,0,1,17-17l40,40A12,12,0,0,1,144.49,136.49ZM200,28H136a12,12,0,0,0,0,24h52V204H136a12,12,0,0,0,0,24h64a12,12,0,0,0,12-12V40A12,12,0,0,0,200,28Z&quot;
                /&gt;
              &lt;/svg&gt;
              &lt;h2
                class=&quot;nh-title&quot;
              &gt;
                Login
              &lt;/h2&gt;
            &lt;/div&gt;
          &lt;/div&gt;
          &lt;form
            class=&quot;space-y-4&quot;
          &gt;
            &lt;div&gt;
              &lt;label
                class=&quot;block text-sm font-medium mb-1&quot;
                for=&quot;username&quot;
                style=&quot;color: var(--color-light);&quot;
              &gt;
                Username
              &lt;/label&gt;
              &lt;input
                class=&quot;w-full px-3 py-2 border rounded-md focus:outline-none focus:ring-2 focus:ring-primary placeholder:text-gray-400 border-gray-500&quot;
                id=&quot;username&quot;
                name=&quot;username&quot;
                placeholder=&quot;Enter your username&quot;
                type=&quot;text&quot;
                value=&quot;testuser&quot;
              /&gt;
            &lt;/div&gt;
            &lt;div&gt;
              &lt;label
                class=&quot;block text-sm font-medium mb-1&quot;
                for=&quot;password&quot;
                style=&quot;color: var(--color-light);&quot;
              &gt;
                Password
              &lt;/label&gt;
              &lt;div
                class=&quot;relative&quot;
              &gt;
                &lt;input
                  class=&quot;w-full px-3 py-2 border rounded-md focus:outline-none focus:ring-2 focus:ring-primary placeholder:text-gray-400 border-gray-500&quot;
                  id=&quot;password&quot;
                  name=&quot;password&quot;
                  placeholder=&quot;Enter your password&quot;
                  type=&quot;password&quot;
                  value=&quot;wrongpassword&quot;
                /&gt;
                &lt;button
                  class=&quot;absolute right-3 top-1/2 transform -translate-y-1/2 text-gray-500 hover:text-gray-700&quot;
                  type=&quot;button&quot;
                &gt;
                  &lt;svg
                    fill=&quot;currentColor&quot;
                    height=&quot;20&quot;
                    viewBox=&quot;0 0 256 256&quot;
                    width=&quot;20&quot;
                    xmlns=&quot;http://www.w3.org/2000/svg&quot;
                  &gt;
                    &lt;path
                      d=&quot;M247.31,124.76c-.35-.79-8.82-19.58-27.65-38.41C194.57,61.26,162.88,48,128,48S61.43,61.26,36.34,86.35C17.51,105.18,9,124,8.69,124.76a8,8,0,0,0,0,6.5c.35.79,8.82,19.57,27.65,38.4C61.43,194.74,93.12,208,128,208s66.57-13.26,91.66-38.34c18.83-18.83,27.3-37.61,27.65-38.4A8,8,0,0,0,247.31,124.76ZM128,192c-30.78,0-57.67-11.19-79.93-33.25A133.47,133.47,0,0,1,25,128,133.33,133.33,0,0,1,48.07,97.25C70.33,75.19,97.22,64,128,64s57.67,11.19,79.93,33.25A133.46,133.46,0,0,1,231.05,128C223.84,141.46,192.43,192,128,192Zm0-112a48,48,0,1,0,48,48A48.05,48.05,0,0,0,128,80Zm0,80a32,32,0,1,1,32-32A32,32,0,0,1,128,160Z&quot;
                    /&gt;
                  &lt;/svg&gt;
                &lt;/button&gt;
              &lt;/div&gt;
            &lt;/div&gt;
            &lt;button
              class=&quot;nh-button nh-button-primary w-full&quot;
              type=&quot;submit&quot;
            &gt;
              Sign In
            &lt;/button&gt;
          &lt;/form&gt;
          &lt;div
            class=&quot;mt-4 text-center&quot;
          &gt;
            &lt;p
              class=&quot;text-sm text-gray-600 dark:text-gray-400&quot;
            &gt;
              Don&apos;t have an account?
               
              &lt;a
                class=&quot;text-primary hover:text-primary-dark dark:text-primary-light dark:hover:text-primary&quot;
                data-discover=&quot;true&quot;
                href=&quot;/signup&quot;
              &gt;
                Sign up
              &lt;/a&gt;
            &lt;/p&gt;
          &lt;/div&gt;
        &lt;/div&gt;
      &lt;/div&gt;
    &lt;/div&gt;
  &lt;/div&gt;
  &lt;div&gt;
    &lt;div
      class=&quot;py-12&quot;
    &gt;
      &lt;div
        class=&quot;nh-container&quot;
      &gt;
        &lt;div
          class=&quot;max-w-md mx-auto nh-card&quot;
        &gt;
          &lt;div
            class=&quot;text-center mb-4&quot;
          &gt;
            &lt;div
              class=&quot;inline-flex items-center justify-center&quot;
            &gt;
              &lt;svg
                aria-hidden=&quot;true&quot;
                class=&quot;text-primary mr-2 mb-3&quot;
                fill=&quot;currentColor&quot;
                height=&quot;28&quot;
                viewBox=&quot;0 0 256 256&quot;
                width=&quot;28&quot;
                xmlns=&quot;htt...
 ❯ Object.getElementError node_modules/@testing-library/dom/dist/config.js:37:19
 ❯ getElementError node_modules/@testing-library/dom/dist/query-helpers.js:20:35
 ❯ getMultipleElementsFoundError node_modules/@testing-library/dom/dist/query-helpers.js:23:10
 ❯ node_modules/@testing-library/dom/dist/query-helpers.js:55:13
 ❯ node_modules/@testing-library/dom/dist/query-helpers.js:95:19
 ❯ src/pages/Home.test.tsx:79:40
            </failure>
        </testcase>
    </testsuite>
    <testsuite name="src/test/App.test.tsx" timestamp="2025-12-21T12:23:47.837Z" hostname="Ardas-MacBook-Air-502.local" tests="2" failures="1" errors="0" skipped="0" time="0.014356042">
        <testcase classname="src/test/App.test.tsx" name="App Component &gt; renders the app with correct structure" time="0.003966">
        </testcase>
        <testcase classname="src/test/App.test.tsx" name="App Component &gt; has the correct routing setup" time="0.010297333">
            <failure message="Found multiple elements by: [data-testid=&quot;auth-provider&quot;]

Here are the matching elements:

Ignored nodes: comments, script, style
[36m&lt;div[39m
  [33mdata-testid[39m=[32m&quot;auth-provider&quot;[39m
[36m&gt;[39m
  [36m&lt;div[39m
    [33mdata-testid[39m=[32m&quot;browser-router&quot;[39m
  [36m&gt;[39m
    [36m&lt;div[39m
      [33mdata-testid[39m=[32m&quot;routes&quot;[39m
    [36m&gt;[39m
      [36m&lt;div[39m
        [33mdata-testid[39m=[32m&quot;route&quot;[39m
      [36m/&gt;[39m
      [36m&lt;div[39m
        [33mdata-testid[39m=[32m&quot;route&quot;[39m
      [36m&gt;[39m
        [36m&lt;div[39m
          [33mdata-testid[39m=[32m&quot;route&quot;[39m
        [36m/&gt;[39m
        [36m&lt;div[39m
          [33mdata-testid[39m=[32m&quot;route&quot;[39m
        [36m/&gt;[39m
        [36m&lt;div[39m
          [33mdata-testid[39m=[32m&quot;route&quot;[39m
        [36m&gt;[39m
          [36m&lt;div[39m
            [33mdata-testid[39m=[32m&quot;route&quot;[39m
          [36m/&gt;[39m
          [36m&lt;div[39m
            [33mdata-testid[39m=[32m&quot;route&quot;[39m
          [36m/&gt;[39m
          [36m&lt;div[39m
            [33mdata-testid[39m=[32m&quot;route&quot;[39m
          [36m/&gt;[39m
          [36m&lt;div[39m
            [33mdata-testid[39m=[32m&quot;route&quot;[39m
          [36m/&gt;[39m
          [36m&lt;div[39m
            [33mdata-testid[39m=[32m&quot;route&quot;[39m
          [36m/&gt;[39m
          [36m&lt;div[39m
            [33mdata-testid[39m=[32m&quot;route&quot;[39m
          [36m/&gt;[39m
          [36m&lt;div[39m
            [33mdata-testid[39m=[32m&quot;route&quot;[39m
          [36m/&gt;[39m
          [36m&lt;div[39m
            [33mdata-testid[39m=[32m&quot;route&quot;[39m
          [36m/&gt;[39m
          [36m&lt;div[39m
            [33mdata-testid[39m=[32m&quot;route&quot;[39m
          [36m/&gt;[39m
          [36m&lt;div[39m
            [33mdata-testid[39m=[32m&quot;route&quot;[39m
          [36m/&gt;[39m
          [36m&lt;div[39m
            [33mdata-testid[39m=[32m&quot;route&quot;[39m
          [36m/&gt;[39m
          [36m&lt;div[39m
            [33mdata-testid[39m=[32m&quot;route&quot;[39m
          [36m/&gt;[39m
          [36m&lt;div[39m
            [33mdata-testid[39m=[32m&quot;route&quot;[39m
          [36m/&gt;[39m
        [36m&lt;/div&gt;[39m
        [36m&lt;div[39m
          [33mdata-testid[39m=[32m&quot;route&quot;[39m
        [36m&gt;[39m
          [36m&lt;div[39m
            [33mdata-testid[39m=[32m&quot;route&quot;[39m
          [36m/&gt;[39m
        [36m&lt;/div&gt;[39m
        [36m&lt;div[39m
          [33mdata-testid[39m=[32m&quot;route&quot;[39m
        [36m/&gt;[39m
      [36m&lt;/div&gt;[39m
    [36m&lt;/div&gt;[39m
  [36m&lt;/div&gt;[39m
[36m&lt;/div&gt;[39m

Ignored nodes: comments, script, style
[36m&lt;div[39m
  [33mdata-testid[39m=[32m&quot;auth-provider&quot;[39m
[36m&gt;[39m
  [36m&lt;div[39m
    [33mdata-testid[39m=[32m&quot;browser-router&quot;[39m
  [36m&gt;[39m
    [36m&lt;div[39m
      [33mdata-testid[39m=[32m&quot;routes&quot;[39m
    [36m&gt;[39m
      [36m&lt;div[39m
        [33mdata-testid[39m=[32m&quot;route&quot;[39m
      [36m/&gt;[39m
      [36m&lt;div[39m
        [33mdata-testid[39m=[32m&quot;route&quot;[39m
      [36m&gt;[39m
        [36m&lt;div[39m
          [33mdata-testid[39m=[32m&quot;route&quot;[39m
        [36m/&gt;[39m
        [36m&lt;div[39m
          [33mdata-testid[39m=[32m&quot;route&quot;[39m
        [36m/&gt;[39m
        [36m&lt;div[39m
          [33mdata-testid[39m=[32m&quot;route&quot;[39m
        [36m&gt;[39m
          [36m&lt;div[39m
            [33mdata-testid[39m=[32m&quot;route&quot;[39m
          [36m/&gt;[39m
          [36m&lt;div[39m
            [33mdata-testid[39m=[32m&quot;route&quot;[39m
          [36m/&gt;[39m
          [36m&lt;div[39m
            [33mdata-testid[39m=[32m&quot;route&quot;[39m
          [36m/&gt;[39m
          [36m&lt;div[39m
            [33mdata-testid[39m=[32m&quot;route&quot;[39m
          [36m/&gt;[39m
          [36m&lt;div[39m
            [33mdata-testid[39m=[32m&quot;route&quot;[39m
          [36m/&gt;[39m
          [36m&lt;div[39m
            [33mdata-testid[39m=[32m&quot;route&quot;[39m
          [36m/&gt;[39m
          [36m&lt;div[39m
            [33mdata-testid[39m=[32m&quot;route&quot;[39m
          [36m/&gt;[39m
          [36m&lt;div[39m
            [33mdata-testid[39m=[32m&quot;route&quot;[39m
          [36m/&gt;[39m
          [36m&lt;div[39m
            [33mdata-testid[39m=[32m&quot;route&quot;[39m
          [36m/&gt;[39m
          [36m&lt;div[39m
            [33mdata-testid[39m=[32m&quot;route&quot;[39m
          [36m/&gt;[39m
          [36m&lt;div[39m
            [33mdata-testid[39m=[32m&quot;route&quot;[39m
          [36m/&gt;[39m
          [36m&lt;div[39m
            [33mdata-testid[39m=[32m&quot;route&quot;[39m
          [36m/&gt;[39m
          [36m&lt;div[39m
            [33mdata-testid[39m=[32m&quot;route&quot;[39m
          [36m/&gt;[39m
        [36m&lt;/div&gt;[39m
        [36m&lt;div[39m
          [33mdata-testid[39m=[32m&quot;route&quot;[39m
        [36m&gt;[39m
          [36m&lt;div[39m
            [33mdata-testid[39m=[32m&quot;route&quot;[39m
          [36m/&gt;[39m
        [36m&lt;/div&gt;[39m
        [36m&lt;div[39m
          [33mdata-testid[39m=[32m&quot;route&quot;[39m
        [36m/&gt;[39m
      [36m&lt;/div&gt;[39m
    [36m&lt;/div&gt;[39m
  [36m&lt;/div&gt;[39m
[36m&lt;/div&gt;[39m

(If this is intentional, then use the `*AllBy*` variant of the query (like `queryAllByText`, `getAllByText`, or `findAllByText`)).

Ignored nodes: comments, script, style
[36m&lt;body&gt;[39m
  [36m&lt;div&gt;[39m
    [36m&lt;div[39m
      [33mclass[39m=[32m&quot;py-12&quot;[39m
    [36m&gt;[39m
      [36m&lt;div[39m
        [33mclass[39m=[32m&quot;nh-container&quot;[39m
      [36m&gt;[39m
        [36m&lt;div[39m
          [33mclass[39m=[32m&quot;max-w-md mx-auto nh-card&quot;[39m
        [36m&gt;[39m
          [36m&lt;div[39m
            [33mclass[39m=[32m&quot;text-center mb-4&quot;[39m
          [36m&gt;[39m
            [36m&lt;div[39m
              [33mclass[39m=[32m&quot;inline-flex items-center justify-center&quot;[39m
            [36m&gt;[39m
              [36m&lt;svg[39m
                [33maria-hidden[39m=[32m&quot;true&quot;[39m
                [33mclass[39m=[32m&quot;text-primary mr-2 mb-3&quot;[39m
                [33mfill[39m=[32m&quot;currentColor&quot;[39m
                [33mheight[39m=[32m&quot;28&quot;[39m
                [33mviewBox[39m=[32m&quot;0 0 256 256&quot;[39m
                [33mwidth[39m=[32m&quot;28&quot;[39m
                [33mxmlns[39m=[32m&quot;http://www.w3.org/2000/svg&quot;[39m
              [36m&gt;[39m
                [36m&lt;path[39m
                  [33md[39m=[32m&quot;M144.49,136.49l-40,40a12,12,0,0,1-17-17L107,140H24a12,12,0,0,1,0-24h83L87.51,96.49a12,12,0,0,1,17-17l40,40A12,12,0,0,1,144.49,136.49ZM200,28H136a12,12,0,0,0,0,24h52V204H136a12,12,0,0,0,0,24h64a12,12,0,0,0,12-12V40A12,12,0,0,0,200,28Z&quot;[39m
                [36m/&gt;[39m
              [36m&lt;/svg&gt;[39m
              [36m&lt;h2[39m
                [33mclass[39m=[32m&quot;nh-title&quot;[39m
              [36m&gt;[39m
                [0mLogin[0m
              [36m&lt;/h2&gt;[39m
[...]
                [33mclass[39m=[32m&quot;block text-sm font-medium mb-1&quot;[39m
                [33mfor[39m=[32m&quot;password&quot;[39m
                [33mstyle[39m=[32m&quot;color: var(--color-light);&quot;[39m
              [36m&gt;[39m
                [0mPassword[0m
              [36m&lt;/label&gt;[39m
              [36m&lt;div[39m
                [33mclass[39m=[32m&quot;relative&quot;[39m
              [36m&gt;[39m
                [36m&lt;input[39m
                  [33mclass[39m=[32m&quot;w-full px-3 py-2 border rounded-md focus:outline-none focus:ring-2 focus:ring-primary placeholder:text-gray-400 border-gray-500&quot;[39m
                  [33mid[39m=[32m&quot;password&quot;[39m
                  [33mname[39m=[32m&quot;password&quot;[39m
                  [33mplaceholder[39m=[32m&quot;Enter your password&quot;[39m
                  [33mtype[39m=[32m&quot;password&quot;[39m
                  [33mvalue[39m=[32m&quot;wrongpassword&quot;[39m
                [36m/&gt;[39m
                [36m&lt;button[39m
                  [33mclass[39m=[32m&quot;absolute right-3 top-1/2 transform -translate-y-1/2 text-gray-500 hover:text-gray-700&quot;[39m
                  [33mtype[39m=[32m&quot;button&quot;[39m
                [36m&gt;[39m
                  [36m&lt;svg[39m
                    [33mfill[39m=[32m&quot;currentColor&quot;[39m
                    [33mheight[39m=[32m&quot;20&quot;[39m
                    [33mviewBox[39m=[32m&quot;0 0 256 256&quot;[39m
                    [33mwidth[39m=[32m&quot;20&quot;[39m
                    [33mxmlns[39m=[32m&quot;http://www.w3.org/2000/svg&quot;[39m
                  [36m&gt;[39m
                    [36m&lt;path[39m
                      [33md[39m=[32m&quot;M247.31,124.76c-.35-.79-8.82-19.58-27.65-38.41C194.57,61.26,162.88,48,128,48S61.43,61.26,36.34,86.35C17.51,105.18,9,124,8.69,124.76a8,8,0,0,0,0,6.5c.35.79,8.82,19.57,27.65,38.4C61.43,194.74,93.12,208,128,208s66.57-13.26,91.66-38.34c18.83-18.83,27.3-37.61,27.65-38.4A8,8,0,0,0,247.31,124.76ZM128,192c-30.78,0-57.67-11.19-79.93-33.25A133.47,133.47,0,0,1,25,128,133.33,133.33,0,0,1,48.07,97.25C70.33,75.19,97.22,64,128,64s57.67,11.19,79.93,33.25A133.46,133.46,0,0,1,231.05,128C223.84,141.46,192.43,192,128,192Zm0-112a48,48,0,1,0,48,48A48.05,48.05,0,0,0,128,80Zm0,80a32,32,0,1,1,32-32A32,32,0,0,1,128,160Z&quot;[39m
                    [36m/&gt;[39m
                  [36m&lt;/svg&gt;[39m
                [36m&lt;/button&gt;[39m
              [36m&lt;/div&gt;[39m
            [36m&lt;/div&gt;[39m
            [36m&lt;button[39m
              [33mclass[39m=[32m&quot;nh-button nh-button-primary w-full&quot;[39m
              [33mtype[39m=[32m&quot;submit&quot;[39m
            [36m&gt;[39m
              [0mSign In[0m
            [36m&lt;/button&gt;[39m
          [36m&lt;/form&gt;[39m
          [36m&lt;div[39m
            [33mclass[39m=[32m&quot;mt-4 text-center&quot;[39m
          [36m&gt;[39m
            [36m&lt;p[39m
              [33mclass[39m=[32m&quot;text-sm text-gray-600 dark:text-gray-400&quot;[39m
            [36m&gt;[39m
              [0mDon&apos;t have an account?[0m
              [0m [0m
              [36m&lt;a[39m
                [33mclass[39m=[32m&quot;text-primary hover:text-primary-dark dark:text-primary-light dark:hover:text-primary&quot;[39m
                [33mdata-discover[39m=[32m&quot;true&quot;[39m
                [33mhref[39m=[32m&quot;/signup&quot;[39m
              [36m&gt;[39m
                [0mSign up[0m
              [36m&lt;/a&gt;[39m
            [36m&lt;/p&gt;[39m
          [36m&lt;/div&gt;[39m
        [36m&lt;/div&gt;[39m
      [36m&lt;/div&gt;[39m
    [36m&lt;/div&gt;[39m
  [36m&lt;/div&gt;[39m
  [36m&lt;div&gt;[39m
    [36m&lt;div[39m
      [33mclass[39m=[32m&quot;py-12&quot;[39m
    [36m&gt;[39m
      [36m&lt;div[39m
        [33mclass[39m=[32m&quot;nh-container&quot;[39m
      [36m&gt;[39m
        [36m&lt;div[39m
          [33mclass[39m=[32m&quot;max-w-md mx-auto nh-card&quot;[39m
        [36m&gt;[39m
          [36m&lt;div[39m
            [33mclass[39m=[32m&quot;text-center mb-4&quot;[39m
          [36m&gt;[39m
            [36m&lt;div[39m
              [33mclass[39m=[32m&quot;inline-flex items-center justify-center&quot;[39m
            [36m&gt;[39m
              [36m&lt;svg[39m
                [33maria-hidden[39m=[32m&quot;true&quot;[39m
                [33mclass[39m=[32m&quot;text-primary mr-2 mb-3&quot;[39m
                [33mfill[39m=[32m&quot;currentColor&quot;[39m
                [33mheight[39m=[32m&quot;28&quot;[39m
                [33mviewBox[39m=[32m&quot;0 0 256 256&quot;[39m
                [33mwidth[39m=[32m&quot;28&quot;[39m
                [33mxmlns[39m=[32m&quot;htt..." type="TestingLibraryElementError">
TestingLibraryElementError: Unable to find an element with the text: Calories: 100 kcal per 100. This could be because the text is broken up by multiple elements. In this case, you can provide a function for your text matcher to make your matcher more flexible.

Ignored nodes: comments, script, style
&lt;body&gt;
  &lt;div&gt;
    &lt;div
      class=&quot;py-12&quot;
    &gt;
      &lt;div
        class=&quot;nh-container&quot;
      &gt;
        &lt;div
          class=&quot;max-w-md mx-auto nh-card&quot;
        &gt;
          &lt;div
            class=&quot;text-center mb-4&quot;
          &gt;
            &lt;div
              class=&quot;inline-flex items-center justify-center&quot;
            &gt;
              &lt;svg
                aria-hidden=&quot;true&quot;
                class=&quot;text-primary mr-2 mb-3&quot;
                fill=&quot;currentColor&quot;
                height=&quot;28&quot;
                viewBox=&quot;0 0 256 256&quot;
                width=&quot;28&quot;
                xmlns=&quot;http://www.w3.org/2000/svg&quot;
              &gt;
                &lt;path
                  d=&quot;M144.49,136.49l-40,40a12,12,0,0,1-17-17L107,140H24a12,12,0,0,1,0-24h83L87.51,96.49a12,12,0,0,1,17-17l40,40A12,12,0,0,1,144.49,136.49ZM200,28H136a12,12,0,0,0,0,24h52V204H136a12,12,0,0,0,0,24h64a12,12,0,0,0,12-12V40A12,12,0,0,0,200,28Z&quot;
                /&gt;
              &lt;/svg&gt;
              &lt;h2
                class=&quot;nh-title&quot;
              &gt;
                Login
              &lt;/h2&gt;
            &lt;/div&gt;
          &lt;/div&gt;
          &lt;form
            class=&quot;space-y-4&quot;
          &gt;
            &lt;div&gt;
              &lt;label
                class=&quot;block text-sm font-medium mb-1&quot;
                for=&quot;username&quot;
                style=&quot;color: var(--color-light);&quot;
              &gt;
                Username
              &lt;/label&gt;
              &lt;input
                class=&quot;w-full px-3 py-2 border rounded-md focus:outline-none focus:ring-2 focus:ring-primary placeholder:text-gray-400 border-gray-500&quot;
                id=&quot;username&quot;
                name=&quot;username&quot;
                placeholder=&quot;Enter your username&quot;
                type=&quot;text&quot;
                value=&quot;testuser&quot;
              /&gt;
            &lt;/div&gt;
            &lt;div&gt;
              &lt;label
                class=&quot;block text-sm font-medium mb-1&quot;
                for=&quot;password&quot;
                style=&quot;color: var(--color-light);&quot;
              &gt;
                Password
              &lt;/label&gt;
              &lt;div
                class=&quot;relative&quot;
              &gt;
                &lt;input
                  class=&quot;w-full px-3 py-2 border rounded-md focus:outline-none focus:ring-2 focus:ring-primary placeholder:text-gray-400 border-gray-500&quot;
                  id=&quot;password&quot;
                  name=&quot;password&quot;
                  placeholder=&quot;Enter your password&quot;
                  type=&quot;password&quot;
                  value=&quot;wrongpassword&quot;
                /&gt;
                &lt;button
                  class=&quot;absolute right-3 top-1/2 transform -translate-y-1/2 text-gray-500 hover:text-gray-700&quot;
                  type=&quot;button&quot;
                &gt;
                  &lt;svg
                    fill=&quot;currentColor&quot;
                    height=&quot;20&quot;
                    viewBox=&quot;0 0 256 256&quot;
                    width=&quot;20&quot;
                    xmlns=&quot;http://www.w3.org/2000/svg&quot;
                  &gt;
                    &lt;path
                      d=&quot;M247.31,124.76c-.35-.79-8.82-19.58-27.65-38.41C194.57,61.26,162.88,48,128,48S61.43,61.26,36.34,86.35C17.51,105.18,9,124,8.69,124.76a8,8,0,0,0,0,6.5c.35.79,8.82,19.57,27.65,38.4C61.43,194.74,93.12,208,128,208s66.57-13.26,91.66-38.34c18.83-18.83,27.3-37.61,27.65-38.4A8,8,0,0,0,247.31,124.76ZM128,192c-30.78,0-57.67-11.19-79.93-33.25A133.47,133.47,0,0,1,25,128,133.33,133.33,0,0,1,48.07,97.25C70.33,75.19,97.22,64,128,64s57.67,11.19,79.93,33.25A133.46,133.46,0,0,1,231.05,128C223.84,141.46,192.43,192,128,192Zm0-112a48,48,0,1,0,48,48A48.05,48.05,0,0,0,128,80Zm0,80a32,32,0,1,1,32-32A32,32,0,0,1,128,160Z&quot;
                    /&gt;
                  &lt;/svg&gt;
                &lt;/button&gt;
              &lt;/div&gt;
            &lt;/div&gt;
            &lt;button
              class=&quot;nh-button nh-button-primary w-full&quot;
              type=&quot;submit&quot;
            &gt;
              Sign In
            &lt;/button&gt;
          &lt;/form&gt;
          &lt;div
            class=&quot;mt-4 text-center&quot;
          &gt;
            &lt;p
              class=&quot;text-sm text-gray-600 dark:text-gray-400&quot;
            &gt;
              Don&apos;t have an account?
               
              &lt;a
                class=&quot;text-primary hover:text-primary-dark dark:text-primary-light dark:hover:text-primary&quot;
                data-discover=&quot;true&quot;
                href=&quot;/signup&quot;
              &gt;
                Sign up
              &lt;/a&gt;
            &lt;/p&gt;
          &lt;/div&gt;
        &lt;/div&gt;
      &lt;/div&gt;
    &lt;/div&gt;
  &lt;/div&gt;
  &lt;div&gt;
    &lt;div
      class=&quot;py-12&quot;
    &gt;
      &lt;div
        class=&quot;nh-container&quot;
      &gt;
        &lt;div
          class=&quot;max-w-md mx-auto nh-card&quot;
        &gt;
          &lt;div
            class=&quot;text-center mb-4&quot;
          &gt;
            &lt;div
              class=&quot;inline-flex items-center justify-center&quot;
            &gt;
              &lt;svg
                aria-hidden=&quot;true&quot;
                class=&quot;text-primary mr-2 mb-3&quot;
                fill=&quot;currentColor&quot;
                height=&quot;28&quot;
                viewBox=&quot;0 0 256 256&quot;
                width=&quot;28&quot;
                xmlns=&quot;htt...
 ❯ Object.getElementError node_modules/@testing-library/dom/dist/config.js:37:19
 ❯ node_modules/@testing-library/dom/dist/query-helpers.js:76:38
 ❯ node_modules/@testing-library/dom/dist/query-helpers.js:52:17
 ❯ node_modules/@testing-library/dom/dist/query-helpers.js:95:19
 ❯ src/test/pages/foods/Foods.test.tsx:115:23
            </failure>
        </testcase>
        <testcase classname="src/test/pages/foods/Foods.test.tsx" name="Foods Page &gt; displays error message when fetch fails" time="0.015903125">
            <system-out>
API request params: { page: [33m1[39m, search: [32m&apos;&apos;[39m }
API request params: { page: [33m1[39m, search: [32m&apos;&apos;[39m }

            </system-out>
            <system-err>
Error fetching micronutrients: TypeError: __vite_ssr_import_2__.apiClient.getAvailableMicronutrients is not a function
    at fetchMicronutrients [90m(/Users/ardasaygan/Desktop/School_Materials/4th/CMPE 352/bounswe2025group9/frontend/[39msrc/components/CombinedNutrientFilter.tsx:30:42[90m)[39m
    at [90m/Users/ardasaygan/Desktop/School_Materials/4th/CMPE 352/bounswe2025group9/frontend/[39msrc/components/CombinedNutrientFilter.tsx:39:5
    at Object.react_stack_bottom_frame [90m(/Users/ardasaygan/Desktop/School_Materials/4th/CMPE 352/bounswe2025group9/frontend/[39mnode_modules/[4mreact-dom[24m/cjs/react-dom-client.development.js:25989:20[90m)[39m
    at runWithFiberInDEV [90m(/Users/ardasaygan/Desktop/School_Materials/4th/CMPE 352/bounswe2025group9/frontend/[39mnode_modules/[4mreact-dom[24m/cjs/react-dom-client.development.js:874:13[90m)[39m
    at commitHookEffectListMount [90m(/Users/ardasaygan/Desktop/School_Materials/4th/CMPE 352/bounswe2025group9/frontend/[39mnode_modules/[4mreact-dom[24m/cjs/react-dom-client.development.js:13249:29[90m)[39m
    at commitHookPassiveMountEffects [90m(/Users/ardasaygan/Desktop/School_Materials/4th/CMPE 352/bounswe2025group9/frontend/[39mnode_modules/[4mreact-dom[24m/cjs/react-dom-client.development.js:13336:11[90m)[39m
    at commitPassiveMountOnFiber [90m(/Users/ardasaygan/Desktop/School_Materials/4th/CMPE 352/bounswe2025group9/frontend/[39mnode_modules/[4mreact-dom[24m/cjs/react-dom-client.development.js:15484:13[90m)[39m
    at recursivelyTraversePassiveMountEffects [90m(/Users/ardasaygan/Desktop/School_Materials/4th/CMPE 352/bounswe2025group9/frontend/[39mnode_modules/[4mreact-dom[24m/cjs/react-dom-client.development.js:15439:11[90m)[39m
    at commitPassiveMountOnFiber [90m(/Users/ardasaygan/Desktop/School_Materials/4th/CMPE 352/bounswe2025group9/frontend/[39mnode_modules/[4mreact-dom[24m/cjs/react-dom-client.development.js:15718:11[90m)[39m
    at recursivelyTraversePassiveMountEffects [90m(/Users/ardasaygan/Desktop/School_Materials/4th/CMPE 352/bounswe2025group9/frontend/[39mnode_modules/[4mreact-dom[24m/cjs/react-dom-client.development.js:15439:11[90m)[39m
Error fetching foods: Error: Failed to fetch foods
    at [90m/Users/ardasaygan/Desktop/School_Materials/4th/CMPE 352/bounswe2025group9/frontend/[39msrc/test/pages/foods/Foods.test.tsx:121:57
    at [90mfile:///Users/ardasaygan/Desktop/School_Materials/4th/CMPE%20352/bounswe2025group9/frontend/[39mnode_modules/[4m@vitest/runner[24m/dist/chunk-hooks.js:155:11
    at [90mfile:///Users/ardasaygan/Desktop/School_Materials/4th/CMPE%20352/bounswe2025group9/frontend/[39mnode_modules/[4m@vitest/runner[24m/dist/chunk-hooks.js:752:26
    at [90mfile:///Users/ardasaygan/Desktop/School_Materials/4th/CMPE%20352/bounswe2025group9/frontend/[39mnode_modules/[4m@vitest/runner[24m/dist/chunk-hooks.js:1897:20
    at new Promise (&lt;anonymous&gt;)
    at runWithTimeout [90m(file:///Users/ardasaygan/Desktop/School_Materials/4th/CMPE%20352/bounswe2025group9/frontend/[39mnode_modules/[4m@vitest/runner[24m/dist/chunk-hooks.js:1863:10[90m)[39m
    at runTest [90m(file:///Users/ardasaygan/Desktop/School_Materials/4th/CMPE%20352/bounswe2025group9/frontend/[39mnode_modules/[4m@vitest/runner[24m/dist/chunk-hooks.js:1574:12[90m)[39m
    at runSuite [90m(file:///Users/ardasaygan/Desktop/School_Materials/4th/CMPE%20352/bounswe2025group9/frontend/[39mnode_modules/[4m@vitest/runner[24m/dist/chunk-hooks.js:1729:8[90m)[39m
    at runSuite [90m(file:///Users/ardasaygan/Desktop/School_Materials/4th/CMPE%20352/bounswe2025group9/frontend/[39mnode_modules/[4m@vitest/runner[24m/dist/chunk-hooks.js:1729:8[90m)[39m
    at runFiles [90m(file:///Users/ardasaygan/Desktop/School_Materials/4th/CMPE%20352/bounswe2025group9/frontend/[39mnode_modules/[4m@vitest/runner[24m/dist/chunk-hooks.js:1787:3[90m)[39m
Error fetching foods: Error: Failed to fetch foods
    at [90m/Users/ardasaygan/Desktop/School_Materials/4th/CMPE 352/bounswe2025group9/frontend/[39msrc/test/pages/foods/Foods.test.tsx:121:57
    at [90mfile:///Users/ardasaygan/Desktop/School_Materials/4th/CMPE%20352/bounswe2025group9/frontend/[39mnode_modules/[4m@vitest/runner[24m/dist/chunk-hooks.js:155:11
    at [90mfile:///Users/ardasaygan/Desktop/School_Materials/4th/CMPE%20352/bounswe2025group9/frontend/[39mnode_modules/[4m@vitest/runner[24m/dist/chunk-hooks.js:752:26
    at [90mfile:///Users/ardasaygan/Desktop/School_Materials/4th/CMPE%20352/bounswe2025group9/frontend/[39mnode_modules/[4m@vitest/runner[24m/dist/chunk-hooks.js:1897:20
    at new Promise (&lt;anonymous&gt;)
    at runWithTimeout [90m(file:///Users/ardasaygan/Desktop/School_Materials/4th/CMPE%20352/bounswe2025group9/frontend/[39mnode_modules/[4m@vitest/runner[24m/dist/chunk-hooks.js:1863:10[90m)[39m
    at runTest [90m(file:///Users/ardasaygan/Desktop/School_Materials/4th/CMPE%20352/bounswe2025group9/frontend/[39mnode_modules/[4m@vitest/runner[24m/dist/chunk-hooks.js:1574:12[90m)[39m
    at runSuite [90m(file:///Users/ardasaygan/Desktop/School_Materials/4th/CMPE%20352/bounswe2025group9/frontend/[39mnode_modules/[4m@vitest/runner[24m/dist/chunk-hooks.js:1729:8[90m)[39m
    at runSuite [90m(file:///Users/ardasaygan/Desktop/School_Materials/4th/CMPE%20352/bounswe2025group9/frontend/[39mnode_modules/[4m@vitest/runner[24m/dist/chunk-hooks.js:1729:8[90m)[39m
    at runFiles [90m(file:///Users/ardasaygan/Desktop/School_Materials/4th/CMPE%20352/bounswe2025group9/frontend/[39mnode_modules/[4m@vitest/runner[24m/dist/chunk-hooks.js:1787:3[90m)[39m

            </system-err>
        </testcase>
        <testcase classname="src/test/pages/foods/Foods.test.tsx" name="Foods Page &gt; calls getFoods on component mount" time="0.014259583">
            <system-out>
API request params: { page: [33m1[39m, search: [32m&apos;&apos;[39m }
API request params: { page: [33m1[39m, search: [32m&apos;&apos;[39m }
Fetched foods: { results: [], count: [33m0[39m, next: [1mnull[22m, previous: [1mnull[22m, status: [33m200[39m }
Fetched foods: { results: [], count: [33m0[39m, next: [1mnull[22m, previous: [1mnull[22m, status: [33m200[39m }

            </system-out>
            <system-err>
Error fetching micronutrients: TypeError: __vite_ssr_import_2__.apiClient.getAvailableMicronutrients is not a function
    at fetchMicronutrients [90m(/Users/ardasaygan/Desktop/School_Materials/4th/CMPE 352/bounswe2025group9/frontend/[39msrc/components/CombinedNutrientFilter.tsx:30:42[90m)[39m
    at [90m/Users/ardasaygan/Desktop/School_Materials/4th/CMPE 352/bounswe2025group9/frontend/[39msrc/components/CombinedNutrientFilter.tsx:39:5
    at Object.react_stack_bottom_frame [90m(/Users/ardasaygan/Desktop/School_Materials/4th/CMPE 352/bounswe2025group9/frontend/[39mnode_modules/[4mreact-dom[24m/cjs/react-dom-client.development.js:25989:20[90m)[39m
    at runWithFiberInDEV [90m(/Users/ardasaygan/Desktop/School_Materials/4th/CMPE 352/bounswe2025group9/frontend/[39mnode_modules/[4mreact-dom[24m/cjs/react-dom-client.development.js:874:13[90m)[39m
    at commitHookEffectListMount [90m(/Users/ardasaygan/Desktop/School_Materials/4th/CMPE 352/bounswe2025group9/frontend/[39mnode_modules/[4mreact-dom[24m/cjs/react-dom-client.development.js:13249:29[90m)[39m
    at commitHookPassiveMountEffects [90m(/Users/ardasaygan/Desktop/School_Materials/4th/CMPE 352/bounswe2025group9/frontend/[39mnode_modules/[4mreact-dom[24m/cjs/react-dom-client.development.js:13336:11[90m)[39m
    at commitPassiveMountOnFiber [90m(/Users/ardasaygan/Desktop/School_Materials/4th/CMPE 352/bounswe2025group9/frontend/[39mnode_modules/[4mreact-dom[24m/cjs/react-dom-client.development.js:15484:13[90m)[39m
    at recursivelyTraversePassiveMountEffects [90m(/Users/ardasaygan/Desktop/School_Materials/4th/CMPE 352/bounswe2025group9/frontend/[39mnode_modules/[4mreact-dom[24m/cjs/react-dom-client.development.js:15439:11[90m)[39m
    at commitPassiveMountOnFiber [90m(/Users/ardasaygan/Desktop/School_Materials/4th/CMPE 352/bounswe2025group9/frontend/[39mnode_modules/[4mreact-dom[24m/cjs/react-dom-client.development.js:15718:11[90m)[39m
    at recursivelyTraversePassiveMountEffects [90m(/Users/ardasaygan/Desktop/School_Materials/4th/CMPE 352/bounswe2025group9/frontend/[39mnode_modules/[4mreact-dom[24m/cjs/react-dom-client.development.js:15439:11[90m)[39m

            </system-err>
        </testcase>
    </testsuite>
</testsuites>
