{"C:\\sweWorkspace\\bounswe2025group9\\mobile\\nutrihub\\App.tsx": {"path":"C:\\sweWorkspace\\bounswe2025group9\\mobile\\nutrihub\\App.tsx","statementMap":{"0":{"start":{"line":33,"column":24},"end":{"line":52,"column":4}},"1":{"start":{"line":54,"column":2},"end":{"line":61,"column":3}},"2":{"start":{"line":55,"column":4},"end":{"line":60,"column":6}},"3":{"start":{"line":63,"column":2},"end":{"line":76,"column":4}}},"fnMap":{"0":{"name":"App","decl":{"start":{"line":32,"column":24},"end":{"line":32,"column":27}},"loc":{"start":{"line":32,"column":30},"end":{"line":77,"column":1}},"line":32}},"branchMap":{"0":{"loc":{"start":{"line":54,"column":2},"end":{"line":61,"column":3}},"type":"if","locations":[{"start":{"line":54,"column":2},"end":{"line":61,"column":3}},{"start":{},"end":{}}],"line":54}},"s":{"0":0,"1":0,"2":0,"3":0},"f":{"0":0},"b":{"0":[0,0]}}
,"C:\\sweWorkspace\\bounswe2025group9\\mobile\\nutrihub\\index.ts": {"path":"C:\\sweWorkspace\\bounswe2025group9\\mobile\\nutrihub\\index.ts","statementMap":{"0":{"start":{"line":8,"column":0},"end":{"line":8,"column":27}}},"fnMap":{},"branchMap":{},"s":{"0":0},"f":{},"b":{}}
,"C:\\sweWorkspace\\bounswe2025group9\\mobile\\nutrihub\\jest.config.js": {"path":"C:\\sweWorkspace\\bounswe2025group9\\mobile\\nutrihub\\jest.config.js","statementMap":{"0":{"start":{"line":1,"column":0},"end":{"line":22,"column":2}}},"fnMap":{},"branchMap":{},"s":{"0":0},"f":{},"b":{}}
,"C:\\sweWorkspace\\bounswe2025group9\\mobile\\nutrihub\\src\\components\\common\\Button.tsx": {"path":"C:\\sweWorkspace\\bounswe2025group9\\mobile\\nutrihub\\src\\components\\common\\Button.tsx","statementMap":{"0":{"start":{"line":133,"column":38},"end":{"line":334,"column":1}},"1":{"start":{"line":149,"column":31},"end":{"line":149,"column":41}},"2":{"start":{"line":152,"column":25},"end":{"line":207,"column":3}},"3":{"start":{"line":153,"column":33},"end":{"line":155,"column":5}},"4":{"start":{"line":158,"column":4},"end":{"line":181,"column":5}},"5":{"start":{"line":160,"column":8},"end":{"line":160,"column":52}},"6":{"start":{"line":161,"column":8},"end":{"line":161,"column":14}},"7":{"start":{"line":163,"column":8},"end":{"line":163,"column":54}},"8":{"start":{"line":164,"column":8},"end":{"line":164,"column":14}},"9":{"start":{"line":166,"column":8},"end":{"line":166,"column":52}},"10":{"start":{"line":167,"column":8},"end":{"line":167,"column":36}},"11":{"start":{"line":168,"column":8},"end":{"line":168,"column":47}},"12":{"start":{"line":169,"column":8},"end":{"line":169,"column":14}},"13":{"start":{"line":171,"column":8},"end":{"line":171,"column":50}},"14":{"start":{"line":172,"column":8},"end":{"line":172,"column":14}},"15":{"start":{"line":174,"column":8},"end":{"line":174,"column":52}},"16":{"start":{"line":175,"column":8},"end":{"line":175,"column":14}},"17":{"start":{"line":177,"column":8},"end":{"line":177,"column":52}},"18":{"start":{"line":178,"column":8},"end":{"line":178,"column":14}},"19":{"start":{"line":180,"column":8},"end":{"line":180,"column":52}},"20":{"start":{"line":184,"column":4},"end":{"line":199,"column":5}},"21":{"start":{"line":186,"column":8},"end":{"line":186,"column":49}},"22":{"start":{"line":187,"column":8},"end":{"line":187,"column":51}},"23":{"start":{"line":188,"column":8},"end":{"line":188,"column":52}},"24":{"start":{"line":189,"column":8},"end":{"line":189,"column":14}},"25":{"start":{"line":191,"column":8},"end":{"line":191,"column":49}},"26":{"start":{"line":192,"column":8},"end":{"line":192,"column":51}},"27":{"start":{"line":193,"column":8},"end":{"line":193,"column":52}},"28":{"start":{"line":194,"column":8},"end":{"line":194,"column":14}},"29":{"start":{"line":196,"column":8},"end":{"line":196,"column":49}},"30":{"start":{"line":197,"column":8},"end":{"line":197,"column":51}},"31":{"start":{"line":198,"column":8},"end":{"line":198,"column":52}},"32":{"start":{"line":202,"column":4},"end":{"line":204,"column":5}},"33":{"start":{"line":203,"column":6},"end":{"line":203,"column":33}},"34":{"start":{"line":206,"column":4},"end":{"line":206,"column":23}},"35":{"start":{"line":210,"column":23},"end":{"line":247,"column":3}},"36":{"start":{"line":211,"column":23},"end":{"line":215,"column":5}},"37":{"start":{"line":217,"column":35},"end":{"line":220,"column":5}},"38":{"start":{"line":223,"column":4},"end":{"line":244,"column":5}},"39":{"start":{"line":225,"column":8},"end":{"line":225,"column":54}},"40":{"start":{"line":226,"column":8},"end":{"line":226,"column":14}},"41":{"start":{"line":228,"column":8},"end":{"line":230,"column":37}},"42":{"start":{"line":231,"column":8},"end":{"line":231,"column":14}},"43":{"start":{"line":233,"column":8},"end":{"line":233,"column":53}},"44":{"start":{"line":234,"column":8},"end":{"line":234,"column":14}},"45":{"start":{"line":236,"column":8},"end":{"line":236,"column":55}},"46":{"start":{"line":237,"column":8},"end":{"line":237,"column":14}},"47":{"start":{"line":240,"column":8},"end":{"line":240,"column":44}},"48":{"start":{"line":241,"column":8},"end":{"line":241,"column":14}},"49":{"start":{"line":243,"column":8},"end":{"line":243,"column":54}},"50":{"start":{"line":246,"column":4},"end":{"line":246,"column":25}},"51":{"start":{"line":250,"column":23},"end":{"line":268,"column":3}},"52":{"start":{"line":251,"column":4},"end":{"line":267,"column":5}},"53":{"start":{"line":253,"column":8},"end":{"line":253,"column":39}},"54":{"start":{"line":255,"column":8},"end":{"line":257,"column":37}},"55":{"start":{"line":259,"column":8},"end":{"line":259,"column":38}},"56":{"start":{"line":261,"column":8},"end":{"line":261,"column":40}},"57":{"start":{"line":264,"column":8},"end":{"line":264,"column":29}},"58":{"start":{"line":266,"column":8},"end":{"line":266,"column":39}},"59":{"start":{"line":271,"column":22},"end":{"line":280,"column":3}},"60":{"start":{"line":272,"column":4},"end":{"line":279,"column":5}},"61":{"start":{"line":274,"column":8},"end":{"line":274,"column":18}},"62":{"start":{"line":276,"column":8},"end":{"line":276,"column":18}},"63":{"start":{"line":278,"column":8},"end":{"line":278,"column":18}},"64":{"start":{"line":283,"column":21},"end":{"line":294,"column":3}},"65":{"start":{"line":284,"column":4},"end":{"line":284,"column":31}},"66":{"start":{"line":284,"column":19},"end":{"line":284,"column":31}},"67":{"start":{"line":286,"column":4},"end":{"line":293,"column":6}},"68":{"start":{"line":296,"column":2},"end":{"line":333,"column":4}},"69":{"start":{"line":336,"column":15},"end":{"line":355,"column":2}}},"fnMap":{"0":{"name":"(anonymous_0)","decl":{"start":{"line":133,"column":38},"end":{"line":133,"column":39}},"loc":{"start":{"line":148,"column":6},"end":{"line":334,"column":1}},"line":148},"1":{"name":"(anonymous_1)","decl":{"start":{"line":152,"column":25},"end":{"line":152,"column":26}},"loc":{"start":{"line":152,"column":42},"end":{"line":207,"column":3}},"line":152},"2":{"name":"(anonymous_2)","decl":{"start":{"line":210,"column":23},"end":{"line":210,"column":24}},"loc":{"start":{"line":210,"column":40},"end":{"line":247,"column":3}},"line":210},"3":{"name":"(anonymous_3)","decl":{"start":{"line":250,"column":23},"end":{"line":250,"column":24}},"loc":{"start":{"line":250,"column":37},"end":{"line":268,"column":3}},"line":250},"4":{"name":"(anonymous_4)","decl":{"start":{"line":271,"column":22},"end":{"line":271,"column":23}},"loc":{"start":{"line":271,"column":36},"end":{"line":280,"column":3}},"line":271},"5":{"name":"(anonymous_5)","decl":{"start":{"line":283,"column":21},"end":{"line":283,"column":22}},"loc":{"start":{"line":283,"column":27},"end":{"line":294,"column":3}},"line":283}},"branchMap":{"0":{"loc":{"start":{"line":136,"column":2},"end":{"line":136,"column":21}},"type":"default-arg","locations":[{"start":{"line":136,"column":12},"end":{"line":136,"column":21}}],"line":136},"1":{"loc":{"start":{"line":137,"column":2},"end":{"line":137,"column":18}},"type":"default-arg","locations":[{"start":{"line":137,"column":9},"end":{"line":137,"column":18}}],"line":137},"2":{"loc":{"start":{"line":138,"column":2},"end":{"line":138,"column":19}},"type":"default-arg","locations":[{"start":{"line":138,"column":14},"end":{"line":138,"column":19}}],"line":138},"3":{"loc":{"start":{"line":141,"column":2},"end":{"line":141,"column":18}},"type":"default-arg","locations":[{"start":{"line":141,"column":13},"end":{"line":141,"column":18}}],"line":141},"4":{"loc":{"start":{"line":142,"column":2},"end":{"line":142,"column":17}},"type":"default-arg","locations":[{"start":{"line":142,"column":12},"end":{"line":142,"column":17}}],"line":142},"5":{"loc":{"start":{"line":144,"column":2},"end":{"line":144,"column":23}},"type":"default-arg","locations":[{"start":{"line":144,"column":17},"end":{"line":144,"column":23}}],"line":144},"6":{"loc":{"start":{"line":154,"column":15},"end":{"line":154,"column":33}},"type":"cond-expr","locations":[{"start":{"line":154,"column":26},"end":{"line":154,"column":29}},{"start":{"line":154,"column":32},"end":{"line":154,"column":33}}],"line":154},"7":{"loc":{"start":{"line":158,"column":4},"end":{"line":181,"column":5}},"type":"switch","locations":[{"start":{"line":159,"column":6},"end":{"line":161,"column":14}},{"start":{"line":162,"column":6},"end":{"line":164,"column":14}},{"start":{"line":165,"column":6},"end":{"line":169,"column":14}},{"start":{"line":170,"column":6},"end":{"line":172,"column":14}},{"start":{"line":173,"column":6},"end":{"line":175,"column":14}},{"start":{"line":176,"column":6},"end":{"line":178,"column":14}},{"start":{"line":179,"column":6},"end":{"line":180,"column":52}}],"line":158},"8":{"loc":{"start":{"line":184,"column":4},"end":{"line":199,"column":5}},"type":"switch","locations":[{"start":{"line":185,"column":6},"end":{"line":189,"column":14}},{"start":{"line":190,"column":6},"end":{"line":194,"column":14}},{"start":{"line":195,"column":6},"end":{"line":198,"column":52}}],"line":184},"9":{"loc":{"start":{"line":202,"column":4},"end":{"line":204,"column":5}},"type":"if","locations":[{"start":{"line":202,"column":4},"end":{"line":204,"column":5}},{"start":{},"end":{}}],"line":202},"10":{"loc":{"start":{"line":223,"column":4},"end":{"line":244,"column":5}},"type":"switch","locations":[{"start":{"line":224,"column":6},"end":{"line":226,"column":14}},{"start":{"line":227,"column":6},"end":{"line":231,"column":14}},{"start":{"line":232,"column":6},"end":{"line":234,"column":14}},{"start":{"line":235,"column":6},"end":{"line":237,"column":14}},{"start":{"line":238,"column":6},"end":{"line":238,"column":21}},{"start":{"line":239,"column":6},"end":{"line":241,"column":14}},{"start":{"line":242,"column":6},"end":{"line":243,"column":54}}],"line":223},"11":{"loc":{"start":{"line":228,"column":30},"end":{"line":230,"column":36}},"type":"cond-expr","locations":[{"start":{"line":229,"column":12},"end":{"line":229,"column":33}},{"start":{"line":230,"column":12},"end":{"line":230,"column":36}}],"line":228},"12":{"loc":{"start":{"line":251,"column":4},"end":{"line":267,"column":5}},"type":"switch","locations":[{"start":{"line":252,"column":6},"end":{"line":253,"column":39}},{"start":{"line":254,"column":6},"end":{"line":257,"column":37}},{"start":{"line":258,"column":6},"end":{"line":259,"column":38}},{"start":{"line":260,"column":6},"end":{"line":261,"column":40}},{"start":{"line":262,"column":6},"end":{"line":262,"column":21}},{"start":{"line":263,"column":6},"end":{"line":264,"column":29}},{"start":{"line":265,"column":6},"end":{"line":266,"column":39}}],"line":251},"13":{"loc":{"start":{"line":255,"column":15},"end":{"line":257,"column":36}},"type":"cond-expr","locations":[{"start":{"line":256,"column":12},"end":{"line":256,"column":33}},{"start":{"line":257,"column":12},"end":{"line":257,"column":36}}],"line":255},"14":{"loc":{"start":{"line":272,"column":4},"end":{"line":279,"column":5}},"type":"switch","locations":[{"start":{"line":273,"column":6},"end":{"line":274,"column":18}},{"start":{"line":275,"column":6},"end":{"line":276,"column":18}},{"start":{"line":277,"column":6},"end":{"line":278,"column":18}}],"line":272},"15":{"loc":{"start":{"line":284,"column":4},"end":{"line":284,"column":31}},"type":"if","locations":[{"start":{"line":284,"column":4},"end":{"line":284,"column":31}},{"start":{},"end":{}}],"line":284},"16":{"loc":{"start":{"line":291,"column":15},"end":{"line":291,"column":75}},"type":"cond-expr","locations":[{"start":{"line":291,"column":41},"end":{"line":291,"column":56}},{"start":{"line":291,"column":59},"end":{"line":291,"column":75}}],"line":291},"17":{"loc":{"start":{"line":300,"column":16},"end":{"line":300,"column":35}},"type":"binary-expr","locations":[{"start":{"line":300,"column":16},"end":{"line":300,"column":24}},{"start":{"line":300,"column":28},"end":{"line":300,"column":35}}],"line":300},"18":{"loc":{"start":{"line":303,"column":38},"end":{"line":303,"column":57}},"type":"binary-expr","locations":[{"start":{"line":303,"column":38},"end":{"line":303,"column":46}},{"start":{"line":303,"column":50},"end":{"line":303,"column":57}}],"line":303},"19":{"loc":{"start":{"line":307,"column":7},"end":{"line":331,"column":7}},"type":"cond-expr","locations":[{"start":{"line":308,"column":8},"end":{"line":308,"column":16}},{"start":{"line":310,"column":8},"end":{"line":330,"column":15}}],"line":307},"20":{"loc":{"start":{"line":311,"column":11},"end":{"line":329,"column":11}},"type":"cond-expr","locations":[{"start":{"line":312,"column":12},"end":{"line":315,"column":14}},{"start":{"line":317,"column":12},"end":{"line":328,"column":15}}],"line":311},"21":{"loc":{"start":{"line":313,"column":20},"end":{"line":313,"column":56}},"type":"cond-expr","locations":[{"start":{"line":313,"column":39},"end":{"line":313,"column":46}},{"start":{"line":313,"column":49},"end":{"line":313,"column":56}}],"line":313},"22":{"loc":{"start":{"line":318,"column":15},"end":{"line":318,"column":54}},"type":"binary-expr","locations":[{"start":{"line":318,"column":15},"end":{"line":318,"column":38}},{"start":{"line":318,"column":42},"end":{"line":318,"column":54}}],"line":318},"23":{"loc":{"start":{"line":319,"column":15},"end":{"line":326,"column":15}},"type":"binary-expr","locations":[{"start":{"line":319,"column":15},"end":{"line":319,"column":20}},{"start":{"line":320,"column":16},"end":{"line":325,"column":23}}],"line":319},"24":{"loc":{"start":{"line":327,"column":15},"end":{"line":327,"column":55}},"type":"binary-expr","locations":[{"start":{"line":327,"column":15},"end":{"line":327,"column":39}},{"start":{"line":327,"column":43},"end":{"line":327,"column":55}}],"line":327}},"s":{"0":1,"1":7,"2":7,"3":7,"4":7,"5":5,"6":5,"7":1,"8":1,"9":1,"10":1,"11":1,"12":1,"13":0,"14":0,"15":0,"16":0,"17":0,"18":0,"19":0,"20":7,"21":0,"22":0,"23":0,"24":0,"25":0,"26":0,"27":0,"28":0,"29":7,"30":7,"31":7,"32":7,"33":0,"34":7,"35":7,"36":6,"37":6,"38":6,"39":4,"40":4,"41":1,"42":1,"43":0,"44":0,"45":0,"46":0,"47":1,"48":1,"49":0,"50":6,"51":7,"52":1,"53":1,"54":0,"55":0,"56":0,"57":0,"58":0,"59":7,"60":0,"61":0,"62":0,"63":0,"64":7,"65":6,"66":6,"67":0,"68":7,"69":1},"f":{"0":7,"1":7,"2":6,"3":1,"4":0,"5":6},"b":{"0":[4],"1":[7],"2":[7],"3":[6],"4":[6],"5":[7],"6":[1,6],"7":[5,1,1,0,0,0,0],"8":[0,0,7],"9":[0,7],"10":[4,1,0,0,1,1,0],"11":[0,1],"12":[1,0,0,0,0,0,0],"13":[0,0],"14":[0,0,0],"15":[6,0],"16":[0,0],"17":[7,6],"18":[7,6],"19":[0,7],"20":[1,6],"21":[0,1],"22":[6,6],"23":[6,6],"24":[6,0]},"_coverageSchema":"1a1c01bbd47fc00a2c39e90264f33305004495a9","hash":"d6420105ac197fcd3a130a675bc28a9afd9235b1"}
,"C:\\sweWorkspace\\bounswe2025group9\\mobile\\nutrihub\\src\\components\\common\\Card.tsx": {"path":"C:\\sweWorkspace\\bounswe2025group9\\mobile\\nutrihub\\src\\components\\common\\Card.tsx","statementMap":{"0":{"start":{"line":111,"column":34},"end":{"line":182,"column":1}},"1":{"start":{"line":124,"column":20},"end":{"line":124,"column":30}},"2":{"start":{"line":127,"column":25},"end":{"line":135,"column":3}},"3":{"start":{"line":138,"column":24},"end":{"line":159,"column":3}},"4":{"start":{"line":139,"column":4},"end":{"line":158,"column":7}},"5":{"start":{"line":162,"column":2},"end":{"line":174,"column":3}},"6":{"start":{"line":163,"column":4},"end":{"line":173,"column":6}},"7":{"start":{"line":177,"column":2},"end":{"line":181,"column":4}},"8":{"start":{"line":184,"column":15},"end":{"line":202,"column":2}}},"fnMap":{"0":{"name":"(anonymous_0)","decl":{"start":{"line":111,"column":34},"end":{"line":111,"column":35}},"loc":{"start":{"line":123,"column":6},"end":{"line":182,"column":1}},"line":123},"1":{"name":"(anonymous_1)","decl":{"start":{"line":138,"column":24},"end":{"line":138,"column":25}},"loc":{"start":{"line":139,"column":4},"end":{"line":158,"column":7}},"line":139}},"branchMap":{"0":{"loc":{"start":{"line":120,"column":2},"end":{"line":120,"column":17}},"type":"default-arg","locations":[{"start":{"line":120,"column":13},"end":{"line":120,"column":17}}],"line":120},"1":{"loc":{"start":{"line":121,"column":2},"end":{"line":121,"column":30}},"type":"default-arg","locations":[{"start":{"line":121,"column":25},"end":{"line":121,"column":30}}],"line":121},"2":{"loc":{"start":{"line":133,"column":4},"end":{"line":133,"column":29}},"type":"binary-expr","locations":[{"start":{"line":133,"column":4},"end":{"line":133,"column":12}},{"start":{"line":133,"column":16},"end":{"line":133,"column":29}}],"line":133},"3":{"loc":{"start":{"line":141,"column":7},"end":{"line":145,"column":7}},"type":"binary-expr","locations":[{"start":{"line":141,"column":7},"end":{"line":141,"column":13}},{"start":{"line":142,"column":8},"end":{"line":144,"column":15}}],"line":141},"4":{"loc":{"start":{"line":153,"column":7},"end":{"line":157,"column":7}},"type":"binary-expr","locations":[{"start":{"line":153,"column":7},"end":{"line":153,"column":13}},{"start":{"line":154,"column":8},"end":{"line":156,"column":15}}],"line":153},"5":{"loc":{"start":{"line":162,"column":2},"end":{"line":174,"column":3}},"type":"if","locations":[{"start":{"line":162,"column":2},"end":{"line":174,"column":3}},{"start":{},"end":{}}],"line":162},"6":{"loc":{"start":{"line":167,"column":23},"end":{"line":167,"column":53}},"type":"cond-expr","locations":[{"start":{"line":167,"column":46},"end":{"line":167,"column":47}},{"start":{"line":167,"column":50},"end":{"line":167,"column":53}}],"line":167}},"s":{"0":0,"1":0,"2":0,"3":0,"4":0,"5":0,"6":0,"7":0,"8":0},"f":{"0":0,"1":0},"b":{"0":[0],"1":[0],"2":[0,0],"3":[0,0],"4":[0,0],"5":[0,0],"6":[0,0]}}
,"C:\\sweWorkspace\\bounswe2025group9\\mobile\\nutrihub\\src\\components\\common\\FeatureCard.tsx": {"path":"C:\\sweWorkspace\\bounswe2025group9\\mobile\\nutrihub\\src\\components\\common\\FeatureCard.tsx","statementMap":{"0":{"start":{"line":18,"column":48},"end":{"line":32,"column":1}},"1":{"start":{"line":19,"column":32},"end":{"line":19,"column":42}},"2":{"start":{"line":21,"column":2},"end":{"line":31,"column":4}},"3":{"start":{"line":34,"column":15},"end":{"line":55,"column":2}}},"fnMap":{"0":{"name":"(anonymous_0)","decl":{"start":{"line":18,"column":48},"end":{"line":18,"column":49}},"loc":{"start":{"line":18,"column":86},"end":{"line":32,"column":1}},"line":18}},"branchMap":{},"s":{"0":0,"1":0,"2":0,"3":0},"f":{"0":0},"b":{}}
,"C:\\sweWorkspace\\bounswe2025group9\\mobile\\nutrihub\\src\\components\\common\\TextInput.tsx": {"path":"C:\\sweWorkspace\\bounswe2025group9\\mobile\\nutrihub\\src\\components\\common\\TextInput.tsx","statementMap":{"0":{"start":{"line":129,"column":44},"end":{"line":247,"column":1}},"1":{"start":{"line":145,"column":32},"end":{"line":145,"column":42}},"2":{"start":{"line":146,"column":56},"end":{"line":146,"column":82}},"3":{"start":{"line":149,"column":37},"end":{"line":151,"column":3}},"4":{"start":{"line":150,"column":4},"end":{"line":150,"column":42}},"5":{"start":{"line":150,"column":35},"end":{"line":150,"column":40}},"6":{"start":{"line":154,"column":22},"end":{"line":158,"column":3}},"7":{"start":{"line":155,"column":4},"end":{"line":157,"column":5}},"8":{"start":{"line":156,"column":6},"end":{"line":156,"column":16}},"9":{"start":{"line":160,"column":2},"end":{"line":246,"column":2}},"10":{"start":{"line":249,"column":15},"end":{"line":284,"column":2}}},"fnMap":{"0":{"name":"(anonymous_0)","decl":{"start":{"line":129,"column":44},"end":{"line":129,"column":45}},"loc":{"start":{"line":144,"column":6},"end":{"line":247,"column":1}},"line":144},"1":{"name":"(anonymous_1)","decl":{"start":{"line":149,"column":37},"end":{"line":149,"column":38}},"loc":{"start":{"line":149,"column":43},"end":{"line":151,"column":3}},"line":149},"2":{"name":"(anonymous_2)","decl":{"start":{"line":150,"column":27},"end":{"line":150,"column":28}},"loc":{"start":{"line":150,"column":35},"end":{"line":150,"column":40}},"line":150},"3":{"name":"(anonymous_3)","decl":{"start":{"line":154,"column":22},"end":{"line":154,"column":23}},"loc":{"start":{"line":154,"column":28},"end":{"line":158,"column":3}},"line":154}},"branchMap":{"0":{"loc":{"start":{"line":136,"column":2},"end":{"line":136,"column":25}},"type":"default-arg","locations":[{"start":{"line":136,"column":20},"end":{"line":136,"column":25}}],"line":136},"1":{"loc":{"start":{"line":137,"column":2},"end":{"line":137,"column":27}},"type":"default-arg","locations":[{"start":{"line":137,"column":22},"end":{"line":137,"column":27}}],"line":137},"2":{"loc":{"start":{"line":140,"column":2},"end":{"line":140,"column":21}},"type":"default-arg","locations":[{"start":{"line":140,"column":16},"end":{"line":140,"column":21}}],"line":140},"3":{"loc":{"start":{"line":155,"column":4},"end":{"line":157,"column":5}},"type":"if","locations":[{"start":{"line":155,"column":4},"end":{"line":157,"column":5}},{"start":{},"end":{}}],"line":155},"4":{"loc":{"start":{"line":163,"column":7},"end":{"line":173,"column":7}},"type":"binary-expr","locations":[{"start":{"line":163,"column":7},"end":{"line":163,"column":12}},{"start":{"line":164,"column":8},"end":{"line":172,"column":15}}],"line":163},"5":{"loc":{"start":{"line":181,"column":23},"end":{"line":181,"column":57}},"type":"cond-expr","locations":[{"start":{"line":181,"column":31},"end":{"line":181,"column":42}},{"start":{"line":181,"column":45},"end":{"line":181,"column":57}}],"line":181},"6":{"loc":{"start":{"line":186,"column":7},"end":{"line":193,"column":7}},"type":"binary-expr","locations":[{"start":{"line":186,"column":7},"end":{"line":186,"column":15}},{"start":{"line":187,"column":8},"end":{"line":192,"column":10}}],"line":186},"7":{"loc":{"start":{"line":203,"column":25},"end":{"line":203,"column":64}},"type":"binary-expr","locations":[{"start":{"line":203,"column":25},"end":{"line":203,"column":40}},{"start":{"line":203,"column":44},"end":{"line":203,"column":64}}],"line":203},"8":{"loc":{"start":{"line":212,"column":9},"end":{"line":216,"column":9}},"type":"binary-expr","locations":[{"start":{"line":212,"column":9},"end":{"line":212,"column":20}},{"start":{"line":212,"column":24},"end":{"line":212,"column":29}},{"start":{"line":212,"column":33},"end":{"line":212,"column":49}},{"start":{"line":213,"column":10},"end":{"line":215,"column":29}}],"line":212},"9":{"loc":{"start":{"line":219,"column":9},"end":{"line":227,"column":9}},"type":"binary-expr","locations":[{"start":{"line":219,"column":9},"end":{"line":219,"column":24}},{"start":{"line":219,"column":28},"end":{"line":219,"column":45}},{"start":{"line":220,"column":10},"end":{"line":226,"column":29}}],"line":219},"10":{"loc":{"start":{"line":222,"column":20},"end":{"line":222,"column":59}},"type":"cond-expr","locations":[{"start":{"line":222,"column":42},"end":{"line":222,"column":51}},{"start":{"line":222,"column":54},"end":{"line":222,"column":59}}],"line":222},"11":{"loc":{"start":{"line":232,"column":5},"end":{"line":244,"column":5}},"type":"binary-expr","locations":[{"start":{"line":232,"column":6},"end":{"line":232,"column":16}},{"start":{"line":232,"column":20},"end":{"line":232,"column":25}},{"start":{"line":233,"column":6},"end":{"line":243,"column":13}}],"line":232},"12":{"loc":{"start":{"line":237,"column":19},"end":{"line":237,"column":60}},"type":"cond-expr","locations":[{"start":{"line":237,"column":27},"end":{"line":237,"column":38}},{"start":{"line":237,"column":41},"end":{"line":237,"column":60}}],"line":237},"13":{"loc":{"start":{"line":238,"column":24},"end":{"line":238,"column":45}},"type":"cond-expr","locations":[{"start":{"line":238,"column":32},"end":{"line":238,"column":37}},{"start":{"line":238,"column":40},"end":{"line":238,"column":45}}],"line":238},"14":{"loc":{"start":{"line":242,"column":9},"end":{"line":242,"column":28}},"type":"binary-expr","locations":[{"start":{"line":242,"column":9},"end":{"line":242,"column":14}},{"start":{"line":242,"column":18},"end":{"line":242,"column":28}}],"line":242}},"s":{"0":1,"1":4,"2":4,"3":4,"4":0,"5":0,"6":4,"7":0,"8":0,"9":4,"10":1},"f":{"0":4,"1":0,"2":0,"3":0},"b":{"0":[4],"1":[4],"2":[4],"3":[0,0],"4":[4,4],"5":[1,3],"6":[4,0],"7":[4,0],"8":[4,0,0,0],"9":[4,0,0],"10":[0,0],"11":[4,3,2],"12":[1,1],"13":[1,1],"14":[2,1]},"_coverageSchema":"1a1c01bbd47fc00a2c39e90264f33305004495a9","hash":"4290f101d05776350d2b99cb396450a7336ea10c"}
,"C:\\sweWorkspace\\bounswe2025group9\\mobile\\nutrihub\\src\\components\\food\\FoodDetailModal.tsx": {"path":"C:\\sweWorkspace\\bounswe2025group9\\mobile\\nutrihub\\src\\components\\food\\FoodDetailModal.tsx","statementMap":{"0":{"start":{"line":51,"column":56},"end":{"line":292,"column":1}},"1":{"start":{"line":57,"column":32},"end":{"line":57,"column":42}},"2":{"start":{"line":59,"column":2},"end":{"line":59,"column":25}},"3":{"start":{"line":59,"column":13},"end":{"line":59,"column":25}},"4":{"start":{"line":62,"column":33},"end":{"line":68,"column":3}},"5":{"start":{"line":63,"column":4},"end":{"line":63,"column":43}},"6":{"start":{"line":63,"column":16},"end":{"line":63,"column":43}},"7":{"start":{"line":65,"column":4},"end":{"line":65,"column":41}},"8":{"start":{"line":65,"column":20},"end":{"line":65,"column":41}},"9":{"start":{"line":66,"column":4},"end":{"line":66,"column":41}},"10":{"start":{"line":66,"column":20},"end":{"line":66,"column":41}},"11":{"start":{"line":67,"column":4},"end":{"line":67,"column":23}},"12":{"start":{"line":71,"column":35},"end":{"line":74,"column":3}},"13":{"start":{"line":72,"column":18},"end":{"line":72,"column":47}},"14":{"start":{"line":73,"column":4},"end":{"line":73,"column":24}},"15":{"start":{"line":77,"column":27},"end":{"line":89,"column":3}},"16":{"start":{"line":78,"column":4},"end":{"line":88,"column":11}},"17":{"start":{"line":92,"column":32},"end":{"line":105,"column":3}},"18":{"start":{"line":93,"column":4},"end":{"line":104,"column":11}},"19":{"start":{"line":107,"column":2},"end":{"line":291,"column":4}},"20":{"start":{"line":265,"column":61},"end":{"line":265,"column":89}},"21":{"start":{"line":281,"column":63},"end":{"line":281,"column":101}},"22":{"start":{"line":294,"column":33},"end":{"line":294,"column":57}},"23":{"start":{"line":296,"column":15},"end":{"line":480,"column":2}}},"fnMap":{"0":{"name":"(anonymous_0)","decl":{"start":{"line":51,"column":56},"end":{"line":51,"column":57}},"loc":{"start":{"line":56,"column":6},"end":{"line":292,"column":1}},"line":56},"1":{"name":"(anonymous_1)","decl":{"start":{"line":62,"column":33},"end":{"line":62,"column":34}},"loc":{"start":{"line":62,"column":61},"end":{"line":68,"column":3}},"line":62},"2":{"name":"(anonymous_2)","decl":{"start":{"line":71,"column":35},"end":{"line":71,"column":36}},"loc":{"start":{"line":71,"column":63},"end":{"line":74,"column":3}},"line":71},"3":{"name":"(anonymous_3)","decl":{"start":{"line":77,"column":27},"end":{"line":77,"column":28}},"loc":{"start":{"line":78,"column":4},"end":{"line":88,"column":11}},"line":78},"4":{"name":"(anonymous_4)","decl":{"start":{"line":92,"column":32},"end":{"line":92,"column":33}},"loc":{"start":{"line":93,"column":4},"end":{"line":104,"column":11}},"line":93},"5":{"name":"(anonymous_5)","decl":{"start":{"line":265,"column":45},"end":{"line":265,"column":46}},"loc":{"start":{"line":265,"column":61},"end":{"line":265,"column":89}},"line":265},"6":{"name":"(anonymous_6)","decl":{"start":{"line":281,"column":42},"end":{"line":281,"column":43}},"loc":{"start":{"line":281,"column":63},"end":{"line":281,"column":101}},"line":281}},"branchMap":{"0":{"loc":{"start":{"line":59,"column":2},"end":{"line":59,"column":25}},"type":"if","locations":[{"start":{"line":59,"column":2},"end":{"line":59,"column":25}},{"start":{},"end":{}}],"line":59},"1":{"loc":{"start":{"line":63,"column":4},"end":{"line":63,"column":43}},"type":"if","locations":[{"start":{"line":63,"column":4},"end":{"line":63,"column":43}},{"start":{},"end":{}}],"line":63},"2":{"loc":{"start":{"line":65,"column":4},"end":{"line":65,"column":41}},"type":"if","locations":[{"start":{"line":65,"column":4},"end":{"line":65,"column":41}},{"start":{},"end":{}}],"line":65},"3":{"loc":{"start":{"line":66,"column":4},"end":{"line":66,"column":41}},"type":"if","locations":[{"start":{"line":66,"column":4},"end":{"line":66,"column":41}},{"start":{},"end":{}}],"line":66},"4":{"loc":{"start":{"line":174,"column":23},"end":{"line":174,"column":63}},"type":"binary-expr","locations":[{"start":{"line":174,"column":23},"end":{"line":174,"column":54}},{"start":{"line":174,"column":58},"end":{"line":174,"column":63}}],"line":174},"5":{"loc":{"start":{"line":182,"column":17},"end":{"line":189,"column":17}},"type":"binary-expr","locations":[{"start":{"line":182,"column":17},"end":{"line":182,"column":27}},{"start":{"line":183,"column":18},"end":{"line":188,"column":25}}],"line":182},"6":{"loc":{"start":{"line":193,"column":15},"end":{"line":258,"column":15}},"type":"binary-expr","locations":[{"start":{"line":193,"column":15},"end":{"line":193,"column":34}},{"start":{"line":194,"column":16},"end":{"line":257,"column":23}}],"line":193},"7":{"loc":{"start":{"line":244,"column":23},"end":{"line":254,"column":23}},"type":"binary-expr","locations":[{"start":{"line":244,"column":23},"end":{"line":244,"column":48}},{"start":{"line":245,"column":24},"end":{"line":253,"column":31}}],"line":244},"8":{"loc":{"start":{"line":261,"column":15},"end":{"line":268,"column":15}},"type":"binary-expr","locations":[{"start":{"line":261,"column":15},"end":{"line":261,"column":34}},{"start":{"line":261,"column":38},"end":{"line":261,"column":68}},{"start":{"line":262,"column":16},"end":{"line":267,"column":23}}],"line":261},"9":{"loc":{"start":{"line":271,"column":15},"end":{"line":285,"column":15}},"type":"binary-expr","locations":[{"start":{"line":271,"column":15},"end":{"line":271,"column":29}},{"start":{"line":271,"column":33},"end":{"line":271,"column":58}},{"start":{"line":272,"column":16},"end":{"line":284,"column":23}}],"line":271}},"s":{"0":0,"1":0,"2":0,"3":0,"4":0,"5":0,"6":0,"7":0,"8":0,"9":0,"10":0,"11":0,"12":0,"13":0,"14":0,"15":0,"16":0,"17":0,"18":0,"19":0,"20":0,"21":0,"22":0,"23":0},"f":{"0":0,"1":0,"2":0,"3":0,"4":0,"5":0,"6":0},"b":{"0":[0,0],"1":[0,0],"2":[0,0],"3":[0,0],"4":[0,0],"5":[0,0],"6":[0,0],"7":[0,0],"8":[0,0,0],"9":[0,0,0]}}
,"C:\\sweWorkspace\\bounswe2025group9\\mobile\\nutrihub\\src\\components\\food\\FoodFilterModal.tsx": {"path":"C:\\sweWorkspace\\bounswe2025group9\\mobile\\nutrihub\\src\\components\\food\\FoodFilterModal.tsx","statementMap":{"0":{"start":{"line":33,"column":56},"end":{"line":244,"column":1}},"1":{"start":{"line":39,"column":32},"end":{"line":39,"column":42}},"2":{"start":{"line":40,"column":42},"end":{"line":40,"column":78}},"3":{"start":{"line":43,"column":2},"end":{"line":47,"column":25}},"4":{"start":{"line":44,"column":4},"end":{"line":46,"column":5}},"5":{"start":{"line":45,"column":6},"end":{"line":45,"column":31}},"6":{"start":{"line":49,"column":31},"end":{"line":54,"column":3}},"7":{"start":{"line":50,"column":4},"end":{"line":53,"column":8}},"8":{"start":{"line":50,"column":29},"end":{"line":53,"column":5}},"9":{"start":{"line":56,"column":36},"end":{"line":68,"column":3}},"10":{"start":{"line":57,"column":4},"end":{"line":67,"column":7}},"11":{"start":{"line":58,"column":29},"end":{"line":58,"column":54}},"12":{"start":{"line":59,"column":25},"end":{"line":59,"column":56}},"13":{"start":{"line":61,"column":6},"end":{"line":66,"column":8}},"14":{"start":{"line":64,"column":39},"end":{"line":64,"column":51}},"15":{"start":{"line":70,"column":33},"end":{"line":76,"column":3}},"16":{"start":{"line":71,"column":21},"end":{"line":71,"column":65}},"17":{"start":{"line":72,"column":4},"end":{"line":75,"column":8}},"18":{"start":{"line":72,"column":29},"end":{"line":75,"column":5}},"19":{"start":{"line":78,"column":37},"end":{"line":84,"column":3}},"20":{"start":{"line":79,"column":21},"end":{"line":79,"column":65}},"21":{"start":{"line":80,"column":4},"end":{"line":83,"column":8}},"22":{"start":{"line":80,"column":29},"end":{"line":83,"column":5}},"23":{"start":{"line":86,"column":22},"end":{"line":89,"column":3}},"24":{"start":{"line":87,"column":4},"end":{"line":87,"column":33}},"25":{"start":{"line":88,"column":4},"end":{"line":88,"column":14}},"26":{"start":{"line":91,"column":22},"end":{"line":93,"column":3}},"27":{"start":{"line":92,"column":4},"end":{"line":92,"column":24}},"28":{"start":{"line":95,"column":2},"end":{"line":243,"column":4}},"29":{"start":{"line":116,"column":16},"end":{"line":140,"column":35}},"30":{"start":{"line":126,"column":33},"end":{"line":126,"column":63}},"31":{"start":{"line":150,"column":35},"end":{"line":150,"column":80}},"32":{"start":{"line":151,"column":16},"end":{"line":177,"column":18}},"33":{"start":{"line":162,"column":35},"end":{"line":162,"column":68}},"34":{"start":{"line":189,"column":41},"end":{"line":189,"column":82}},"35":{"start":{"line":197,"column":41},"end":{"line":197,"column":82}},"36":{"start":{"line":211,"column":41},"end":{"line":211,"column":95}},"37":{"start":{"line":219,"column":41},"end":{"line":219,"column":95}},"38":{"start":{"line":246,"column":15},"end":{"line":309,"column":2}}},"fnMap":{"0":{"name":"(anonymous_0)","decl":{"start":{"line":33,"column":56},"end":{"line":33,"column":57}},"loc":{"start":{"line":38,"column":6},"end":{"line":244,"column":1}},"line":38},"1":{"name":"(anonymous_1)","decl":{"start":{"line":43,"column":18},"end":{"line":43,"column":19}},"loc":{"start":{"line":43,"column":24},"end":{"line":47,"column":3}},"line":43},"2":{"name":"(anonymous_2)","decl":{"start":{"line":49,"column":31},"end":{"line":49,"column":32}},"loc":{"start":{"line":49,"column":63},"end":{"line":54,"column":3}},"line":49},"3":{"name":"(anonymous_3)","decl":{"start":{"line":50,"column":20},"end":{"line":50,"column":21}},"loc":{"start":{"line":50,"column":29},"end":{"line":53,"column":5}},"line":50},"4":{"name":"(anonymous_4)","decl":{"start":{"line":56,"column":36},"end":{"line":56,"column":37}},"loc":{"start":{"line":56,"column":67},"end":{"line":68,"column":3}},"line":56},"5":{"name":"(anonymous_5)","decl":{"start":{"line":57,"column":20},"end":{"line":57,"column":21}},"loc":{"start":{"line":57,"column":28},"end":{"line":67,"column":5}},"line":57},"6":{"name":"(anonymous_6)","decl":{"start":{"line":64,"column":34},"end":{"line":64,"column":35}},"loc":{"start":{"line":64,"column":39},"end":{"line":64,"column":51}},"line":64},"7":{"name":"(anonymous_7)","decl":{"start":{"line":70,"column":33},"end":{"line":70,"column":34}},"loc":{"start":{"line":70,"column":84},"end":{"line":76,"column":3}},"line":70},"8":{"name":"(anonymous_8)","decl":{"start":{"line":72,"column":20},"end":{"line":72,"column":21}},"loc":{"start":{"line":72,"column":29},"end":{"line":75,"column":5}},"line":72},"9":{"name":"(anonymous_9)","decl":{"start":{"line":78,"column":37},"end":{"line":78,"column":38}},"loc":{"start":{"line":78,"column":106},"end":{"line":84,"column":3}},"line":78},"10":{"name":"(anonymous_10)","decl":{"start":{"line":80,"column":20},"end":{"line":80,"column":21}},"loc":{"start":{"line":80,"column":29},"end":{"line":83,"column":5}},"line":80},"11":{"name":"(anonymous_11)","decl":{"start":{"line":86,"column":22},"end":{"line":86,"column":23}},"loc":{"start":{"line":86,"column":28},"end":{"line":89,"column":3}},"line":86},"12":{"name":"(anonymous_12)","decl":{"start":{"line":91,"column":22},"end":{"line":91,"column":23}},"loc":{"start":{"line":91,"column":28},"end":{"line":93,"column":3}},"line":91},"13":{"name":"(anonymous_13)","decl":{"start":{"line":115,"column":50},"end":{"line":115,"column":51}},"loc":{"start":{"line":116,"column":16},"end":{"line":140,"column":35}},"line":116},"14":{"name":"(anonymous_14)","decl":{"start":{"line":126,"column":27},"end":{"line":126,"column":28}},"loc":{"start":{"line":126,"column":33},"end":{"line":126,"column":63}},"line":126},"15":{"name":"(anonymous_15)","decl":{"start":{"line":149,"column":50},"end":{"line":149,"column":51}},"loc":{"start":{"line":149,"column":62},"end":{"line":178,"column":15}},"line":149},"16":{"name":"(anonymous_16)","decl":{"start":{"line":162,"column":29},"end":{"line":162,"column":30}},"loc":{"start":{"line":162,"column":35},"end":{"line":162,"column":68}},"line":162},"17":{"name":"(anonymous_17)","decl":{"start":{"line":189,"column":30},"end":{"line":189,"column":31}},"loc":{"start":{"line":189,"column":41},"end":{"line":189,"column":82}},"line":189},"18":{"name":"(anonymous_18)","decl":{"start":{"line":197,"column":30},"end":{"line":197,"column":31}},"loc":{"start":{"line":197,"column":41},"end":{"line":197,"column":82}},"line":197},"19":{"name":"(anonymous_19)","decl":{"start":{"line":211,"column":30},"end":{"line":211,"column":31}},"loc":{"start":{"line":211,"column":41},"end":{"line":211,"column":95}},"line":211},"20":{"name":"(anonymous_20)","decl":{"start":{"line":219,"column":30},"end":{"line":219,"column":31}},"loc":{"start":{"line":219,"column":41},"end":{"line":219,"column":95}},"line":219}},"branchMap":{"0":{"loc":{"start":{"line":44,"column":4},"end":{"line":46,"column":5}},"type":"if","locations":[{"start":{"line":44,"column":4},"end":{"line":46,"column":5}},{"start":{},"end":{}}],"line":44},"1":{"loc":{"start":{"line":52,"column":16},"end":{"line":52,"column":65}},"type":"cond-expr","locations":[{"start":{"line":52,"column":45},"end":{"line":52,"column":54}},{"start":{"line":52,"column":57},"end":{"line":52,"column":65}}],"line":52},"2":{"loc":{"start":{"line":58,"column":29},"end":{"line":58,"column":54}},"type":"binary-expr","locations":[{"start":{"line":58,"column":29},"end":{"line":58,"column":48}},{"start":{"line":58,"column":52},"end":{"line":58,"column":54}}],"line":58},"3":{"loc":{"start":{"line":63,"column":24},"end":{"line":65,"column":39}},"type":"cond-expr","locations":[{"start":{"line":64,"column":12},"end":{"line":64,"column":52}},{"start":{"line":65,"column":12},"end":{"line":65,"column":39}}],"line":63},"4":{"loc":{"start":{"line":71,"column":21},"end":{"line":71,"column":65}},"type":"cond-expr","locations":[{"start":{"line":71,"column":36},"end":{"line":71,"column":45}},{"start":{"line":71,"column":48},"end":{"line":71,"column":65}}],"line":71},"5":{"loc":{"start":{"line":79,"column":21},"end":{"line":79,"column":65}},"type":"cond-expr","locations":[{"start":{"line":79,"column":36},"end":{"line":79,"column":45}},{"start":{"line":79,"column":48},"end":{"line":79,"column":65}}],"line":79},"6":{"loc":{"start":{"line":121,"column":39},"end":{"line":123,"column":46}},"type":"cond-expr","locations":[{"start":{"line":122,"column":26},"end":{"line":122,"column":39}},{"start":{"line":123,"column":26},"end":{"line":123,"column":46}}],"line":121},"7":{"loc":{"start":{"line":132,"column":31},"end":{"line":134,"column":38}},"type":"cond-expr","locations":[{"start":{"line":133,"column":28},"end":{"line":133,"column":37}},{"start":{"line":134,"column":28},"end":{"line":134,"column":38}}],"line":132},"8":{"loc":{"start":{"line":157,"column":41},"end":{"line":159,"column":48}},"type":"cond-expr","locations":[{"start":{"line":158,"column":28},"end":{"line":158,"column":41}},{"start":{"line":159,"column":28},"end":{"line":159,"column":48}}],"line":157},"9":{"loc":{"start":{"line":168,"column":33},"end":{"line":170,"column":40}},"type":"cond-expr","locations":[{"start":{"line":169,"column":30},"end":{"line":169,"column":39}},{"start":{"line":170,"column":30},"end":{"line":170,"column":40}}],"line":168},"10":{"loc":{"start":{"line":188,"column":23},"end":{"line":188,"column":62}},"type":"binary-expr","locations":[{"start":{"line":188,"column":23},"end":{"line":188,"column":56}},{"start":{"line":188,"column":60},"end":{"line":188,"column":62}}],"line":188},"11":{"loc":{"start":{"line":196,"column":23},"end":{"line":196,"column":62}},"type":"binary-expr","locations":[{"start":{"line":196,"column":23},"end":{"line":196,"column":56}},{"start":{"line":196,"column":60},"end":{"line":196,"column":62}}],"line":196},"12":{"loc":{"start":{"line":210,"column":23},"end":{"line":210,"column":71}},"type":"binary-expr","locations":[{"start":{"line":210,"column":23},"end":{"line":210,"column":65}},{"start":{"line":210,"column":69},"end":{"line":210,"column":71}}],"line":210},"13":{"loc":{"start":{"line":218,"column":23},"end":{"line":218,"column":71}},"type":"binary-expr","locations":[{"start":{"line":218,"column":23},"end":{"line":218,"column":65}},{"start":{"line":218,"column":69},"end":{"line":218,"column":71}}],"line":218}},"s":{"0":0,"1":0,"2":0,"3":0,"4":0,"5":0,"6":0,"7":0,"8":0,"9":0,"10":0,"11":0,"12":0,"13":0,"14":0,"15":0,"16":0,"17":0,"18":0,"19":0,"20":0,"21":0,"22":0,"23":0,"24":0,"25":0,"26":0,"27":0,"28":0,"29":0,"30":0,"31":0,"32":0,"33":0,"34":0,"35":0,"36":0,"37":0,"38":0},"f":{"0":0,"1":0,"2":0,"3":0,"4":0,"5":0,"6":0,"7":0,"8":0,"9":0,"10":0,"11":0,"12":0,"13":0,"14":0,"15":0,"16":0,"17":0,"18":0,"19":0,"20":0},"b":{"0":[0,0],"1":[0,0],"2":[0,0],"3":[0,0],"4":[0,0],"5":[0,0],"6":[0,0],"7":[0,0],"8":[0,0],"9":[0,0],"10":[0,0],"11":[0,0],"12":[0,0],"13":[0,0]}}
,"C:\\sweWorkspace\\bounswe2025group9\\mobile\\nutrihub\\src\\components\\food\\FoodItem.tsx": {"path":"C:\\sweWorkspace\\bounswe2025group9\\mobile\\nutrihub\\src\\components\\food\\FoodItem.tsx","statementMap":{"0":{"start":{"line":65,"column":51},"end":{"line":372,"column":1}},"1":{"start":{"line":75,"column":32},"end":{"line":75,"column":42}},"2":{"start":{"line":78,"column":22},"end":{"line":82,"column":3}},"3":{"start":{"line":79,"column":4},"end":{"line":81,"column":5}},"4":{"start":{"line":80,"column":6},"end":{"line":80,"column":20}},"5":{"start":{"line":85,"column":33},"end":{"line":91,"column":3}},"6":{"start":{"line":86,"column":4},"end":{"line":86,"column":43}},"7":{"start":{"line":86,"column":16},"end":{"line":86,"column":43}},"8":{"start":{"line":88,"column":4},"end":{"line":88,"column":41}},"9":{"start":{"line":88,"column":20},"end":{"line":88,"column":41}},"10":{"start":{"line":89,"column":4},"end":{"line":89,"column":41}},"11":{"start":{"line":89,"column":20},"end":{"line":89,"column":41}},"12":{"start":{"line":90,"column":4},"end":{"line":90,"column":23}},"13":{"start":{"line":94,"column":22},"end":{"line":98,"column":3}},"14":{"start":{"line":95,"column":4},"end":{"line":97,"column":11}},"15":{"start":{"line":101,"column":27},"end":{"line":175,"column":3}},"16":{"start":{"line":102,"column":4},"end":{"line":174,"column":11}},"17":{"start":{"line":154,"column":16},"end":{"line":156,"column":23}},"18":{"start":{"line":178,"column":27},"end":{"line":249,"column":3}},"19":{"start":{"line":179,"column":4},"end":{"line":248,"column":11}},"20":{"start":{"line":236,"column":14},"end":{"line":238,"column":21}},"21":{"start":{"line":252,"column":31},"end":{"line":360,"column":3}},"22":{"start":{"line":253,"column":4},"end":{"line":359,"column":11}},"23":{"start":{"line":305,"column":14},"end":{"line":307,"column":21}},"24":{"start":{"line":363,"column":2},"end":{"line":371,"column":3}},"25":{"start":{"line":365,"column":6},"end":{"line":365,"column":32}},"26":{"start":{"line":367,"column":6},"end":{"line":367,"column":36}},"27":{"start":{"line":370,"column":6},"end":{"line":370,"column":32}},"28":{"start":{"line":374,"column":15},"end":{"line":560,"column":2}}},"fnMap":{"0":{"name":"(anonymous_0)","decl":{"start":{"line":65,"column":51},"end":{"line":65,"column":52}},"loc":{"start":{"line":74,"column":6},"end":{"line":372,"column":1}},"line":74},"1":{"name":"(anonymous_1)","decl":{"start":{"line":78,"column":22},"end":{"line":78,"column":23}},"loc":{"start":{"line":78,"column":56},"end":{"line":82,"column":3}},"line":78},"2":{"name":"(anonymous_2)","decl":{"start":{"line":85,"column":33},"end":{"line":85,"column":34}},"loc":{"start":{"line":85,"column":61},"end":{"line":91,"column":3}},"line":85},"3":{"name":"(anonymous_3)","decl":{"start":{"line":94,"column":22},"end":{"line":94,"column":23}},"loc":{"start":{"line":95,"column":4},"end":{"line":97,"column":11}},"line":95},"4":{"name":"(anonymous_4)","decl":{"start":{"line":101,"column":27},"end":{"line":101,"column":28}},"loc":{"start":{"line":102,"column":4},"end":{"line":174,"column":11}},"line":102},"5":{"name":"(anonymous_5)","decl":{"start":{"line":153,"column":51},"end":{"line":153,"column":52}},"loc":{"start":{"line":154,"column":16},"end":{"line":156,"column":23}},"line":154},"6":{"name":"(anonymous_6)","decl":{"start":{"line":178,"column":27},"end":{"line":178,"column":28}},"loc":{"start":{"line":179,"column":4},"end":{"line":248,"column":11}},"line":179},"7":{"name":"(anonymous_7)","decl":{"start":{"line":235,"column":49},"end":{"line":235,"column":50}},"loc":{"start":{"line":236,"column":14},"end":{"line":238,"column":21}},"line":236},"8":{"name":"(anonymous_8)","decl":{"start":{"line":252,"column":31},"end":{"line":252,"column":32}},"loc":{"start":{"line":253,"column":4},"end":{"line":359,"column":11}},"line":253},"9":{"name":"(anonymous_9)","decl":{"start":{"line":304,"column":37},"end":{"line":304,"column":38}},"loc":{"start":{"line":305,"column":14},"end":{"line":307,"column":21}},"line":305}},"branchMap":{"0":{"loc":{"start":{"line":68,"column":2},"end":{"line":68,"column":18}},"type":"default-arg","locations":[{"start":{"line":68,"column":12},"end":{"line":68,"column":18}}],"line":68},"1":{"loc":{"start":{"line":70,"column":2},"end":{"line":70,"column":27}},"type":"default-arg","locations":[{"start":{"line":70,"column":23},"end":{"line":70,"column":27}}],"line":70},"2":{"loc":{"start":{"line":71,"column":2},"end":{"line":71,"column":28}},"type":"default-arg","locations":[{"start":{"line":71,"column":23},"end":{"line":71,"column":28}}],"line":71},"3":{"loc":{"start":{"line":72,"column":2},"end":{"line":72,"column":19}},"type":"default-arg","locations":[{"start":{"line":72,"column":14},"end":{"line":72,"column":19}}],"line":72},"4":{"loc":{"start":{"line":79,"column":4},"end":{"line":81,"column":5}},"type":"if","locations":[{"start":{"line":79,"column":4},"end":{"line":81,"column":5}},{"start":{},"end":{}}],"line":79},"5":{"loc":{"start":{"line":86,"column":4},"end":{"line":86,"column":43}},"type":"if","locations":[{"start":{"line":86,"column":4},"end":{"line":86,"column":43}},{"start":{},"end":{}}],"line":86},"6":{"loc":{"start":{"line":88,"column":4},"end":{"line":88,"column":41}},"type":"if","locations":[{"start":{"line":88,"column":4},"end":{"line":88,"column":41}},{"start":{},"end":{}}],"line":88},"7":{"loc":{"start":{"line":89,"column":4},"end":{"line":89,"column":41}},"type":"if","locations":[{"start":{"line":89,"column":4},"end":{"line":89,"column":41}},{"start":{},"end":{}}],"line":89},"8":{"loc":{"start":{"line":94,"column":37},"end":{"line":94,"column":72}},"type":"default-arg","locations":[{"start":{"line":94,"column":53},"end":{"line":94,"column":72}}],"line":94},"9":{"loc":{"start":{"line":111,"column":11},"end":{"line":123,"column":11}},"type":"cond-expr","locations":[{"start":{"line":112,"column":12},"end":{"line":116,"column":14}},{"start":{"line":118,"column":12},"end":{"line":122,"column":14}}],"line":111},"10":{"loc":{"start":{"line":132,"column":13},"end":{"line":143,"column":13}},"type":"binary-expr","locations":[{"start":{"line":132,"column":13},"end":{"line":132,"column":31}},{"start":{"line":132,"column":35},"end":{"line":132,"column":68}},{"start":{"line":133,"column":14},"end":{"line":142,"column":21}}],"line":132},"11":{"loc":{"start":{"line":151,"column":11},"end":{"line":164,"column":11}},"type":"binary-expr","locations":[{"start":{"line":151,"column":11},"end":{"line":151,"column":29}},{"start":{"line":151,"column":33},"end":{"line":151,"column":52}},{"start":{"line":151,"column":56},"end":{"line":151,"column":86}},{"start":{"line":152,"column":12},"end":{"line":163,"column":19}}],"line":151},"12":{"loc":{"start":{"line":158,"column":15},"end":{"line":162,"column":15}},"type":"binary-expr","locations":[{"start":{"line":158,"column":15},"end":{"line":158,"column":45}},{"start":{"line":159,"column":16},"end":{"line":161,"column":23}}],"line":158},"13":{"loc":{"start":{"line":167,"column":11},"end":{"line":171,"column":11}},"type":"binary-expr","locations":[{"start":{"line":167,"column":11},"end":{"line":167,"column":20}},{"start":{"line":167,"column":24},"end":{"line":167,"column":48}},{"start":{"line":168,"column":12},"end":{"line":170,"column":19}}],"line":167},"14":{"loc":{"start":{"line":186,"column":9},"end":{"line":198,"column":9}},"type":"cond-expr","locations":[{"start":{"line":187,"column":10},"end":{"line":191,"column":12}},{"start":{"line":193,"column":10},"end":{"line":197,"column":12}}],"line":186},"15":{"loc":{"start":{"line":201,"column":9},"end":{"line":212,"column":9}},"type":"binary-expr","locations":[{"start":{"line":201,"column":9},"end":{"line":201,"column":27}},{"start":{"line":201,"column":31},"end":{"line":201,"column":64}},{"start":{"line":202,"column":10},"end":{"line":211,"column":17}}],"line":201},"16":{"loc":{"start":{"line":226,"column":9},"end":{"line":230,"column":9}},"type":"binary-expr","locations":[{"start":{"line":226,"column":9},"end":{"line":226,"column":18}},{"start":{"line":226,"column":22},"end":{"line":226,"column":46}},{"start":{"line":227,"column":10},"end":{"line":229,"column":17}}],"line":226},"17":{"loc":{"start":{"line":233,"column":9},"end":{"line":246,"column":9}},"type":"binary-expr","locations":[{"start":{"line":233,"column":9},"end":{"line":233,"column":27}},{"start":{"line":233,"column":31},"end":{"line":233,"column":50}},{"start":{"line":233,"column":54},"end":{"line":233,"column":84}},{"start":{"line":234,"column":10},"end":{"line":245,"column":17}}],"line":233},"18":{"loc":{"start":{"line":240,"column":13},"end":{"line":244,"column":13}},"type":"binary-expr","locations":[{"start":{"line":240,"column":13},"end":{"line":240,"column":43}},{"start":{"line":241,"column":14},"end":{"line":243,"column":21}}],"line":240},"19":{"loc":{"start":{"line":273,"column":9},"end":{"line":290,"column":9}},"type":"binary-expr","locations":[{"start":{"line":273,"column":9},"end":{"line":273,"column":27}},{"start":{"line":273,"column":31},"end":{"line":273,"column":64}},{"start":{"line":274,"column":10},"end":{"line":289,"column":17}}],"line":273},"20":{"loc":{"start":{"line":298,"column":7},"end":{"line":311,"column":7}},"type":"binary-expr","locations":[{"start":{"line":298,"column":7},"end":{"line":298,"column":25}},{"start":{"line":298,"column":29},"end":{"line":298,"column":48}},{"start":{"line":298,"column":52},"end":{"line":298,"column":82}},{"start":{"line":299,"column":8},"end":{"line":310,"column":15}}],"line":298},"21":{"loc":{"start":{"line":314,"column":7},"end":{"line":346,"column":7}},"type":"binary-expr","locations":[{"start":{"line":314,"column":7},"end":{"line":314,"column":26}},{"start":{"line":315,"column":8},"end":{"line":345,"column":15}}],"line":314},"22":{"loc":{"start":{"line":349,"column":7},"end":{"line":358,"column":7}},"type":"binary-expr","locations":[{"start":{"line":349,"column":7},"end":{"line":349,"column":16}},{"start":{"line":349,"column":20},"end":{"line":349,"column":44}},{"start":{"line":350,"column":8},"end":{"line":357,"column":15}}],"line":349},"23":{"loc":{"start":{"line":363,"column":2},"end":{"line":371,"column":3}},"type":"switch","locations":[{"start":{"line":364,"column":4},"end":{"line":365,"column":32}},{"start":{"line":366,"column":4},"end":{"line":367,"column":36}},{"start":{"line":368,"column":4},"end":{"line":368,"column":16}},{"start":{"line":369,"column":4},"end":{"line":370,"column":32}}],"line":363}},"s":{"0":0,"1":0,"2":0,"3":0,"4":0,"5":0,"6":0,"7":0,"8":0,"9":0,"10":0,"11":0,"12":0,"13":0,"14":0,"15":0,"16":0,"17":0,"18":0,"19":0,"20":0,"21":0,"22":0,"23":0,"24":0,"25":0,"26":0,"27":0,"28":0},"f":{"0":0,"1":0,"2":0,"3":0,"4":0,"5":0,"6":0,"7":0,"8":0,"9":0},"b":{"0":[0],"1":[0],"2":[0],"3":[0],"4":[0,0],"5":[0,0],"6":[0,0],"7":[0,0],"8":[0],"9":[0,0],"10":[0,0,0],"11":[0,0,0,0],"12":[0,0],"13":[0,0,0],"14":[0,0],"15":[0,0,0],"16":[0,0,0],"17":[0,0,0,0],"18":[0,0],"19":[0,0,0],"20":[0,0,0,0],"21":[0,0],"22":[0,0,0],"23":[0,0,0,0]}}
,"C:\\sweWorkspace\\bounswe2025group9\\mobile\\nutrihub\\src\\components\\food\\ProposeFoodModal.tsx": {"path":"C:\\sweWorkspace\\bounswe2025group9\\mobile\\nutrihub\\src\\components\\food\\ProposeFoodModal.tsx","statementMap":{"0":{"start":{"line":47,"column":58},"end":{"line":349,"column":1}},"1":{"start":{"line":52,"column":32},"end":{"line":52,"column":42}},"2":{"start":{"line":53,"column":50},"end":{"line":53,"column":89}},"3":{"start":{"line":56,"column":26},"end":{"line":89,"column":3}},"4":{"start":{"line":58,"column":38},"end":{"line":58,"column":61}},"5":{"start":{"line":59,"column":38},"end":{"line":59,"column":62}},"6":{"start":{"line":62,"column":38},"end":{"line":62,"column":61}},"7":{"start":{"line":65,"column":38},"end":{"line":65,"column":61}},"8":{"start":{"line":66,"column":38},"end":{"line":66,"column":63}},"9":{"start":{"line":67,"column":38},"end":{"line":67,"column":59}},"10":{"start":{"line":70,"column":38},"end":{"line":70,"column":61}},"11":{"start":{"line":71,"column":38},"end":{"line":71,"column":63}},"12":{"start":{"line":72,"column":38},"end":{"line":72,"column":60}},"13":{"start":{"line":75,"column":38},"end":{"line":75,"column":61}},"14":{"start":{"line":76,"column":38},"end":{"line":76,"column":63}},"15":{"start":{"line":77,"column":38},"end":{"line":77,"column":60}},"16":{"start":{"line":80,"column":38},"end":{"line":80,"column":61}},"17":{"start":{"line":81,"column":38},"end":{"line":81,"column":63}},"18":{"start":{"line":82,"column":38},"end":{"line":82,"column":60}},"19":{"start":{"line":85,"column":38},"end":{"line":85,"column":61}},"20":{"start":{"line":86,"column":38},"end":{"line":86,"column":63}},"21":{"start":{"line":87,"column":38},"end":{"line":87,"column":60}},"22":{"start":{"line":104,"column":6},"end":{"line":121,"column":4}},"23":{"start":{"line":118,"column":6},"end":{"line":118,"column":27}},"24":{"start":{"line":119,"column":6},"end":{"line":119,"column":20}},"25":{"start":{"line":124,"column":22},"end":{"line":128,"column":3}},"26":{"start":{"line":125,"column":4},"end":{"line":125,"column":16}},"27":{"start":{"line":126,"column":4},"end":{"line":126,"column":30}},"28":{"start":{"line":127,"column":4},"end":{"line":127,"column":14}},"29":{"start":{"line":131,"column":31},"end":{"line":138,"column":3}},"30":{"start":{"line":132,"column":4},"end":{"line":132,"column":34}},"31":{"start":{"line":133,"column":4},"end":{"line":133,"column":40}},"32":{"start":{"line":135,"column":4},"end":{"line":137,"column":10}},"33":{"start":{"line":136,"column":6},"end":{"line":136,"column":21}},"34":{"start":{"line":141,"column":24},"end":{"line":143,"column":3}},"35":{"start":{"line":142,"column":4},"end":{"line":142,"column":54}},"36":{"start":{"line":146,"column":22},"end":{"line":154,"column":3}},"37":{"start":{"line":147,"column":4},"end":{"line":153,"column":105}},"38":{"start":{"line":156,"column":2},"end":{"line":348,"column":4}},"39":{"start":{"line":194,"column":20},"end":{"line":223,"column":39}},"40":{"start":{"line":209,"column":37},"end":{"line":209,"column":67}},"41":{"start":{"line":351,"column":15},"end":{"line":425,"column":2}}},"fnMap":{"0":{"name":"(anonymous_0)","decl":{"start":{"line":47,"column":58},"end":{"line":47,"column":59}},"loc":{"start":{"line":51,"column":6},"end":{"line":349,"column":1}},"line":51},"1":{"name":"(anonymous_1)","decl":{"start":{"line":58,"column":19},"end":{"line":58,"column":20}},"loc":{"start":{"line":58,"column":38},"end":{"line":58,"column":61}},"line":58},"2":{"name":"(anonymous_2)","decl":{"start":{"line":59,"column":19},"end":{"line":59,"column":20}},"loc":{"start":{"line":59,"column":38},"end":{"line":59,"column":62}},"line":59},"3":{"name":"(anonymous_3)","decl":{"start":{"line":62,"column":19},"end":{"line":62,"column":20}},"loc":{"start":{"line":62,"column":38},"end":{"line":62,"column":61}},"line":62},"4":{"name":"(anonymous_4)","decl":{"start":{"line":65,"column":19},"end":{"line":65,"column":20}},"loc":{"start":{"line":65,"column":38},"end":{"line":65,"column":61}},"line":65},"5":{"name":"(anonymous_5)","decl":{"start":{"line":66,"column":19},"end":{"line":66,"column":20}},"loc":{"start":{"line":66,"column":38},"end":{"line":66,"column":63}},"line":66},"6":{"name":"(anonymous_6)","decl":{"start":{"line":67,"column":19},"end":{"line":67,"column":20}},"loc":{"start":{"line":67,"column":38},"end":{"line":67,"column":59}},"line":67},"7":{"name":"(anonymous_7)","decl":{"start":{"line":70,"column":19},"end":{"line":70,"column":20}},"loc":{"start":{"line":70,"column":38},"end":{"line":70,"column":61}},"line":70},"8":{"name":"(anonymous_8)","decl":{"start":{"line":71,"column":19},"end":{"line":71,"column":20}},"loc":{"start":{"line":71,"column":38},"end":{"line":71,"column":63}},"line":71},"9":{"name":"(anonymous_9)","decl":{"start":{"line":72,"column":19},"end":{"line":72,"column":20}},"loc":{"start":{"line":72,"column":38},"end":{"line":72,"column":60}},"line":72},"10":{"name":"(anonymous_10)","decl":{"start":{"line":75,"column":19},"end":{"line":75,"column":20}},"loc":{"start":{"line":75,"column":38},"end":{"line":75,"column":61}},"line":75},"11":{"name":"(anonymous_11)","decl":{"start":{"line":76,"column":19},"end":{"line":76,"column":20}},"loc":{"start":{"line":76,"column":38},"end":{"line":76,"column":63}},"line":76},"12":{"name":"(anonymous_12)","decl":{"start":{"line":77,"column":19},"end":{"line":77,"column":20}},"loc":{"start":{"line":77,"column":38},"end":{"line":77,"column":60}},"line":77},"13":{"name":"(anonymous_13)","decl":{"start":{"line":80,"column":19},"end":{"line":80,"column":20}},"loc":{"start":{"line":80,"column":38},"end":{"line":80,"column":61}},"line":80},"14":{"name":"(anonymous_14)","decl":{"start":{"line":81,"column":19},"end":{"line":81,"column":20}},"loc":{"start":{"line":81,"column":38},"end":{"line":81,"column":63}},"line":81},"15":{"name":"(anonymous_15)","decl":{"start":{"line":82,"column":19},"end":{"line":82,"column":20}},"loc":{"start":{"line":82,"column":38},"end":{"line":82,"column":60}},"line":82},"16":{"name":"(anonymous_16)","decl":{"start":{"line":85,"column":19},"end":{"line":85,"column":20}},"loc":{"start":{"line":85,"column":38},"end":{"line":85,"column":61}},"line":85},"17":{"name":"(anonymous_17)","decl":{"start":{"line":86,"column":19},"end":{"line":86,"column":20}},"loc":{"start":{"line":86,"column":38},"end":{"line":86,"column":63}},"line":86},"18":{"name":"(anonymous_18)","decl":{"start":{"line":87,"column":19},"end":{"line":87,"column":20}},"loc":{"start":{"line":87,"column":38},"end":{"line":87,"column":60}},"line":87},"19":{"name":"(anonymous_19)","decl":{"start":{"line":117,"column":14},"end":{"line":117,"column":15}},"loc":{"start":{"line":117,"column":36},"end":{"line":120,"column":5}},"line":117},"20":{"name":"(anonymous_20)","decl":{"start":{"line":124,"column":22},"end":{"line":124,"column":23}},"loc":{"start":{"line":124,"column":28},"end":{"line":128,"column":3}},"line":124},"21":{"name":"(anonymous_21)","decl":{"start":{"line":131,"column":31},"end":{"line":131,"column":32}},"loc":{"start":{"line":131,"column":63},"end":{"line":138,"column":3}},"line":131},"22":{"name":"(anonymous_22)","decl":{"start":{"line":135,"column":15},"end":{"line":135,"column":16}},"loc":{"start":{"line":135,"column":21},"end":{"line":137,"column":5}},"line":135},"23":{"name":"(anonymous_23)","decl":{"start":{"line":141,"column":24},"end":{"line":141,"column":25}},"loc":{"start":{"line":141,"column":79},"end":{"line":143,"column":3}},"line":141},"24":{"name":"(anonymous_24)","decl":{"start":{"line":146,"column":22},"end":{"line":146,"column":23}},"loc":{"start":{"line":146,"column":28},"end":{"line":154,"column":3}},"line":146},"25":{"name":"(anonymous_25)","decl":{"start":{"line":193,"column":54},"end":{"line":193,"column":55}},"loc":{"start":{"line":194,"column":20},"end":{"line":223,"column":39}},"line":194},"26":{"name":"(anonymous_26)","decl":{"start":{"line":209,"column":31},"end":{"line":209,"column":32}},"loc":{"start":{"line":209,"column":37},"end":{"line":209,"column":67}},"line":209}},"branchMap":{"0":{"loc":{"start":{"line":142,"column":11},"end":{"line":142,"column":53}},"type":"cond-expr","locations":[{"start":{"line":142,"column":28},"end":{"line":142,"column":41}},{"start":{"line":142,"column":44},"end":{"line":142,"column":53}}],"line":142},"1":{"loc":{"start":{"line":147,"column":11},"end":{"line":153,"column":104}},"type":"binary-expr","locations":[{"start":{"line":147,"column":11},"end":{"line":147,"column":41}},{"start":{"line":148,"column":11},"end":{"line":148,"column":44}},{"start":{"line":149,"column":11},"end":{"line":149,"column":47}},{"start":{"line":149,"column":51},"end":{"line":149,"column":89}},{"start":{"line":149,"column":93},"end":{"line":149,"column":127}},{"start":{"line":150,"column":11},"end":{"line":150,"column":44}},{"start":{"line":150,"column":48},"end":{"line":150,"column":83}},{"start":{"line":150,"column":87},"end":{"line":150,"column":119}},{"start":{"line":151,"column":11},"end":{"line":151,"column":49}},{"start":{"line":151,"column":53},"end":{"line":151,"column":93}},{"start":{"line":151,"column":97},"end":{"line":151,"column":134}},{"start":{"line":152,"column":11},"end":{"line":152,"column":43}},{"start":{"line":152,"column":47},"end":{"line":152,"column":81}},{"start":{"line":152,"column":85},"end":{"line":152,"column":116}},{"start":{"line":153,"column":11},"end":{"line":153,"column":39}},{"start":{"line":153,"column":43},"end":{"line":153,"column":73}},{"start":{"line":153,"column":77},"end":{"line":153,"column":104}}],"line":147},"2":{"loc":{"start":{"line":165,"column":20},"end":{"line":165,"column":64}},"type":"cond-expr","locations":[{"start":{"line":165,"column":44},"end":{"line":165,"column":53}},{"start":{"line":165,"column":56},"end":{"line":165,"column":64}}],"line":165},"3":{"loc":{"start":{"line":198,"column":24},"end":{"line":198,"column":84}},"type":"binary-expr","locations":[{"start":{"line":198,"column":24},"end":{"line":198,"column":53}},{"start":{"line":198,"column":57},"end":{"line":198,"column":84}}],"line":198},"4":{"loc":{"start":{"line":200,"column":43},"end":{"line":202,"column":50}},"type":"cond-expr","locations":[{"start":{"line":201,"column":30},"end":{"line":201,"column":43}},{"start":{"line":202,"column":30},"end":{"line":202,"column":50}}],"line":200},"5":{"loc":{"start":{"line":203,"column":39},"end":{"line":205,"column":43}},"type":"cond-expr","locations":[{"start":{"line":204,"column":30},"end":{"line":204,"column":41}},{"start":{"line":205,"column":30},"end":{"line":205,"column":43}}],"line":203},"6":{"loc":{"start":{"line":203,"column":39},"end":{"line":203,"column":74}},"type":"binary-expr","locations":[{"start":{"line":203,"column":39},"end":{"line":203,"column":54}},{"start":{"line":203,"column":58},"end":{"line":203,"column":74}}],"line":203},"7":{"loc":{"start":{"line":206,"column":39},"end":{"line":206,"column":82}},"type":"cond-expr","locations":[{"start":{"line":206,"column":77},"end":{"line":206,"column":78}},{"start":{"line":206,"column":81},"end":{"line":206,"column":82}}],"line":206},"8":{"loc":{"start":{"line":206,"column":39},"end":{"line":206,"column":74}},"type":"binary-expr","locations":[{"start":{"line":206,"column":39},"end":{"line":206,"column":54}},{"start":{"line":206,"column":58},"end":{"line":206,"column":74}}],"line":206},"9":{"loc":{"start":{"line":215,"column":35},"end":{"line":217,"column":42}},"type":"cond-expr","locations":[{"start":{"line":216,"column":32},"end":{"line":216,"column":41}},{"start":{"line":217,"column":32},"end":{"line":217,"column":42}}],"line":215},"10":{"loc":{"start":{"line":227,"column":17},"end":{"line":231,"column":17}},"type":"binary-expr","locations":[{"start":{"line":227,"column":17},"end":{"line":227,"column":32}},{"start":{"line":227,"column":36},"end":{"line":227,"column":52}},{"start":{"line":228,"column":18},"end":{"line":230,"column":25}}],"line":227},"11":{"loc":{"start":{"line":340,"column":24},"end":{"line":340,"column":54}},"type":"binary-expr","locations":[{"start":{"line":340,"column":24},"end":{"line":340,"column":38}},{"start":{"line":340,"column":42},"end":{"line":340,"column":54}}],"line":340}},"s":{"0":0,"1":0,"2":0,"3":0,"4":0,"5":0,"6":0,"7":0,"8":0,"9":0,"10":0,"11":0,"12":0,"13":0,"14":0,"15":0,"16":0,"17":0,"18":0,"19":0,"20":0,"21":0,"22":0,"23":0,"24":0,"25":0,"26":0,"27":0,"28":0,"29":0,"30":0,"31":0,"32":0,"33":0,"34":0,"35":0,"36":0,"37":0,"38":0,"39":0,"40":0,"41":0},"f":{"0":0,"1":0,"2":0,"3":0,"4":0,"5":0,"6":0,"7":0,"8":0,"9":0,"10":0,"11":0,"12":0,"13":0,"14":0,"15":0,"16":0,"17":0,"18":0,"19":0,"20":0,"21":0,"22":0,"23":0,"24":0,"25":0,"26":0},"b":{"0":[0,0],"1":[0,0,0,0,0,0,0,0,0,0,0,0,0,0,0,0,0],"2":[0,0],"3":[0,0],"4":[0,0],"5":[0,0],"6":[0,0],"7":[0,0],"8":[0,0],"9":[0,0],"10":[0,0,0],"11":[0,0]}}
,"C:\\sweWorkspace\\bounswe2025group9\\mobile\\nutrihub\\src\\components\\forum\\ForumPost.tsx": {"path":"C:\\sweWorkspace\\bounswe2025group9\\mobile\\nutrihub\\src\\components\\forum\\ForumPost.tsx","statementMap":{"0":{"start":{"line":74,"column":44},"end":{"line":261,"column":1}},"1":{"start":{"line":86,"column":32},"end":{"line":86,"column":42}},"2":{"start":{"line":89,"column":21},"end":{"line":109,"column":3}},"3":{"start":{"line":90,"column":16},"end":{"line":90,"column":26}},"4":{"start":{"line":91,"column":21},"end":{"line":91,"column":51}},"5":{"start":{"line":92,"column":26},"end":{"line":92,"column":60}},"6":{"start":{"line":93,"column":24},"end":{"line":93,"column":63}},"7":{"start":{"line":94,"column":23},"end":{"line":94,"column":67}},"8":{"start":{"line":96,"column":4},"end":{"line":108,"column":5}},"9":{"start":{"line":97,"column":6},"end":{"line":97,"column":82}},"10":{"start":{"line":98,"column":11},"end":{"line":108,"column":5}},"11":{"start":{"line":99,"column":6},"end":{"line":99,"column":74}},"12":{"start":{"line":100,"column":11},"end":{"line":108,"column":5}},"13":{"start":{"line":101,"column":6},"end":{"line":101,"column":70}},"14":{"start":{"line":103,"column":6},"end":{"line":107,"column":9}},"15":{"start":{"line":112,"column":21},"end":{"line":125,"column":3}},"16":{"start":{"line":114,"column":21},"end":{"line":114,"column":42}},"17":{"start":{"line":115,"column":4},"end":{"line":117,"column":5}},"18":{"start":{"line":116,"column":6},"end":{"line":116,"column":33}},"19":{"start":{"line":118,"column":4},"end":{"line":120,"column":5}},"20":{"start":{"line":119,"column":6},"end":{"line":119,"column":24}},"21":{"start":{"line":121,"column":4},"end":{"line":123,"column":5}},"22":{"start":{"line":122,"column":6},"end":{"line":122,"column":29}},"23":{"start":{"line":124,"column":4},"end":{"line":124,"column":17}},"24":{"start":{"line":128,"column":22},"end":{"line":141,"column":3}},"25":{"start":{"line":130,"column":21},"end":{"line":130,"column":42}},"26":{"start":{"line":131,"column":4},"end":{"line":133,"column":5}},"27":{"start":{"line":132,"column":6},"end":{"line":132,"column":23}},"28":{"start":{"line":134,"column":4},"end":{"line":136,"column":5}},"29":{"start":{"line":135,"column":6},"end":{"line":135,"column":23}},"30":{"start":{"line":137,"column":4},"end":{"line":139,"column":5}},"31":{"start":{"line":138,"column":6},"end":{"line":138,"column":23}},"32":{"start":{"line":140,"column":4},"end":{"line":140,"column":25}},"33":{"start":{"line":144,"column":22},"end":{"line":148,"column":3}},"34":{"start":{"line":145,"column":4},"end":{"line":147,"column":5}},"35":{"start":{"line":146,"column":6},"end":{"line":146,"column":20}},"36":{"start":{"line":151,"column":21},"end":{"line":156,"column":3}},"37":{"start":{"line":152,"column":4},"end":{"line":155,"column":5}},"38":{"start":{"line":154,"column":6},"end":{"line":154,"column":19}},"39":{"start":{"line":159,"column":24},"end":{"line":163,"column":3}},"40":{"start":{"line":160,"column":4},"end":{"line":162,"column":5}},"41":{"start":{"line":161,"column":6},"end":{"line":161,"column":22}},"42":{"start":{"line":166,"column":23},"end":{"line":170,"column":3}},"43":{"start":{"line":167,"column":4},"end":{"line":169,"column":5}},"44":{"start":{"line":168,"column":6},"end":{"line":168,"column":26}},"45":{"start":{"line":173,"column":20},"end":{"line":186,"column":3}},"46":{"start":{"line":174,"column":4},"end":{"line":185,"column":11}},"47":{"start":{"line":189,"column":41},"end":{"line":192,"column":3}},"48":{"start":{"line":194,"column":2},"end":{"line":260,"column":4}},"49":{"start":{"line":213,"column":43},"end":{"line":213,"column":64}},"50":{"start":{"line":263,"column":15},"end":{"line":329,"column":2}}},"fnMap":{"0":{"name":"(anonymous_0)","decl":{"start":{"line":74,"column":44},"end":{"line":74,"column":45}},"loc":{"start":{"line":85,"column":6},"end":{"line":261,"column":1}},"line":85},"1":{"name":"(anonymous_1)","decl":{"start":{"line":89,"column":21},"end":{"line":89,"column":22}},"loc":{"start":{"line":89,"column":45},"end":{"line":109,"column":3}},"line":89},"2":{"name":"(anonymous_2)","decl":{"start":{"line":112,"column":21},"end":{"line":112,"column":22}},"loc":{"start":{"line":112,"column":85},"end":{"line":125,"column":3}},"line":112},"3":{"name":"(anonymous_3)","decl":{"start":{"line":128,"column":22},"end":{"line":128,"column":23}},"loc":{"start":{"line":128,"column":51},"end":{"line":141,"column":3}},"line":128},"4":{"name":"(anonymous_4)","decl":{"start":{"line":144,"column":22},"end":{"line":144,"column":23}},"loc":{"start":{"line":144,"column":28},"end":{"line":148,"column":3}},"line":144},"5":{"name":"(anonymous_5)","decl":{"start":{"line":151,"column":21},"end":{"line":151,"column":22}},"loc":{"start":{"line":151,"column":27},"end":{"line":156,"column":3}},"line":151},"6":{"name":"(anonymous_6)","decl":{"start":{"line":159,"column":24},"end":{"line":159,"column":25}},"loc":{"start":{"line":159,"column":30},"end":{"line":163,"column":3}},"line":159},"7":{"name":"(anonymous_7)","decl":{"start":{"line":166,"column":23},"end":{"line":166,"column":24}},"loc":{"start":{"line":166,"column":29},"end":{"line":170,"column":3}},"line":166},"8":{"name":"(anonymous_8)","decl":{"start":{"line":173,"column":20},"end":{"line":173,"column":21}},"loc":{"start":{"line":174,"column":4},"end":{"line":185,"column":11}},"line":174},"9":{"name":"(anonymous_9)","decl":{"start":{"line":213,"column":27},"end":{"line":213,"column":28}},"loc":{"start":{"line":213,"column":43},"end":{"line":213,"column":64}},"line":213}},"branchMap":{"0":{"loc":{"start":{"line":80,"column":2},"end":{"line":80,"column":16}},"type":"default-arg","locations":[{"start":{"line":80,"column":12},"end":{"line":80,"column":16}}],"line":80},"1":{"loc":{"start":{"line":81,"column":2},"end":{"line":81,"column":18}},"type":"default-arg","locations":[{"start":{"line":81,"column":17},"end":{"line":81,"column":18}}],"line":81},"2":{"loc":{"start":{"line":82,"column":2},"end":{"line":82,"column":17}},"type":"default-arg","locations":[{"start":{"line":82,"column":13},"end":{"line":82,"column":17}}],"line":82},"3":{"loc":{"start":{"line":96,"column":4},"end":{"line":108,"column":5}},"type":"if","locations":[{"start":{"line":96,"column":4},"end":{"line":108,"column":5}},{"start":{"line":98,"column":11},"end":{"line":108,"column":5}}],"line":96},"4":{"loc":{"start":{"line":97,"column":33},"end":{"line":97,"column":75}},"type":"cond-expr","locations":[{"start":{"line":97,"column":55},"end":{"line":97,"column":63}},{"start":{"line":97,"column":66},"end":{"line":97,"column":75}}],"line":97},"5":{"loc":{"start":{"line":98,"column":11},"end":{"line":108,"column":5}},"type":"if","locations":[{"start":{"line":98,"column":11},"end":{"line":108,"column":5}},{"start":{"line":100,"column":11},"end":{"line":108,"column":5}}],"line":98},"6":{"loc":{"start":{"line":99,"column":31},"end":{"line":99,"column":67}},"type":"cond-expr","locations":[{"start":{"line":99,"column":51},"end":{"line":99,"column":57}},{"start":{"line":99,"column":60},"end":{"line":99,"column":67}}],"line":99},"7":{"loc":{"start":{"line":100,"column":11},"end":{"line":108,"column":5}},"type":"if","locations":[{"start":{"line":100,"column":11},"end":{"line":108,"column":5}},{"start":{"line":102,"column":11},"end":{"line":108,"column":5}}],"line":100},"8":{"loc":{"start":{"line":101,"column":30},"end":{"line":101,"column":63}},"type":"cond-expr","locations":[{"start":{"line":101,"column":49},"end":{"line":101,"column":54}},{"start":{"line":101,"column":57},"end":{"line":101,"column":63}}],"line":101},"9":{"loc":{"start":{"line":115,"column":4},"end":{"line":117,"column":5}},"type":"if","locations":[{"start":{"line":115,"column":4},"end":{"line":117,"column":5}},{"start":{},"end":{}}],"line":115},"10":{"loc":{"start":{"line":115,"column":8},"end":{"line":115,"column":95}},"type":"binary-expr","locations":[{"start":{"line":115,"column":8},"end":{"line":115,"column":33}},{"start":{"line":115,"column":37},"end":{"line":115,"column":67}},{"start":{"line":115,"column":71},"end":{"line":115,"column":95}}],"line":115},"11":{"loc":{"start":{"line":118,"column":4},"end":{"line":120,"column":5}},"type":"if","locations":[{"start":{"line":118,"column":4},"end":{"line":120,"column":5}},{"start":{},"end":{}}],"line":118},"12":{"loc":{"start":{"line":121,"column":4},"end":{"line":123,"column":5}},"type":"if","locations":[{"start":{"line":121,"column":4},"end":{"line":123,"column":5}},{"start":{},"end":{}}],"line":121},"13":{"loc":{"start":{"line":121,"column":8},"end":{"line":121,"column":62}},"type":"binary-expr","locations":[{"start":{"line":121,"column":8},"end":{"line":121,"column":33}},{"start":{"line":121,"column":37},"end":{"line":121,"column":62}}],"line":121},"14":{"loc":{"start":{"line":131,"column":4},"end":{"line":133,"column":5}},"type":"if","locations":[{"start":{"line":131,"column":4},"end":{"line":133,"column":5}},{"start":{},"end":{}}],"line":131},"15":{"loc":{"start":{"line":131,"column":8},"end":{"line":131,"column":95}},"type":"binary-expr","locations":[{"start":{"line":131,"column":8},"end":{"line":131,"column":33}},{"start":{"line":131,"column":37},"end":{"line":131,"column":67}},{"start":{"line":131,"column":71},"end":{"line":131,"column":95}}],"line":131},"16":{"loc":{"start":{"line":134,"column":4},"end":{"line":136,"column":5}},"type":"if","locations":[{"start":{"line":134,"column":4},"end":{"line":136,"column":5}},{"start":{},"end":{}}],"line":134},"17":{"loc":{"start":{"line":137,"column":4},"end":{"line":139,"column":5}},"type":"if","locations":[{"start":{"line":137,"column":4},"end":{"line":139,"column":5}},{"start":{},"end":{}}],"line":137},"18":{"loc":{"start":{"line":137,"column":8},"end":{"line":137,"column":62}},"type":"binary-expr","locations":[{"start":{"line":137,"column":8},"end":{"line":137,"column":33}},{"start":{"line":137,"column":37},"end":{"line":137,"column":62}}],"line":137},"19":{"loc":{"start":{"line":145,"column":4},"end":{"line":147,"column":5}},"type":"if","locations":[{"start":{"line":145,"column":4},"end":{"line":147,"column":5}},{"start":{},"end":{}}],"line":145},"20":{"loc":{"start":{"line":152,"column":4},"end":{"line":155,"column":5}},"type":"if","locations":[{"start":{"line":152,"column":4},"end":{"line":155,"column":5}},{"start":{},"end":{}}],"line":152},"21":{"loc":{"start":{"line":160,"column":4},"end":{"line":162,"column":5}},"type":"if","locations":[{"start":{"line":160,"column":4},"end":{"line":162,"column":5}},{"start":{},"end":{}}],"line":160},"22":{"loc":{"start":{"line":167,"column":4},"end":{"line":169,"column":5}},"type":"if","locations":[{"start":{"line":167,"column":4},"end":{"line":169,"column":5}},{"start":{},"end":{}}],"line":167},"23":{"loc":{"start":{"line":191,"column":8},"end":{"line":191,"column":52}},"type":"cond-expr","locations":[{"start":{"line":191,"column":23},"end":{"line":191,"column":47}},{"start":{"line":191,"column":50},"end":{"line":191,"column":52}}],"line":191},"24":{"loc":{"start":{"line":211,"column":9},"end":{"line":215,"column":9}},"type":"binary-expr","locations":[{"start":{"line":211,"column":9},"end":{"line":211,"column":17}},{"start":{"line":211,"column":21},"end":{"line":211,"column":30}},{"start":{"line":211,"column":34},"end":{"line":211,"column":54}},{"start":{"line":212,"column":10},"end":{"line":214,"column":17}}],"line":211},"25":{"loc":{"start":{"line":223,"column":25},"end":{"line":223,"column":59}},"type":"cond-expr","locations":[{"start":{"line":223,"column":35},"end":{"line":223,"column":47}},{"start":{"line":223,"column":50},"end":{"line":223,"column":59}}],"line":223},"26":{"loc":{"start":{"line":228,"column":9},"end":{"line":234,"column":9}},"type":"binary-expr","locations":[{"start":{"line":228,"column":9},"end":{"line":228,"column":16}},{"start":{"line":228,"column":20},"end":{"line":228,"column":45}},{"start":{"line":229,"column":10},"end":{"line":233,"column":29}}],"line":228},"27":{"loc":{"start":{"line":240,"column":20},"end":{"line":240,"column":66}},"type":"cond-expr","locations":[{"start":{"line":240,"column":35},"end":{"line":240,"column":45}},{"start":{"line":240,"column":48},"end":{"line":240,"column":66}}],"line":240},"28":{"loc":{"start":{"line":241,"column":18},"end":{"line":241,"column":38}},"type":"binary-expr","locations":[{"start":{"line":241,"column":18},"end":{"line":241,"column":33}},{"start":{"line":241,"column":37},"end":{"line":241,"column":38}}],"line":241},"29":{"loc":{"start":{"line":251,"column":18},"end":{"line":251,"column":41}},"type":"binary-expr","locations":[{"start":{"line":251,"column":18},"end":{"line":251,"column":36}},{"start":{"line":251,"column":40},"end":{"line":251,"column":41}}],"line":251}},"s":{"0":0,"1":0,"2":0,"3":0,"4":0,"5":0,"6":0,"7":0,"8":0,"9":0,"10":0,"11":0,"12":0,"13":0,"14":0,"15":0,"16":0,"17":0,"18":0,"19":0,"20":0,"21":0,"22":0,"23":0,"24":0,"25":0,"26":0,"27":0,"28":0,"29":0,"30":0,"31":0,"32":0,"33":0,"34":0,"35":0,"36":0,"37":0,"38":0,"39":0,"40":0,"41":0,"42":0,"43":0,"44":0,"45":0,"46":0,"47":0,"48":0,"49":0,"50":0},"f":{"0":0,"1":0,"2":0,"3":0,"4":0,"5":0,"6":0,"7":0,"8":0,"9":0},"b":{"0":[0],"1":[0],"2":[0],"3":[0,0],"4":[0,0],"5":[0,0],"6":[0,0],"7":[0,0],"8":[0,0],"9":[0,0],"10":[0,0,0],"11":[0,0],"12":[0,0],"13":[0,0],"14":[0,0],"15":[0,0,0],"16":[0,0],"17":[0,0],"18":[0,0],"19":[0,0],"20":[0,0],"21":[0,0],"22":[0,0],"23":[0,0],"24":[0,0,0,0],"25":[0,0],"26":[0,0,0],"27":[0,0],"28":[0,0],"29":[0,0]}}
[...]
,"C:\\sweWorkspace\\bounswe2025group9\\mobile\\nutrihub\\src\\services\\api\\user.service.ts": {"path":"C:\\sweWorkspace\\bounswe2025group9\\mobile\\nutrihub\\src\\services\\api\\user.service.ts","statementMap":{"0":{"start":{"line":8,"column":27},"end":{"line":42,"column":1}},"1":{"start":{"line":11,"column":21},"end":{"line":11,"column":97}},"2":{"start":{"line":12,"column":4},"end":{"line":12,"column":56}},"3":{"start":{"line":12,"column":24},"end":{"line":12,"column":56}},"4":{"start":{"line":13,"column":4},"end":{"line":13,"column":26}},"5":{"start":{"line":17,"column":21},"end":{"line":17,"column":65}},"6":{"start":{"line":18,"column":4},"end":{"line":18,"column":56}},"7":{"start":{"line":18,"column":24},"end":{"line":18,"column":56}},"8":{"start":{"line":19,"column":4},"end":{"line":19,"column":26}},"9":{"start":{"line":23,"column":21},"end":{"line":23,"column":35}},"10":{"start":{"line":24,"column":4},"end":{"line":29,"column":7}},"11":{"start":{"line":31,"column":21},"end":{"line":33,"column":6}},"12":{"start":{"line":34,"column":4},"end":{"line":34,"column":56}},"13":{"start":{"line":34,"column":24},"end":{"line":34,"column":56}},"14":{"start":{"line":35,"column":4},"end":{"line":35,"column":26}},"15":{"start":{"line":39,"column":21},"end":{"line":39,"column":73}},"16":{"start":{"line":40,"column":4},"end":{"line":40,"column":56}},"17":{"start":{"line":40,"column":24},"end":{"line":40,"column":56}}},"fnMap":{"0":{"name":"(anonymous_0)","decl":{"start":{"line":9,"column":2},"end":{"line":9,"column":3}},"loc":{"start":{"line":9,"column":59},"end":{"line":14,"column":3}},"line":9},"1":{"name":"(anonymous_1)","decl":{"start":{"line":16,"column":2},"end":{"line":16,"column":3}},"loc":{"start":{"line":16,"column":38},"end":{"line":20,"column":3}},"line":16},"2":{"name":"(anonymous_2)","decl":{"start":{"line":22,"column":2},"end":{"line":22,"column":3}},"loc":{"start":{"line":22,"column":92},"end":{"line":36,"column":3}},"line":22},"3":{"name":"(anonymous_3)","decl":{"start":{"line":38,"column":2},"end":{"line":38,"column":3}},"loc":{"start":{"line":38,"column":44},"end":{"line":41,"column":3}},"line":38}},"branchMap":{"0":{"loc":{"start":{"line":12,"column":4},"end":{"line":12,"column":56}},"type":"if","locations":[{"start":{"line":12,"column":4},"end":{"line":12,"column":56}},{"start":{},"end":{}}],"line":12},"1":{"loc":{"start":{"line":18,"column":4},"end":{"line":18,"column":56}},"type":"if","locations":[{"start":{"line":18,"column":4},"end":{"line":18,"column":56}},{"start":{},"end":{}}],"line":18},"2":{"loc":{"start":{"line":28,"column":12},"end":{"line":28,"column":80}},"type":"cond-expr","locations":[{"start":{"line":28,"column":54},"end":{"line":28,"column":65}},{"start":{"line":28,"column":68},"end":{"line":28,"column":80}}],"line":28},"3":{"loc":{"start":{"line":34,"column":4},"end":{"line":34,"column":56}},"type":"if","locations":[{"start":{"line":34,"column":4},"end":{"line":34,"column":56}},{"start":{},"end":{}}],"line":34},"4":{"loc":{"start":{"line":40,"column":4},"end":{"line":40,"column":56}},"type":"if","locations":[{"start":{"line":40,"column":4},"end":{"line":40,"column":56}},{"start":{},"end":{}}],"line":40}},"s":{"0":0,"1":0,"2":0,"3":0,"4":0,"5":0,"6":0,"7":0,"8":0,"9":0,"10":0,"11":0,"12":0,"13":0,"14":0,"15":0,"16":0,"17":0},"f":{"0":0,"1":0,"2":0,"3":0},"b":{"0":[0,0],"1":[0,0],"2":[0,0],"3":[0,0],"4":[0,0]}}
,"C:\\sweWorkspace\\bounswe2025group9\\mobile\\nutrihub\\src\\types\\types.ts": {"path":"C:\\sweWorkspace\\bounswe2025group9\\mobile\\nutrihub\\src\\types\\types.ts","statementMap":{},"fnMap":{},"branchMap":{},"s":{},"f":{},"b":{}}
,"C:\\sweWorkspace\\bounswe2025group9\\mobile\\nutrihub\\src\\utils\\validation.ts": {"path":"C:\\sweWorkspace\\bounswe2025group9\\mobile\\nutrihub\\src\\utils\\validation.ts","statementMap":{"0":{"start":{"line":13,"column":23},"end":{"line":15,"column":1}},"1":{"start":{"line":14,"column":2},"end":{"line":14,"column":63}},"2":{"start":{"line":23,"column":26},"end":{"line":25,"column":1}},"3":{"start":{"line":24,"column":2},"end":{"line":24,"column":25}},"4":{"start":{"line":33,"column":23},"end":{"line":39,"column":1}},"5":{"start":{"line":34,"column":2},"end":{"line":34,"column":35}},"6":{"start":{"line":34,"column":22},"end":{"line":34,"column":35}},"7":{"start":{"line":37,"column":21},"end":{"line":37,"column":49}},"8":{"start":{"line":38,"column":2},"end":{"line":38,"column":32}},"9":{"start":{"line":48,"column":25},"end":{"line":51,"column":1}},"10":{"start":{"line":49,"column":2},"end":{"line":49,"column":35}},"11":{"start":{"line":49,"column":22},"end":{"line":49,"column":35}},"12":{"start":{"line":50,"column":2},"end":{"line":50,"column":35}},"13":{"start":{"line":60,"column":25},"end":{"line":63,"column":1}},"14":{"start":{"line":61,"column":2},"end":{"line":61,"column":34}},"15":{"start":{"line":61,"column":22},"end":{"line":61,"column":34}},"16":{"start":{"line":62,"column":2},"end":{"line":62,"column":35}},"17":{"start":{"line":71,"column":28},"end":{"line":74,"column":1}},"18":{"start":{"line":72,"column":2},"end":{"line":72,"column":35}},"19":{"start":{"line":72,"column":22},"end":{"line":72,"column":35}},"20":{"start":{"line":73,"column":2},"end":{"line":73,"column":29}},"21":{"start":{"line":82,"column":28},"end":{"line":85,"column":1}},"22":{"start":{"line":83,"column":2},"end":{"line":83,"column":35}},"23":{"start":{"line":83,"column":22},"end":{"line":83,"column":35}},"24":{"start":{"line":84,"column":2},"end":{"line":84,"column":29}},"25":{"start":{"line":93,"column":25},"end":{"line":96,"column":1}},"26":{"start":{"line":94,"column":2},"end":{"line":94,"column":35}},"27":{"start":{"line":94,"column":22},"end":{"line":94,"column":35}},"28":{"start":{"line":95,"column":2},"end":{"line":95,"column":29}},"29":{"start":{"line":104,"column":30},"end":{"line":107,"column":1}},"30":{"start":{"line":105,"column":2},"end":{"line":105,"column":35}},"31":{"start":{"line":105,"column":22},"end":{"line":105,"column":35}},"32":{"start":{"line":106,"column":2},"end":{"line":106,"column":59}},"33":{"start":{"line":116,"column":32},"end":{"line":143,"column":1}},"34":{"start":{"line":126,"column":2},"end":{"line":126,"column":35}},"35":{"start":{"line":126,"column":22},"end":{"line":126,"column":35}},"36":{"start":{"line":134,"column":6},"end":{"line":134,"column":13}},"37":{"start":{"line":136,"column":2},"end":{"line":136,"column":57}},"38":{"start":{"line":136,"column":44},"end":{"line":136,"column":57}},"39":{"start":{"line":137,"column":2},"end":{"line":137,"column":61}},"40":{"start":{"line":137,"column":48},"end":{"line":137,"column":61}},"41":{"start":{"line":138,"column":2},"end":{"line":138,"column":61}},"42":{"start":{"line":138,"column":48},"end":{"line":138,"column":61}},"43":{"start":{"line":139,"column":2},"end":{"line":139,"column":55}},"44":{"start":{"line":139,"column":42},"end":{"line":139,"column":55}},"45":{"start":{"line":140,"column":2},"end":{"line":140,"column":65}},"46":{"start":{"line":140,"column":52},"end":{"line":140,"column":65}},"47":{"start":{"line":142,"column":2},"end":{"line":142,"column":14}},"48":{"start":{"line":151,"column":31},"end":{"line":154,"column":1}},"49":{"start":{"line":152,"column":2},"end":{"line":152,"column":35}},"50":{"start":{"line":152,"column":22},"end":{"line":152,"column":35}},"51":{"start":{"line":153,"column":2},"end":{"line":153,"column":40}},"52":{"start":{"line":164,"column":25},"end":{"line":166,"column":1}},"53":{"start":{"line":165,"column":2},"end":{"line":165,"column":38}},"54":{"start":{"line":175,"column":23},"end":{"line":177,"column":1}},"55":{"start":{"line":176,"column":2},"end":{"line":176,"column":30}},"56":{"start":{"line":185,"column":21},"end":{"line":194,"column":1}},"57":{"start":{"line":186,"column":2},"end":{"line":186,"column":35}},"58":{"start":{"line":186,"column":22},"end":{"line":186,"column":35}},"59":{"start":{"line":188,"column":2},"end":{"line":193,"column":3}},"60":{"start":{"line":189,"column":4},"end":{"line":189,"column":19}},"61":{"start":{"line":190,"column":4},"end":{"line":190,"column":16}},"62":{"start":{"line":192,"column":4},"end":{"line":192,"column":17}},"63":{"start":{"line":202,"column":29},"end":{"line":208,"column":1}},"64":{"start":{"line":203,"column":2},"end":{"line":203,"column":35}},"65":{"start":{"line":203,"column":22},"end":{"line":203,"column":35}},"66":{"start":{"line":206,"column":21},"end":{"line":206,"column":45}},"67":{"start":{"line":207,"column":2},"end":{"line":207,"column":32}}},"fnMap":{"0":{"name":"(anonymous_0)","decl":{"start":{"line":13,"column":23},"end":{"line":13,"column":24}},"loc":{"start":{"line":13,"column":48},"end":{"line":15,"column":1}},"line":13},"1":{"name":"(anonymous_1)","decl":{"start":{"line":23,"column":26},"end":{"line":23,"column":27}},"loc":{"start":{"line":23,"column":51},"end":{"line":25,"column":1}},"line":23},"2":{"name":"(anonymous_2)","decl":{"start":{"line":33,"column":23},"end":{"line":33,"column":24}},"loc":{"start":{"line":33,"column":51},"end":{"line":39,"column":1}},"line":33},"3":{"name":"(anonymous_3)","decl":{"start":{"line":48,"column":25},"end":{"line":48,"column":26}},"loc":{"start":{"line":48,"column":72},"end":{"line":51,"column":1}},"line":48},"4":{"name":"(anonymous_4)","decl":{"start":{"line":60,"column":25},"end":{"line":60,"column":26}},"loc":{"start":{"line":60,"column":72},"end":{"line":63,"column":1}},"line":60},"5":{"name":"(anonymous_5)","decl":{"start":{"line":71,"column":28},"end":{"line":71,"column":29}},"loc":{"start":{"line":71,"column":56},"end":{"line":74,"column":1}},"line":71},"6":{"name":"(anonymous_6)","decl":{"start":{"line":82,"column":28},"end":{"line":82,"column":29}},"loc":{"start":{"line":82,"column":56},"end":{"line":85,"column":1}},"line":82},"7":{"name":"(anonymous_7)","decl":{"start":{"line":93,"column":25},"end":{"line":93,"column":26}},"loc":{"start":{"line":93,"column":53},"end":{"line":96,"column":1}},"line":93},"8":{"name":"(anonymous_8)","decl":{"start":{"line":104,"column":30},"end":{"line":104,"column":31}},"loc":{"start":{"line":104,"column":58},"end":{"line":107,"column":1}},"line":104},"9":{"name":"(anonymous_9)","decl":{"start":{"line":116,"column":32},"end":{"line":116,"column":33}},"loc":{"start":{"line":125,"column":14},"end":{"line":143,"column":1}},"line":125},"10":{"name":"(anonymous_10)","decl":{"start":{"line":151,"column":31},"end":{"line":151,"column":32}},"loc":{"start":{"line":151,"column":59},"end":{"line":154,"column":1}},"line":151},"11":{"name":"(anonymous_11)","decl":{"start":{"line":164,"column":25},"end":{"line":164,"column":26}},"loc":{"start":{"line":164,"column":79},"end":{"line":166,"column":1}},"line":164},"12":{"name":"(anonymous_12)","decl":{"start":{"line":175,"column":23},"end":{"line":175,"column":24}},"loc":{"start":{"line":175,"column":71},"end":{"line":177,"column":1}},"line":175},"13":{"name":"(anonymous_13)","decl":{"start":{"line":185,"column":21},"end":{"line":185,"column":22}},"loc":{"start":{"line":185,"column":49},"end":{"line":194,"column":1}},"line":185},"14":{"name":"(anonymous_14)","decl":{"start":{"line":202,"column":29},"end":{"line":202,"column":30}},"loc":{"start":{"line":202,"column":57},"end":{"line":208,"column":1}},"line":202}},"branchMap":{"0":{"loc":{"start":{"line":14,"column":9},"end":{"line":14,"column":62}},"type":"binary-expr","locations":[{"start":{"line":14,"column":9},"end":{"line":14,"column":28}},{"start":{"line":14,"column":32},"end":{"line":14,"column":46}},{"start":{"line":14,"column":50},"end":{"line":14,"column":62}}],"line":14},"1":{"loc":{"start":{"line":34,"column":2},"end":{"line":34,"column":35}},"type":"if","locations":[{"start":{"line":34,"column":2},"end":{"line":34,"column":35}},{"start":{},"end":{}}],"line":34},"2":{"loc":{"start":{"line":49,"column":2},"end":{"line":49,"column":35}},"type":"if","locations":[{"start":{"line":49,"column":2},"end":{"line":49,"column":35}},{"start":{},"end":{}}],"line":49},"3":{"loc":{"start":{"line":61,"column":2},"end":{"line":61,"column":34}},"type":"if","locations":[{"start":{"line":61,"column":2},"end":{"line":61,"column":34}},{"start":{},"end":{}}],"line":61},"4":{"loc":{"start":{"line":72,"column":2},"end":{"line":72,"column":35}},"type":"if","locations":[{"start":{"line":72,"column":2},"end":{"line":72,"column":35}},{"start":{},"end":{}}],"line":72},"5":{"loc":{"start":{"line":83,"column":2},"end":{"line":83,"column":35}},"type":"if","locations":[{"start":{"line":83,"column":2},"end":{"line":83,"column":35}},{"start":{},"end":{}}],"line":83},"6":{"loc":{"start":{"line":94,"column":2},"end":{"line":94,"column":35}},"type":"if","locations":[{"start":{"line":94,"column":2},"end":{"line":94,"column":35}},{"start":{},"end":{}}],"line":94},"7":{"loc":{"start":{"line":105,"column":2},"end":{"line":105,"column":35}},"type":"if","locations":[{"start":{"line":105,"column":2},"end":{"line":105,"column":35}},{"start":{},"end":{}}],"line":105},"8":{"loc":{"start":{"line":118,"column":2},"end":{"line":124,"column":8}},"type":"default-arg","locations":[{"start":{"line":124,"column":6},"end":{"line":124,"column":8}}],"line":118},"9":{"loc":{"start":{"line":126,"column":2},"end":{"line":126,"column":35}},"type":"if","locations":[{"start":{"line":126,"column":2},"end":{"line":126,"column":35}},{"start":{},"end":{}}],"line":126},"10":{"loc":{"start":{"line":129,"column":15},"end":{"line":129,"column":36}},"type":"default-arg","locations":[{"start":{"line":129,"column":35},"end":{"line":129,"column":36}}],"line":129},"11":{"loc":{"start":{"line":130,"column":4},"end":{"line":130,"column":27}},"type":"default-arg","locations":[{"start":{"line":130,"column":23},"end":{"line":130,"column":27}}],"line":130},"12":{"loc":{"start":{"line":131,"column":4},"end":{"line":131,"column":27}},"type":"default-arg","locations":[{"start":{"line":131,"column":23},"end":{"line":131,"column":27}}],"line":131},"13":{"loc":{"start":{"line":132,"column":4},"end":{"line":132,"column":24}},"type":"default-arg","locations":[{"start":{"line":132,"column":20},"end":{"line":132,"column":24}}],"line":132},"14":{"loc":{"start":{"line":133,"column":4},"end":{"line":133,"column":29}},"type":"default-arg","locations":[{"start":{"line":133,"column":25},"end":{"line":133,"column":29}}],"line":133},"15":{"loc":{"start":{"line":136,"column":2},"end":{"line":136,"column":57}},"type":"if","locations":[{"start":{"line":136,"column":2},"end":{"line":136,"column":57}},{"start":{},"end":{}}],"line":136},"16":{"loc":{"start":{"line":137,"column":2},"end":{"line":137,"column":61}},"type":"if","locations":[{"start":{"line":137,"column":2},"end":{"line":137,"column":61}},{"start":{},"end":{}}],"line":137},"17":{"loc":{"start":{"line":137,"column":6},"end":{"line":137,"column":46}},"type":"binary-expr","locations":[{"start":{"line":137,"column":6},"end":{"line":137,"column":22}},{"start":{"line":137,"column":26},"end":{"line":137,"column":46}}],"line":137},"18":{"loc":{"start":{"line":138,"column":2},"end":{"line":138,"column":61}},"type":"if","locations":[{"start":{"line":138,"column":2},"end":{"line":138,"column":61}},{"start":{},"end":{}}],"line":138},"19":{"loc":{"start":{"line":138,"column":6},"end":{"line":138,"column":46}},"type":"binary-expr","locations":[{"start":{"line":138,"column":6},"end":{"line":138,"column":22}},{"start":{"line":138,"column":26},"end":{"line":138,"column":46}}],"line":138},"20":{"loc":{"start":{"line":139,"column":2},"end":{"line":139,"column":55}},"type":"if","locations":[{"start":{"line":139,"column":2},"end":{"line":139,"column":55}},{"start":{},"end":{}}],"line":139},"21":{"loc":{"start":{"line":139,"column":6},"end":{"line":139,"column":40}},"type":"binary-expr","locations":[{"start":{"line":139,"column":6},"end":{"line":139,"column":19}},{"start":{"line":139,"column":23},"end":{"line":139,"column":40}}],"line":139},"22":{"loc":{"start":{"line":140,"column":2},"end":{"line":140,"column":65}},"type":"if","locations":[{"start":{"line":140,"column":2},"end":{"line":140,"column":65}},{"start":{},"end":{}}],"line":140},"23":{"loc":{"start":{"line":140,"column":6},"end":{"line":140,"column":50}},"type":"binary-expr","locations":[{"start":{"line":140,"column":6},"end":{"line":140,"column":24}},{"start":{"line":140,"column":28},"end":{"line":140,"column":50}}],"line":140},"24":{"loc":{"start":{"line":152,"column":2},"end":{"line":152,"column":35}},"type":"if","locations":[{"start":{"line":152,"column":2},"end":{"line":152,"column":35}},{"start":{},"end":{}}],"line":152},"25":{"loc":{"start":{"line":165,"column":9},"end":{"line":165,"column":37}},"type":"binary-expr","locations":[{"start":{"line":165,"column":9},"end":{"line":165,"column":21}},{"start":{"line":165,"column":25},"end":{"line":165,"column":37}}],"line":165},"26":{"loc":{"start":{"line":186,"column":2},"end":{"line":186,"column":35}},"type":"if","locations":[{"start":{"line":186,"column":2},"end":{"line":186,"column":35}},{"start":{},"end":{}}],"line":186},"27":{"loc":{"start":{"line":203,"column":2},"end":{"line":203,"column":35}},"type":"if","locations":[{"start":{"line":203,"column":2},"end":{"line":203,"column":35}},{"start":{},"end":{}}],"line":203}},"s":{"0":0,"1":0,"2":0,"3":0,"4":0,"5":0,"6":0,"7":0,"8":0,"9":0,"10":0,"11":0,"12":0,"13":0,"14":0,"15":0,"16":0,"17":0,"18":0,"19":0,"20":0,"21":0,"22":0,"23":0,"24":0,"25":0,"26":0,"27":0,"28":0,"29":0,"30":0,"31":0,"32":0,"33":0,"34":0,"35":0,"36":0,"37":0,"38":0,"39":0,"40":0,"41":0,"42":0,"43":0,"44":0,"45":0,"46":0,"47":0,"48":0,"49":0,"50":0,"51":0,"52":0,"53":0,"54":0,"55":0,"56":0,"57":0,"58":0,"59":0,"60":0,"61":0,"62":0,"63":0,"64":0,"65":0,"66":0,"67":0},"f":{"0":0,"1":0,"2":0,"3":0,"4":0,"5":0,"6":0,"7":0,"8":0,"9":0,"10":0,"11":0,"12":0,"13":0,"14":0},"b":{"0":[0,0,0],"1":[0,0],"2":[0,0],"3":[0,0],"4":[0,0],"5":[0,0],"6":[0,0],"7":[0,0],"8":[0],"9":[0,0],"10":[0],"11":[0],"12":[0],"13":[0],"14":[0],"15":[0,0],"16":[0,0],"17":[0,0],"18":[0,0],"19":[0,0],"20":[0,0],"21":[0,0],"22":[0,0],"23":[0,0],"24":[0,0],"25":[0,0],"26":[0,0],"27":[0,0]}}
}
