TN:
SF:App.tsx
FN:32,App
FNF:1
FNH:0
FNDA:0,App
DA:33,0
DA:54,0
DA:55,0
DA:63,0
LF:4
LH:0
BRDA:54,0,0,0
BRDA:54,0,1,0
BRF:2
BRH:0
end_of_record
TN:
SF:index.ts
FNF:0
FNH:0
DA:8,0
LF:1
LH:0
BRF:0
BRH:0
end_of_record
TN:
SF:jest.config.js
FNF:0
FNH:0
DA:1,0
LF:1
LH:0
BRF:0
BRH:0
end_of_record
TN:
SF:src/components/common/Button.tsx
FN:133,(anonymous_0)
FN:152,(anonymous_1)
FN:210,(anonymous_2)
FN:250,(anonymous_3)
FN:271,(anonymous_4)
FN:283,(anonymous_5)
FNF:6
FNH:5
FNDA:7,(anonymous_0)
FNDA:7,(anonymous_1)
FNDA:6,(anonymous_2)
FNDA:1,(anonymous_3)
FNDA:0,(anonymous_4)
FNDA:6,(anonymous_5)
DA:133,1
DA:149,7
DA:152,7
DA:153,7
DA:158,7
DA:160,5
DA:161,5
DA:163,1
DA:164,1
DA:166,1
DA:167,1
DA:168,1
DA:169,1
DA:171,0
DA:172,0
DA:174,0
DA:175,0
DA:177,0
DA:178,0
DA:180,0
DA:184,7
DA:186,0
DA:187,0
DA:188,0
DA:189,0
DA:191,0
DA:192,0
DA:193,0
DA:194,0
DA:196,7
DA:197,7
DA:198,7
DA:202,7
DA:203,0
DA:206,7
DA:210,7
DA:211,6
DA:217,6
DA:223,6
DA:225,4
DA:226,4
DA:228,1
DA:231,1
DA:233,0
DA:234,0
DA:236,0
DA:237,0
DA:240,1
DA:241,1
DA:243,0
DA:246,6
DA:250,7
DA:251,1
DA:253,1
DA:255,0
DA:259,0
DA:261,0
DA:264,0
DA:266,0
DA:271,7
DA:272,0
DA:274,0
DA:276,0
DA:278,0
DA:283,7
DA:284,6
DA:286,0
DA:296,7
DA:336,1
LF:69
LH:38
BRDA:136,0,0,4
BRDA:137,1,0,7
BRDA:138,2,0,7
BRDA:141,3,0,6
BRDA:142,4,0,6
BRDA:144,5,0,7
BRDA:154,6,0,1
BRDA:154,6,1,6
BRDA:158,7,0,5
BRDA:158,7,1,1
BRDA:158,7,2,1
BRDA:158,7,3,0
BRDA:158,7,4,0
BRDA:158,7,5,0
BRDA:158,7,6,0
BRDA:184,8,0,0
BRDA:184,8,1,0
BRDA:184,8,2,7
BRDA:202,9,0,0
BRDA:202,9,1,7
BRDA:223,10,0,4
BRDA:223,10,1,1
BRDA:223,10,2,0
BRDA:223,10,3,0
BRDA:223,10,4,1
BRDA:223,10,5,1
BRDA:223,10,6,0
BRDA:228,11,0,0
BRDA:228,11,1,1
BRDA:251,12,0,1
BRDA:251,12,1,0
BRDA:251,12,2,0
BRDA:251,12,3,0
BRDA:251,12,4,0
BRDA:251,12,5,0
BRDA:251,12,6,0
BRDA:255,13,0,0
BRDA:255,13,1,0
BRDA:272,14,0,0
BRDA:272,14,1,0
BRDA:272,14,2,0
BRDA:284,15,0,6
BRDA:284,15,1,0
BRDA:291,16,0,0
BRDA:291,16,1,0
BRDA:300,17,0,7
BRDA:300,17,1,6
BRDA:303,18,0,7
BRDA:303,18,1,6
BRDA:307,19,0,0
BRDA:307,19,1,7
BRDA:311,20,0,1
BRDA:311,20,1,6
BRDA:313,21,0,0
BRDA:313,21,1,1
BRDA:318,22,0,6
BRDA:318,22,1,6
BRDA:319,23,0,6
BRDA:319,23,1,6
BRDA:327,24,0,6
BRDA:327,24,1,0
BRF:61
BRH:33
end_of_record
TN:
SF:src/components/common/Card.tsx
FN:111,(anonymous_0)
FN:138,(anonymous_1)
FNF:2
FNH:0
FNDA:0,(anonymous_0)
FNDA:0,(anonymous_1)
DA:111,0
DA:124,0
DA:127,0
DA:138,0
DA:139,0
DA:162,0
DA:163,0
DA:177,0
DA:184,0
LF:9
LH:0
BRDA:120,0,0,0
BRDA:121,1,0,0
BRDA:133,2,0,0
BRDA:133,2,1,0
BRDA:141,3,0,0
BRDA:141,3,1,0
BRDA:153,4,0,0
BRDA:153,4,1,0
BRDA:162,5,0,0
BRDA:162,5,1,0
BRDA:167,6,0,0
BRDA:167,6,1,0
BRF:12
BRH:0
end_of_record
TN:
SF:src/components/common/FeatureCard.tsx
FN:18,(anonymous_0)
FNF:1
FNH:0
FNDA:0,(anonymous_0)
DA:18,0
DA:19,0
DA:21,0
DA:34,0
LF:4
LH:0
BRF:0
BRH:0
end_of_record
TN:
SF:src/components/common/TextInput.tsx
FN:129,(anonymous_0)
FN:149,(anonymous_1)
FN:150,(anonymous_2)
FN:154,(anonymous_3)
FNF:4
FNH:1
FNDA:4,(anonymous_0)
FNDA:0,(anonymous_1)
FNDA:0,(anonymous_2)
FNDA:0,(anonymous_3)
DA:129,1
DA:145,4
DA:146,4
DA:149,4
DA:150,0
DA:154,4
DA:155,0
DA:156,0
DA:160,4
DA:249,1
LF:10
LH:7
BRDA:136,0,0,4
BRDA:137,1,0,4
BRDA:140,2,0,4
BRDA:155,3,0,0
BRDA:155,3,1,0
BRDA:163,4,0,4
BRDA:163,4,1,4
BRDA:181,5,0,1
BRDA:181,5,1,3
BRDA:186,6,0,4
BRDA:186,6,1,0
BRDA:203,7,0,4
BRDA:203,7,1,0
BRDA:212,8,0,4
BRDA:212,8,1,0
BRDA:212,8,2,0
BRDA:212,8,3,0
BRDA:219,9,0,4
BRDA:219,9,1,0
BRDA:219,9,2,0
BRDA:222,10,0,0
BRDA:222,10,1,0
BRDA:232,11,0,4
BRDA:232,11,1,3
BRDA:232,11,2,2
BRDA:237,12,0,1
BRDA:237,12,1,1
BRDA:238,13,0,1
BRDA:238,13,1,1
BRDA:242,14,0,2
BRDA:242,14,1,1
BRF:31
BRH:20
end_of_record
TN:
SF:src/components/food/FoodDetailModal.tsx
FN:51,(anonymous_0)
FN:62,(anonymous_1)
FN:71,(anonymous_2)
FN:77,(anonymous_3)
FN:92,(anonymous_4)
FN:265,(anonymous_5)
FN:281,(anonymous_6)
FNF:7
FNH:0
FNDA:0,(anonymous_0)
FNDA:0,(anonymous_1)
FNDA:0,(anonymous_2)
FNDA:0,(anonymous_3)
FNDA:0,(anonymous_4)
FNDA:0,(anonymous_5)
FNDA:0,(anonymous_6)
DA:51,0
DA:57,0
DA:59,0
DA:62,0
DA:63,0
DA:65,0
DA:66,0
DA:67,0
DA:71,0
DA:72,0
DA:73,0
DA:77,0
DA:78,0
DA:92,0
DA:93,0
DA:107,0
DA:265,0
DA:281,0
DA:294,0
DA:296,0
LF:20
LH:0
BRDA:59,0,0,0
BRDA:59,0,1,0
BRDA:63,1,0,0
BRDA:63,1,1,0
BRDA:65,2,0,0
BRDA:65,2,1,0
BRDA:66,3,0,0
BRDA:66,3,1,0
BRDA:174,4,0,0
BRDA:174,4,1,0
BRDA:182,5,0,0
BRDA:182,5,1,0
BRDA:193,6,0,0
BRDA:193,6,1,0
BRDA:244,7,0,0
BRDA:244,7,1,0
BRDA:261,8,0,0
BRDA:261,8,1,0
BRDA:261,8,2,0
BRDA:271,9,0,0
BRDA:271,9,1,0
BRDA:271,9,2,0
BRF:22
BRH:0
end_of_record
TN:
SF:src/components/food/FoodFilterModal.tsx
FN:33,(anonymous_0)
FN:43,(anonymous_1)
FN:49,(anonymous_2)
FN:50,(anonymous_3)
FN:56,(anonymous_4)
FN:57,(anonymous_5)
FN:64,(anonymous_6)
FN:70,(anonymous_7)
FN:72,(anonymous_8)
FN:78,(anonymous_9)
FN:80,(anonymous_10)
FN:86,(anonymous_11)
FN:91,(anonymous_12)
FN:115,(anonymous_13)
FN:126,(anonymous_14)
FN:149,(anonymous_15)
FN:162,(anonymous_16)
FN:189,(anonymous_17)
FN:197,(anonymous_18)
FN:211,(anonymous_19)
FN:219,(anonymous_20)
FNF:21
FNH:0
FNDA:0,(anonymous_0)
FNDA:0,(anonymous_1)
FNDA:0,(anonymous_2)
FNDA:0,(anonymous_3)
FNDA:0,(anonymous_4)
FNDA:0,(anonymous_5)
FNDA:0,(anonymous_6)
FNDA:0,(anonymous_7)
FNDA:0,(anonymous_8)
FNDA:0,(anonymous_9)
FNDA:0,(anonymous_10)
FNDA:0,(anonymous_11)
FNDA:0,(anonymous_12)
FNDA:0,(anonymous_13)
FNDA:0,(anonymous_14)
FNDA:0,(anonymous_15)
FNDA:0,(anonymous_16)
FNDA:0,(anonymous_17)
FNDA:0,(anonymous_18)
FNDA:0,(anonymous_19)
FNDA:0,(anonymous_20)
DA:33,0
DA:39,0
DA:40,0
DA:43,0
DA:44,0
DA:45,0
DA:49,0
DA:50,0
DA:56,0
DA:57,0
DA:58,0
DA:59,0
DA:61,0
DA:64,0
DA:70,0
DA:71,0
DA:72,0
DA:78,0
DA:79,0
DA:80,0
DA:86,0
DA:87,0
DA:88,0
DA:91,0
DA:92,0
DA:95,0
DA:116,0
DA:126,0
DA:150,0
DA:151,0
DA:162,0
DA:189,0
DA:197,0
DA:211,0
DA:219,0
DA:246,0
LF:36
LH:0
BRDA:44,0,0,0
BRDA:44,0,1,0
BRDA:52,1,0,0
BRDA:52,1,1,0
BRDA:58,2,0,0
BRDA:58,2,1,0
BRDA:63,3,0,0
BRDA:63,3,1,0
BRDA:71,4,0,0
BRDA:71,4,1,0
BRDA:79,5,0,0
BRDA:79,5,1,0
BRDA:121,6,0,0
BRDA:121,6,1,0
BRDA:132,7,0,0
BRDA:132,7,1,0
BRDA:157,8,0,0
BRDA:157,8,1,0
BRDA:168,9,0,0
BRDA:168,9,1,0
BRDA:188,10,0,0
BRDA:188,10,1,0
BRDA:196,11,0,0
BRDA:196,11,1,0
BRDA:210,12,0,0
BRDA:210,12,1,0
BRDA:218,13,0,0
BRDA:218,13,1,0
BRF:28
BRH:0
end_of_record
TN:
SF:src/components/food/FoodItem.tsx
FN:65,(anonymous_0)
FN:78,(anonymous_1)
FN:85,(anonymous_2)
FN:94,(anonymous_3)
FN:101,(anonymous_4)
FN:145,(anonymous_5)
FN:170,(anonymous_6)
FN:219,(anonymous_7)
FN:236,(anonymous_8)
FN:288,(anonymous_9)
FNF:10
FNH:0
FNDA:0,(anonymous_0)
FNDA:0,(anonymous_1)
FNDA:0,(anonymous_2)
FNDA:0,(anonymous_3)
FNDA:0,(anonymous_4)
FNDA:0,(anonymous_5)
FNDA:0,(anonymous_6)
FNDA:0,(anonymous_7)
FNDA:0,(anonymous_8)
FNDA:0,(anonymous_9)
DA:65,0
DA:75,0
DA:78,0
DA:79,0
DA:80,0
DA:85,0
DA:86,0
DA:88,0
DA:89,0
DA:90,0
DA:94,0
DA:95,0
DA:101,0
DA:102,0
DA:146,0
DA:170,0
DA:171,0
DA:220,0
DA:236,0
DA:237,0
DA:289,0
DA:347,0
DA:349,0
DA:351,0
DA:354,0
DA:358,0
LF:26
LH:0
BRDA:68,0,0,0
BRDA:70,1,0,0
BRDA:71,2,0,0
BRDA:72,3,0,0
BRDA:79,4,0,0
BRDA:79,4,1,0
BRDA:86,5,0,0
BRDA:86,5,1,0
BRDA:88,6,0,0
BRDA:88,6,1,0
BRDA:89,7,0,0
BRDA:89,7,1,0
BRDA:94,8,0,0
BRDA:124,9,0,0
BRDA:124,9,1,0
BRDA:124,9,2,0
BRDA:143,10,0,0
BRDA:143,10,1,0
BRDA:143,10,2,0
BRDA:143,10,3,0
BRDA:150,11,0,0
BRDA:150,11,1,0
BRDA:159,12,0,0
BRDA:159,12,1,0
BRDA:159,12,2,0
BRDA:185,13,0,0
BRDA:185,13,1,0
BRDA:185,13,2,0
BRDA:210,14,0,0
BRDA:210,14,1,0
BRDA:210,14,2,0
BRDA:217,15,0,0
BRDA:217,15,1,0
BRDA:217,15,2,0
BRDA:217,15,3,0
BRDA:224,16,0,0
BRDA:224,16,1,0
BRDA:257,17,0,0
BRDA:257,17,1,0
BRDA:257,17,2,0
BRDA:282,18,0,0
BRDA:282,18,1,0
BRDA:282,18,2,0
BRDA:282,18,3,0
BRDA:298,19,0,0
BRDA:298,19,1,0
BRDA:333,20,0,0
BRDA:333,20,1,0
BRDA:333,20,2,0
BRDA:347,21,0,0
BRDA:347,21,1,0
BRDA:347,21,2,0
BRDA:347,21,3,0
BRF:53
BRH:0
end_of_record
TN:
SF:src/components/food/ProposeFoodModal.tsx
FN:46,(anonymous_0)
FN:57,(anonymous_1)
FN:58,(anonymous_2)
FN:61,(anonymous_3)
FN:64,(anonymous_4)
FN:65,(anonymous_5)
FN:66,(anonymous_6)
FN:69,(anonymous_7)
FN:70,(anonymous_8)
FN:71,(anonymous_9)
FN:74,(anonymous_10)
FN:75,(anonymous_11)
FN:76,(anonymous_12)
FN:79,(anonymous_13)
FN:80,(anonymous_14)
FN:81,(anonymous_15)
FN:110,(anonymous_16)
FN:117,(anonymous_17)
FN:124,(anonymous_18)
FN:128,(anonymous_19)
FN:134,(anonymous_20)
FN:139,(anonymous_21)
FN:185,(anonymous_22)
FN:201,(anonymous_23)
FNF:24
FNH:0
FNDA:0,(anonymous_0)
FNDA:0,(anonymous_1)
FNDA:0,(anonymous_2)
FNDA:0,(anonymous_3)
FNDA:0,(anonymous_4)
FNDA:0,(anonymous_5)
FNDA:0,(anonymous_6)
FNDA:0,(anonymous_7)
FNDA:0,(anonymous_8)
FNDA:0,(anonymous_9)
FNDA:0,(anonymous_10)
FNDA:0,(anonymous_11)
FNDA:0,(anonymous_12)
FNDA:0,(anonymous_13)
FNDA:0,(anonymous_14)
FNDA:0,(anonymous_15)
FNDA:0,(anonymous_16)
FNDA:0,(anonymous_17)
FNDA:0,(anonymous_18)
FNDA:0,(anonymous_19)
FNDA:0,(anonymous_20)
FNDA:0,(anonymous_21)
FNDA:0,(anonymous_22)
FNDA:0,(anonymous_23)
DA:46,0
DA:51,0
DA:52,0
DA:55,0
DA:57,0
DA:58,0
DA:61,0
DA:64,0
DA:65,0
DA:66,0
DA:69,0
DA:70,0
DA:71,0
DA:74,0
DA:75,0
DA:76,0
DA:79,0
DA:80,0
DA:81,0
DA:98,0
DA:111,0
DA:112,0
DA:117,0
DA:118,0
DA:119,0
DA:120,0
DA:124,0
DA:125,0
DA:126,0
DA:128,0
DA:129,0
DA:134,0
DA:135,0
DA:139,0
DA:140,0
DA:148,0
DA:186,0
DA:201,0
DA:334,0
LF:39
LH:0
BRDA:135,0,0,0
BRDA:135,0,1,0
BRDA:140,1,0,0
BRDA:140,1,1,0
BRDA:140,1,2,0
BRDA:140,1,3,0
BRDA:140,1,4,0
BRDA:140,1,5,0
BRDA:140,1,6,0
BRDA:140,1,7,0
BRDA:140,1,8,0
BRDA:140,1,9,0
BRDA:140,1,10,0
BRDA:140,1,11,0
BRDA:140,1,12,0
BRDA:140,1,13,0
BRDA:157,2,0,0
BRDA:157,2,1,0
BRDA:190,3,0,0
BRDA:190,3,1,0
BRDA:192,4,0,0
BRDA:192,4,1,0
BRDA:195,5,0,0
BRDA:195,5,1,0
BRDA:195,6,0,0
BRDA:195,6,1,0
BRDA:198,7,0,0
BRDA:198,7,1,0
BRDA:198,8,0,0
BRDA:198,8,1,0
BRDA:207,9,0,0
BRDA:207,9,1,0
BRDA:218,10,0,0
BRDA:218,10,1,0
BRDA:218,10,2,0
BRDA:323,11,0,0
BRDA:323,11,1,0
BRF:37
BRH:0
end_of_record
TN:
SF:src/components/forum/ForumPost.tsx
FN:69,(anonymous_0)
FN:83,(anonymous_1)
FN:106,(anonymous_2)
FN:122,(anonymous_3)
FN:138,(anonymous_4)
FN:145,(anonymous_5)
FN:153,(anonymous_6)
FN:160,(anonymous_7)
FN:200,(anonymous_8)
FNF:9
FNH:0
FNDA:0,(anonymous_0)
FNDA:0,(anonymous_1)
FNDA:0,(anonymous_2)
FNDA:0,(anonymous_3)
FNDA:0,(anonymous_4)
FNDA:0,(anonymous_5)
FNDA:0,(anonymous_6)
FNDA:0,(anonymous_7)
FNDA:0,(anonymous_8)
DA:69,0
DA:80,0
DA:83,0
DA:84,0
DA:85,0
DA:86,0
DA:87,0
DA:88,0
DA:90,0
DA:91,0
DA:92,0
DA:93,0
DA:94,0
DA:95,0
DA:97,0
DA:106,0
DA:108,0
DA:109,0
DA:110,0
DA:112,0
DA:113,0
DA:115,0
DA:116,0
DA:118,0
DA:122,0
DA:124,0
DA:125,0
DA:126,0
DA:128,0
DA:129,0
DA:131,0
DA:132,0
DA:134,0
DA:138,0
DA:139,0
DA:140,0
DA:145,0
DA:146,0
DA:148,0
DA:153,0
DA:154,0
DA:155,0
DA:160,0
DA:161,0
DA:176,0
DA:181,0
DA:200,0
DA:250,0
LF:48
LH:0
BRDA:74,0,0,0
BRDA:75,1,0,0
BRDA:76,2,0,0
BRDA:90,3,0,0
BRDA:90,3,1,0
BRDA:91,4,0,0
BRDA:91,4,1,0
BRDA:92,5,0,0
BRDA:92,5,1,0
BRDA:93,6,0,0
BRDA:93,6,1,0
BRDA:94,7,0,0
BRDA:94,7,1,0
BRDA:95,8,0,0
BRDA:95,8,1,0
BRDA:109,9,0,0
BRDA:109,9,1,0
BRDA:109,10,0,0
BRDA:109,10,1,0
BRDA:109,10,2,0
BRDA:112,11,0,0
BRDA:112,11,1,0
BRDA:115,12,0,0
BRDA:115,12,1,0
BRDA:115,13,0,0
BRDA:115,13,1,0
BRDA:125,14,0,0
BRDA:125,14,1,0
BRDA:125,15,0,0
BRDA:125,15,1,0
BRDA:125,15,2,0
BRDA:128,16,0,0
BRDA:128,16,1,0
BRDA:131,17,0,0
BRDA:131,17,1,0
BRDA:131,18,0,0
BRDA:131,18,1,0
BRDA:139,19,0,0
BRDA:139,19,1,0
BRDA:146,20,0,0
BRDA:146,20,1,0
BRDA:154,21,0,0
BRDA:154,21,1,0
BRDA:178,22,0,0
BRDA:178,22,1,0
BRDA:198,23,0,0
BRDA:198,23,1,0
BRDA:198,23,2,0
BRDA:198,23,3,0
BRDA:210,24,0,0
BRDA:210,24,1,0
BRDA:215,25,0,0
BRDA:215,25,1,0
BRDA:215,25,2,0
BRDA:227,26,0,0
BRDA:227,26,1,0
BRDA:228,27,0,0
BRDA:228,27,1,0
BRDA:238,28,0,0
BRDA:238,28,1,0
BRF:60
BRH:0
end_of_record
TN:
SF:src/components/forum/ForumRules.tsx
FN:12,(anonymous_0)
FN:27,(anonymous_1)
FNF:2
FNH:0
FNDA:0,(anonymous_0)
FNDA:0,(anonymous_1)
DA:12,0
DA:13,0
DA:15,0
DA:22,0
DA:28,0
DA:38,0
LF:6
LH:0
BRF:0
BRH:0
end_of_record
TN:
SF:src/components/forum/ForumTopic.tsx
FN:17,(anonymous_0)
FNF:1
FNH:0
FNDA:0,(anonymous_0)
DA:17,0
DA:25,0
DA:27,0
DA:56,0
LF:4
LH:0
BRF:0
BRH:0
end_of_record
TN:
SF:src/config/index.ts
FNF:0
FNH:0
DA:1,1
LF:1
LH:1
BRF:0
BRH:0
end_of_record
TN:
SF:src/constants/foodConstants.ts
FNF:0
FNH:0
DA:8,0
DA:25,0
DA:43,0
DA:56,0
LF:4
LH:0
BRF:0
BRH:0
end_of_record
TN:
SF:src/constants/forumConstants.ts
FNF:0
FNH:0
DA:8,0
DA:17,0
DA:27,0
LF:3
LH:0
BRF:0
BRH:0
end_of_record
TN:
SF:src/constants/theme.ts
FN:20,(anonymous_0)
FN:320,(anonymous_1)
FN:433,(anonymous_2)
FNF:3
FNH:0
FNDA:0,(anonymous_0)
FNDA:0,(anonymous_1)
FNDA:0,(anonymous_2)
DA:20,3
DA:24,0
DA:27,0
DA:28,0
DA:32,0
DA:39,3
DA:210,3
DA:265,3
DA:320,3
DA:321,0
DA:328,3
DA:340,3
DA:394,3
DA:406,3
DA:433,3
LF:15
LH:10
BRDA:24,0,0,0
BRDA:24,0,1,0
BRDA:27,1,0,0
BRDA:27,1,1,0
BRDA:321,2,0,0
BRDA:321,2,1,0
BRF:6
BRH:0
end_of_record
TN:
SF:src/context/AuthContext.tsx
FN:54,(anonymous_0)
FN:62,(anonymous_1)
FN:69,(anonymous_2)
FN:103,(anonymous_3)
FN:161,(anonymous_4)
FN:212,(anonymous_5)
FN:242,(anonymous_6)
FN:266,(anonymous_7)
FNF:8
FNH:7
FNDA:17,(anonymous_0)
FNDA:8,(anonymous_1)
FNDA:11,(anonymous_2)
FNDA:2,(anonymous_3)
FNDA:0,(anonymous_4)
FNDA:2,(anonymous_5)
FNDA:1,(anonymous_6)
FNDA:16,(anonymous_7)
DA:14,1
DA:49,1
DA:54,1
DA:56,17
DA:57,17
DA:58,17
DA:59,17
DA:62,17
DA:63,8
DA:69,17
DA:70,11
DA:72,11
DA:73,11
DA:75,11
DA:77,2
DA:78,1
DA:79,1
DA:80,1
DA:82,9
DA:83,9
DA:84,9
DA:87,1
DA:89,1
DA:90,1
DA:91,1
DA:92,1
DA:93,1
DA:94,1
DA:96,11
DA:103,17
DA:104,2
DA:105,2
DA:107,2
DA:108,2
DA:110,2
DA:111,1
DA:114,1
DA:120,1
DA:121,1
DA:124,1
DA:127,1
DA:128,1
DA:129,1
DA:131,1
DA:133,1
DA:135,1
DA:136,1
DA:140,0
DA:141,0
DA:146,0
DA:152,1
DA:153,1
DA:155,2
DA:161,17
DA:162,0
DA:163,0
DA:165,0
DA:167,0
DA:170,0
DA:172,0
DA:175,0
DA:176,0
DA:180,0
DA:181,0
DA:185,0
DA:186,0
DA:190,0
DA:191,0
DA:196,0
DA:202,0
DA:203,0
DA:205,0
DA:212,17
DA:213,2
DA:215,2
DA:217,2
DA:219,2
DA:221,2
DA:225,1
DA:228,2
DA:229,2
DA:230,2
DA:233,2
DA:234,2
DA:235,2
DA:242,17
DA:243,1
DA:247,17
DA:260,17
DA:266,1
DA:267,16
DA:269,16
DA:270,0
DA:273,16
LF:94
LH:72
BRDA:75,0,0,2
BRDA:75,0,1,9
BRDA:135,1,0,1
BRDA:135,1,1,0
BRDA:140,2,0,0
BRDA:140,2,1,0
BRDA:175,3,0,0
BRDA:175,3,1,0
BRDA:180,4,0,0
BRDA:180,4,1,0
BRDA:185,5,0,0
BRDA:185,5,1,0
BRDA:185,6,0,0
BRDA:185,6,1,0
BRDA:190,7,0,0
BRDA:190,7,1,0
BRDA:219,8,0,2
BRDA:219,8,1,0
BRDA:269,9,0,0
BRDA:269,9,1,16
BRF:20
BRH:5
end_of_record
TN:
SF:src/context/PostsContext.tsx
FN:33,(anonymous_0)
FN:40,(anonymous_1)
FN:43,(anonymous_2)
FN:50,(anonymous_3)
FN:51,(anonymous_4)
FN:55,(anonymous_5)
FN:56,(anonymous_6)
FN:57,(anonymous_7)
FN:67,(anonymous_8)
FN:79,(anonymous_9)
FN:89,(anonymous_10)
FN:94,(anonymous_11)
FN:113,(anonymous_12)
FN:114,(anonymous_13)
FN:118,(anonymous_14)
FN:147,(anonymous_15)
FN:187,(anonymous_16)
FNF:17
FNH:0
FNDA:0,(anonymous_0)
FNDA:0,(anonymous_1)
FNDA:0,(anonymous_2)
FNDA:0,(anonymous_3)
FNDA:0,(anonymous_4)
FNDA:0,(anonymous_5)
FNDA:0,(anonymous_6)
FNDA:0,(anonymous_7)
FNDA:0,(anonymous_8)
FNDA:0,(anonymous_9)
FNDA:0,(anonymous_10)
FNDA:0,(anonymous_11)
FNDA:0,(anonymous_12)
FNDA:0,(anonymous_13)
FNDA:0,(anonymous_14)
FNDA:0,(anonymous_15)
FNDA:0,(anonymous_16)
DA:15,0
DA:31,0
DA:33,0
DA:34,0
DA:35,0
DA:36,0
DA:37,0
DA:40,0
DA:41,0
DA:42,0
DA:43,0
DA:44,0
DA:50,0
DA:51,0
DA:55,0
DA:56,0
DA:57,0
DA:61,0
DA:62,0
DA:67,0
DA:68,0
DA:69,0
DA:70,0
DA:72,0
DA:74,0
DA:75,0
DA:79,0
DA:82,0
DA:84,0
DA:89,0
DA:90,0
DA:91,0
DA:92,0
DA:94,0
DA:95,0
DA:96,0
DA:97,0
DA:104,0
DA:107,0
DA:108,0
DA:113,0
DA:114,0
DA:118,0
DA:120,0
DA:121,0
DA:122,0
DA:125,0
DA:126,0
DA:128,0
DA:129,0
DA:132,0
DA:133,0
DA:135,0
DA:137,0
DA:138,0
DA:139,0
DA:140,0
DA:142,0
DA:147,0
DA:149,0
DA:150,0
DA:153,0
DA:154,0
DA:156,0
DA:157,0
DA:159,0
DA:160,0
DA:162,0
DA:163,0
DA:164,0
DA:166,0
DA:170,0
DA:184,0
DA:187,0
DA:188,0
DA:189,0
DA:190,0
DA:192,0
LF:78
LH:0
BRDA:41,0,0,0
BRDA:41,0,1,0
BRDA:57,1,0,0
BRDA:57,1,1,0
BRDA:61,2,0,0
BRDA:61,2,1,0
BRDA:70,3,0,0
BRDA:70,3,1,0
BRDA:72,4,0,0
BRDA:72,4,1,0
BRDA:74,5,0,0
BRDA:74,5,1,0
BRDA:92,6,0,0
BRDA:92,6,1,0
BRDA:96,7,0,0
BRDA:96,7,1,0
BRDA:101,8,0,0
BRDA:101,8,1,0
BRDA:120,9,0,0
BRDA:120,9,1,0
BRDA:137,10,0,0
BRDA:137,10,1,0
BRDA:149,11,0,0
BRDA:149,11,1,0
BRDA:162,12,0,0
BRDA:162,12,1,0
BRDA:189,13,0,0
BRDA:189,13,1,0
BRF:28
BRH:0
end_of_record
TN:
SF:src/context/ThemeContext.tsx
FN:56,(anonymous_0)
FN:64,(anonymous_1)
FN:65,(anonymous_2)
FN:85,(anonymous_3)
FN:96,(anonymous_4)
FN:113,(anonymous_5)
FN:142,(anonymous_6)
FNF:7
FNH:0
FNDA:0,(anonymous_0)
FNDA:0,(anonymous_1)
FNDA:0,(anonymous_2)
FNDA:0,(anonymous_3)
FNDA:0,(anonymous_4)
FNDA:0,(anonymous_5)
FNDA:0,(anonymous_6)
DA:13,0
DA:51,0
DA:56,0
DA:58,0
DA:59,0
DA:60,0
DA:61,0
DA:64,0
DA:65,0
DA:66,0
DA:67,0
DA:68,0
DA:71,0
DA:73,0
DA:75,0
DA:79,0
DA:85,0
DA:86,0
DA:88,0
DA:89,0
DA:90,0
DA:96,0
DA:97,0
DA:98,0
DA:101,0
DA:104,0
DA:106,0
DA:113,0
DA:114,0
DA:116,0
DA:119,0
DA:121,0
DA:126,0
DA:136,0
DA:142,0
DA:143,0
DA:145,0
DA:146,0
DA:149,0
LF:39
LH:0
BRDA:68,0,0,0
BRDA:68,0,1,0
BRDA:98,1,0,0
BRDA:98,1,1,0
BRDA:145,2,0,0
BRDA:145,2,1,0
BRF:6
BRH:0
end_of_record
TN:
SF:src/hooks/useFoodFilters.ts
FN:39,(anonymous_0)
FN:49,(anonymous_1)
FN:50,(anonymous_2)
FN:59,(anonymous_3)
FN:60,(anonymous_4)
FN:69,(anonymous_5)
FN:70,(anonymous_6)
FN:79,(anonymous_7)
FN:80,(anonymous_8)
FN:90,(anonymous_9)
FN:91,(anonymous_10)
FN:101,(anonymous_11)
FN:109,(anonymous_12)
FN:116,(anonymous_13)
FN:124,(anonymous_14)
FN:131,(anonymous_15)
FN:133,(anonymous_16)
FN:141,(anonymous_17)
FN:147,(anonymous_18)
FN:154,(anonymous_19)
FN:161,(anonymous_20)
FN:168,(anonymous_21)
FNF:22
FNH:0
FNDA:0,(anonymous_0)
FNDA:0,(anonymous_1)
FNDA:0,(anonymous_2)
FNDA:0,(anonymous_3)
FNDA:0,(anonymous_4)
FNDA:0,(anonymous_5)
FNDA:0,(anonymous_6)
FNDA:0,(anonymous_7)
FNDA:0,(anonymous_8)
FNDA:0,(anonymous_9)
FNDA:0,(anonymous_10)
FNDA:0,(anonymous_11)
FNDA:0,(anonymous_12)
FNDA:0,(anonymous_13)
FNDA:0,(anonymous_14)
FNDA:0,(anonymous_15)
FNDA:0,(anonymous_16)
FNDA:0,(anonymous_17)
FNDA:0,(anonymous_18)
FNDA:0,(anonymous_19)
FNDA:0,(anonymous_20)
FNDA:0,(anonymous_21)
DA:39,0
DA:41,0
DA:44,0
DA:49,0
DA:50,0
DA:59,0
DA:60,0
DA:69,0
DA:70,0
DA:79,0
DA:80,0
DA:90,0
DA:91,0
DA:101,0
DA:102,0
DA:103,0
DA:109,0
DA:111,0
DA:114,0
DA:115,0
DA:116,0
DA:117,0
DA:123,0
DA:124,0
DA:125,0
DA:130,0
DA:131,0
DA:132,0
DA:134,0
DA:140,0
DA:141,0
DA:142,0
DA:146,0
DA:147,0
DA:148,0
DA:153,0
DA:154,0
DA:155,0
DA:160,0
DA:161,0
DA:162,0
DA:168,0
DA:169,0
DA:171,0
DA:174,0
DA:177,0
DA:180,0
DA:183,0
DA:186,0
DA:189,0
DA:192,0
DA:195,0
DA:199,0
DA:202,0
LF:54
LH:0
BRDA:52,0,0,0
BRDA:52,0,1,0
BRDA:72,1,0,0
BRDA:72,1,1,0
BRDA:114,2,0,0
BRDA:114,2,1,0
BRDA:117,3,0,0
BRDA:117,3,1,0
BRDA:123,4,0,0
BRDA:123,4,1,0
BRDA:130,5,0,0
BRDA:130,5,1,0
BRDA:130,6,0,0
BRDA:130,6,1,0
BRDA:132,7,0,0
BRDA:132,7,1,0
BRDA:140,8,0,0
BRDA:140,8,1,0
BRDA:142,9,0,0
BRDA:142,9,1,0
BRDA:146,10,0,0
BRDA:146,10,1,0
BRDA:148,11,0,0
BRDA:148,11,1,0
BRDA:153,12,0,0
BRDA:153,12,1,0
BRDA:155,13,0,0
BRDA:155,13,1,0
BRDA:160,14,0,0
BRDA:160,14,1,0
BRDA:162,15,0,0
BRDA:162,15,1,0
BRDA:169,16,0,0
BRDA:169,16,1,0
BRDA:169,16,2,0
BRDA:169,16,3,0
BRDA:169,16,4,0
BRDA:169,16,5,0
BRDA:169,16,6,0
BRDA:177,17,0,0
BRDA:177,17,1,0
BRDA:177,18,0,0
BRDA:177,18,1,0
BRDA:180,19,0,0
BRDA:180,19,1,0
BRDA:180,20,0,0
BRDA:180,20,1,0
BRDA:183,21,0,0
BRDA:183,21,1,0
BRDA:183,22,0,0
BRDA:183,22,1,0
BRDA:186,23,0,0
BRDA:186,23,1,0
BRDA:186,24,0,0
BRDA:186,24,1,0
BRDA:189,25,0,0
BRDA:189,25,1,0
BRDA:189,26,0,0
BRDA:189,26,1,0
BRF:59
BRH:0
end_of_record
TN:
SF:src/hooks/useForm.ts
FN:112,useForm
FN:129,(anonymous_1)
FN:146,(anonymous_2)
FN:151,(anonymous_3)
FN:168,(anonymous_4)
FN:176,(anonymous_5)
FN:176,(anonymous_6)
FN:177,(anonymous_7)
FN:183,(anonymous_8)
FN:192,(anonymous_9)
FN:202,(anonymous_10)
FN:202,(anonymous_11)
FN:204,(anonymous_12)
FN:213,(anonymous_13)
FN:223,(anonymous_14)
FN:226,(anonymous_15)
FN:249,(anonymous_16)
FN:259,(anonymous_17)
FN:260,(anonymous_18)
FN:269,(anonymous_19)
FN:279,(anonymous_20)
FN:280,(anonymous_21)
FN:290,(anonymous_22)
FNF:23
FNH:16
FNDA:31,useForm
FNDA:16,(anonymous_1)
FNDA:5,(anonymous_2)
FNDA:12,(anonymous_3)
FNDA:18,(anonymous_4)
FNDA:9,(anonymous_5)
FNDA:9,(anonymous_6)
FNDA:9,(anonymous_7)
FNDA:9,(anonymous_8)
FNDA:2,(anonymous_9)
FNDA:2,(anonymous_10)
FNDA:2,(anonymous_11)
FNDA:2,(anonymous_12)
FNDA:2,(anonymous_13)
FNDA:5,(anonymous_14)
FNDA:12,(anonymous_15)
FNDA:0,(anonymous_16)
FNDA:0,(anonymous_17)
FNDA:0,(anonymous_18)
FNDA:0,(anonymous_19)
FNDA:0,(anonymous_20)
FNDA:0,(anonymous_21)
FNDA:0,(anonymous_22)
DA:120,31
DA:121,31
DA:122,31
DA:123,31
DA:124,31
DA:129,31
DA:130,16
DA:132,16
DA:134,16
DA:135,26
DA:136,6
DA:140,10
DA:146,31
DA:147,5
DA:148,5
DA:151,5
DA:152,12
DA:153,12
DA:155,12
DA:156,3
DA:157,3
DA:161,5
DA:162,5
DA:168,31
DA:169,18
DA:170,18
DA:176,31
DA:177,9
DA:183,9
DA:189,9
DA:190,2
DA:192,2
DA:202,31
DA:204,2
DA:210,2
DA:211,2
DA:213,2
DA:223,31
DA:225,5
DA:226,5
DA:227,12
DA:229,5
DA:232,5
DA:234,5
DA:235,3
DA:236,3
DA:237,3
DA:239,1
DA:241,3
DA:249,31
DA:250,0
DA:251,0
DA:252,0
DA:253,0
DA:259,31
DA:260,0
DA:266,0
DA:267,0
DA:269,0
DA:279,31
DA:280,0
DA:286,0
DA:287,0
DA:288,0
DA:290,0
DA:291,0
DA:293,0
DA:294,0
DA:295,0
DA:296,0
DA:300,0
DA:301,0
DA:306,31
LF:73
LH:53
BRDA:114,0,0,0
BRDA:116,1,0,26
BRDA:117,2,0,28
BRDA:132,3,0,0
BRDA:132,3,1,16
BRDA:135,4,0,6
BRDA:135,4,1,20
BRDA:155,5,0,3
BRDA:155,5,1,9
BRDA:189,6,0,2
BRDA:189,6,1,7
BRDA:210,7,0,2
BRDA:210,7,1,0
BRDA:234,8,0,3
BRDA:234,8,1,2
BRDA:266,9,0,0
BRDA:266,9,1,0
BRDA:266,10,0,0
BRDA:266,10,1,0
BRDA:286,11,0,0
BRDA:286,11,1,0
BRDA:293,12,0,0
BRDA:293,12,1,0
BRDA:300,13,0,0
BRDA:300,13,1,0
BRF:25
BRH:12
end_of_record
TN:
SF:src/navigation/AppNavigator.tsx
FN:27,(anonymous_0)
FNF:1
FNH:0
FNDA:0,(anonymous_0)
DA:19,0
DA:27,0
DA:29,0
DA:30,0
DA:34,0
DA:36,0
DA:37,0
DA:45,0
DA:72,0
LF:9
LH:0
BRDA:34,0,0,0
BRDA:34,0,1,0
BRDA:36,1,0,0
BRDA:36,1,1,0
BRDA:47,2,0,0
BRDA:47,2,1,0
BRDA:54,3,0,0
BRDA:54,3,1,0
BRF:8
BRH:0
end_of_record
TN:
SF:src/navigation/MainTabNavigator.tsx
FN:26,(anonymous_0)
FN:32,(anonymous_1)
FN:76,(anonymous_2)
FN:88,(anonymous_3)
FN:98,(anonymous_4)
FN:105,(anonymous_5)
FN:122,(anonymous_6)
FNF:7
FNH:0
FNDA:0,(anonymous_0)
FNDA:0,(anonymous_1)
FNDA:0,(anonymous_2)
FNDA:0,(anonymous_3)
FNDA:0,(anonymous_4)
FNDA:0,(anonymous_5)
FNDA:0,(anonymous_6)
DA:22,0
DA:23,0
DA:26,0
DA:27,0
DA:28,0
DA:29,0
DA:32,0
DA:33,0
DA:34,0
DA:35,0
DA:37,0
DA:40,0
DA:76,0
DA:88,0
DA:89,0
DA:98,0
DA:99,0
DA:101,0
DA:105,0
DA:124,0
DA:125,0
DA:126,0
DA:127,0
DA:128,0
DA:129,0
DA:131,0
DA:133,0
DA:146,0
LF:28
LH:0
BRDA:33,0,0,0
BRDA:33,0,1,0
BRDA:34,1,0,0
BRDA:34,1,1,0
BRDA:34,2,0,0
BRDA:34,2,1,0
BRDA:68,3,0,0
BRDA:68,3,1,0
BRDA:124,4,0,0
BRDA:124,4,1,0
BRDA:125,5,0,0
BRDA:125,5,1,0
BRDA:126,6,0,0
BRDA:126,6,1,0
BRDA:127,7,0,0
BRDA:127,7,1,0
BRDA:128,8,0,0
BRDA:128,8,1,0
BRDA:129,9,0,0
BRDA:129,9,1,0
BRDA:133,10,0,0
BRDA:133,10,1,0
BRF:22
BRH:0
end_of_record
TN:
SF:src/navigation/types.ts
FNF:0
FNH:0
LF:0
LH:0
BRF:0
BRH:0
end_of_record
TN:
SF:src/screens/HomeScreen.tsx
FN:26,(anonymous_0)
FN:32,(anonymous_1)
FN:40,(anonymous_2)
FN:44,(anonymous_3)
FNF:4
FNH:4
FNDA:5,(anonymous_0)
FNDA:4,(anonymous_1)
FNDA:1,(anonymous_2)
FNDA:1,(anonymous_3)
DA:26,1
DA:27,5
DA:28,5
DA:29,5
DA:32,5
DA:33,4
DA:34,4
DA:35,4
DA:37,0
DA:40,5
DA:41,1
DA:44,5
DA:45,1
DA:48,5
DA:97,1
LF:15
LH:14
BRDA:33,0,0,0
BRDA:33,0,1,4
BRDA:34,1,0,4
BRDA:34,1,1,0
BRDA:34,2,0,4
BRDA:34,2,1,0
BRDA:35,3,0,4
BRDA:35,3,1,0
BRDA:35,4,0,4
BRDA:35,4,1,0
BRDA:53,5,0,4
BRDA:53,5,1,1
BRF:12
BRH:7
end_of_record
TN:
SF:src/screens/auth/ChangePasswordScreen.tsx
FN:45,(anonymous_0)
FN:56,(anonymous_1)
FN:62,(anonymous_2)
FN:66,(anonymous_3)
FN:72,(anonymous_4)
FN:76,(anonymous_5)
FN:100,(anonymous_6)
FN:116,(anonymous_7)
FN:121,(anonymous_8)
FN:128,(anonymous_9)
FN:158,(anonymous_10)
FN:186,(anonymous_11)
FNF:12
FNH:0
FNDA:0,(anonymous_0)
FNDA:0,(anonymous_1)
FNDA:0,(anonymous_2)
FNDA:0,(anonymous_3)
FNDA:0,(anonymous_4)
FNDA:0,(anonymous_5)
FNDA:0,(anonymous_6)
FNDA:0,(anonymous_7)
FNDA:0,(anonymous_8)
FNDA:0,(anonymous_9)
FNDA:0,(anonymous_10)
FNDA:0,(anonymous_11)
DA:45,0
DA:46,0
DA:47,0
DA:48,0
DA:49,0
DA:50,0
DA:53,0
DA:56,0
DA:62,0
DA:66,0
DA:72,0
DA:77,0
DA:93,0
DA:101,0
DA:102,0
DA:103,0
DA:107,0
DA:109,0
DA:110,0
DA:116,0
DA:117,0
DA:121,0
DA:122,0
DA:123,0
DA:124,0
DA:128,0
DA:129,0
DA:130,0
DA:135,0
DA:136,0
DA:158,0
DA:176,0
DA:186,0
DA:286,0
LF:34
LH:0
BRDA:109,0,0,0
BRDA:109,0,1,0
BRDA:117,1,0,0
BRDA:117,1,1,0
BRDA:129,2,0,0
BRDA:129,2,1,0
BRDA:135,3,0,0
BRDA:135,3,1,0
BRDA:179,4,0,0
BRDA:179,4,1,0
BRDA:206,5,0,0
BRDA:206,5,1,0
BRF:12
BRH:0
end_of_record
TN:
SF:src/screens/auth/LoginScreen.tsx
FN:42,(anonymous_0)
FN:48,(anonymous_1)
FN:49,(anonymous_2)
FN:58,(anonymous_3)
FN:62,(anonymous_4)
FN:68,(anonymous_5)
FN:86,(anonymous_6)
FN:98,(anonymous_7)
FN:104,(anonymous_8)
FN:109,(anonymous_9)
FNF:10
FNH:0
FNDA:0,(anonymous_0)
FNDA:0,(anonymous_1)
FNDA:0,(anonymous_2)
FNDA:0,(anonymous_3)
FNDA:0,(anonymous_4)
FNDA:0,(anonymous_5)
FNDA:0,(anonymous_6)
FNDA:0,(anonymous_7)
FNDA:0,(anonymous_8)
FNDA:0,(anonymous_9)
DA:42,0
DA:43,0
DA:44,0
DA:45,0
DA:48,0
DA:49,0
DA:50,0
DA:55,0
DA:58,0
DA:62,0
DA:68,0
DA:83,0
DA:87,0
DA:88,0
DA:92,0
DA:98,0
DA:99,0
DA:100,0
DA:104,0
DA:105,0
DA:109,0
DA:110,0
DA:113,0
DA:221,0
LF:24
LH:0
BRDA:99,0,0,0
BRDA:99,0,1,0
BRDA:105,1,0,0
BRDA:105,1,1,0
BRDA:114,2,0,0
BRDA:114,2,1,0
BRDA:116,3,0,0
BRDA:116,3,1,0
BRDA:139,4,0,0
BRDA:139,4,1,0
BRDA:144,5,0,0
BRDA:144,5,1,0
BRDA:191,6,0,0
BRDA:191,6,1,0
BRF:14
BRH:0
end_of_record
TN:
SF:src/screens/auth/RegisterScreen.tsx
FN:48,(anonymous_0)
FN:58,(anonymous_1)
FN:59,(anonymous_2)
FN:68,(anonymous_3)
FN:72,(anonymous_4)
FN:78,(anonymous_5)
FN:82,(anonymous_6)
FN:88,(anonymous_7)
FN:92,(anonymous_8)
FN:96,(anonymous_9)
FN:102,(anonymous_10)
FN:106,(anonymous_11)
FN:112,(anonymous_12)
FN:116,(anonymous_13)
FN:122,(anonymous_14)
FN:126,(anonymous_15)
FN:152,(anonymous_16)
FN:167,(anonymous_17)
FN:187,(anonymous_18)
FN:190,(anonymous_19)
FN:196,(anonymous_20)
FN:201,(anonymous_21)
FN:206,(anonymous_22)
FN:211,(anonymous_23)
FN:216,(anonymous_24)
FNF:25
FNH:0
FNDA:0,(anonymous_0)
FNDA:0,(anonymous_1)
FNDA:0,(anonymous_2)
FNDA:0,(anonymous_3)
FNDA:0,(anonymous_4)
FNDA:0,(anonymous_5)
FNDA:0,(anonymous_6)
FNDA:0,(anonymous_7)
FNDA:0,(anonymous_8)
FNDA:0,(anonymous_9)
FNDA:0,(anonymous_10)
FNDA:0,(anonymous_11)
FNDA:0,(anonymous_12)
FNDA:0,(anonymous_13)
FNDA:0,(anonymous_14)
FNDA:0,(anonymous_15)
FNDA:0,(anonymous_16)
FNDA:0,(anonymous_17)
FNDA:0,(anonymous_18)
FNDA:0,(anonymous_19)
FNDA:0,(anonymous_20)
FNDA:0,(anonymous_21)
FNDA:0,(anonymous_22)
FNDA:0,(anonymous_23)
FNDA:0,(anonymous_24)
DA:48,0
DA:49,0
DA:50,0
DA:51,0
DA:52,0
DA:53,0
DA:54,0
DA:55,0
DA:58,0
DA:59,0
DA:60,0
DA:65,0
DA:68,0
DA:72,0
DA:78,0
DA:82,0
DA:88,0
DA:92,0
DA:96,0
DA:102,0
DA:106,0
DA:112,0
DA:116,0
DA:122,0
DA:127,0
DA:142,0
DA:153,0
DA:154,0
DA:163,0
DA:164,0
DA:167,0
DA:168,0
DA:172,0
DA:178,0
DA:187,0
DA:190,0
DA:191,0
DA:192,0
DA:196,0
DA:197,0
DA:201,0
DA:202,0
DA:206,0
DA:207,0
DA:211,0
DA:212,0
DA:216,0
DA:217,0
DA:225,0
DA:226,0
DA:247,0
DA:459,0
LF:52
LH:0
BRDA:164,0,0,0
BRDA:164,0,1,0
BRDA:183,1,0,0
BRDA:183,1,1,0
BRDA:191,2,0,0
BRDA:191,2,1,0
BRDA:197,3,0,0
BRDA:197,3,1,0
BRDA:217,4,0,0
BRDA:217,4,1,0
BRDA:225,5,0,0
BRDA:225,5,1,0
BRDA:227,6,0,0
BRDA:227,6,1,0
BRDA:248,7,0,0
BRDA:248,7,1,0
BRDA:250,8,0,0
BRDA:250,8,1,0
BRDA:273,9,0,0
BRDA:273,9,1,0
BRDA:278,10,0,0
BRDA:278,10,1,0
BRDA:366,11,0,0
BRDA:366,11,1,0
BRDA:417,12,0,0
BRDA:417,12,1,0
BRDA:422,13,0,0
BRDA:422,13,1,0
BRDA:424,14,0,0
BRDA:424,14,1,0
BRF:30
BRH:0
end_of_record
TN:
SF:src/screens/food/FoodScreen.tsx
FN:144,(anonymous_0)
FN:147,(anonymous_1)
FN:149,(anonymous_2)
FN:152,(anonymous_3)
FN:169,(anonymous_4)
FN:204,(anonymous_5)
FN:205,(anonymous_6)
FN:209,(anonymous_7)
FN:215,(anonymous_8)
FN:221,(anonymous_9)
FN:229,(anonymous_10)
FN:236,(anonymous_11)
FN:245,(anonymous_12)
FN:247,(anonymous_13)
FN:251,(anonymous_14)
FN:254,(anonymous_15)
FN:260,(anonymous_16)
FN:262,(anonymous_17)
FN:273,(anonymous_18)
FN:286,(anonymous_19)
FN:294,(anonymous_20)
FN:306,(anonymous_21)
FN:318,(anonymous_22)
FN:335,(anonymous_23)
FN:356,(anonymous_24)
FN:364,(anonymous_25)
FN:368,(anonymous_26)
FN:379,(anonymous_27)
FN:390,(anonymous_28)
FN:410,(anonymous_29)
FN:421,(anonymous_30)
FN:477,(anonymous_31)
FN:497,(anonymous_32)
FN:505,(anonymous_33)
FNF:34
FNH:0
FNDA:0,(anonymous_0)
FNDA:0,(anonymous_1)
FNDA:0,(anonymous_2)
FNDA:0,(anonymous_3)
FNDA:0,(anonymous_4)
FNDA:0,(anonymous_5)
FNDA:0,(anonymous_6)
FNDA:0,(anonymous_7)
FNDA:0,(anonymous_8)
FNDA:0,(anonymous_9)
FNDA:0,(anonymous_10)
FNDA:0,(anonymous_11)
FNDA:0,(anonymous_12)
FNDA:0,(anonymous_13)
FNDA:0,(anonymous_14)
FNDA:0,(anonymous_15)
FNDA:0,(anonymous_16)
FNDA:0,(anonymous_17)
FNDA:0,(anonymous_18)
FNDA:0,(anonymous_19)
FNDA:0,(anonymous_20)
FNDA:0,(anonymous_21)
FNDA:0,(anonymous_22)
FNDA:0,(anonymous_23)
FNDA:0,(anonymous_24)
FNDA:0,(anonymous_25)
FNDA:0,(anonymous_26)
FNDA:0,(anonymous_27)
FNDA:0,(anonymous_28)
FNDA:0,(anonymous_29)
FNDA:0,(anonymous_30)
FNDA:0,(anonymous_31)
FNDA:0,(anonymous_32)
FNDA:0,(anonymous_33)
DA:35,0
DA:144,0
DA:145,0
DA:147,0
DA:148,0
DA:149,0
DA:150,0
DA:152,0
DA:156,0
DA:158,0
DA:169,0
DA:170,0
DA:173,0
DA:176,0
DA:177,0
DA:180,0
DA:181,0
DA:182,0
DA:183,0
DA:186,0
DA:187,0
DA:201,0
DA:204,0
DA:205,0
DA:209,0
DA:210,0
DA:211,0
DA:215,0
DA:216,0
DA:217,0
DA:221,0
DA:222,0
DA:223,0
DA:224,0
DA:225,0
DA:229,0
DA:230,0
DA:233,0
DA:236,0
DA:238,0
DA:239,0
DA:245,0
DA:246,0
DA:247,0
DA:251,0
DA:252,0
DA:254,0
DA:255,0
DA:260,0
DA:261,0
DA:262,0
DA:263,0
DA:268,0
DA:273,0
DA:274,0
DA:286,0
DA:288,0
DA:294,0
DA:306,0
DA:318,0
DA:335,0
DA:356,0
DA:365,0
DA:368,0
DA:379,0
DA:390,0
DA:411,0
DA:421,0
DA:477,0
DA:497,0
DA:505,0
DA:512,0
LF:72
LH:0
BRDA:148,0,0,0
BRDA:148,0,1,0
BRDA:156,1,0,0
BRDA:156,1,1,0
BRDA:205,2,0,0
BRDA:205,2,1,0
BRDA:223,3,0,0
BRDA:223,3,1,0
BRDA:246,4,0,0
BRDA:246,4,1,0
BRDA:268,5,0,0
BRDA:268,5,1,0
BRDA:268,5,2,0
BRDA:268,5,3,0
BRDA:268,5,4,0
BRDA:268,5,5,0
BRDA:268,5,6,0
BRDA:268,6,0,0
BRDA:268,6,1,0
BRDA:281,7,0,0
BRDA:281,7,1,0
BRDA:327,8,0,0
BRDA:327,8,1,0
BRDA:338,9,0,0
BRDA:338,9,1,0
BRDA:345,10,0,0
BRDA:345,10,1,0
BRDA:353,11,0,0
BRDA:353,11,1,0
BRDA:376,12,0,0
BRDA:376,12,1,0
BRDA:376,12,2,0
BRDA:382,13,0,0
BRDA:382,13,1,0
BRDA:382,14,0,0
BRDA:382,14,1,0
BRDA:387,15,0,0
BRDA:387,15,1,0
BRDA:387,15,2,0
BRDA:393,16,0,0
BRDA:393,16,1,0
BRDA:393,17,0,0
BRDA:393,17,1,0
BRDA:416,18,0,0
BRDA:416,18,1,0
BRDA:428,19,0,0
BRDA:428,19,1,0
BRDA:431,20,0,0
BRDA:431,20,1,0
BRDA:444,21,0,0
BRDA:444,21,1,0
BRDA:454,22,0,0
BRDA:454,22,1,0
BRDA:457,23,0,0
BRDA:457,23,1,0
BRDA:471,24,0,0
BRDA:471,24,1,0
BRDA:476,25,0,0
BRDA:476,25,1,0
BRDA:477,26,0,0
BRDA:477,26,1,0
BRDA:480,27,0,0
BRDA:480,27,1,0
BRF:63
BRH:0
end_of_record
TN:
SF:src/screens/forum/CreatePostScreen.tsx
FN:43,(anonymous_0)
FN:80,(anonymous_1)
FN:81,(anonymous_2)
FN:108,(anonymous_3)
FN:118,(anonymous_4)
FN:128,(anonymous_5)
FN:138,(anonymous_6)
FN:148,(anonymous_7)
FN:156,(anonymous_8)
FN:164,(anonymous_9)
FN:172,(anonymous_10)
FN:180,(anonymous_11)
FN:186,(anonymous_12)
FN:192,(anonymous_13)
FN:198,(anonymous_14)
FN:204,(anonymous_15)
FN:211,(anonymous_16)
FN:215,(anonymous_17)
FN:222,(anonymous_18)
FN:239,(anonymous_19)
FN:264,(anonymous_20)
FN:332,(anonymous_21)
FN:355,(anonymous_22)
FN:372,(anonymous_23)
FN:420,(anonymous_24)
FN:435,(anonymous_25)
FN:456,(anonymous_26)
FN:457,(anonymous_27)
FN:465,(anonymous_28)
FN:471,(anonymous_29)
FN:481,(anonymous_30)
FN:504,(anonymous_31)
FN:537,(anonymous_32)
FN:562,(anonymous_33)
FN:587,(anonymous_34)
FN:697,(anonymous_35)
FN:703,(anonymous_36)
FN:752,(anonymous_37)
FNF:38
FNH:0
FNDA:0,(anonymous_0)
FNDA:0,(anonymous_1)
FNDA:0,(anonymous_2)
FNDA:0,(anonymous_3)
FNDA:0,(anonymous_4)
FNDA:0,(anonymous_5)
FNDA:0,(anonymous_6)
FNDA:0,(anonymous_7)
FNDA:0,(anonymous_8)
FNDA:0,(anonymous_9)
FNDA:0,(anonymous_10)
FNDA:0,(anonymous_11)
FNDA:0,(anonymous_12)
FNDA:0,(anonymous_13)
FNDA:0,(anonymous_14)
FNDA:0,(anonymous_15)
FNDA:0,(anonymous_16)
FNDA:0,(anonymous_17)
FNDA:0,(anonymous_18)
FNDA:0,(anonymous_19)
FNDA:0,(anonymous_20)
FNDA:0,(anonymous_21)
FNDA:0,(anonymous_22)
FNDA:0,(anonymous_23)
FNDA:0,(anonymous_24)
FNDA:0,(anonymous_25)
FNDA:0,(anonymous_26)
FNDA:0,(anonymous_27)
FNDA:0,(anonymous_28)
FNDA:0,(anonymous_29)
FNDA:0,(anonymous_30)
FNDA:0,(anonymous_31)
FNDA:0,(anonymous_32)
FNDA:0,(anonymous_33)
FNDA:0,(anonymous_34)
FNDA:0,(anonymous_35)
FNDA:0,(anonymous_36)
FNDA:0,(anonymous_37)
DA:43,0
DA:44,0
DA:45,0
DA:48,0
DA:51,0
DA:52,0
DA:53,0
DA:54,0
DA:55,0
DA:56,0
DA:57,0
DA:60,0
DA:61,0
DA:62,0
DA:63,0
DA:64,0
DA:65,0
DA:66,0
DA:69,0
DA:70,0
DA:71,0
DA:72,0
DA:75,0
DA:76,0
DA:77,0
DA:80,0
DA:81,0
DA:82,0
DA:83,0
DA:84,0
DA:85,0
DA:87,0
DA:88,0
DA:89,0
DA:91,0
DA:92,0
DA:93,0
DA:96,0
DA:97,0
DA:98,0
DA:100,0
DA:104,0
DA:108,0
DA:109,0
DA:110,0
DA:111,0
DA:112,0
DA:114,0
DA:118,0
DA:119,0
DA:120,0
DA:121,0
DA:122,0
DA:124,0
DA:128,0
DA:129,0
DA:130,0
DA:131,0
DA:132,0
DA:134,0
DA:138,0
DA:139,0
DA:140,0
DA:141,0
DA:142,0
DA:144,0
DA:148,0
DA:149,0
DA:150,0
DA:151,0
DA:156,0
DA:157,0
DA:158,0
DA:159,0
DA:164,0
DA:165,0
DA:166,0
DA:167,0
DA:172,0
DA:173,0
DA:174,0
DA:175,0
DA:180,0
DA:181,0
DA:182,0
DA:186,0
DA:187,0
DA:188,0
DA:192,0
DA:193,0
DA:194,0
DA:198,0
DA:199,0
DA:200,0
DA:204,0
DA:205,0
DA:206,0
DA:207,0
DA:211,0
DA:214,0
DA:215,0
DA:218,0
DA:222,0
DA:224,0
DA:225,0
DA:228,0
DA:229,0
DA:232,0
DA:233,0
DA:235,0
DA:239,0
DA:241,0
DA:242,0
DA:245,0
DA:246,0
DA:249,0
DA:250,0
DA:253,0
DA:254,0
DA:255,0
DA:257,0
DA:260,0
DA:264,0
DA:266,0
DA:267,0
DA:271,0
DA:273,0
DA:274,0
DA:279,0
DA:283,0
DA:285,0
DA:286,0
DA:293,0
DA:296,0
DA:297,0
DA:298,0
DA:299,0
DA:300,0
DA:301,0
DA:304,0
DA:322,0
DA:324,0
DA:325,0
DA:327,0
DA:332,0
DA:334,0
DA:335,0
DA:339,0
DA:341,0
DA:342,0
DA:347,0
DA:351,0
DA:353,0
DA:355,0
DA:357,0
DA:364,0
DA:367,0
DA:369,0
DA:372,0
DA:378,0
DA:383,0
DA:384,0
DA:385,0
DA:386,0
DA:387,0
DA:388,0
DA:389,0
DA:392,0
DA:410,0
DA:412,0
DA:413,0
DA:415,0
DA:420,0
DA:422,0
DA:423,0
DA:424,0
DA:428,0
DA:429,0
DA:430,0
DA:431,0
DA:435,0
DA:436,0
DA:437,0
DA:441,0
DA:448,0
DA:451,0
DA:452,0
DA:456,0
DA:457,0
DA:459,0
DA:460,0
DA:465,0
DA:466,0
DA:471,0
DA:472,0
DA:477,0
DA:478,0
DA:481,0
DA:495,0
DA:504,0
DA:537,0
DA:562,0
DA:587,0
DA:698,0
DA:703,0
DA:752,0
DA:765,0
LF:207
LH:0
BRDA:87,0,0,0
BRDA:87,0,1,0
BRDA:87,1,0,0
BRDA:87,1,1,0
BRDA:109,2,0,0
BRDA:109,2,1,0
BRDA:111,3,0,0
BRDA:111,3,1,0
BRDA:119,4,0,0
BRDA:119,4,1,0
BRDA:121,5,0,0
BRDA:121,5,1,0
BRDA:129,6,0,0
BRDA:129,6,1,0
BRDA:131,7,0,0
BRDA:131,7,1,0
BRDA:139,8,0,0
BRDA:139,8,1,0
BRDA:141,9,0,0
BRDA:141,9,1,0
BRDA:150,10,0,0
BRDA:150,10,1,0
BRDA:158,11,0,0
BRDA:158,11,1,0
BRDA:166,12,0,0
BRDA:166,12,1,0
BRDA:174,13,0,0
BRDA:174,13,1,0
BRDA:205,14,0,0
BRDA:205,14,1,0
BRDA:205,15,0,0
BRDA:205,15,1,0
BRDA:205,15,2,0
BRDA:211,16,0,0
BRDA:211,16,1,0
BRDA:211,16,2,0
BRDA:214,17,0,0
BRDA:214,17,1,0
BRDA:215,18,0,0
BRDA:215,18,1,0
BRDA:215,18,2,0
BRDA:218,19,0,0
BRDA:218,19,1,0
BRDA:235,20,0,0
BRDA:235,20,1,0
BRDA:253,21,0,0
BRDA:253,21,1,0
BRDA:260,22,0,0
BRDA:260,22,1,0
BRDA:260,22,2,0
BRDA:266,23,0,0
BRDA:266,23,1,0
BRDA:273,24,0,0
BRDA:273,24,1,0
BRDA:314,25,0,0
BRDA:314,25,1,0
BRDA:334,26,0,0
BRDA:334,26,1,0
BRDA:341,27,0,0
BRDA:341,27,1,0
BRDA:402,28,0,0
BRDA:402,28,1,0
BRDA:422,29,0,0
BRDA:422,29,1,0
BRDA:429,30,0,0
BRDA:429,30,1,0
BRDA:429,31,0,0
BRDA:429,31,1,0
BRDA:435,32,0,0
BRDA:435,32,1,0
BRDA:459,33,0,0
BRDA:459,33,1,0
BRDA:466,34,0,0
BRDA:466,34,1,0
BRDA:466,34,2,0
BRDA:466,34,3,0
BRDA:472,35,0,0
BRDA:472,35,1,0
BRDA:472,35,2,0
BRDA:472,35,3,0
BRDA:472,35,4,0
BRDA:477,36,0,0
BRDA:477,36,1,0
BRDA:498,37,0,0
BRDA:498,37,1,0
BRDA:500,38,0,0
BRDA:500,38,1,0
BRDA:517,39,0,0
BRDA:517,39,1,0
BRDA:533,40,0,0
BRDA:533,40,1,0
BRDA:535,41,0,0
BRDA:535,41,1,0
BRDA:542,42,0,0
BRDA:542,42,1,0
BRDA:548,43,0,0
BRDA:548,43,1,0
BRDA:558,44,0,0
BRDA:558,44,1,0
BRDA:560,45,0,0
BRDA:560,45,1,0
BRDA:567,46,0,0
BRDA:567,46,1,0
BRDA:573,47,0,0
BRDA:573,47,1,0
BRDA:583,48,0,0
BRDA:583,48,1,0
BRDA:585,49,0,0
BRDA:585,49,1,0
BRDA:592,50,0,0
BRDA:592,50,1,0
BRDA:598,51,0,0
BRDA:598,51,1,0
BRDA:608,52,0,0
BRDA:608,52,1,0
BRDA:635,53,0,0
BRDA:635,53,1,0
BRDA:639,54,0,0
BRDA:639,54,1,0
BRDA:689,55,0,0
BRDA:689,55,1,0
BRDA:713,56,0,0
BRDA:713,56,1,0
BRDA:736,57,0,0
BRDA:736,57,1,0
BRF:125
BRH:0
end_of_record
TN:
SF:src/screens/forum/ForumScreen.tsx
FN:39,(anonymous_0)
FN:52,(anonymous_1)
FN:58,(anonymous_2)
FN:67,(anonymous_3)
FN:72,(anonymous_4)
FN:92,(anonymous_5)
FN:93,(anonymous_6)
FN:109,(anonymous_7)
FN:110,(anonymous_8)
FN:140,(anonymous_9)
FN:143,(anonymous_10)
FN:150,(anonymous_11)
FN:166,(anonymous_12)
FN:173,(anonymous_13)
FN:178,(anonymous_14)
FN:203,(anonymous_15)
FN:216,(anonymous_16)
FN:221,(anonymous_17)
FN:226,(anonymous_18)
FN:241,(anonymous_19)
FN:246,(anonymous_20)
FN:250,(anonymous_21)
FN:272,(anonymous_22)
FN:312,(anonymous_23)
FN:349,(anonymous_24)
FN:380,(anonymous_25)
FN:411,(anonymous_26)
FN:439,(anonymous_27)
FNF:28
FNH:0
FNDA:0,(anonymous_0)
FNDA:0,(anonymous_1)
FNDA:0,(anonymous_2)
FNDA:0,(anonymous_3)
FNDA:0,(anonymous_4)
FNDA:0,(anonymous_5)
FNDA:0,(anonymous_6)
FNDA:0,(anonymous_7)
FNDA:0,(anonymous_8)
FNDA:0,(anonymous_9)
FNDA:0,(anonymous_10)
FNDA:0,(anonymous_11)
FNDA:0,(anonymous_12)
FNDA:0,(anonymous_13)
FNDA:0,(anonymous_14)
FNDA:0,(anonymous_15)
FNDA:0,(anonymous_16)
FNDA:0,(anonymous_17)
FNDA:0,(anonymous_18)
FNDA:0,(anonymous_19)
FNDA:0,(anonymous_20)
FNDA:0,(anonymous_21)
FNDA:0,(anonymous_22)
FNDA:0,(anonymous_23)
FNDA:0,(anonymous_24)
FNDA:0,(anonymous_25)
FNDA:0,(anonymous_26)
FNDA:0,(anonymous_27)
DA:31,0
DA:39,0
DA:40,0
DA:41,0
DA:42,0
DA:43,0
DA:44,0
DA:45,0
DA:46,0
DA:49,0
DA:52,0
DA:53,0
DA:55,0
DA:56,0
DA:58,0
DA:60,0
DA:62,0
DA:63,0
DA:67,0
DA:72,0
DA:75,0
DA:76,0
DA:87,0
DA:90,0
DA:92,0
DA:93,0
DA:94,0
DA:95,0
DA:103,0
DA:109,0
DA:110,0
DA:111,0
DA:112,0
DA:114,0
DA:115,0
DA:118,0
DA:119,0
DA:121,0
DA:122,0
DA:124,0
DA:125,0
DA:128,0
DA:129,0
DA:131,0
DA:135,0
DA:140,0
DA:141,0
DA:142,0
DA:143,0
DA:145,0
DA:150,0
DA:151,0
DA:152,0
DA:153,0
DA:155,0
DA:156,0
DA:158,0
DA:159,0
DA:161,0
DA:166,0
DA:173,0
DA:174,0
DA:178,0
DA:179,0
DA:180,0
DA:183,0
DA:189,0
DA:192,0
DA:193,0
DA:194,0
DA:196,0
DA:198,0
DA:199,0
DA:203,0
DA:206,0
DA:208,0
DA:211,0
DA:216,0
DA:217,0
DA:221,0
DA:222,0
DA:226,0
DA:228,0
DA:231,0
DA:234,0
DA:237,0
DA:241,0
DA:242,0
DA:243,0
DA:244,0
DA:246,0
DA:250,0
DA:251,0
DA:252,0
DA:254,0
DA:255,0
DA:257,0
DA:261,0
DA:262,0
DA:264,0
DA:265,0
DA:267,0
DA:272,0
DA:273,0
DA:281,0
DA:282,0
DA:298,0
DA:299,0
DA:313,0
DA:314,0
DA:324,0
DA:350,0
DA:351,0
DA:381,0
DA:382,0
DA:412,0
DA:413,0
DA:439,0
DA:468,0
LF:119
LH:0
BRDA:56,0,0,0
BRDA:56,0,1,0
BRDA:62,1,0,0
BRDA:62,1,1,0
BRDA:67,2,0,0
BRDA:67,2,1,0
BRDA:75,3,0,0
BRDA:75,3,1,0
BRDA:75,4,0,0
BRDA:75,4,1,0
BRDA:79,5,0,0
BRDA:79,5,1,0
BRDA:94,6,0,0
BRDA:94,6,1,0
BRDA:94,7,0,0
BRDA:94,7,1,0
BRDA:98,8,0,0
BRDA:98,8,1,0
BRDA:141,9,0,0
BRDA:141,9,1,0
BRDA:141,10,0,0
BRDA:141,10,1,0
BRDA:169,11,0,0
BRDA:169,11,1,0
BRDA:186,12,0,0
BRDA:186,12,1,0
BRDA:194,13,0,0
BRDA:194,13,1,0
BRDA:196,14,0,0
BRDA:196,14,1,0
BRDA:198,15,0,0
BRDA:198,15,1,0
BRDA:228,16,0,0
BRDA:228,16,1,0
BRDA:231,17,0,0
BRDA:231,17,1,0
BRDA:242,18,0,0
BRDA:242,18,1,0
BRDA:242,19,0,0
BRDA:242,19,1,0
BRDA:246,20,0,0
BRDA:246,20,1,0
BRDA:246,20,2,0
BRDA:254,21,0,0
BRDA:254,21,1,0
BRDA:281,22,0,0
BRDA:281,22,1,0
BRDA:281,23,0,0
BRDA:281,23,1,0
BRDA:298,24,0,0
BRDA:298,24,1,0
BRDA:298,25,0,0
BRDA:298,25,1,0
BRDA:345,26,0,0
BRDA:345,26,1,0
BRDA:345,27,0,0
BRDA:345,27,1,0
BRDA:351,28,0,0
BRDA:351,28,1,0
BRDA:351,29,0,0
BRDA:351,29,1,0
BRDA:357,30,0,0
BRDA:357,30,1,0
BRDA:357,31,0,0
BRDA:357,31,1,0
BRDA:363,32,0,0
BRDA:363,32,1,0
BRDA:363,33,0,0
BRDA:363,33,1,0
BRDA:376,34,0,0
BRDA:376,34,1,0
BRDA:376,35,0,0
BRDA:376,35,1,0
BRDA:382,36,0,0
BRDA:382,36,1,0
BRDA:382,37,0,0
BRDA:382,37,1,0
BRDA:388,38,0,0
BRDA:388,38,1,0
BRDA:388,39,0,0
BRDA:388,39,1,0
BRDA:394,40,0,0
BRDA:394,40,1,0
BRDA:394,41,0,0
BRDA:394,41,1,0
BRDA:407,42,0,0
BRDA:407,42,1,0
BRDA:407,43,0,0
BRDA:407,43,1,0
BRDA:413,44,0,0
BRDA:413,44,1,0
BRDA:413,45,0,0
BRDA:413,45,1,0
BRDA:419,46,0,0
BRDA:419,46,1,0
BRDA:419,47,0,0
BRDA:419,47,1,0
BRDA:425,48,0,0
BRDA:425,48,1,0
BRDA:425,49,0,0
BRDA:425,49,1,0
BRDA:449,50,0,0
BRDA:449,50,1,0
BRF:103
BRH:0
end_of_record
TN:
SF:src/screens/forum/PostDetailScreen.tsx
FN:41,(anonymous_0)
FN:56,(anonymous_1)
FN:58,(anonymous_2)
FN:95,(anonymous_3)
FN:101,(anonymous_4)
FN:134,(anonymous_5)
FN:139,(anonymous_6)
FN:150,(anonymous_7)
FN:162,(anonymous_8)
FN:184,(anonymous_9)
FN:189,(anonymous_10)
FN:190,(anonymous_11)
FN:210,(anonymous_12)
FN:241,(anonymous_13)
FN:255,(anonymous_14)
FN:268,(anonymous_15)
FN:290,(anonymous_16)
FN:308,(anonymous_17)
FN:324,(anonymous_18)
FN:342,(anonymous_19)
FNF:20
FNH:0
FNDA:0,(anonymous_0)
FNDA:0,(anonymous_1)
FNDA:0,(anonymous_2)
FNDA:0,(anonymous_3)
FNDA:0,(anonymous_4)
FNDA:0,(anonymous_5)
FNDA:0,(anonymous_6)
FNDA:0,(anonymous_7)
FNDA:0,(anonymous_8)
FNDA:0,(anonymous_9)
FNDA:0,(anonymous_10)
FNDA:0,(anonymous_11)
FNDA:0,(anonymous_12)
FNDA:0,(anonymous_13)
FNDA:0,(anonymous_14)
FNDA:0,(anonymous_15)
FNDA:0,(anonymous_16)
FNDA:0,(anonymous_17)
FNDA:0,(anonymous_18)
FNDA:0,(anonymous_19)
DA:36,0
DA:41,0
DA:42,0
DA:43,0
DA:44,0
DA:45,0
DA:47,0
DA:48,0
DA:49,0
DA:50,0
DA:51,0
DA:52,0
DA:53,0
DA:56,0
DA:58,0
DA:61,0
DA:62,0
DA:63,0
DA:64,0
DA:66,0
DA:68,0
DA:75,0
DA:79,0
DA:80,0
DA:91,0
DA:95,0
DA:96,0
DA:97,0
DA:99,0
DA:101,0
DA:104,0
DA:105,0
DA:106,0
DA:108,0
DA:110,0
DA:111,0
DA:115,0
DA:118,0
DA:119,0
DA:120,0
DA:122,0
DA:126,0
DA:127,0
DA:129,0
DA:134,0
DA:135,0
DA:139,0
DA:140,0
DA:150,0
DA:151,0
DA:152,0
DA:154,0
DA:156,0
DA:162,0
DA:165,0
DA:170,0
DA:171,0
DA:173,0
DA:175,0
DA:176,0
DA:178,0
DA:184,0
DA:185,0
DA:186,0
DA:189,0
DA:190,0
DA:191,0
DA:203,0
DA:205,0
DA:210,0
DA:211,0
DA:212,0
DA:215,0
DA:224,0
DA:227,0
DA:230,0
DA:231,0
DA:232,0
DA:234,0
DA:236,0
DA:237,0
DA:241,0
DA:244,0
DA:246,0
DA:249,0
DA:250,0
DA:255,0
DA:256,0
DA:268,0
DA:286,0
DA:287,0
DA:290,0
DA:304,0
DA:305,0
DA:308,0
DA:324,0
DA:333,0
DA:342,0
DA:402,0
LF:99
LH:0
BRDA:63,0,0,0
BRDA:63,0,1,0
BRDA:66,1,0,0
BRDA:66,1,1,0
BRDA:71,2,0,0
BRDA:71,2,1,0
BRDA:79,3,0,0
BRDA:79,3,1,0
BRDA:79,4,0,0
BRDA:79,4,1,0
BRDA:83,5,0,0
BRDA:83,5,1,0
BRDA:104,6,0,0
BRDA:104,6,1,0
BRDA:151,7,0,0
BRDA:151,7,1,0
BRDA:151,8,0,0
BRDA:151,8,1,0
BRDA:167,9,0,0
BRDA:167,9,1,0
BRDA:191,10,0,0
BRDA:191,10,1,0
BRDA:195,11,0,0
BRDA:195,11,1,0
BRDA:196,12,0,0
BRDA:196,12,1,0
BRDA:197,13,0,0
BRDA:197,13,1,0
BRDA:218,14,0,0
BRDA:218,14,1,0
BRDA:219,15,0,0
BRDA:219,15,1,0
BRDA:220,16,0,0
BRDA:220,16,1,0
BRDA:232,17,0,0
BRDA:232,17,1,0
BRDA:234,18,0,0
BRDA:234,18,1,0
BRDA:236,19,0,0
BRDA:236,19,1,0
BRDA:271,20,0,0
BRDA:271,20,1,0
BRDA:273,21,0,0
BRDA:273,21,1,0
BRDA:277,22,0,0
BRDA:277,22,1,0
BRDA:279,23,0,0
BRDA:279,23,1,0
BRDA:286,24,0,0
BRDA:286,24,1,0
BRDA:304,25,0,0
BRDA:304,25,1,0
BRDA:304,26,0,0
BRDA:304,26,1,0
BRDA:317,27,0,0
BRDA:317,27,1,0
BRDA:336,28,0,0
BRDA:336,28,1,0
BRDA:338,29,0,0
BRDA:338,29,1,0
BRDA:370,30,0,0
BRDA:370,30,1,0
BRDA:393,31,0,0
BRDA:393,31,1,0
BRF:64
BRH:0
end_of_record
TN:
SF:src/services/api/auth.service.ts
FN:41,(anonymous_0)
FN:53,(anonymous_1)
FN:76,(anonymous_2)
FN:84,(anonymous_3)
FN:91,(anonymous_4)
FN:97,(anonymous_5)
FNF:6
FNH:3
FNDA:3,(anonymous_0)
FNDA:4,(anonymous_1)
FNDA:0,(anonymous_2)
FNDA:0,(anonymous_3)
FNDA:2,(anonymous_4)
FNDA:0,(anonymous_5)
DA:40,1
DA:42,3
DA:43,3
DA:45,2
DA:46,1
DA:48,1
DA:50,1
DA:54,4
DA:55,4
DA:57,3
DA:59,3
DA:60,1
DA:62,2
DA:63,1
DA:65,1
DA:67,0
DA:69,1
DA:77,0
DA:80,0
DA:81,0
DA:85,0
DA:88,0
DA:92,2
DA:93,2
DA:94,1
DA:98,0
DA:104,0
DA:105,0
DA:106,0
DA:108,0
DA:109,0
DA:110,0
DA:111,0
DA:113,0
LF:34
LH:19
BRDA:43,0,0,2
BRDA:43,0,1,1
BRDA:45,1,0,1
BRDA:45,1,1,1
BRDA:55,2,0,3
BRDA:55,2,1,1
BRDA:57,3,0,3
BRDA:57,3,1,0
BRDA:59,4,0,1
BRDA:59,4,1,2
BRDA:62,5,0,1
BRDA:62,5,1,1
BRDA:80,6,0,0
BRDA:80,6,1,0
BRDA:88,7,0,0
BRDA:88,7,1,0
BRDA:93,8,0,1
BRDA:93,8,1,1
BRDA:109,9,0,0
BRDA:109,9,1,0
BRDA:110,10,0,0
BRDA:110,10,1,0
BRF:22
BRH:13
end_of_record
TN:
SF:src/services/api/client.ts
FN:19,(anonymous_0)
FN:30,(anonymous_1)
FN:40,(anonymous_2)
FN:48,(anonymous_3)
FN:49,(anonymous_4)
FN:54,(anonymous_5)
FN:56,(anonymous_6)
FN:59,(anonymous_7)
FN:100,(anonymous_8)
FN:101,(anonymous_9)
FN:112,(anonymous_10)
FN:127,(anonymous_11)
FN:142,(anonymous_12)
FN:157,(anonymous_13)
FNF:14
FNH:5
FNDA:1,(anonymous_0)
FNDA:0,(anonymous_1)
FNDA:0,(anonymous_2)
FNDA:0,(anonymous_3)
FNDA:0,(anonymous_4)
FNDA:0,(anonymous_5)
FNDA:0,(anonymous_6)
FNDA:0,(anonymous_7)
FNDA:0,(anonymous_8)
FNDA:0,(anonymous_9)
FNDA:5,(anonymous_10)
FNDA:1,(anonymous_11)
FNDA:1,(anonymous_12)
FNDA:1,(anonymous_13)
DA:13,1
DA:17,1
DA:20,1
DA:29,1
DA:31,0
DA:32,0
DA:33,0
DA:34,0
DA:36,0
DA:38,0
DA:41,0
DA:42,0
DA:47,1
DA:48,0
DA:50,0
DA:52,0
DA:53,0
DA:54,0
DA:55,0
DA:57,0
DA:58,0
DA:60,0
DA:64,0
DA:65,0
DA:67,0
DA:69,0
DA:70,0
DA:71,0
DA:75,0
DA:76,0
DA:78,0
DA:80,0
DA:81,0
DA:83,0
DA:85,0
DA:86,0
DA:87,0
DA:88,0
DA:90,0
DA:95,0
DA:101,0
DA:102,0
DA:103,0
DA:105,0
DA:109,0
DA:113,5
DA:114,5
DA:115,3
DA:120,2
DA:128,1
DA:129,1
DA:130,1
DA:135,0
DA:143,1
DA:144,1
DA:145,1
DA:150,0
DA:158,1
DA:159,1
DA:160,1
DA:165,0
DA:173,1
LF:62
LH:19
BRDA:32,0,0,0
BRDA:32,0,1,0
BRDA:52,1,0,0
BRDA:52,1,1,0
BRDA:52,2,0,0
BRDA:52,2,1,0
BRDA:53,3,0,0
BRDA:53,3,1,0
BRDA:69,4,0,0
BRDA:69,4,1,0
BRDA:100,5,0,0
BRDA:102,6,0,0
BRDA:102,6,1,0
BRDA:121,7,0,2
BRDA:121,7,1,1
BRDA:122,8,0,2
BRDA:122,8,1,2
BRDA:122,8,2,1
BRDA:122,8,3,0
BRDA:136,9,0,0
BRDA:136,9,1,0
BRDA:137,10,0,0
BRDA:137,10,1,0
BRDA:137,10,2,0
BRDA:137,10,3,0
BRDA:151,11,0,0
BRDA:151,11,1,0
BRDA:152,12,0,0
BRDA:152,12,1,0
BRDA:152,12,2,0
BRDA:152,12,3,0
BRDA:166,13,0,0
BRDA:166,13,1,0
BRDA:167,14,0,0
BRDA:167,14,1,0
BRDA:167,14,2,0
BRDA:167,14,3,0
BRF:37
BRH:5
end_of_record
TN:
SF:src/services/api/forum.service.ts
FN:13,(anonymous_0)
FN:91,(anonymous_1)
FN:110,(anonymous_2)
FN:126,(anonymous_3)
FN:134,(anonymous_4)
FN:146,(anonymous_5)
FN:156,(anonymous_6)
FN:170,(anonymous_7)
FN:184,(anonymous_8)
FN:187,(anonymous_9)
FN:214,(anonymous_10)
FN:219,(anonymous_11)
FN:225,(anonymous_12)
FN:226,(anonymous_13)
FN:233,(anonymous_14)
FN:234,(anonymous_15)
FN:249,(anonymous_16)
FN:275,(anonymous_17)
FN:287,(anonymous_18)
FN:299,(anonymous_19)
FN:311,(anonymous_20)
FN:343,(anonymous_21)
FN:358,(anonymous_22)
FN:370,(anonymous_23)
FN:390,(anonymous_24)
FN:402,(anonymous_25)
FN:419,(anonymous_26)
FNF:27
FNH:14
FNDA:1,(anonymous_0)
FNDA:5,(anonymous_1)
FNDA:8,(anonymous_2)
FNDA:0,(anonymous_3)
FNDA:0,(anonymous_4)
FNDA:0,(anonymous_5)
FNDA:0,(anonymous_6)
FNDA:4,(anonymous_7)
FNDA:3,(anonymous_8)
FNDA:2,(anonymous_9)
FNDA:3,(anonymous_10)
FNDA:3,(anonymous_11)
FNDA:3,(anonymous_12)
FNDA:3,(anonymous_13)
FNDA:3,(anonymous_14)
FNDA:4,(anonymous_15)
FNDA:2,(anonymous_16)
FNDA:2,(anonymous_17)
FNDA:0,(anonymous_18)
FNDA:0,(anonymous_19)
FNDA:0,(anonymous_20)
FNDA:0,(anonymous_21)
FNDA:0,(anonymous_22)
FNDA:0,(anonymous_23)
FNDA:0,(anonymous_24)
FNDA:0,(anonymous_25)
FNDA:0,(anonymous_26)
DA:10,1
DA:13,1
DA:14,1
DA:15,1
DA:16,1
DA:17,0
DA:20,0
DA:25,1
DA:91,1
DA:93,5
DA:94,5
DA:95,5
DA:98,5
DA:99,5
DA:101,5
DA:110,8
DA:115,0
DA:117,0
DA:126,0
DA:134,1
DA:135,0
DA:136,0
DA:137,0
DA:139,0
DA:141,0
DA:142,0
DA:146,0
DA:149,0
DA:151,0
DA:156,1
DA:157,0
DA:170,1
DA:171,4
DA:172,4
DA:173,4
DA:175,1
DA:177,3
DA:178,3
DA:182,1
DA:185,3
DA:186,3
DA:187,2
DA:188,1
DA:192,3
DA:193,3
DA:194,0
DA:195,0
DA:198,3
DA:199,3
DA:200,1
DA:201,0
DA:202,0
DA:204,1
DA:207,2
DA:208,0
DA:209,0
DA:213,2
DA:214,3
DA:219,3
DA:221,2
DA:222,2
DA:225,2
DA:226,3
DA:229,2
DA:230,2
DA:233,2
DA:234,4
DA:235,3
DA:236,3
DA:240,0
DA:245,2
DA:251,2
DA:252,2
DA:253,0
DA:256,2
DA:257,2
DA:259,1
DA:260,0
DA:264,1
DA:267,1
DA:268,1
DA:271,1
DA:276,2
DA:277,2
DA:279,1
DA:280,0
DA:283,1
DA:288,0
DA:289,0
DA:291,0
DA:292,0
DA:295,0
DA:300,0
DA:301,0
DA:303,0
DA:304,0
DA:307,0
DA:312,0
DA:313,0
DA:315,0
DA:316,0
DA:317,0
DA:320,0
DA:322,0
DA:323,0
DA:324,0
DA:328,0
DA:329,0
DA:330,0
DA:331,0
DA:333,0
DA:334,0
DA:337,0
DA:338,0
DA:344,0
DA:345,0
DA:347,0
DA:348,0
DA:352,0
DA:354,0
DA:359,0
DA:360,0
DA:362,0
DA:363,0
DA:366,0
DA:372,0
DA:373,0
DA:374,0
DA:375,0
DA:378,0
DA:379,0
DA:381,0
DA:382,0
DA:383,0
DA:386,0
DA:391,0
DA:392,0
DA:394,0
DA:395,0
DA:398,0
DA:404,0
DA:405,0
DA:406,0
DA:407,0
DA:410,0
DA:411,0
DA:413,0
DA:414,0
DA:415,0
DA:418,0
DA:419,0
DA:422,0
LF:152
LH:62
BRDA:16,0,0,0
BRDA:16,0,1,1
BRDA:95,1,0,5
BRDA:95,1,1,0
BRDA:99,2,0,5
BRDA:99,2,1,2
BRDA:99,2,2,2
BRDA:107,3,0,5
BRDA:107,3,1,5
BRDA:108,4,0,5
BRDA:108,4,1,1
BRDA:112,5,0,5
BRDA:112,5,1,0
BRDA:123,6,0,0
BRDA:123,6,1,0
BRDA:124,7,0,0
BRDA:124,7,1,0
BRDA:125,8,0,0
BRDA:125,8,1,0
BRDA:128,9,0,0
BRDA:128,9,1,0
BRDA:137,10,0,0
BRDA:137,10,1,0
BRDA:139,11,0,0
BRDA:139,11,1,0
BRDA:141,12,0,0
BRDA:141,12,1,0
BRDA:164,13,0,0
BRDA:164,13,1,0
BRDA:165,14,0,0
BRDA:165,14,1,0
BRDA:173,15,0,0
BRDA:173,15,1,1
BRDA:175,16,0,1
BRDA:175,16,1,0
BRDA:186,17,0,1
BRDA:186,17,1,2
BRDA:186,18,0,3
BRDA:186,18,1,1
BRDA:193,19,0,0
BRDA:193,19,1,3
BRDA:199,20,0,1
BRDA:199,20,1,2
BRDA:200,21,0,0
BRDA:200,21,1,1
BRDA:207,22,0,0
BRDA:207,22,1,2
BRDA:207,23,0,2
BRDA:207,23,1,2
BRDA:221,24,0,2
BRDA:221,24,1,0
BRDA:235,25,0,3
BRDA:235,25,1,0
BRDA:252,26,0,0
BRDA:252,26,1,2
BRDA:257,27,0,1
BRDA:257,27,1,1
BRDA:259,28,0,0
BRDA:259,28,1,1
BRDA:267,29,0,1
BRDA:267,29,1,0
BRDA:277,30,0,1
BRDA:277,30,1,1
BRDA:279,31,0,0
BRDA:279,31,1,1
BRDA:289,32,0,0
BRDA:289,32,1,0
BRDA:291,33,0,0
BRDA:291,33,1,0
BRDA:301,34,0,0
BRDA:301,34,1,0
BRDA:303,35,0,0
BRDA:303,35,1,0
BRDA:315,36,0,0
BRDA:315,36,1,0
BRDA:322,37,0,0
BRDA:322,37,1,0
BRDA:328,38,0,0
BRDA:328,38,1,0
BRDA:330,39,0,0
BRDA:330,39,1,0
BRDA:330,40,0,0
BRDA:330,40,1,0
BRDA:345,41,0,0
BRDA:345,41,1,0
BRDA:347,42,0,0
BRDA:347,42,1,0
BRDA:360,43,0,0
BRDA:360,43,1,0
BRDA:362,44,0,0
BRDA:362,44,1,0
BRDA:373,45,0,0
BRDA:373,45,1,0
BRDA:379,46,0,0
BRDA:379,46,1,0
BRDA:381,47,0,0
BRDA:381,47,1,0
BRDA:381,48,0,0
BRDA:381,48,1,0
BRDA:392,49,0,0
BRDA:392,49,1,0
BRDA:394,50,0,0
BRDA:394,50,1,0
BRDA:405,51,0,0
BRDA:405,51,1,0
BRDA:411,52,0,0
BRDA:411,52,1,0
BRDA:413,53,0,0
BRDA:413,53,1,0
BRDA:413,54,0,0
BRDA:413,54,1,0
BRF:111
BRH:33
end_of_record
TN:
SF:src/types/types.ts
FNF:0
FNH:0
LF:0
LH:0
BRF:0
BRH:0
end_of_record
TN:
SF:src/utils/validation.ts
FN:13,(anonymous_0)
FN:23,(anonymous_1)
FN:33,(anonymous_2)
FN:48,(anonymous_3)
FN:60,(anonymous_4)
FN:71,(anonymous_5)
FN:82,(anonymous_6)
FN:93,(anonymous_7)
FN:104,(anonymous_8)
FN:116,(anonymous_9)
FN:151,(anonymous_10)
FN:164,(anonymous_11)
FN:175,(anonymous_12)
FN:185,(anonymous_13)
FN:202,(anonymous_14)
FNF:15
FNH:0
FNDA:0,(anonymous_0)
FNDA:0,(anonymous_1)
FNDA:0,(anonymous_2)
FNDA:0,(anonymous_3)
FNDA:0,(anonymous_4)
FNDA:0,(anonymous_5)
FNDA:0,(anonymous_6)
FNDA:0,(anonymous_7)
FNDA:0,(anonymous_8)
FNDA:0,(anonymous_9)
FNDA:0,(anonymous_10)
FNDA:0,(anonymous_11)
FNDA:0,(anonymous_12)
FNDA:0,(anonymous_13)
FNDA:0,(anonymous_14)
DA:13,0
DA:14,0
DA:23,0
DA:24,0
DA:33,0
DA:34,0
DA:37,0
DA:38,0
DA:48,0
DA:49,0
DA:50,0
DA:60,0
DA:61,0
DA:62,0
DA:71,0
DA:72,0
DA:73,0
DA:82,0
DA:83,0
DA:84,0
DA:93,0
DA:94,0
DA:95,0
DA:104,0
DA:105,0
DA:106,0
DA:116,0
DA:126,0
DA:134,0
DA:136,0
DA:137,0
DA:138,0
DA:139,0
DA:140,0
DA:142,0
DA:151,0
DA:152,0
DA:153,0
DA:164,0
DA:165,0
DA:175,0
DA:176,0
DA:185,0
DA:186,0
DA:188,0
DA:189,0
DA:190,0
DA:192,0
DA:202,0
DA:203,0
DA:206,0
DA:207,0
LF:52
LH:0
BRDA:14,0,0,0
BRDA:14,0,1,0
BRDA:14,0,2,0
BRDA:34,1,0,0
BRDA:34,1,1,0
BRDA:49,2,0,0
BRDA:49,2,1,0
BRDA:61,3,0,0
BRDA:61,3,1,0
BRDA:72,4,0,0
BRDA:72,4,1,0
BRDA:83,5,0,0
BRDA:83,5,1,0
BRDA:94,6,0,0
BRDA:94,6,1,0
BRDA:105,7,0,0
BRDA:105,7,1,0
BRDA:118,8,0,0
BRDA:126,9,0,0
BRDA:126,9,1,0
BRDA:129,10,0,0
BRDA:130,11,0,0
BRDA:131,12,0,0
BRDA:132,13,0,0
BRDA:133,14,0,0
BRDA:136,15,0,0
BRDA:136,15,1,0
BRDA:137,16,0,0
BRDA:137,16,1,0
BRDA:137,17,0,0
BRDA:137,17,1,0
BRDA:138,18,0,0
BRDA:138,18,1,0
BRDA:138,19,0,0
BRDA:138,19,1,0
BRDA:139,20,0,0
BRDA:139,20,1,0
BRDA:139,21,0,0
BRDA:139,21,1,0
BRDA:140,22,0,0
BRDA:140,22,1,0
BRDA:140,23,0,0
BRDA:140,23,1,0
BRDA:152,24,0,0
BRDA:152,24,1,0
BRDA:165,25,0,0
BRDA:165,25,1,0
BRDA:186,26,0,0
BRDA:186,26,1,0
BRDA:203,27,0,0
BRDA:203,27,1,0
BRF:51
BRH:0
end_of_record
