TN:
SF:App.tsx
FN:32,App
FNF:1
FNH:0
FNDA:0,App
DA:33,0
DA:54,0
DA:55,0
DA:63,0
LF:4
LH:0
BRDA:54,0,0,0
BRDA:54,0,1,0
BRF:2
BRH:0
end_of_record
TN:
SF:index.ts
FNF:0
FNH:0
DA:8,0
LF:1
LH:0
BRF:0
BRH:0
end_of_record
TN:
SF:jest.config.js
FNF:0
FNH:0
DA:1,0
LF:1
LH:0
BRF:0
BRH:0
end_of_record
TN:
SF:src\components\common\Button.tsx
FN:133,(anonymous_0)
FN:152,(anonymous_1)
FN:210,(anonymous_2)
FN:250,(anonymous_3)
FN:271,(anonymous_4)
FN:283,(anonymous_5)
FNF:6
FNH:5
FNDA:7,(anonymous_0)
FNDA:7,(anonymous_1)
FNDA:6,(anonymous_2)
FNDA:1,(anonymous_3)
FNDA:0,(anonymous_4)
FNDA:6,(anonymous_5)
DA:133,1
DA:149,7
DA:152,7
DA:153,7
DA:158,7
DA:160,5
DA:161,5
DA:163,1
DA:164,1
DA:166,1
DA:167,1
DA:168,1
DA:169,1
DA:171,0
DA:172,0
DA:174,0
DA:175,0
DA:177,0
DA:178,0
DA:180,0
DA:184,7
DA:186,0
DA:187,0
DA:188,0
DA:189,0
DA:191,0
DA:192,0
DA:193,0
DA:194,0
DA:196,7
DA:197,7
DA:198,7
DA:202,7
DA:203,0
DA:206,7
DA:210,7
DA:211,6
DA:217,6
DA:223,6
DA:225,4
DA:226,4
DA:228,1
DA:231,1
DA:233,0
DA:234,0
DA:236,0
DA:237,0
DA:240,1
DA:241,1
DA:243,0
DA:246,6
DA:250,7
DA:251,1
DA:253,1
DA:255,0
DA:259,0
DA:261,0
DA:264,0
DA:266,0
DA:271,7
DA:272,0
DA:274,0
DA:276,0
DA:278,0
DA:283,7
DA:284,6
DA:286,0
DA:296,7
DA:336,1
LF:69
LH:38
BRDA:136,0,0,4
BRDA:137,1,0,7
BRDA:138,2,0,7
BRDA:141,3,0,6
BRDA:142,4,0,6
BRDA:144,5,0,7
BRDA:154,6,0,1
BRDA:154,6,1,6
BRDA:158,7,0,5
BRDA:158,7,1,1
BRDA:158,7,2,1
BRDA:158,7,3,0
BRDA:158,7,4,0
BRDA:158,7,5,0
BRDA:158,7,6,0
BRDA:184,8,0,0
BRDA:184,8,1,0
BRDA:184,8,2,7
BRDA:202,9,0,0
BRDA:202,9,1,7
BRDA:223,10,0,4
BRDA:223,10,1,1
BRDA:223,10,2,0
BRDA:223,10,3,0
BRDA:223,10,4,1
BRDA:223,10,5,1
BRDA:223,10,6,0
BRDA:228,11,0,0
BRDA:228,11,1,1
BRDA:251,12,0,1
BRDA:251,12,1,0
BRDA:251,12,2,0
BRDA:251,12,3,0
BRDA:251,12,4,0
BRDA:251,12,5,0
BRDA:251,12,6,0
BRDA:255,13,0,0
BRDA:255,13,1,0
BRDA:272,14,0,0
BRDA:272,14,1,0
BRDA:272,14,2,0
BRDA:284,15,0,6
BRDA:284,15,1,0
BRDA:291,16,0,0
BRDA:291,16,1,0
BRDA:300,17,0,7
BRDA:300,17,1,6
BRDA:303,18,0,7
BRDA:303,18,1,6
BRDA:307,19,0,0
BRDA:307,19,1,7
BRDA:311,20,0,1
BRDA:311,20,1,6
BRDA:313,21,0,0
BRDA:313,21,1,1
BRDA:318,22,0,6
BRDA:318,22,1,6
BRDA:319,23,0,6
BRDA:319,23,1,6
BRDA:327,24,0,6
BRDA:327,24,1,0
BRF:61
BRH:33
end_of_record
TN:
SF:src\components\common\Card.tsx
FN:111,(anonymous_0)
FN:138,(anonymous_1)
FNF:2
FNH:0
FNDA:0,(anonymous_0)
FNDA:0,(anonymous_1)
DA:111,0
DA:124,0
DA:127,0
DA:138,0
DA:139,0
DA:162,0
DA:163,0
DA:177,0
DA:184,0
LF:9
LH:0
BRDA:120,0,0,0
BRDA:121,1,0,0
BRDA:133,2,0,0
BRDA:133,2,1,0
BRDA:141,3,0,0
BRDA:141,3,1,0
BRDA:153,4,0,0
BRDA:153,4,1,0
BRDA:162,5,0,0
BRDA:162,5,1,0
BRDA:167,6,0,0
BRDA:167,6,1,0
BRF:12
BRH:0
end_of_record
TN:
SF:src\components\common\FeatureCard.tsx
FN:18,(anonymous_0)
FNF:1
FNH:0
FNDA:0,(anonymous_0)
DA:18,0
DA:19,0
DA:21,0
DA:34,0
LF:4
LH:0
BRF:0
BRH:0
end_of_record
TN:
SF:src\components\common\TextInput.tsx
FN:129,(anonymous_0)
FN:149,(anonymous_1)
FN:150,(anonymous_2)
FN:154,(anonymous_3)
FNF:4
FNH:1
FNDA:4,(anonymous_0)
FNDA:0,(anonymous_1)
FNDA:0,(anonymous_2)
FNDA:0,(anonymous_3)
DA:129,1
DA:145,4
DA:146,4
DA:149,4
DA:150,0
DA:154,4
DA:155,0
DA:156,0
DA:160,4
DA:249,1
LF:10
LH:7
BRDA:136,0,0,4
BRDA:137,1,0,4
BRDA:140,2,0,4
BRDA:155,3,0,0
BRDA:155,3,1,0
BRDA:163,4,0,4
BRDA:163,4,1,4
BRDA:181,5,0,1
BRDA:181,5,1,3
BRDA:186,6,0,4
BRDA:186,6,1,0
BRDA:203,7,0,4
BRDA:203,7,1,0
BRDA:212,8,0,4
BRDA:212,8,1,0
BRDA:212,8,2,0
BRDA:212,8,3,0
BRDA:219,9,0,4
BRDA:219,9,1,0
BRDA:219,9,2,0
BRDA:222,10,0,0
BRDA:222,10,1,0
BRDA:232,11,0,4
BRDA:232,11,1,3
BRDA:232,11,2,2
BRDA:237,12,0,1
BRDA:237,12,1,1
BRDA:238,13,0,1
BRDA:238,13,1,1
BRDA:242,14,0,2
BRDA:242,14,1,1
BRF:31
BRH:20
end_of_record
TN:
SF:src\components\food\FoodDetailModal.tsx
FN:51,(anonymous_0)
FN:62,(anonymous_1)
FN:71,(anonymous_2)
FN:77,(anonymous_3)
FN:92,(anonymous_4)
FN:265,(anonymous_5)
FN:281,(anonymous_6)
FNF:7
FNH:0
FNDA:0,(anonymous_0)
FNDA:0,(anonymous_1)
FNDA:0,(anonymous_2)
FNDA:0,(anonymous_3)
FNDA:0,(anonymous_4)
FNDA:0,(anonymous_5)
FNDA:0,(anonymous_6)
DA:51,0
DA:57,0
DA:59,0
DA:62,0
DA:63,0
DA:65,0
DA:66,0
DA:67,0
DA:71,0
DA:72,0
DA:73,0
DA:77,0
DA:78,0
DA:92,0
DA:93,0
DA:107,0
DA:265,0
DA:281,0
DA:294,0
DA:296,0
LF:20
LH:0
BRDA:59,0,0,0
BRDA:59,0,1,0
BRDA:63,1,0,0
BRDA:63,1,1,0
BRDA:65,2,0,0
BRDA:65,2,1,0
BRDA:66,3,0,0
BRDA:66,3,1,0
BRDA:174,4,0,0
BRDA:174,4,1,0
BRDA:182,5,0,0
BRDA:182,5,1,0
BRDA:193,6,0,0
BRDA:193,6,1,0
BRDA:244,7,0,0
BRDA:244,7,1,0
BRDA:261,8,0,0
BRDA:261,8,1,0
BRDA:261,8,2,0
BRDA:271,9,0,0
BRDA:271,9,1,0
BRDA:271,9,2,0
BRF:22
BRH:0
end_of_record
TN:
SF:src\components\food\FoodFilterModal.tsx
FN:33,(anonymous_0)
FN:43,(anonymous_1)
FN:49,(anonymous_2)
FN:50,(anonymous_3)
FN:56,(anonymous_4)
FN:57,(anonymous_5)
FN:64,(anonymous_6)
FN:70,(anonymous_7)
FN:72,(anonymous_8)
FN:78,(anonymous_9)
FN:80,(anonymous_10)
FN:86,(anonymous_11)
FN:91,(anonymous_12)
FN:115,(anonymous_13)
FN:126,(anonymous_14)
FN:149,(anonymous_15)
FN:162,(anonymous_16)
FN:189,(anonymous_17)
FN:197,(anonymous_18)
FN:211,(anonymous_19)
FN:219,(anonymous_20)
FNF:21
FNH:0
FNDA:0,(anonymous_0)
FNDA:0,(anonymous_1)
FNDA:0,(anonymous_2)
FNDA:0,(anonymous_3)
FNDA:0,(anonymous_4)
FNDA:0,(anonymous_5)
FNDA:0,(anonymous_6)
FNDA:0,(anonymous_7)
FNDA:0,(anonymous_8)
FNDA:0,(anonymous_9)
FNDA:0,(anonymous_10)
FNDA:0,(anonymous_11)
FNDA:0,(anonymous_12)
FNDA:0,(anonymous_13)
FNDA:0,(anonymous_14)
FNDA:0,(anonymous_15)
FNDA:0,(anonymous_16)
FNDA:0,(anonymous_17)
FNDA:0,(anonymous_18)
FNDA:0,(anonymous_19)
FNDA:0,(anonymous_20)
DA:33,0
DA:39,0
DA:40,0
DA:43,0
DA:44,0
DA:45,0
DA:49,0
DA:50,0
DA:56,0
DA:57,0
DA:58,0
DA:59,0
DA:61,0
DA:64,0
DA:70,0
DA:71,0
DA:72,0
DA:78,0
DA:79,0
DA:80,0
DA:86,0
DA:87,0
DA:88,0
DA:91,0
DA:92,0
DA:95,0
DA:116,0
DA:126,0
DA:150,0
DA:151,0
DA:162,0
DA:189,0
DA:197,0
DA:211,0
DA:219,0
DA:246,0
LF:36
LH:0
BRDA:44,0,0,0
BRDA:44,0,1,0
BRDA:52,1,0,0
BRDA:52,1,1,0
BRDA:58,2,0,0
BRDA:58,2,1,0
BRDA:63,3,0,0
BRDA:63,3,1,0
BRDA:71,4,0,0
BRDA:71,4,1,0
BRDA:79,5,0,0
BRDA:79,5,1,0
BRDA:121,6,0,0
BRDA:121,6,1,0
BRDA:132,7,0,0
BRDA:132,7,1,0
BRDA:157,8,0,0
BRDA:157,8,1,0
BRDA:168,9,0,0
BRDA:168,9,1,0
BRDA:188,10,0,0
BRDA:188,10,1,0
BRDA:196,11,0,0
BRDA:196,11,1,0
BRDA:210,12,0,0
BRDA:210,12,1,0
BRDA:218,13,0,0
BRDA:218,13,1,0
BRF:28
BRH:0
end_of_record
TN:
SF:src\components\food\FoodItem.tsx
FN:65,(anonymous_0)
FN:78,(anonymous_1)
FN:85,(anonymous_2)
FN:94,(anonymous_3)
FN:101,(anonymous_4)
FN:153,(anonymous_5)
FN:178,(anonymous_6)
FN:235,(anonymous_7)
FN:252,(anonymous_8)
FN:304,(anonymous_9)
FNF:10
FNH:0
FNDA:0,(anonymous_0)
FNDA:0,(anonymous_1)
FNDA:0,(anonymous_2)
FNDA:0,(anonymous_3)
FNDA:0,(anonymous_4)
FNDA:0,(anonymous_5)
FNDA:0,(anonymous_6)
FNDA:0,(anonymous_7)
FNDA:0,(anonymous_8)
FNDA:0,(anonymous_9)
DA:65,0
DA:75,0
DA:78,0
DA:79,0
DA:80,0
DA:85,0
DA:86,0
DA:88,0
DA:89,0
DA:90,0
DA:94,0
DA:95,0
DA:101,0
DA:102,0
DA:154,0
DA:178,0
DA:179,0
DA:236,0
DA:252,0
DA:253,0
DA:305,0
DA:363,0
DA:365,0
DA:367,0
DA:370,0
DA:374,0
LF:26
LH:0
BRDA:68,0,0,0
BRDA:70,1,0,0
BRDA:71,2,0,0
BRDA:72,3,0,0
BRDA:79,4,0,0
BRDA:79,4,1,0
BRDA:86,5,0,0
BRDA:86,5,1,0
BRDA:88,6,0,0
BRDA:88,6,1,0
BRDA:89,7,0,0
BRDA:89,7,1,0
BRDA:94,8,0,0
BRDA:111,9,0,0
BRDA:111,9,1,0
BRDA:132,10,0,0
BRDA:132,10,1,0
BRDA:132,10,2,0
BRDA:151,11,0,0
BRDA:151,11,1,0
BRDA:151,11,2,0
BRDA:151,11,3,0
BRDA:158,12,0,0
BRDA:158,12,1,0
BRDA:167,13,0,0
BRDA:167,13,1,0
BRDA:167,13,2,0
BRDA:186,14,0,0
BRDA:186,14,1,0
BRDA:201,15,0,0
BRDA:201,15,1,0
BRDA:201,15,2,0
BRDA:226,16,0,0
BRDA:226,16,1,0
BRDA:226,16,2,0
BRDA:233,17,0,0
BRDA:233,17,1,0
BRDA:233,17,2,0
BRDA:233,17,3,0
BRDA:240,18,0,0
BRDA:240,18,1,0
BRDA:273,19,0,0
BRDA:273,19,1,0
BRDA:273,19,2,0
BRDA:298,20,0,0
BRDA:298,20,1,0
BRDA:298,20,2,0
BRDA:298,20,3,0
BRDA:314,21,0,0
BRDA:314,21,1,0
BRDA:349,22,0,0
BRDA:349,22,1,0
BRDA:349,22,2,0
BRDA:363,23,0,0
BRDA:363,23,1,0
BRDA:363,23,2,0
BRDA:363,23,3,0
BRF:57
BRH:0
end_of_record
TN:
SF:src\components\food\ProposeFoodModal.tsx
FN:47,(anonymous_0)
FN:58,(anonymous_1)
FN:59,(anonymous_2)
FN:62,(anonymous_3)
FN:65,(anonymous_4)
FN:66,(anonymous_5)
FN:67,(anonymous_6)
FN:70,(anonymous_7)
FN:71,(anonymous_8)
FN:72,(anonymous_9)
FN:75,(anonymous_10)
FN:76,(anonymous_11)
FN:77,(anonymous_12)
FN:80,(anonymous_13)
FN:81,(anonymous_14)
FN:82,(anonymous_15)
FN:85,(anonymous_16)
FN:86,(anonymous_17)
FN:87,(anonymous_18)
FN:117,(anonymous_19)
FN:124,(anonymous_20)
FN:131,(anonymous_21)
FN:135,(anonymous_22)
FN:141,(anonymous_23)
FN:146,(anonymous_24)
FN:193,(anonymous_25)
FN:209,(anonymous_26)
FNF:27
FNH:0
FNDA:0,(anonymous_0)
FNDA:0,(anonymous_1)
FNDA:0,(anonymous_2)
FNDA:0,(anonymous_3)
FNDA:0,(anonymous_4)
FNDA:0,(anonymous_5)
FNDA:0,(anonymous_6)
FNDA:0,(anonymous_7)
FNDA:0,(anonymous_8)
FNDA:0,(anonymous_9)
FNDA:0,(anonymous_10)
FNDA:0,(anonymous_11)
FNDA:0,(anonymous_12)
FNDA:0,(anonymous_13)
FNDA:0,(anonymous_14)
FNDA:0,(anonymous_15)
FNDA:0,(anonymous_16)
FNDA:0,(anonymous_17)
FNDA:0,(anonymous_18)
FNDA:0,(anonymous_19)
FNDA:0,(anonymous_20)
FNDA:0,(anonymous_21)
FNDA:0,(anonymous_22)
FNDA:0,(anonymous_23)
FNDA:0,(anonymous_24)
FNDA:0,(anonymous_25)
FNDA:0,(anonymous_26)
DA:47,0
DA:52,0
DA:53,0
DA:56,0
DA:58,0
DA:59,0
DA:62,0
DA:65,0
DA:66,0
DA:67,0
DA:70,0
DA:71,0
DA:72,0
DA:75,0
DA:76,0
DA:77,0
DA:80,0
DA:81,0
DA:82,0
DA:85,0
DA:86,0
DA:87,0
DA:104,0
DA:118,0
DA:119,0
DA:124,0
DA:125,0
DA:126,0
DA:127,0
DA:131,0
DA:132,0
DA:133,0
DA:135,0
DA:136,0
DA:141,0
DA:142,0
DA:146,0
DA:147,0
DA:156,0
DA:194,0
DA:209,0
DA:351,0
LF:42
LH:0
BRDA:142,0,0,0
BRDA:142,0,1,0
BRDA:147,1,0,0
BRDA:147,1,1,0
BRDA:147,1,2,0
BRDA:147,1,3,0
BRDA:147,1,4,0
BRDA:147,1,5,0
BRDA:147,1,6,0
BRDA:147,1,7,0
BRDA:147,1,8,0
BRDA:147,1,9,0
BRDA:147,1,10,0
BRDA:147,1,11,0
BRDA:147,1,12,0
BRDA:147,1,13,0
BRDA:147,1,14,0
BRDA:147,1,15,0
BRDA:147,1,16,0
BRDA:165,2,0,0
BRDA:165,2,1,0
BRDA:198,3,0,0
BRDA:198,3,1,0
BRDA:200,4,0,0
BRDA:200,4,1,0
BRDA:203,5,0,0
BRDA:203,5,1,0
BRDA:203,6,0,0
BRDA:203,6,1,0
BRDA:206,7,0,0
BRDA:206,7,1,0
BRDA:206,8,0,0
BRDA:206,8,1,0
BRDA:215,9,0,0
BRDA:215,9,1,0
BRDA:227,10,0,0
BRDA:227,10,1,0
BRDA:227,10,2,0
BRDA:340,11,0,0
BRDA:340,11,1,0
BRF:40
BRH:0
end_of_record
TN:
SF:src\components\forum\ForumPost.tsx
FN:74,(anonymous_0)
FN:89,(anonymous_1)
FN:112,(anonymous_2)
FN:128,(anonymous_3)
FN:144,(anonymous_4)
FN:151,(anonymous_5)
FN:159,(anonymous_6)
FN:166,(anonymous_7)
FN:173,(anonymous_8)
FN:213,(anonymous_9)
FNF:10
FNH:0
FNDA:0,(anonymous_0)
FNDA:0,(anonymous_1)
FNDA:0,(anonymous_2)
FNDA:0,(anonymous_3)
FNDA:0,(anonymous_4)
FNDA:0,(anonymous_5)
FNDA:0,(anonymous_6)
FNDA:0,(anonymous_7)
FNDA:0,(anonymous_8)
FNDA:0,(anonymous_9)
DA:74,0
DA:86,0
DA:89,0
DA:90,0
DA:91,0
DA:92,0
DA:93,0
DA:94,0
DA:96,0
DA:97,0
DA:98,0
DA:99,0
DA:100,0
DA:101,0
DA:103,0
DA:112,0
DA:114,0
DA:115,0
DA:116,0
DA:118,0
DA:119,0
DA:121,0
DA:122,0
DA:124,0
DA:128,0
DA:130,0
DA:131,0
DA:132,0
DA:134,0
DA:135,0
DA:137,0
DA:138,0
DA:140,0
DA:144,0
DA:145,0
DA:146,0
DA:151,0
DA:152,0
DA:154,0
DA:159,0
DA:160,0
DA:161,0
DA:166,0
DA:167,0
DA:168,0
DA:173,0
DA:174,0
DA:189,0
DA:194,0
DA:213,0
DA:263,0
LF:51
LH:0
BRDA:80,0,0,0
BRDA:81,1,0,0
BRDA:82,2,0,0
BRDA:96,3,0,0
BRDA:96,3,1,0
BRDA:97,4,0,0
BRDA:97,4,1,0
BRDA:98,5,0,0
BRDA:98,5,1,0
BRDA:99,6,0,0
BRDA:99,6,1,0
BRDA:100,7,0,0
BRDA:100,7,1,0
BRDA:101,8,0,0
BRDA:101,8,1,0
BRDA:115,9,0,0
BRDA:115,9,1,0
BRDA:115,10,0,0
BRDA:115,10,1,0
BRDA:115,10,2,0
BRDA:118,11,0,0
BRDA:118,11,1,0
BRDA:121,12,0,0
BRDA:121,12,1,0
BRDA:121,13,0,0
BRDA:121,13,1,0
BRDA:131,14,0,0
BRDA:131,14,1,0
BRDA:131,15,0,0
BRDA:131,15,1,0
BRDA:131,15,2,0
BRDA:134,16,0,0
BRDA:134,16,1,0
BRDA:137,17,0,0
BRDA:137,17,1,0
BRDA:137,18,0,0
BRDA:137,18,1,0
BRDA:145,19,0,0
BRDA:145,19,1,0
BRDA:152,20,0,0
BRDA:152,20,1,0
BRDA:160,21,0,0
BRDA:160,21,1,0
BRDA:167,22,0,0
BRDA:167,22,1,0
BRDA:191,23,0,0
BRDA:191,23,1,0
BRDA:211,24,0,0
BRDA:211,24,1,0
BRDA:211,24,2,0
BRDA:211,24,3,0
BRDA:223,25,0,0
BRDA:223,25,1,0
BRDA:228,26,0,0
BRDA:228,26,1,0
BRDA:228,26,2,0
BRDA:240,27,0,0
BRDA:240,27,1,0
BRDA:241,28,0,0
BRDA:241,28,1,0
BRDA:251,29,0,0
BRDA:251,29,1,0
BRF:62
BRH:0
end_of_record
TN:
SF:src\components\forum\ForumRules.tsx
FN:12,(anonymous_0)
FN:27,(anonymous_1)
FNF:2
FNH:0
FNDA:0,(anonymous_0)
FNDA:0,(anonymous_1)
DA:12,0
DA:13,0
DA:15,0
DA:22,0
DA:28,0
DA:38,0
LF:6
LH:0
BRF:0
BRH:0
end_of_record
TN:
SF:src\components\forum\ForumTopic.tsx
FN:17,(anonymous_0)
FNF:1
FNH:0
FNDA:0,(anonymous_0)
DA:17,0
DA:25,0
DA:27,0
DA:56,0
LF:4
LH:0
BRF:0
BRH:0
end_of_record
TN:
SF:src\components\user\ProfilePhotoPicker.tsx
FN:20,(anonymous_0)
FN:26,(anonymous_1)
FN:40,(anonymous_2)
FN:62,(anonymous_3)
FNF:4
FNH:0
FNDA:0,(anonymous_0)
FNDA:0,(anonymous_1)
FNDA:0,(anonymous_2)
FNDA:0,(anonymous_3)
DA:18,0
DA:20,0
DA:21,0
DA:22,0
DA:24,0
DA:26,0
DA:27,0
DA:28,0
DA:30,0
DA:31,0
DA:32,0
DA:33,0
DA:35,0
DA:37,0
DA:40,0
DA:41,0
DA:42,0
DA:44,0
DA:45,0
DA:46,0
DA:47,0
DA:48,0
DA:51,0
DA:52,0
DA:53,0
DA:56,0
DA:58,0
DA:62,0
DA:63,0
DA:64,0
DA:70,0
DA:97,0
LF:32
LH:0
BRDA:20,0,0,0
BRDA:20,1,0,0
BRDA:24,2,0,0
BRDA:24,2,1,0
BRDA:27,3,0,0
BRDA:27,3,1,0
BRDA:27,3,2,0
BRDA:27,3,3,0
BRDA:27,3,4,0
BRDA:28,4,0,0
BRDA:28,4,1,0
BRDA:32,5,0,0
BRDA:32,5,1,0
BRDA:33,6,0,0
BRDA:33,6,1,0
BRDA:33,7,0,0
BRDA:33,7,1,0
BRDA:42,8,0,0
BRDA:42,8,1,0
BRDA:42,9,0,0
BRDA:42,9,1,0
BRDA:42,9,2,0
BRDA:46,10,0,0
BRDA:46,10,1,0
BRDA:53,11,0,0
BRDA:53,11,1,0
BRDA:53,11,2,0
BRDA:63,12,0,0
BRDA:63,12,1,0
BRDA:73,13,0,0
BRDA:73,13,1,0
BRDA:79,14,0,0
BRDA:79,14,1,0
BRDA:83,15,0,0
BRDA:83,15,1,0
BRDA:83,16,0,0
BRDA:83,16,1,0
BRDA:85,17,0,0
BRDA:85,17,1,0
BRDA:85,17,2,0
BRF:40
BRH:0
end_of_record
TN:
SF:src\config\index.ts
FNF:0
FNH:0
DA:1,1
LF:1
LH:1
BRF:0
BRH:0
end_of_record
TN:
SF:src\constants\foodConstants.ts
FNF:0
FNH:0
DA:8,0
DA:25,0
DA:43,0
DA:56,0
LF:4
LH:0
BRF:0
BRH:0
end_of_record
TN:
SF:src\constants\forumConstants.ts
FNF:0
FNH:0
DA:8,0
DA:17,0
DA:27,0
LF:3
LH:0
BRF:0
BRH:0
end_of_record
TN:
SF:src\constants\theme.ts
FN:20,(anonymous_0)
FN:320,(anonymous_1)
FN:433,(anonymous_2)
FNF:3
FNH:0
FNDA:0,(anonymous_0)
FNDA:0,(anonymous_1)
FNDA:0,(anonymous_2)
DA:20,3
DA:24,0
DA:27,0
DA:28,0
DA:32,0
DA:39,3
DA:210,3
DA:265,3
DA:320,3
DA:321,0
DA:328,3
DA:340,3
DA:394,3
DA:406,3
DA:433,3
LF:15
LH:10
BRDA:24,0,0,0
BRDA:24,0,1,0
BRDA:27,1,0,0
BRDA:27,1,1,0
BRDA:321,2,0,0
BRDA:321,2,1,0
BRF:6
BRH:0
end_of_record
TN:
SF:src\context\AuthContext.tsx
FN:54,(anonymous_0)
FN:62,(anonymous_1)
FN:69,(anonymous_2)
FN:103,(anonymous_3)
FN:161,(anonymous_4)
FN:212,(anonymous_5)
FN:242,(anonymous_6)
FN:266,(anonymous_7)
FNF:8
FNH:7
FNDA:17,(anonymous_0)
FNDA:8,(anonymous_1)
FNDA:11,(anonymous_2)
FNDA:2,(anonymous_3)
FNDA:0,(anonymous_4)
FNDA:2,(anonymous_5)
FNDA:1,(anonymous_6)
FNDA:16,(anonymous_7)
DA:14,1
DA:49,1
DA:54,1
DA:56,17
DA:57,17
DA:58,17
DA:59,17
DA:62,17
DA:63,8
DA:69,17
DA:70,11
DA:72,11
DA:73,11
DA:75,11
DA:77,2
DA:78,1
DA:79,1
DA:80,1
DA:82,9
DA:83,9
DA:84,9
DA:87,1
DA:89,1
DA:90,1
DA:91,1
DA:92,1
DA:93,1
DA:94,1
DA:96,11
DA:103,17
DA:104,2
DA:105,2
DA:107,2
DA:108,2
DA:110,2
DA:111,1
DA:114,1
DA:120,1
DA:121,1
DA:124,1
DA:127,1
DA:128,1
DA:129,1
DA:131,1
DA:133,1
DA:135,1
DA:136,1
DA:140,0
DA:141,0
DA:146,0
DA:152,1
DA:153,1
DA:155,2
DA:161,17
DA:162,0
DA:163,0
DA:165,0
DA:167,0
DA:170,0
DA:172,0
DA:175,0
DA:176,0
DA:180,0
DA:181,0
DA:185,0
DA:186,0
DA:190,0
DA:191,0
DA:196,0
DA:202,0
DA:203,0
DA:205,0
DA:212,17
DA:213,2
DA:215,2
DA:217,2
DA:219,2
DA:221,2
DA:225,1
DA:228,2
DA:229,2
DA:230,2
DA:233,2
DA:234,2
DA:235,2
DA:242,17
DA:243,1
DA:247,17
DA:260,17
DA:266,1
DA:267,16
DA:269,16
DA:270,0
DA:273,16
LF:94
LH:72
BRDA:75,0,0,2
BRDA:75,0,1,9
BRDA:135,1,0,1
BRDA:135,1,1,0
BRDA:140,2,0,0
BRDA:140,2,1,0
BRDA:175,3,0,0
BRDA:175,3,1,0
BRDA:180,4,0,0
BRDA:180,4,1,0
BRDA:185,5,0,0
BRDA:185,5,1,0
BRDA:185,6,0,0
BRDA:185,6,1,0
BRDA:190,7,0,0
BRDA:190,7,1,0
BRDA:219,8,0,2
BRDA:219,8,1,0
BRDA:269,9,0,0
BRDA:269,9,1,16
BRF:20
BRH:5
end_of_record
TN:
SF:src\context\PostsContext.tsx
FN:33,(anonymous_0)
FN:40,(anonymous_1)
FN:43,(anonymous_2)
FN:50,(anonymous_3)
FN:51,(anonymous_4)
FN:55,(anonymous_5)
FN:56,(anonymous_6)
FN:57,(anonymous_7)
FN:67,(anonymous_8)
FN:79,(anonymous_9)
FN:89,(anonymous_10)
FN:94,(anonymous_11)
FN:113,(anonymous_12)
FN:114,(anonymous_13)
FN:118,(anonymous_14)
FN:147,(anonymous_15)
FN:187,(anonymous_16)
FNF:17
FNH:0
FNDA:0,(anonymous_0)
FNDA:0,(anonymous_1)
FNDA:0,(anonymous_2)
FNDA:0,(anonymous_3)
FNDA:0,(anonymous_4)
FNDA:0,(anonymous_5)
FNDA:0,(anonymous_6)
FNDA:0,(anonymous_7)
FNDA:0,(anonymous_8)
FNDA:0,(anonymous_9)
FNDA:0,(anonymous_10)
FNDA:0,(anonymous_11)
FNDA:0,(anonymous_12)
FNDA:0,(anonymous_13)
FNDA:0,(anonymous_14)
FNDA:0,(anonymous_15)
FNDA:0,(anonymous_16)
DA:15,0
DA:31,0
DA:33,0
DA:34,0
DA:35,0
DA:36,0
DA:37,0
DA:40,0
DA:41,0
DA:42,0
DA:43,0
DA:44,0
DA:50,0
DA:51,0
DA:55,0
DA:56,0
DA:57,0
DA:61,0
DA:62,0
DA:67,0
DA:68,0
DA:69,0
DA:70,0
DA:72,0
DA:74,0
DA:75,0
DA:79,0
DA:82,0
DA:84,0
DA:89,0
DA:90,0
DA:91,0
DA:92,0
DA:94,0
DA:95,0
DA:96,0
DA:97,0
DA:104,0
DA:107,0
DA:108,0
DA:113,0
DA:114,0
DA:118,0
DA:120,0
DA:121,0
DA:122,0
DA:125,0
DA:126,0
DA:128,0
DA:129,0
DA:132,0
DA:133,0
DA:135,0
DA:137,0
DA:138,0
DA:139,0
DA:140,0
DA:142,0
DA:147,0
DA:149,0
DA:150,0
DA:153,0
DA:154,0
DA:156,0
DA:157,0
DA:159,0
DA:160,0
DA:162,0
DA:163,0
DA:164,0
DA:166,0
DA:170,0
DA:184,0
DA:187,0
DA:188,0
DA:189,0
DA:190,0
DA:192,0
LF:78
LH:0
BRDA:41,0,0,0
BRDA:41,0,1,0
BRDA:57,1,0,0
BRDA:57,1,1,0
BRDA:61,2,0,0
BRDA:61,2,1,0
BRDA:70,3,0,0
BRDA:70,3,1,0
BRDA:72,4,0,0
BRDA:72,4,1,0
BRDA:74,5,0,0
BRDA:74,5,1,0
BRDA:92,6,0,0
BRDA:92,6,1,0
BRDA:96,7,0,0
BRDA:96,7,1,0
BRDA:101,8,0,0
BRDA:101,8,1,0
BRDA:120,9,0,0
BRDA:120,9,1,0
BRDA:137,10,0,0
BRDA:137,10,1,0
BRDA:149,11,0,0
BRDA:149,11,1,0
BRDA:162,12,0,0
BRDA:162,12,1,0
BRDA:189,13,0,0
BRDA:189,13,1,0
BRF:28
BRH:0
end_of_record
TN:
SF:src\context\ThemeContext.tsx
FN:56,(anonymous_0)
FN:64,(anonymous_1)
FN:65,(anonymous_2)
FN:85,(anonymous_3)
FN:96,(anonymous_4)
FN:113,(anonymous_5)
FN:142,(anonymous_6)
FNF:7
FNH:0
FNDA:0,(anonymous_0)
FNDA:0,(anonymous_1)
FNDA:0,(anonymous_2)
FNDA:0,(anonymous_3)
FNDA:0,(anonymous_4)
FNDA:0,(anonymous_5)
FNDA:0,(anonymous_6)
DA:13,0
DA:51,0
DA:56,0
DA:58,0
DA:59,0
DA:60,0
DA:61,0
DA:64,0
DA:65,0
DA:66,0
DA:67,0
DA:68,0
DA:71,0
DA:73,0
DA:75,0
DA:79,0
DA:85,0
DA:86,0
DA:88,0
DA:89,0
DA:90,0
DA:96,0
DA:97,0
DA:98,0
DA:101,0
DA:104,0
DA:106,0
DA:113,0
DA:114,0
DA:116,0
DA:119,0
DA:121,0
DA:126,0
DA:136,0
DA:142,0
DA:143,0
DA:145,0
DA:146,0
DA:149,0
LF:39
LH:0
BRDA:68,0,0,0
BRDA:68,0,1,0
BRDA:98,1,0,0
BRDA:98,1,1,0
BRDA:145,2,0,0
BRDA:145,2,1,0
BRF:6
BRH:0
end_of_record
TN:
SF:src\hooks\useFoodFilters.ts
FN:39,(anonymous_0)
FN:49,(anonymous_1)
FN:50,(anonymous_2)
FN:59,(anonymous_3)
FN:60,(anonymous_4)
FN:69,(anonymous_5)
FN:70,(anonymous_6)
FN:79,(anonymous_7)
FN:80,(anonymous_8)
FN:90,(anonymous_9)
FN:91,(anonymous_10)
FN:101,(anonymous_11)
FN:109,(anonymous_12)
FN:116,(anonymous_13)
FN:124,(anonymous_14)
FN:131,(anonymous_15)
FN:133,(anonymous_16)
FN:141,(anonymous_17)
FN:147,(anonymous_18)
FN:154,(anonymous_19)
FN:161,(anonymous_20)
FN:168,(anonymous_21)
FNF:22
FNH:0
FNDA:0,(anonymous_0)
FNDA:0,(anonymous_1)
FNDA:0,(anonymous_2)
FNDA:0,(anonymous_3)
FNDA:0,(anonymous_4)
FNDA:0,(anonymous_5)
FNDA:0,(anonymous_6)
FNDA:0,(anonymous_7)
FNDA:0,(anonymous_8)
FNDA:0,(anonymous_9)
FNDA:0,(anonymous_10)
FNDA:0,(anonymous_11)
FNDA:0,(anonymous_12)
FNDA:0,(anonymous_13)
FNDA:0,(anonymous_14)
FNDA:0,(anonymous_15)
FNDA:0,(anonymous_16)
FNDA:0,(anonymous_17)
FNDA:0,(anonymous_18)
FNDA:0,(anonymous_19)
FNDA:0,(anonymous_20)
FNDA:0,(anonymous_21)
DA:39,0
DA:41,0
DA:44,0
DA:49,0
DA:50,0
DA:59,0
DA:60,0
DA:69,0
DA:70,0
DA:79,0
DA:80,0
DA:90,0
DA:91,0
DA:101,0
DA:102,0
DA:103,0
DA:109,0
DA:111,0
DA:114,0
DA:115,0
DA:116,0
DA:117,0
DA:123,0
DA:124,0
DA:125,0
DA:130,0
DA:131,0
DA:132,0
DA:134,0
DA:140,0
DA:141,0
DA:142,0
DA:146,0
DA:147,0
DA:148,0
DA:153,0
DA:154,0
DA:155,0
DA:160,0
DA:161,0
DA:162,0
DA:168,0
DA:169,0
DA:171,0
DA:174,0
DA:177,0
DA:180,0
DA:183,0
DA:186,0
DA:189,0
DA:192,0
DA:195,0
DA:199,0
DA:202,0
LF:54
LH:0
BRDA:52,0,0,0
BRDA:52,0,1,0
BRDA:72,1,0,0
BRDA:72,1,1,0
BRDA:114,2,0,0
BRDA:114,2,1,0
BRDA:117,3,0,0
BRDA:117,3,1,0
BRDA:123,4,0,0
BRDA:123,4,1,0
BRDA:130,5,0,0
BRDA:130,5,1,0
BRDA:130,6,0,0
BRDA:130,6,1,0
BRDA:132,7,0,0
BRDA:132,7,1,0
BRDA:140,8,0,0
BRDA:140,8,1,0
BRDA:142,9,0,0
BRDA:142,9,1,0
BRDA:146,10,0,0
BRDA:146,10,1,0
BRDA:148,11,0,0
BRDA:148,11,1,0
BRDA:153,12,0,0
BRDA:153,12,1,0
BRDA:155,13,0,0
BRDA:155,13,1,0
BRDA:160,14,0,0
BRDA:160,14,1,0
BRDA:162,15,0,0
BRDA:162,15,1,0
BRDA:169,16,0,0
BRDA:169,16,1,0
BRDA:169,16,2,0
BRDA:169,16,3,0
BRDA:169,16,4,0
BRDA:169,16,5,0
BRDA:169,16,6,0
BRDA:177,17,0,0
BRDA:177,17,1,0
BRDA:177,18,0,0
BRDA:177,18,1,0
BRDA:180,19,0,0
BRDA:180,19,1,0
BRDA:180,20,0,0
BRDA:180,20,1,0
BRDA:183,21,0,0
BRDA:183,21,1,0
BRDA:183,22,0,0
BRDA:183,22,1,0
BRDA:186,23,0,0
BRDA:186,23,1,0
BRDA:186,24,0,0
BRDA:186,24,1,0
BRDA:189,25,0,0
BRDA:189,25,1,0
BRDA:189,26,0,0
BRDA:189,26,1,0
BRF:59
BRH:0
end_of_record
TN:
SF:src\hooks\useForm.ts
FN:112,useForm
FN:129,(anonymous_1)
FN:146,(anonymous_2)
FN:151,(anonymous_3)
FN:168,(anonymous_4)
FN:176,(anonymous_5)
FN:176,(anonymous_6)
FN:177,(anonymous_7)
FN:183,(anonymous_8)
FN:192,(anonymous_9)
FN:202,(anonymous_10)
FN:202,(anonymous_11)
FN:204,(anonymous_12)
FN:213,(anonymous_13)
FN:223,(anonymous_14)
FN:226,(anonymous_15)
FN:249,(anonymous_16)
FN:259,(anonymous_17)
FN:260,(anonymous_18)
FN:269,(anonymous_19)
FN:279,(anonymous_20)
FN:280,(anonymous_21)
FN:290,(anonymous_22)
FNF:23
FNH:16
FNDA:31,useForm
FNDA:16,(anonymous_1)
FNDA:5,(anonymous_2)
FNDA:12,(anonymous_3)
FNDA:18,(anonymous_4)
FNDA:9,(anonymous_5)
FNDA:9,(anonymous_6)
FNDA:9,(anonymous_7)
FNDA:9,(anonymous_8)
FNDA:2,(anonymous_9)
FNDA:2,(anonymous_10)
FNDA:2,(anonymous_11)
FNDA:2,(anonymous_12)
FNDA:2,(anonymous_13)
FNDA:5,(anonymous_14)
FNDA:12,(anonymous_15)
FNDA:0,(anonymous_16)
FNDA:0,(anonymous_17)
FNDA:0,(anonymous_18)
FNDA:0,(anonymous_19)
FNDA:0,(anonymous_20)
FNDA:0,(anonymous_21)
FNDA:0,(anonymous_22)
DA:120,31
DA:121,31
DA:122,31
DA:123,31
DA:124,31
DA:129,31
DA:130,16
DA:132,16
DA:134,16
DA:135,26
DA:136,6
DA:140,10
DA:146,31
DA:147,5
DA:148,5
DA:151,5
DA:152,12
DA:153,12
DA:155,12
DA:156,3
DA:157,3
DA:161,5
DA:162,5
DA:168,31
DA:169,18
DA:170,18
DA:176,31
DA:177,9
DA:183,9
DA:189,9
DA:190,2
DA:192,2
DA:202,31
DA:204,2
DA:210,2
DA:211,2
DA:213,2
DA:223,31
DA:225,5
DA:226,5
DA:227,12
DA:229,5
DA:232,5
DA:234,5
DA:235,3
DA:236,3
DA:237,3
DA:239,1
DA:241,3
DA:249,31
DA:250,0
DA:251,0
DA:252,0
DA:253,0
DA:259,31
DA:260,0
DA:266,0
DA:267,0
DA:269,0
DA:279,31
DA:280,0
DA:286,0
DA:287,0
DA:288,0
DA:290,0
DA:291,0
DA:293,0
DA:294,0
DA:295,0
DA:296,0
DA:300,0
DA:301,0
DA:306,31
LF:73
LH:53
BRDA:114,0,0,0
BRDA:116,1,0,26
BRDA:117,2,0,28
BRDA:132,3,0,0
BRDA:132,3,1,16
BRDA:135,4,0,6
BRDA:135,4,1,20
BRDA:155,5,0,3
BRDA:155,5,1,9
BRDA:189,6,0,2
BRDA:189,6,1,7
BRDA:210,7,0,2
BRDA:210,7,1,0
BRDA:234,8,0,3
BRDA:234,8,1,2
BRDA:266,9,0,0
BRDA:266,9,1,0
BRDA:266,10,0,0
BRDA:266,10,1,0
BRDA:286,11,0,0
BRDA:286,11,1,0
BRDA:293,12,0,0
BRDA:293,12,1,0
BRDA:300,13,0,0
BRDA:300,13,1,0
BRF:25
BRH:12
end_of_record
TN:
SF:src\navigation\AppNavigator.tsx
FN:27,(anonymous_0)
FNF:1
FNH:0
FNDA:0,(anonymous_0)
DA:19,0
DA:27,0
DA:29,0
DA:30,0
DA:34,0
DA:36,0
DA:37,0
DA:45,0
DA:72,0
LF:9
LH:0
BRDA:34,0,0,0
BRDA:34,0,1,0
BRDA:36,1,0,0
BRDA:36,1,1,0
BRDA:47,2,0,0
BRDA:47,2,1,0
BRDA:54,3,0,0
BRDA:54,3,1,0
BRF:8
BRH:0
end_of_record
TN:
SF:src\navigation\MainTabNavigator.tsx
FN:28,(anonymous_0)
FN:34,(anonymous_1)
FN:78,(anonymous_2)
FN:90,(anonymous_3)
FN:101,(anonymous_4)
FN:108,(anonymous_5)
FN:125,(anonymous_6)
FNF:7
FNH:0
FNDA:0,(anonymous_0)
FNDA:0,(anonymous_1)
FNDA:0,(anonymous_2)
FNDA:0,(anonymous_3)
FNDA:0,(anonymous_4)
FNDA:0,(anonymous_5)
FNDA:0,(anonymous_6)
DA:24,0
DA:25,0
DA:28,0
DA:29,0
DA:30,0
DA:31,0
DA:34,0
DA:35,0
DA:36,0
DA:37,0
DA:39,0
DA:42,0
DA:78,0
DA:90,0
DA:91,0
DA:101,0
DA:102,0
DA:104,0
DA:108,0
DA:127,0
DA:128,0
DA:129,0
DA:130,0
DA:131,0
DA:132,0
DA:133,0
DA:134,0
DA:136,0
DA:138,0
DA:152,0
LF:30
LH:0
BRDA:35,0,0,0
BRDA:35,0,1,0
BRDA:36,1,0,0
BRDA:36,1,1,0
BRDA:36,2,0,0
BRDA:36,2,1,0
BRDA:70,3,0,0
BRDA:70,3,1,0
BRDA:127,4,0,0
BRDA:127,4,1,0
BRDA:128,5,0,0
BRDA:128,5,1,0
BRDA:129,6,0,0
BRDA:129,6,1,0
BRDA:130,7,0,0
BRDA:130,7,1,0
BRDA:131,8,0,0
BRDA:131,8,1,0
BRDA:132,9,0,0
BRDA:132,9,1,0
BRDA:133,10,0,0
BRDA:133,10,1,0
BRDA:134,11,0,0
BRDA:134,11,1,0
BRDA:138,12,0,0
BRDA:138,12,1,0
BRF:26
BRH:0
end_of_record
TN:
SF:src\navigation\types.ts
FNF:0
FNH:0
LF:0
LH:0
BRF:0
BRH:0
end_of_record
TN:
SF:src\screens\HomeScreen.tsx
FN:26,(anonymous_0)
FN:32,(anonymous_1)
FN:40,(anonymous_2)
FN:44,(anonymous_3)
FN:48,(anonymous_4)
FNF:5
FNH:4
FNDA:5,(anonymous_0)
FNDA:4,(anonymous_1)
FNDA:1,(anonymous_2)
FNDA:1,(anonymous_3)
FNDA:0,(anonymous_4)
DA:26,1
DA:27,5
DA:28,5
DA:29,5
DA:32,5
DA:33,4
DA:34,4
DA:35,4
DA:37,0
DA:40,5
DA:41,1
DA:44,5
DA:45,1
DA:48,5
DA:49,0
DA:51,0
DA:54,5
DA:113,1
LF:18
LH:15
BRDA:33,0,0,0
BRDA:33,0,1,4
BRDA:34,1,0,4
BRDA:34,1,1,0
BRDA:34,2,0,4
BRDA:34,2,1,0
BRDA:35,3,0,4
BRDA:35,3,1,0
BRDA:35,4,0,4
BRDA:35,4,1,0
BRDA:49,5,0,0
BRDA:49,5,1,0
BRDA:59,6,0,4
BRDA:59,6,1,1
BRDA:78,7,0,5
BRDA:78,7,1,4
BRF:16
BRH:9
end_of_record
TN:
SF:src\screens\auth\ChangePasswordScreen.tsx
FN:45,(anonymous_0)
FN:56,(anonymous_1)
FN:62,(anonymous_2)
FN:66,(anonymous_3)
FN:72,(anonymous_4)
FN:76,(anonymous_5)
FN:100,(anonymous_6)
FN:116,(anonymous_7)
FN:121,(anonymous_8)
FN:128,(anonymous_9)
FN:158,(anonymous_10)
FN:186,(anonymous_11)
FNF:12
FNH:0
FNDA:0,(anonymous_0)
FNDA:0,(anonymous_1)
FNDA:0,(anonymous_2)
FNDA:0,(anonymous_3)
FNDA:0,(anonymous_4)
FNDA:0,(anonymous_5)
FNDA:0,(anonymous_6)
FNDA:0,(anonymous_7)
FNDA:0,(anonymous_8)
FNDA:0,(anonymous_9)
FNDA:0,(anonymous_10)
FNDA:0,(anonymous_11)
DA:45,0
DA:46,0
DA:47,0
DA:48,0
DA:49,0
DA:50,0
DA:53,0
DA:56,0
DA:62,0
DA:66,0
DA:72,0
DA:77,0
DA:93,0
DA:101,0
DA:102,0
DA:103,0
DA:107,0
DA:109,0
DA:110,0
DA:116,0
DA:117,0
DA:121,0
DA:122,0
DA:123,0
DA:124,0
DA:128,0
DA:129,0
DA:130,0
DA:135,0
DA:136,0
DA:158,0
DA:176,0
DA:186,0
DA:286,0
LF:34
LH:0
BRDA:109,0,0,0
BRDA:109,0,1,0
BRDA:117,1,0,0
BRDA:117,1,1,0
BRDA:129,2,0,0
BRDA:129,2,1,0
BRDA:135,3,0,0
BRDA:135,3,1,0
BRDA:179,4,0,0
BRDA:179,4,1,0
BRDA:206,5,0,0
BRDA:206,5,1,0
BRF:12
BRH:0
end_of_record
TN:
SF:src\screens\auth\LoginScreen.tsx
FN:42,(anonymous_0)
FN:48,(anonymous_1)
FN:49,(anonymous_2)
FN:58,(anonymous_3)
FN:62,(anonymous_4)
FN:68,(anonymous_5)
FN:86,(anonymous_6)
FN:98,(anonymous_7)
FN:104,(anonymous_8)
FN:109,(anonymous_9)
FNF:10
FNH:0
FNDA:0,(anonymous_0)
FNDA:0,(anonymous_1)
FNDA:0,(anonymous_2)
FNDA:0,(anonymous_3)
FNDA:0,(anonymous_4)
FNDA:0,(anonymous_5)
FNDA:0,(anonymous_6)
FNDA:0,(anonymous_7)
FNDA:0,(anonymous_8)
FNDA:0,(anonymous_9)
DA:42,0
DA:43,0
DA:44,0
DA:45,0
DA:48,0
DA:49,0
DA:50,0
DA:55,0
DA:58,0
DA:62,0
DA:68,0
DA:83,0
DA:87,0
DA:88,0
DA:92,0
DA:98,0
DA:99,0
DA:100,0
DA:104,0
DA:105,0
DA:109,0
DA:110,0
DA:113,0
DA:221,0
LF:24
LH:0
BRDA:99,0,0,0
BRDA:99,0,1,0
BRDA:105,1,0,0
BRDA:105,1,1,0
BRDA:114,2,0,0
BRDA:114,2,1,0
BRDA:116,3,0,0
BRDA:116,3,1,0
BRDA:139,4,0,0
BRDA:139,4,1,0
BRDA:144,5,0,0
BRDA:144,5,1,0
BRDA:191,6,0,0
BRDA:191,6,1,0
BRF:14
BRH:0
end_of_record
TN:
SF:src\screens\auth\RegisterScreen.tsx
FN:48,(anonymous_0)
FN:58,(anonymous_1)
FN:59,(anonymous_2)
FN:68,(anonymous_3)
FN:72,(anonymous_4)
FN:78,(anonymous_5)
FN:82,(anonymous_6)
FN:88,(anonymous_7)
FN:92,(anonymous_8)
FN:96,(anonymous_9)
FN:102,(anonymous_10)
FN:106,(anonymous_11)
FN:112,(anonymous_12)
FN:116,(anonymous_13)
FN:122,(anonymous_14)
FN:126,(anonymous_15)
FN:152,(anonymous_16)
FN:167,(anonymous_17)
FN:187,(anonymous_18)
FN:190,(anonymous_19)
FN:196,(anonymous_20)
FN:201,(anonymous_21)
FN:206,(anonymous_22)
FN:211,(anonymous_23)
FN:216,(anonymous_24)
FNF:25
FNH:0
FNDA:0,(anonymous_0)
FNDA:0,(anonymous_1)
FNDA:0,(anonymous_2)
FNDA:0,(anonymous_3)
FNDA:0,(anonymous_4)
FNDA:0,(anonymous_5)
FNDA:0,(anonymous_6)
FNDA:0,(anonymous_7)
FNDA:0,(anonymous_8)
FNDA:0,(anonymous_9)
FNDA:0,(anonymous_10)
FNDA:0,(anonymous_11)
FNDA:0,(anonymous_12)
FNDA:0,(anonymous_13)
FNDA:0,(anonymous_14)
FNDA:0,(anonymous_15)
FNDA:0,(anonymous_16)
FNDA:0,(anonymous_17)
FNDA:0,(anonymous_18)
FNDA:0,(anonymous_19)
FNDA:0,(anonymous_20)
FNDA:0,(anonymous_21)
FNDA:0,(anonymous_22)
FNDA:0,(anonymous_23)
FNDA:0,(anonymous_24)
DA:48,0
DA:49,0
DA:50,0
DA:51,0
DA:52,0
DA:53,0
DA:54,0
DA:55,0
DA:58,0
DA:59,0
DA:60,0
DA:65,0
DA:68,0
DA:72,0
DA:78,0
DA:82,0
DA:88,0
DA:92,0
DA:96,0
DA:102,0
DA:106,0
DA:112,0
DA:116,0
DA:122,0
DA:127,0
DA:142,0
DA:153,0
DA:154,0
DA:163,0
DA:164,0
DA:167,0
DA:168,0
DA:172,0
DA:178,0
DA:187,0
DA:190,0
DA:191,0
DA:192,0
DA:196,0
DA:197,0
DA:201,0
DA:202,0
DA:206,0
DA:207,0
DA:211,0
DA:212,0
DA:216,0
DA:217,0
DA:225,0
DA:226,0
DA:247,0
DA:459,0
LF:52
LH:0
BRDA:164,0,0,0
BRDA:164,0,1,0
BRDA:183,1,0,0
BRDA:183,1,1,0
BRDA:191,2,0,0
BRDA:191,2,1,0
BRDA:197,3,0,0
BRDA:197,3,1,0
BRDA:217,4,0,0
BRDA:217,4,1,0
BRDA:225,5,0,0
BRDA:225,5,1,0
BRDA:227,6,0,0
BRDA:227,6,1,0
BRDA:248,7,0,0
BRDA:248,7,1,0
BRDA:250,8,0,0
BRDA:250,8,1,0
BRDA:273,9,0,0
BRDA:273,9,1,0
BRDA:278,10,0,0
BRDA:278,10,1,0
BRDA:366,11,0,0
BRDA:366,11,1,0
BRDA:417,12,0,0
BRDA:417,12,1,0
BRDA:422,13,0,0
BRDA:422,13,1,0
BRDA:424,14,0,0
BRDA:424,14,1,0
BRF:30
BRH:0
end_of_record
TN:
SF:src\screens\food\FoodScreen.tsx
FN:41,(anonymous_0)
FN:44,(anonymous_1)
FN:46,(anonymous_2)
FN:49,(anonymous_3)
FN:66,(anonymous_4)
FN:91,(anonymous_5)
FN:125,(anonymous_6)
FN:140,(anonymous_7)
FN:145,(anonymous_8)
FN:183,(anonymous_9)
FN:190,(anonymous_10)
FN:192,(anonymous_11)
FN:195,(anonymous_12)
FN:203,(anonymous_13)
FN:223,(anonymous_14)
FN:237,(anonymous_15)
FN:246,(anonymous_16)
FN:248,(anonymous_17)
FN:259,(anonymous_18)
FN:270,(anonymous_19)
FN:286,(anonymous_20)
FN:287,(anonymous_21)
FN:291,(anonymous_22)
FN:297,(anonymous_23)
FN:303,(anonymous_24)
FN:310,(anonymous_25)
FN:317,(anonymous_26)
FN:354,(anonymous_27)
FN:356,(anonymous_28)
FN:360,(anonymous_29)
FN:371,(anonymous_30)
FN:384,(anonymous_31)
FN:395,(anonymous_32)
FN:408,(anonymous_33)
FN:430,(anonymous_34)
FN:441,(anonymous_35)
FN:453,(anonymous_36)
FN:465,(anonymous_37)
FN:482,(anonymous_38)
FN:503,(anonymous_39)
FN:517,(anonymous_40)
FN:521,(anonymous_41)
FN:538,(anonymous_42)
FN:555,(anonymous_43)
FN:580,(anonymous_44)
FN:591,(anonymous_45)
FN:626,(anonymous_46)
FN:633,(anonymous_47)
FN:661,(anonymous_48)
FN:691,(anonymous_49)
FN:711,(anonymous_50)
FN:719,(anonymous_51)
FNF:52
FNH:0
FNDA:0,(anonymous_0)
FNDA:0,(anonymous_1)
FNDA:0,(anonymous_2)
FNDA:0,(anonymous_3)
FNDA:0,(anonymous_4)
FNDA:0,(anonymous_5)
FNDA:0,(anonymous_6)
FNDA:0,(anonymous_7)
FNDA:0,(anonymous_8)
FNDA:0,(anonymous_9)
FNDA:0,(anonymous_10)
FNDA:0,(anonymous_11)
FNDA:0,(anonymous_12)
FNDA:0,(anonymous_13)
FNDA:0,(anonymous_14)
FNDA:0,(anonymous_15)
FNDA:0,(anonymous_16)
FNDA:0,(anonymous_17)
FNDA:0,(anonymous_18)
FNDA:0,(anonymous_19)
FNDA:0,(anonymous_20)
FNDA:0,(anonymous_21)
FNDA:0,(anonymous_22)
FNDA:0,(anonymous_23)
FNDA:0,(anonymous_24)
FNDA:0,(anonymous_25)
FNDA:0,(anonymous_26)
FNDA:0,(anonymous_27)
FNDA:0,(anonymous_28)
FNDA:0,(anonymous_29)
FNDA:0,(anonymous_30)
FNDA:0,(anonymous_31)
FNDA:0,(anonymous_32)
FNDA:0,(anonymous_33)
FNDA:0,(anonymous_34)
FNDA:0,(anonymous_35)
FNDA:0,(anonymous_36)
FNDA:0,(anonymous_37)
FNDA:0,(anonymous_38)
FNDA:0,(anonymous_39)
FNDA:0,(anonymous_40)
FNDA:0,(anonymous_41)
FNDA:0,(anonymous_42)
FNDA:0,(anonymous_43)
FNDA:0,(anonymous_44)
FNDA:0,(anonymous_45)
FNDA:0,(anonymous_46)
FNDA:0,(anonymous_47)
FNDA:0,(anonymous_48)
FNDA:0,(anonymous_49)
FNDA:0,(anonymous_50)
FNDA:0,(anonymous_51)
DA:41,0
DA:42,0
DA:44,0
DA:45,0
DA:46,0
DA:47,0
DA:49,0
DA:53,0
DA:55,0
DA:66,0
DA:67,0
DA:70,0
DA:73,0
DA:76,0
DA:79,0
DA:88,0
DA:91,0
DA:92,0
DA:96,0
DA:97,0
DA:98,0
DA:101,0
DA:102,0
DA:103,0
DA:104,0
DA:107,0
DA:108,0
DA:122,0
DA:125,0
DA:127,0
DA:128,0
DA:129,0
DA:132,0
DA:133,0
DA:135,0
DA:136,0
DA:137,0
DA:138,0
DA:140,0
DA:142,0
DA:143,0
DA:145,0
DA:146,0
DA:150,0
DA:154,0
DA:155,0
DA:157,0
DA:159,0
DA:166,0
DA:167,0
DA:168,0
DA:169,0
DA:172,0
DA:173,0
DA:174,0
DA:175,0
DA:178,0
DA:179,0
DA:182,0
DA:183,0
DA:185,0
DA:188,0
DA:190,0
DA:192,0
DA:195,0
DA:196,0
DA:199,0
DA:200,0
DA:203,0
DA:212,0
DA:215,0
DA:219,0
DA:222,0
DA:223,0
DA:232,0
DA:235,0
DA:236,0
DA:237,0
DA:239,0
DA:240,0
DA:246,0
DA:248,0
DA:249,0
DA:250,0
DA:253,0
DA:259,0
DA:261,0
DA:262,0
DA:263,0
DA:270,0
DA:271,0
DA:272,0
DA:278,0
DA:281,0
DA:282,0
DA:286,0
DA:287,0
DA:291,0
DA:292,0
DA:293,0
DA:297,0
DA:298,0
DA:299,0
DA:303,0
DA:304,0
DA:305,0
DA:306,0
DA:307,0
DA:310,0
DA:311,0
DA:313,0
DA:317,0
DA:318,0
DA:319,0
DA:321,0
DA:323,0
DA:338,0
DA:340,0
DA:341,0
DA:343,0
DA:344,0
DA:347,0
DA:349,0
DA:354,0
DA:355,0
DA:356,0
DA:360,0
DA:362,0
DA:363,0
DA:364,0
DA:367,0
DA:368,0
DA:371,0
DA:377,0
DA:380,0
DA:383,0
DA:385,0
DA:390,0
DA:395,0
DA:396,0
DA:408,0
DA:409,0
DA:430,0
DA:433,0
DA:435,0
DA:441,0
DA:453,0
DA:465,0
DA:482,0
DA:503,0
DA:518,0
DA:521,0
DA:538,0
DA:555,0
DA:581,0
DA:591,0
DA:626,0
DA:634,0
DA:638,0
DA:663,0
DA:665,0
DA:667,0
DA:669,0
DA:671,0
DA:672,0
DA:674,0
DA:691,0
DA:711,0
DA:719,0
DA:726,0
LF:170
LH:0
BRDA:45,0,0,0
BRDA:45,0,1,0
BRDA:53,1,0,0
BRDA:53,1,1,0
BRDA:125,2,0,0
BRDA:127,3,0,0
BRDA:127,3,1,0
BRDA:135,4,0,0
BRDA:135,4,1,0
BRDA:136,5,0,0
BRDA:136,5,1,0
BRDA:136,6,0,0
BRDA:136,6,1,0
BRDA:150,7,0,0
BRDA:150,7,1,0
BRDA:154,8,0,0
BRDA:154,8,1,0
BRDA:166,9,0,0
BRDA:166,9,1,0
BRDA:172,10,0,0
BRDA:172,10,1,0
BRDA:172,11,0,0
BRDA:172,11,1,0
BRDA:182,12,0,0
BRDA:182,12,1,0
BRDA:188,13,0,0
BRDA:188,13,1,0
BRDA:236,14,0,0
BRDA:236,14,1,0
BRDA:261,15,0,0
BRDA:261,15,1,0
BRDA:271,16,0,0
BRDA:271,16,1,0
BRDA:271,17,0,0
BRDA:271,17,1,0
BRDA:271,17,2,0
BRDA:271,17,3,0
BRDA:287,18,0,0
BRDA:287,18,1,0
BRDA:305,19,0,0
BRDA:305,19,1,0
BRDA:326,20,0,0
BRDA:326,20,1,0
BRDA:327,21,0,0
BRDA:327,21,1,0
BRDA:328,22,0,0
BRDA:328,22,1,0
BRDA:329,23,0,0
BRDA:329,23,1,0
BRDA:330,24,0,0
BRDA:330,24,1,0
BRDA:331,25,0,0
BRDA:331,25,1,0
BRDA:332,26,0,0
BRDA:332,26,1,0
BRDA:340,27,0,0
BRDA:340,27,1,0
BRDA:347,28,0,0
BRDA:347,28,1,0
BRDA:355,29,0,0
BRDA:355,29,1,0
BRDA:362,30,0,0
BRDA:362,30,1,0
BRDA:390,31,0,0
BRDA:390,31,1,0
BRDA:390,31,2,0
BRDA:390,31,3,0
BRDA:390,31,4,0
BRDA:390,31,5,0
BRDA:390,31,6,0
BRDA:390,32,0,0
BRDA:390,32,1,0
BRDA:403,33,0,0
BRDA:403,33,1,0
BRDA:411,34,0,0
BRDA:411,34,1,0
BRDA:416,35,0,0
BRDA:416,35,1,0
BRDA:418,36,0,0
BRDA:418,36,1,0
BRDA:422,37,0,0
BRDA:422,37,1,0
BRDA:474,38,0,0
BRDA:474,38,1,0
BRDA:485,39,0,0
BRDA:485,39,1,0
BRDA:492,40,0,0
BRDA:492,40,1,0
BRDA:500,41,0,0
BRDA:500,41,1,0
BRDA:535,42,0,0
BRDA:535,42,1,0
BRDA:535,42,2,0
BRDA:541,43,0,0
BRDA:541,43,1,0
BRDA:541,44,0,0
BRDA:541,44,1,0
BRDA:552,45,0,0
BRDA:552,45,1,0
BRDA:552,45,2,0
BRDA:558,46,0,0
BRDA:558,46,1,0
BRDA:558,47,0,0
BRDA:558,47,1,0
BRDA:586,48,0,0
BRDA:586,48,1,0
BRDA:598,49,0,0
BRDA:598,49,1,0
BRDA:601,50,0,0
BRDA:601,50,1,0
BRDA:614,51,0,0
BRDA:614,51,1,0
BRDA:619,52,0,0
BRDA:619,52,1,0
BRDA:636,53,0,0
BRDA:636,53,1,0
BRDA:649,54,0,0
BRDA:649,54,1,0
BRDA:652,55,0,0
BRDA:652,55,1,0
BRDA:663,56,0,0
BRDA:663,56,1,0
BRDA:667,57,0,0
BRDA:667,57,1,0
BRDA:667,58,0,0
BRDA:667,58,1,0
BRDA:667,58,2,0
BRDA:669,59,0,0
BRDA:669,59,1,0
BRDA:669,60,0,0
BRDA:669,60,1,0
BRDA:685,61,0,0
BRDA:685,61,1,0
BRDA:690,62,0,0
BRDA:690,62,1,0
BRDA:691,63,0,0
BRDA:691,63,1,0
BRDA:694,64,0,0
BRDA:694,64,1,0
BRF:139
BRH:0
end_of_record
TN:
SF:src\screens\forum\CreatePostScreen.tsx
FN:43,(anonymous_0)
FN:80,(anonymous_1)
FN:81,(anonymous_2)
FN:108,(anonymous_3)
FN:118,(anonymous_4)
FN:128,(anonymous_5)
FN:138,(anonymous_6)
FN:148,(anonymous_7)
FN:156,(anonymous_8)
FN:164,(anonymous_9)
FN:172,(anonymous_10)
FN:180,(anonymous_11)
FN:186,(anonymous_12)
FN:192,(anonymous_13)
FN:198,(anonymous_14)
FN:204,(anonymous_15)
FN:211,(anonymous_16)
FN:215,(anonymous_17)
FN:222,(anonymous_18)
FN:239,(anonymous_19)
FN:264,(anonymous_20)
FN:332,(anonymous_21)
FN:355,(anonymous_22)
FN:372,(anonymous_23)
FN:420,(anonymous_24)
FN:435,(anonymous_25)
FN:456,(anonymous_26)
FN:457,(anonymous_27)
FN:465,(anonymous_28)
FN:471,(anonymous_29)
FN:481,(anonymous_30)
FN:504,(anonymous_31)
FN:537,(anonymous_32)
FN:562,(anonymous_33)
FN:587,(anonymous_34)
FN:697,(anonymous_35)
FN:703,(anonymous_36)
FN:752,(anonymous_37)
FNF:38
FNH:0
FNDA:0,(anonymous_0)
FNDA:0,(anonymous_1)
FNDA:0,(anonymous_2)
FNDA:0,(anonymous_3)
FNDA:0,(anonymous_4)
FNDA:0,(anonymous_5)
FNDA:0,(anonymous_6)
FNDA:0,(anonymous_7)
FNDA:0,(anonymous_8)
FNDA:0,(anonymous_9)
FNDA:0,(anonymous_10)
FNDA:0,(anonymous_11)
FNDA:0,(anonymous_12)
FNDA:0,(anonymous_13)
FNDA:0,(anonymous_14)
FNDA:0,(anonymous_15)
FNDA:0,(anonymous_16)
FNDA:0,(anonymous_17)
FNDA:0,(anonymous_18)
FNDA:0,(anonymous_19)
FNDA:0,(anonymous_20)
FNDA:0,(anonymous_21)
FNDA:0,(anonymous_22)
FNDA:0,(anonymous_23)
FNDA:0,(anonymous_24)
FNDA:0,(anonymous_25)
FNDA:0,(anonymous_26)
FNDA:0,(anonymous_27)
FNDA:0,(anonymous_28)
FNDA:0,(anonymous_29)
FNDA:0,(anonymous_30)
FNDA:0,(anonymous_31)
FNDA:0,(anonymous_32)
FNDA:0,(anonymous_33)
FNDA:0,(anonymous_34)
FNDA:0,(anonymous_35)
FNDA:0,(anonymous_36)
FNDA:0,(anonymous_37)
DA:43,0
DA:44,0
DA:45,0
DA:48,0
DA:51,0
DA:52,0
DA:53,0
DA:54,0
DA:55,0
DA:56,0
DA:57,0
DA:60,0
DA:61,0
DA:62,0
DA:63,0
DA:64,0
DA:65,0
DA:66,0
DA:69,0
DA:70,0
DA:71,0
DA:72,0
DA:75,0
DA:76,0
DA:77,0
DA:80,0
DA:81,0
DA:82,0
DA:83,0
DA:84,0
DA:85,0
DA:87,0
DA:88,0
DA:89,0
DA:91,0
DA:92,0
DA:93,0
DA:96,0
DA:97,0
DA:98,0
DA:100,0
DA:104,0
DA:108,0
DA:109,0
DA:110,0
DA:111,0
DA:112,0
DA:114,0
DA:118,0
DA:119,0
DA:120,0
DA:121,0
DA:122,0
DA:124,0
DA:128,0
DA:129,0
DA:130,0
DA:131,0
DA:132,0
DA:134,0
DA:138,0
DA:139,0
DA:140,0
DA:141,0
DA:142,0
DA:144,0
DA:148,0
DA:149,0
DA:150,0
DA:151,0
DA:156,0
DA:157,0
DA:158,0
DA:159,0
DA:164,0
DA:165,0
DA:166,0
DA:167,0
DA:172,0
DA:173,0
DA:174,0
DA:175,0
DA:180,0
DA:181,0
DA:182,0
DA:186,0
DA:187,0
DA:188,0
DA:192,0
DA:193,0
DA:194,0
DA:198,0
DA:199,0
DA:200,0
DA:204,0
DA:205,0
DA:206,0
DA:207,0
DA:211,0
DA:214,0
DA:215,0
DA:218,0
DA:222,0
DA:224,0
DA:225,0
DA:228,0
DA:229,0
DA:232,0
DA:233,0
DA:235,0
DA:239,0
DA:241,0
DA:242,0
DA:245,0
DA:246,0
DA:249,0
DA:250,0
DA:253,0
DA:254,0
DA:255,0
DA:257,0
DA:260,0
DA:264,0
DA:266,0
DA:267,0
DA:271,0
DA:273,0
DA:274,0
DA:279,0
DA:283,0
DA:285,0
DA:286,0
DA:293,0
DA:296,0
DA:297,0
DA:298,0
DA:299,0
DA:300,0
DA:301,0
DA:304,0
DA:322,0
DA:324,0
DA:325,0
DA:327,0
DA:332,0
DA:334,0
DA:335,0
DA:339,0
DA:341,0
DA:342,0
DA:347,0
DA:351,0
DA:353,0
DA:355,0
DA:357,0
DA:364,0
DA:367,0
DA:369,0
DA:372,0
DA:378,0
DA:383,0
DA:384,0
DA:385,0
DA:386,0
DA:387,0
DA:388,0
DA:389,0
DA:392,0
DA:410,0
DA:412,0
DA:413,0
DA:415,0
DA:420,0
DA:422,0
DA:423,0
DA:424,0
DA:428,0
DA:429,0
DA:430,0
DA:431,0
DA:435,0
DA:436,0
DA:437,0
DA:441,0
DA:448,0
DA:451,0
DA:452,0
DA:456,0
DA:457,0
DA:459,0
DA:460,0
DA:465,0
DA:466,0
DA:471,0
DA:472,0
DA:477,0
DA:478,0
DA:481,0
DA:495,0
DA:504,0
DA:537,0
DA:562,0
DA:587,0
DA:698,0
DA:703,0
DA:752,0
DA:765,0
LF:207
LH:0
BRDA:87,0,0,0
BRDA:87,0,1,0
BRDA:87,1,0,0
BRDA:87,1,1,0
BRDA:109,2,0,0
BRDA:109,2,1,0
BRDA:111,3,0,0
BRDA:111,3,1,0
BRDA:119,4,0,0
BRDA:119,4,1,0
BRDA:121,5,0,0
BRDA:121,5,1,0
BRDA:129,6,0,0
BRDA:129,6,1,0
BRDA:131,7,0,0
BRDA:131,7,1,0
BRDA:139,8,0,0
BRDA:139,8,1,0
BRDA:141,9,0,0
BRDA:141,9,1,0
BRDA:150,10,0,0
BRDA:150,10,1,0
BRDA:158,11,0,0
BRDA:158,11,1,0
BRDA:166,12,0,0
BRDA:166,12,1,0
BRDA:174,13,0,0
BRDA:174,13,1,0
BRDA:205,14,0,0
BRDA:205,14,1,0
BRDA:205,15,0,0
BRDA:205,15,1,0
BRDA:205,15,2,0
BRDA:211,16,0,0
BRDA:211,16,1,0
BRDA:211,16,2,0
BRDA:214,17,0,0
BRDA:214,17,1,0
BRDA:215,18,0,0
BRDA:215,18,1,0
BRDA:215,18,2,0
BRDA:218,19,0,0
BRDA:218,19,1,0
BRDA:235,20,0,0
BRDA:235,20,1,0
BRDA:253,21,0,0
BRDA:253,21,1,0
BRDA:260,22,0,0
BRDA:260,22,1,0
BRDA:260,22,2,0
BRDA:266,23,0,0
BRDA:266,23,1,0
BRDA:273,24,0,0
BRDA:273,24,1,0
BRDA:314,25,0,0
BRDA:314,25,1,0
BRDA:334,26,0,0
BRDA:334,26,1,0
BRDA:341,27,0,0
BRDA:341,27,1,0
BRDA:402,28,0,0
BRDA:402,28,1,0
BRDA:422,29,0,0
BRDA:422,29,1,0
BRDA:429,30,0,0
BRDA:429,30,1,0
BRDA:429,31,0,0
BRDA:429,31,1,0
BRDA:435,32,0,0
BRDA:435,32,1,0
BRDA:459,33,0,0
BRDA:459,33,1,0
BRDA:466,34,0,0
BRDA:466,34,1,0
BRDA:466,34,2,0
BRDA:466,34,3,0
BRDA:472,35,0,0
BRDA:472,35,1,0
BRDA:472,35,2,0
BRDA:472,35,3,0
BRDA:472,35,4,0
BRDA:477,36,0,0
BRDA:477,36,1,0
BRDA:498,37,0,0
BRDA:498,37,1,0
BRDA:500,38,0,0
BRDA:500,38,1,0
BRDA:517,39,0,0
BRDA:517,39,1,0
BRDA:533,40,0,0
BRDA:533,40,1,0
BRDA:535,41,0,0
BRDA:535,41,1,0
BRDA:542,42,0,0
BRDA:542,42,1,0
BRDA:548,43,0,0
BRDA:548,43,1,0
BRDA:558,44,0,0
BRDA:558,44,1,0
BRDA:560,45,0,0
BRDA:560,45,1,0
BRDA:567,46,0,0
BRDA:567,46,1,0
BRDA:573,47,0,0
BRDA:573,47,1,0
BRDA:583,48,0,0
BRDA:583,48,1,0
BRDA:585,49,0,0
BRDA:585,49,1,0
BRDA:592,50,0,0
BRDA:592,50,1,0
BRDA:598,51,0,0
BRDA:598,51,1,0
BRDA:608,52,0,0
BRDA:608,52,1,0
BRDA:635,53,0,0
BRDA:635,53,1,0
BRDA:639,54,0,0
BRDA:639,54,1,0
BRDA:689,55,0,0
BRDA:689,55,1,0
BRDA:713,56,0,0
BRDA:713,56,1,0
BRDA:736,57,0,0
BRDA:736,57,1,0
BRF:125
BRH:0
end_of_record
TN:
SF:src\screens\forum\ForumScreen.tsx
FN:40,(anonymous_0)
FN:54,(anonymous_1)
FN:60,(anonymous_2)
FN:69,(anonymous_3)
FN:74,(anonymous_4)
FN:94,(anonymous_5)
FN:95,(anonymous_6)
FN:111,(anonymous_7)
FN:112,(anonymous_8)
FN:142,(anonymous_9)
FN:145,(anonymous_10)
FN:159,(anonymous_11)
FN:175,(anonymous_12)
FN:182,(anonymous_13)
FN:187,(anonymous_14)
FN:212,(anonymous_15)
FN:225,(anonymous_16)
FN:230,(anonymous_17)
FN:238,(anonymous_18)
FN:243,(anonymous_19)
FN:258,(anonymous_20)
FN:263,(anonymous_21)
FN:267,(anonymous_22)
FN:289,(anonymous_23)
FN:330,(anonymous_24)
FN:367,(anonymous_25)
FN:398,(anonymous_26)
FN:429,(anonymous_27)
FN:457,(anonymous_28)
FNF:29
FNH:0
FNDA:0,(anonymous_0)
FNDA:0,(anonymous_1)
FNDA:0,(anonymous_2)
FNDA:0,(anonymous_3)
FNDA:0,(anonymous_4)
FNDA:0,(anonymous_5)
FNDA:0,(anonymous_6)
FNDA:0,(anonymous_7)
FNDA:0,(anonymous_8)
FNDA:0,(anonymous_9)
FNDA:0,(anonymous_10)
FNDA:0,(anonymous_11)
FNDA:0,(anonymous_12)
FNDA:0,(anonymous_13)
FNDA:0,(anonymous_14)
FNDA:0,(anonymous_15)
FNDA:0,(anonymous_16)
FNDA:0,(anonymous_17)
FNDA:0,(anonymous_18)
FNDA:0,(anonymous_19)
FNDA:0,(anonymous_20)
FNDA:0,(anonymous_21)
FNDA:0,(anonymous_22)
FNDA:0,(anonymous_23)
FNDA:0,(anonymous_24)
FNDA:0,(anonymous_25)
FNDA:0,(anonymous_26)
FNDA:0,(anonymous_27)
FNDA:0,(anonymous_28)
DA:32,0
DA:40,0
DA:41,0
DA:42,0
DA:43,0
DA:44,0
DA:45,0
DA:46,0
DA:47,0
DA:50,0
DA:51,0
DA:54,0
DA:55,0
DA:57,0
DA:58,0
DA:60,0
DA:62,0
DA:64,0
DA:65,0
DA:69,0
DA:74,0
DA:77,0
DA:78,0
DA:89,0
DA:92,0
DA:94,0
DA:95,0
DA:96,0
DA:97,0
DA:105,0
DA:111,0
DA:112,0
DA:113,0
DA:114,0
DA:116,0
DA:117,0
DA:120,0
DA:121,0
DA:123,0
DA:124,0
DA:126,0
DA:127,0
DA:130,0
DA:131,0
DA:133,0
DA:137,0
DA:142,0
DA:143,0
DA:144,0
DA:145,0
DA:147,0
DA:151,0
DA:152,0
DA:153,0
DA:154,0
DA:159,0
DA:160,0
DA:161,0
DA:162,0
DA:164,0
DA:165,0
DA:167,0
DA:168,0
DA:170,0
DA:175,0
DA:182,0
DA:183,0
DA:187,0
DA:188,0
DA:189,0
DA:192,0
DA:198,0
DA:201,0
DA:202,0
DA:203,0
DA:205,0
DA:207,0
DA:208,0
DA:212,0
DA:215,0
DA:217,0
DA:220,0
DA:225,0
DA:226,0
DA:230,0
DA:231,0
DA:232,0
DA:233,0
DA:234,0
DA:238,0
DA:239,0
DA:243,0
DA:245,0
DA:248,0
DA:251,0
DA:254,0
DA:258,0
DA:259,0
DA:260,0
DA:261,0
DA:263,0
DA:267,0
DA:268,0
DA:269,0
DA:271,0
DA:272,0
DA:274,0
DA:278,0
DA:279,0
DA:281,0
DA:282,0
DA:284,0
DA:289,0
DA:290,0
DA:299,0
DA:300,0
DA:316,0
DA:317,0
DA:331,0
DA:332,0
DA:342,0
DA:368,0
DA:369,0
DA:399,0
DA:400,0
DA:430,0
DA:431,0
DA:457,0
DA:486,0
LF:129
LH:0
BRDA:58,0,0,0
BRDA:58,0,1,0
BRDA:64,1,0,0
BRDA:64,1,1,0
BRDA:69,2,0,0
BRDA:69,2,1,0
BRDA:77,3,0,0
BRDA:77,3,1,0
BRDA:77,4,0,0
BRDA:77,4,1,0
BRDA:81,5,0,0
BRDA:81,5,1,0
BRDA:96,6,0,0
BRDA:96,6,1,0
BRDA:96,7,0,0
BRDA:96,7,1,0
BRDA:100,8,0,0
BRDA:100,8,1,0
BRDA:143,9,0,0
BRDA:143,9,1,0
BRDA:143,10,0,0
BRDA:143,10,1,0
BRDA:151,11,0,0
BRDA:151,11,1,0
BRDA:178,12,0,0
BRDA:178,12,1,0
BRDA:195,13,0,0
BRDA:195,13,1,0
BRDA:203,14,0,0
BRDA:203,14,1,0
BRDA:205,15,0,0
BRDA:205,15,1,0
BRDA:207,16,0,0
BRDA:207,16,1,0
BRDA:231,17,0,0
BRDA:231,17,1,0
BRDA:231,18,0,0
BRDA:231,18,1,0
BRDA:231,19,0,0
BRDA:231,19,1,0
BRDA:232,20,0,0
BRDA:232,20,1,0
BRDA:232,20,2,0
BRDA:232,20,3,0
BRDA:233,21,0,0
BRDA:233,21,1,0
BRDA:234,22,0,0
BRDA:234,22,1,0
BRDA:245,23,0,0
BRDA:245,23,1,0
BRDA:248,24,0,0
BRDA:248,24,1,0
BRDA:259,25,0,0
BRDA:259,25,1,0
BRDA:259,26,0,0
BRDA:259,26,1,0
BRDA:263,27,0,0
BRDA:263,27,1,0
BRDA:263,27,2,0
BRDA:271,28,0,0
BRDA:271,28,1,0
BRDA:299,29,0,0
BRDA:299,29,1,0
BRDA:299,30,0,0
BRDA:299,30,1,0
BRDA:316,31,0,0
BRDA:316,31,1,0
BRDA:316,32,0,0
BRDA:316,32,1,0
BRDA:363,33,0,0
BRDA:363,33,1,0
BRDA:363,34,0,0
BRDA:363,34,1,0
BRDA:369,35,0,0
BRDA:369,35,1,0
BRDA:369,36,0,0
BRDA:369,36,1,0
BRDA:375,37,0,0
BRDA:375,37,1,0
BRDA:375,38,0,0
BRDA:375,38,1,0
BRDA:381,39,0,0
BRDA:381,39,1,0
BRDA:381,40,0,0
BRDA:381,40,1,0
BRDA:394,41,0,0
BRDA:394,41,1,0
BRDA:394,42,0,0
BRDA:394,42,1,0
BRDA:400,43,0,0
BRDA:400,43,1,0
BRDA:400,44,0,0
BRDA:400,44,1,0
BRDA:406,45,0,0
BRDA:406,45,1,0
BRDA:406,46,0,0
BRDA:406,46,1,0
BRDA:412,47,0,0
BRDA:412,47,1,0
BRDA:412,48,0,0
BRDA:412,48,1,0
BRDA:425,49,0,0
BRDA:425,49,1,0
BRDA:425,50,0,0
BRDA:425,50,1,0
BRDA:431,51,0,0
BRDA:431,51,1,0
BRDA:431,52,0,0
BRDA:431,52,1,0
BRDA:437,53,0,0
BRDA:437,53,1,0
BRDA:437,54,0,0
BRDA:437,54,1,0
BRDA:443,55,0,0
BRDA:443,55,1,0
BRDA:443,56,0,0
BRDA:443,56,1,0
BRDA:467,57,0,0
BRDA:467,57,1,0
BRF:119
BRH:0
end_of_record
TN:
SF:src\screens\forum\PostDetailScreen.tsx
FN:42,(anonymous_0)
FN:58,(anonymous_1)
FN:60,(anonymous_2)
FN:97,(anonymous_3)
FN:103,(anonymous_4)
FN:136,(anonymous_5)
FN:141,(anonymous_6)
FN:152,(anonymous_7)
FN:164,(anonymous_8)
FN:186,(anonymous_9)
FN:191,(anonymous_10)
FN:192,(anonymous_11)
FN:212,(anonymous_12)
FN:243,(anonymous_13)
FN:257,(anonymous_14)
FN:262,(anonymous_15)
FN:280,(anonymous_16)
FN:302,(anonymous_17)
FN:320,(anonymous_18)
FN:336,(anonymous_19)
FN:354,(anonymous_20)
FN:372,(anonymous_21)
FNF:22
FNH:0
FNDA:0,(anonymous_0)
FNDA:0,(anonymous_1)
FNDA:0,(anonymous_2)
FNDA:0,(anonymous_3)
FNDA:0,(anonymous_4)
FNDA:0,(anonymous_5)
FNDA:0,(anonymous_6)
FNDA:0,(anonymous_7)
FNDA:0,(anonymous_8)
FNDA:0,(anonymous_9)
FNDA:0,(anonymous_10)
FNDA:0,(anonymous_11)
FNDA:0,(anonymous_12)
FNDA:0,(anonymous_13)
FNDA:0,(anonymous_14)
FNDA:0,(anonymous_15)
FNDA:0,(anonymous_16)
FNDA:0,(anonymous_17)
FNDA:0,(anonymous_18)
FNDA:0,(anonymous_19)
FNDA:0,(anonymous_20)
FNDA:0,(anonymous_21)
DA:37,0
DA:42,0
DA:43,0
DA:44,0
DA:45,0
DA:46,0
DA:47,0
DA:49,0
DA:50,0
DA:51,0
DA:52,0
DA:53,0
DA:54,0
DA:55,0
DA:58,0
DA:60,0
DA:63,0
DA:64,0
DA:65,0
DA:66,0
DA:68,0
DA:70,0
DA:77,0
DA:81,0
DA:82,0
DA:93,0
DA:97,0
DA:98,0
DA:99,0
DA:101,0
DA:103,0
DA:106,0
DA:107,0
DA:108,0
DA:110,0
DA:112,0
DA:113,0
DA:117,0
DA:120,0
DA:121,0
DA:122,0
DA:124,0
DA:128,0
DA:129,0
DA:131,0
DA:136,0
DA:137,0
DA:141,0
DA:142,0
DA:152,0
DA:153,0
DA:154,0
DA:156,0
DA:158,0
DA:164,0
DA:167,0
DA:172,0
DA:173,0
DA:175,0
DA:177,0
DA:178,0
DA:180,0
DA:186,0
DA:187,0
DA:188,0
DA:191,0
DA:192,0
DA:193,0
DA:205,0
DA:207,0
DA:212,0
DA:213,0
DA:214,0
DA:217,0
DA:226,0
DA:229,0
DA:232,0
DA:233,0
DA:234,0
DA:236,0
DA:238,0
DA:239,0
DA:243,0
DA:246,0
DA:248,0
DA:251,0
DA:252,0
DA:257,0
DA:258,0
DA:263,0
DA:264,0
DA:265,0
DA:266,0
DA:280,0
DA:298,0
DA:299,0
DA:302,0
DA:316,0
DA:317,0
DA:320,0
DA:336,0
DA:345,0
DA:354,0
DA:373,0
DA:374,0
DA:375,0
DA:376,0
DA:420,0
LF:108
LH:0
BRDA:65,0,0,0
BRDA:65,0,1,0
BRDA:68,1,0,0
BRDA:68,1,1,0
BRDA:73,2,0,0
BRDA:73,2,1,0
BRDA:81,3,0,0
BRDA:81,3,1,0
BRDA:81,4,0,0
BRDA:81,4,1,0
BRDA:85,5,0,0
BRDA:85,5,1,0
BRDA:106,6,0,0
BRDA:106,6,1,0
BRDA:153,7,0,0
BRDA:153,7,1,0
BRDA:153,8,0,0
BRDA:153,8,1,0
BRDA:169,9,0,0
BRDA:169,9,1,0
BRDA:193,10,0,0
BRDA:193,10,1,0
BRDA:197,11,0,0
BRDA:197,11,1,0
BRDA:198,12,0,0
BRDA:198,12,1,0
BRDA:199,13,0,0
BRDA:199,13,1,0
BRDA:220,14,0,0
BRDA:220,14,1,0
BRDA:221,15,0,0
BRDA:221,15,1,0
BRDA:222,16,0,0
BRDA:222,16,1,0
BRDA:234,17,0,0
BRDA:234,17,1,0
BRDA:236,18,0,0
BRDA:236,18,1,0
BRDA:238,19,0,0
BRDA:238,19,1,0
BRDA:263,20,0,0
BRDA:263,20,1,0
BRDA:263,21,0,0
BRDA:263,21,1,0
BRDA:263,22,0,0
BRDA:263,22,1,0
BRDA:264,23,0,0
BRDA:264,23,1,0
BRDA:264,23,2,0
BRDA:264,23,3,0
BRDA:265,24,0,0
BRDA:265,24,1,0
BRDA:266,25,0,0
BRDA:266,25,1,0
BRDA:283,26,0,0
BRDA:283,26,1,0
BRDA:285,27,0,0
BRDA:285,27,1,0
BRDA:289,28,0,0
BRDA:289,28,1,0
BRDA:291,29,0,0
BRDA:291,29,1,0
BRDA:298,30,0,0
BRDA:298,30,1,0
BRDA:316,31,0,0
BRDA:316,31,1,0
BRDA:316,32,0,0
BRDA:316,32,1,0
BRDA:329,33,0,0
BRDA:329,33,1,0
BRDA:348,34,0,0
BRDA:348,34,1,0
BRDA:350,35,0,0
BRDA:350,35,1,0
BRDA:373,36,0,0
BRDA:373,36,1,0
BRDA:373,37,0,0
BRDA:373,37,1,0
BRDA:373,38,0,0
BRDA:373,38,1,0
BRDA:374,39,0,0
BRDA:374,39,1,0
BRDA:374,39,2,0
BRDA:374,39,3,0
BRDA:375,40,0,0
BRDA:375,40,1,0
BRDA:376,41,0,0
BRDA:376,41,1,0
BRDA:388,42,0,0
BRDA:388,42,1,0
BRDA:411,43,0,0
BRDA:411,43,1,0
BRF:92
BRH:0
end_of_record
TN:
SF:src\screens\user\MyProfileScreen.tsx
FN:28,(anonymous_0)
FN:33,(anonymous_1)
FN:51,(anonymous_2)
FN:62,(anonymous_3)
FN:68,(anonymous_4)
FN:79,(anonymous_5)
FN:85,(anonymous_6)
FN:86,(anonymous_7)
FN:91,(anonymous_8)
FN:99,(anonymous_9)
FN:103,(anonymous_10)
FN:179,(anonymous_11)
FN:196,(anonymous_12)
FN:202,(anonymous_13)
FN:210,(anonymous_14)
FN:243,(anonymous_15)
FN:259,(anonymous_16)
FN:279,(anonymous_17)
FN:295,(anonymous_18)
FN:311,(anonymous_19)
FN:314,(anonymous_20)
FN:317,(anonymous_21)
FN:337,(anonymous_22)
FNF:23
FNH:0
FNDA:0,(anonymous_0)
FNDA:0,(anonymous_1)
FNDA:0,(anonymous_2)
FNDA:0,(anonymous_3)
FNDA:0,(anonymous_4)
FNDA:0,(anonymous_5)
FNDA:0,(anonymous_6)
FNDA:0,(anonymous_7)
FNDA:0,(anonymous_8)
FNDA:0,(anonymous_9)
FNDA:0,(anonymous_10)
FNDA:0,(anonymous_11)
FNDA:0,(anonymous_12)
FNDA:0,(anonymous_13)
FNDA:0,(anonymous_14)
FNDA:0,(anonymous_15)
FNDA:0,(anonymous_16)
FNDA:0,(anonymous_17)
FNDA:0,(anonymous_18)
FNDA:0,(anonymous_19)
FNDA:0,(anonymous_20)
FNDA:0,(anonymous_21)
FNDA:0,(anonymous_22)
DA:28,0
DA:29,0
DA:30,0
DA:31,0
DA:33,0
DA:34,0
DA:35,0
DA:36,0
DA:38,0
DA:42,0
DA:43,0
DA:44,0
DA:45,0
DA:46,0
DA:47,0
DA:48,0
DA:51,0
DA:52,0
DA:54,0
DA:55,0
DA:57,0
DA:58,0
DA:61,0
DA:62,0
DA:63,0
DA:66,0
DA:67,0
DA:68,0
DA:69,0
DA:71,0
DA:72,0
DA:74,0
DA:79,0
DA:80,0
DA:84,0
DA:86,0
DA:87,0
DA:88,0
DA:89,0
DA:90,0
DA:91,0
DA:92,0
DA:95,0
DA:99,0
DA:100,0
DA:103,0
DA:106,0
DA:112,0
DA:113,0
DA:130,0
DA:131,0
DA:160,0
DA:161,0
DA:177,0
DA:178,0
DA:179,0
DA:182,0
DA:184,0
DA:197,0
DA:198,0
DA:203,0
DA:205,0
DA:207,0
DA:211,0
DA:212,0
DA:214,0
DA:216,0
DA:235,0
DA:243,0
DA:259,0
DA:279,0
DA:295,0
DA:312,0
DA:314,0
DA:317,0
DA:337,0
DA:344,0
LF:77
LH:0
BRDA:34,0,0,0
BRDA:34,0,1,0
BRDA:35,1,0,0
BRDA:35,1,1,0
BRDA:35,2,0,0
BRDA:35,2,1,0
BRDA:36,3,0,0
BRDA:36,3,1,0
BRDA:36,4,0,0
BRDA:36,4,1,0
BRDA:52,5,0,0
BRDA:52,5,1,0
BRDA:67,6,0,0
BRDA:67,6,1,0
BRDA:90,7,0,0
BRDA:90,7,1,0
BRDA:112,8,0,0
BRDA:112,8,1,0
BRDA:130,9,0,0
BRDA:130,9,1,0
BRDA:160,10,0,0
BRDA:160,10,1,0
BRDA:178,11,0,0
BRDA:178,11,1,0
BRDA:182,12,0,0
BRDA:182,12,1,0
BRDA:197,13,0,0
BRDA:197,13,1,0
BRDA:226,14,0,0
BRDA:226,14,1,0
BRDA:241,15,0,0
BRDA:241,15,1,0
BRDA:248,16,0,0
BRDA:248,16,1,0
BRDA:257,17,0,0
BRDA:257,17,1,0
BRDA:264,18,0,0
BRDA:264,18,1,0
BRDA:272,19,0,0
BRDA:272,19,1,0
BRDA:277,20,0,0
BRDA:277,20,1,0
BRDA:284,21,0,0
BRDA:284,21,1,0
BRDA:293,22,0,0
BRDA:293,22,1,0
BRDA:300,23,0,0
BRDA:300,23,1,0
BRDA:321,24,0,0
BRDA:321,24,1,0
BRDA:326,25,0,0
BRDA:326,25,1,0
BRF:52
BRH:0
end_of_record
TN:
SF:src\screens\user\UserProfileScreen.tsx
FN:29,(anonymous_0)
FN:37,(anonymous_1)
FN:58,(anonymous_2)
FN:87,(anonymous_3)
FN:103,(anonymous_4)
FN:114,(anonymous_5)
FN:120,(anonymous_6)
FN:121,(anonymous_7)
FN:126,(anonymous_8)
FN:134,(anonymous_9)
FN:138,(anonymous_10)
FN:200,(anonymous_11)
FN:200,(anonymous_12)
FN:203,(anonymous_13)
FN:211,(anonymous_14)
FN:215,(anonymous_15)
FN:218,(anonymous_16)
FN:221,(anonymous_17)
FN:246,(anonymous_18)
FN:261,(anonymous_19)
FN:266,(anonymous_20)
FN:273,(anonymous_21)
FN:281,(anonymous_22)
FN:289,(anonymous_23)
FN:295,(anonymous_24)
FN:303,(anonymous_25)
FN:307,(anonymous_26)
FN:309,(anonymous_27)
FNF:28
FNH:0
FNDA:0,(anonymous_0)
FNDA:0,(anonymous_1)
FNDA:0,(anonymous_2)
FNDA:0,(anonymous_3)
FNDA:0,(anonymous_4)
FNDA:0,(anonymous_5)
FNDA:0,(anonymous_6)
FNDA:0,(anonymous_7)
FNDA:0,(anonymous_8)
FNDA:0,(anonymous_9)
FNDA:0,(anonymous_10)
FNDA:0,(anonymous_11)
FNDA:0,(anonymous_12)
FNDA:0,(anonymous_13)
FNDA:0,(anonymous_14)
FNDA:0,(anonymous_15)
FNDA:0,(anonymous_16)
FNDA:0,(anonymous_17)
FNDA:0,(anonymous_18)
FNDA:0,(anonymous_19)
FNDA:0,(anonymous_20)
FNDA:0,(anonymous_21)
FNDA:0,(anonymous_22)
FNDA:0,(anonymous_23)
FNDA:0,(anonymous_24)
FNDA:0,(anonymous_25)
FNDA:0,(anonymous_26)
FNDA:0,(anonymous_27)
DA:29,0
DA:30,0
DA:31,0
DA:32,0
DA:34,0
DA:35,0
DA:37,0
DA:38,0
DA:39,0
DA:40,0
DA:42,0
DA:46,0
DA:49,0
DA:50,0
DA:51,0
DA:52,0
DA:53,0
DA:54,0
DA:55,0
DA:58,0
DA:59,0
DA:60,0
DA:62,0
DA:64,0
DA:65,0
DA:66,0
DA:67,0
DA:69,0
DA:70,0
DA:74,0
DA:75,0
DA:82,0
DA:85,0
DA:87,0
DA:88,0
DA:89,0
DA:92,0
DA:94,0
DA:95,0
DA:97,0
DA:98,0
DA:101,0
DA:102,0
DA:103,0
DA:104,0
DA:106,0
DA:107,0
DA:109,0
DA:114,0
DA:115,0
DA:119,0
DA:121,0
DA:122,0
DA:123,0
DA:124,0
DA:125,0
DA:126,0
DA:127,0
DA:130,0
DA:134,0
DA:135,0
DA:138,0
DA:139,0
DA:142,0
DA:143,0
DA:160,0
DA:161,0
DA:184,0
DA:200,0
DA:203,0
DA:212,0
DA:213,0
DA:214,0
DA:215,0
DA:219,0
DA:220,0
DA:221,0
DA:247,0
DA:261,0
DA:267,0
DA:268,0
DA:269,0
DA:273,0
DA:282,0
DA:283,0
DA:284,0
DA:289,0
DA:295,0
DA:304,0
DA:309,0
DA:326,0
LF:91
LH:0
BRDA:38,0,0,0
BRDA:38,0,1,0
BRDA:39,1,0,0
BRDA:39,1,1,0
BRDA:39,2,0,0
BRDA:39,2,1,0
BRDA:40,3,0,0
BRDA:40,3,1,0
BRDA:40,4,0,0
BRDA:40,4,1,0
BRDA:76,5,0,0
BRDA:76,5,1,0
BRDA:76,5,2,0
BRDA:76,5,3,0
BRDA:76,5,4,0
BRDA:88,6,0,0
BRDA:88,6,1,0
BRDA:89,7,0,0
BRDA:89,7,1,0
BRDA:89,8,0,0
BRDA:89,8,1,0
BRDA:89,8,2,0
BRDA:90,9,0,0
BRDA:90,9,1,0
BRDA:90,10,0,0
BRDA:90,10,1,0
BRDA:92,11,0,0
BRDA:92,11,1,0
BRDA:92,12,0,0
BRDA:92,12,1,0
BRDA:94,13,0,0
BRDA:94,13,1,0
BRDA:94,14,0,0
BRDA:94,14,1,0
BRDA:94,14,2,0
BRDA:102,15,0,0
BRDA:102,15,1,0
BRDA:125,16,0,0
BRDA:125,16,1,0
BRDA:142,17,0,0
BRDA:142,17,1,0
BRDA:160,18,0,0
BRDA:160,18,1,0
BRDA:197,19,0,0
BRDA:197,19,1,0
BRDA:199,20,0,0
BRDA:199,20,1,0
BRDA:200,21,0,0
BRDA:200,21,1,0
BRDA:209,22,0,0
BRDA:209,22,1,0
BRDA:210,23,0,0
BRDA:210,23,1,0
BRDA:210,23,2,0
BRDA:210,23,3,0
BRDA:210,23,4,0
BRDA:213,24,0,0
BRDA:213,24,1,0
BRDA:215,25,0,0
BRDA:215,25,1,0
BRDA:221,26,0,0
BRDA:221,26,1,0
BRDA:228,27,0,0
BRDA:228,27,1,0
BRDA:228,28,0,0
BRDA:228,28,1,0
BRDA:228,28,2,0
BRDA:228,28,3,0
BRDA:228,28,4,0
BRDA:229,29,0,0
BRDA:229,29,1,0
BRDA:229,29,2,0
BRDA:229,30,0,0
BRDA:229,30,1,0
BRDA:229,30,2,0
BRDA:232,31,0,0
BRDA:232,31,1,0
BRDA:232,31,2,0
BRDA:232,31,3,0
BRDA:232,31,4,0
BRDA:232,31,5,0
BRDA:235,32,0,0
BRDA:235,32,1,0
BRDA:241,33,0,0
BRDA:241,33,1,0
BRDA:244,34,0,0
BRDA:244,34,1,0
BRDA:244,34,2,0
BRDA:260,35,0,0
BRDA:260,35,1,0
BRDA:263,36,0,0
BRDA:263,36,1,0
BRDA:266,37,0,0
BRDA:266,37,1,0
BRDA:268,38,0,0
BRDA:268,38,1,0
BRDA:268,38,2,0
BRDA:268,38,3,0
BRDA:268,38,4,0
BRDA:272,39,0,0
BRDA:272,39,1,0
BRDA:275,40,0,0
BRDA:275,40,1,0
BRDA:281,41,0,0
BRDA:281,41,1,0
BRDA:281,41,2,0
BRDA:283,42,0,0
BRDA:283,42,1,0
BRDA:283,42,2,0
BRDA:283,42,3,0
BRDA:283,42,4,0
BRDA:288,43,0,0
BRDA:288,43,1,0
BRDA:291,44,0,0
BRDA:291,44,1,0
BRDA:294,45,0,0
BRDA:294,45,1,0
BRDA:297,46,0,0
BRDA:297,46,1,0
BRDA:316,47,0,0
BRDA:316,47,1,0
BRF:121
BRH:0
end_of_record
TN:
SF:src\services\api\auth.service.ts
FN:41,(anonymous_0)
FN:53,(anonymous_1)
FN:76,(anonymous_2)
FN:84,(anonymous_3)
FN:91,(anonymous_4)
FN:97,(anonymous_5)
FNF:6
FNH:3
FNDA:3,(anonymous_0)
FNDA:4,(anonymous_1)
FNDA:0,(anonymous_2)
FNDA:0,(anonymous_3)
FNDA:2,(anonymous_4)
FNDA:0,(anonymous_5)
DA:40,1
DA:42,3
DA:43,3
DA:45,2
DA:46,1
DA:48,1
DA:50,1
DA:54,4
DA:55,4
DA:57,3
DA:59,3
DA:60,1
DA:62,2
DA:63,1
DA:65,1
DA:67,0
DA:69,1
DA:77,0
DA:80,0
DA:81,0
DA:85,0
DA:88,0
DA:92,2
DA:93,2
DA:94,1
DA:98,0
DA:104,0
DA:105,0
DA:106,0
DA:108,0
DA:109,0
DA:110,0
DA:111,0
DA:113,0
LF:34
LH:19
BRDA:43,0,0,2
BRDA:43,0,1,1
BRDA:45,1,0,1
BRDA:45,1,1,1
BRDA:55,2,0,3
BRDA:55,2,1,1
BRDA:57,3,0,3
BRDA:57,3,1,0
BRDA:59,4,0,1
BRDA:59,4,1,2
BRDA:62,5,0,1
BRDA:62,5,1,1
BRDA:80,6,0,0
BRDA:80,6,1,0
BRDA:88,7,0,0
BRDA:88,7,1,0
BRDA:93,8,0,1
BRDA:93,8,1,1
BRDA:109,9,0,0
BRDA:109,9,1,0
BRDA:110,10,0,0
BRDA:110,10,1,0
BRF:22
BRH:13
end_of_record
TN:
SF:src\services\api\client.ts
FN:19,(anonymous_0)
FN:30,(anonymous_1)
FN:38,(anonymous_2)
FN:45,(anonymous_3)
FN:46,(anonymous_4)
FN:57,(anonymous_5)
FN:112,(anonymous_6)
FN:113,(anonymous_7)
FN:124,(anonymous_8)
FN:139,(anonymous_9)
FN:154,(anonymous_10)
FN:169,(anonymous_11)
FN:184,(anonymous_12)
FNF:13
FNH:5
FNDA:1,(anonymous_0)
FNDA:0,(anonymous_1)
FNDA:0,(anonymous_2)
FNDA:0,(anonymous_3)
FNDA:0,(anonymous_4)
FNDA:0,(anonymous_5)
FNDA:0,(anonymous_6)
FNDA:0,(anonymous_7)
FNDA:5,(anonymous_8)
FNDA:1,(anonymous_9)
FNDA:0,(anonymous_10)
FNDA:1,(anonymous_11)
FNDA:1,(anonymous_12)
DA:13,1
DA:17,1
DA:20,1
DA:29,1
DA:31,0
DA:32,0
DA:33,0
DA:34,0
DA:36,0
DA:39,0
DA:44,1
DA:45,0
DA:47,0
DA:50,0
DA:54,0
DA:55,0
DA:57,0
DA:58,0
DA:61,0
DA:62,0
DA:64,0
DA:68,0
DA:69,0
DA:71,0
DA:72,0
DA:73,0
DA:74,0
DA:77,0
DA:81,0
DA:82,0
DA:83,0
DA:86,0
DA:89,0
DA:91,0
DA:94,0
DA:98,0
DA:99,0
DA:100,0
DA:101,0
DA:103,0
DA:107,0
DA:113,0
DA:114,0
DA:115,0
DA:116,0
DA:117,0
DA:121,0
DA:125,5
DA:126,5
DA:127,3
DA:132,2
DA:140,1
DA:141,1
DA:142,1
DA:147,0
DA:155,0
DA:156,0
DA:157,0
DA:162,0
DA:170,1
DA:171,1
DA:172,1
DA:177,0
DA:185,1
DA:186,1
DA:187,1
DA:192,0
DA:200,1
LF:68
LH:19
BRDA:32,0,0,0
BRDA:32,0,1,0
BRDA:33,1,0,0
BRDA:33,1,1,0
BRDA:50,2,0,0
BRDA:50,2,1,0
BRDA:50,3,0,0
BRDA:50,3,1,0
BRDA:50,3,2,0
BRDA:54,4,0,0
BRDA:54,4,1,0
BRDA:73,5,0,0
BRDA:73,5,1,0
BRDA:81,6,0,0
BRDA:81,6,1,0
BRDA:114,7,0,0
BRDA:114,7,1,0
BRDA:116,8,0,0
BRDA:116,8,1,0
BRDA:133,9,0,2
BRDA:133,9,1,1
BRDA:134,10,0,2
BRDA:134,10,1,2
BRDA:134,10,2,1
BRDA:134,10,3,0
BRDA:148,11,0,0
BRDA:148,11,1,0
BRDA:149,12,0,0
BRDA:149,12,1,0
BRDA:149,12,2,0
BRDA:149,12,3,0
BRDA:163,13,0,0
BRDA:163,13,1,0
BRDA:164,14,0,0
BRDA:164,14,1,0
BRDA:164,14,2,0
BRDA:164,14,3,0
BRDA:178,15,0,0
BRDA:178,15,1,0
BRDA:179,16,0,0
BRDA:179,16,1,0
BRDA:179,16,2,0
BRDA:179,16,3,0
BRDA:193,17,0,0
BRDA:193,17,1,0
BRDA:194,18,0,0
BRDA:194,18,1,0
BRDA:194,18,2,0
BRDA:194,18,3,0
BRF:49
BRH:5
end_of_record
TN:
SF:src\services\api\food.service.ts
FN:49,(anonymous_0)
FN:51,(anonymous_1)
FN:101,(anonymous_2)
FN:211,(anonymous_3)
FN:236,(anonymous_4)
FNF:5
FNH:0
FNDA:0,(anonymous_0)
FNDA:0,(anonymous_1)
FNDA:0,(anonymous_2)
FNDA:0,(anonymous_3)
FNDA:0,(anonymous_4)
DA:49,0
DA:51,0
DA:52,0
DA:53,0
DA:54,0
DA:55,0
DA:56,0
DA:57,0
DA:58,0
DA:59,0
DA:60,0
DA:61,0
DA:62,0
DA:63,0
DA:67,0
DA:71,0
DA:101,0
DA:113,0
DA:115,0
DA:118,0
DA:121,0
DA:122,0
DA:125,0
DA:126,0
DA:129,0
DA:130,0
DA:134,0
DA:135,0
DA:136,0
DA:139,0
DA:141,0
DA:142,0
DA:143,0
DA:151,0
DA:152,0
DA:153,0
DA:162,0
DA:170,0
DA:171,0
DA:172,0
DA:174,0
DA:176,0
DA:177,0
DA:178,0
DA:180,0
DA:181,0
DA:183,0
DA:184,0
DA:185,0
DA:187,0
DA:190,0
DA:193,0
DA:196,0
DA:197,0
DA:198,0
DA:199,0
DA:200,0
DA:201,0
DA:207,0
DA:210,0
DA:211,0
DA:214,0
DA:221,0
DA:222,0
DA:236,0
DA:239,0
DA:240,0
DA:241,0
DA:243,0
DA:248,0
LF:70
LH:0
BRDA:52,0,0,0
BRDA:52,0,1,0
BRDA:52,0,2,0
BRDA:52,0,3,0
BRDA:52,0,4,0
BRDA:52,0,5,0
BRDA:52,0,6,0
BRDA:52,0,7,0
BRDA:52,0,8,0
BRDA:52,0,9,0
BRDA:52,0,10,0
BRDA:67,1,0,0
BRDA:67,1,1,0
BRDA:68,2,0,0
BRDA:68,2,1,0
BRDA:74,3,0,0
BRDA:74,3,1,0
BRDA:102,4,0,0
BRDA:103,5,0,0
BRDA:125,6,0,0
BRDA:125,6,1,0
BRDA:125,7,0,0
BRDA:125,7,1,0
BRDA:129,8,0,0
BRDA:129,8,1,0
BRDA:129,9,0,0
BRDA:129,9,1,0
BRDA:141,10,0,0
BRDA:141,10,1,0
BRDA:151,11,0,0
BRDA:151,11,1,0
BRDA:166,12,0,0
BRDA:166,12,1,0
BRDA:174,13,0,0
BRDA:174,13,1,0
BRDA:174,14,0,0
BRDA:174,14,1,0
BRDA:177,15,0,0
BRDA:177,15,1,0
BRDA:181,16,0,0
BRDA:181,16,1,0
BRDA:197,17,0,0
BRDA:197,17,1,0
BRDA:197,18,0,0
BRDA:197,18,1,0
BRDA:199,19,0,0
BRDA:199,19,1,0
BRDA:199,19,2,0
BRDA:200,20,0,0
BRDA:200,20,1,0
BRDA:210,21,0,0
BRDA:210,21,1,0
BRDA:223,22,0,0
BRDA:223,22,1,0
BRDA:249,23,0,0
BRDA:249,23,1,0
BRF:56
BRH:0
end_of_record
TN:
SF:src\services\api\forum.service.ts
FN:13,(anonymous_0)
FN:91,(anonymous_1)
FN:110,(anonymous_2)
FN:126,(anonymous_3)
FN:134,(anonymous_4)
FN:146,(anonymous_5)
FN:156,(anonymous_6)
FN:170,(anonymous_7)
FN:184,(anonymous_8)
FN:187,(anonymous_9)
FN:214,(anonymous_10)
FN:219,(anonymous_11)
FN:225,(anonymous_12)
FN:226,(anonymous_13)
FN:233,(anonymous_14)
FN:234,(anonymous_15)
FN:249,(anonymous_16)
FN:275,(anonymous_17)
FN:287,(anonymous_18)
FN:299,(anonymous_19)
FN:311,(anonymous_20)
FN:343,(anonymous_21)
FN:358,(anonymous_22)
FN:370,(anonymous_23)
FN:390,(anonymous_24)
FN:402,(anonymous_25)
FN:419,(anonymous_26)
FNF:27
FNH:14
FNDA:1,(anonymous_0)
FNDA:5,(anonymous_1)
FNDA:8,(anonymous_2)
FNDA:0,(anonymous_3)
FNDA:0,(anonymous_4)
FNDA:0,(anonymous_5)
FNDA:0,(anonymous_6)
FNDA:4,(anonymous_7)
FNDA:3,(anonymous_8)
FNDA:2,(anonymous_9)
FNDA:3,(anonymous_10)
FNDA:3,(anonymous_11)
FNDA:3,(anonymous_12)
FNDA:3,(anonymous_13)
FNDA:3,(anonymous_14)
FNDA:4,(anonymous_15)
FNDA:2,(anonymous_16)
FNDA:2,(anonymous_17)
FNDA:0,(anonymous_18)
FNDA:0,(anonymous_19)
FNDA:0,(anonymous_20)
FNDA:0,(anonymous_21)
FNDA:0,(anonymous_22)
FNDA:0,(anonymous_23)
FNDA:0,(anonymous_24)
FNDA:0,(anonymous_25)
FNDA:0,(anonymous_26)
DA:10,1
DA:13,1
DA:14,1
DA:15,1
DA:16,1
DA:17,0
DA:20,0
DA:25,1
DA:91,1
DA:93,5
DA:94,5
DA:95,5
DA:98,5
DA:99,5
DA:101,5
DA:110,8
DA:115,0
DA:117,0
DA:126,0
DA:134,1
DA:135,0
DA:136,0
DA:137,0
DA:139,0
DA:141,0
DA:142,0
DA:146,0
DA:149,0
DA:151,0
DA:156,1
DA:157,0
DA:170,1
DA:171,4
DA:172,4
DA:173,4
DA:175,1
DA:177,3
DA:178,3
DA:182,1
DA:185,3
DA:186,3
DA:187,2
DA:188,1
DA:192,3
DA:193,3
DA:194,0
DA:195,0
DA:198,3
DA:199,3
DA:200,1
DA:201,0
DA:202,0
DA:204,1
DA:207,2
DA:208,0
DA:209,0
DA:213,2
DA:214,3
DA:219,3
DA:221,2
DA:222,2
DA:225,2
DA:226,3
DA:229,2
DA:230,2
DA:233,2
DA:234,4
DA:235,3
DA:236,3
DA:240,0
DA:245,2
DA:251,2
DA:252,2
DA:253,0
DA:256,2
DA:257,2
DA:259,1
DA:260,0
DA:264,1
DA:267,1
DA:268,1
DA:271,1
DA:276,2
DA:277,2
DA:279,1
DA:280,0
DA:283,1
DA:288,0
DA:289,0
DA:291,0
DA:292,0
DA:295,0
DA:300,0
DA:301,0
DA:303,0
DA:304,0
DA:307,0
DA:312,0
DA:313,0
DA:315,0
DA:316,0
DA:317,0
DA:320,0
DA:322,0
DA:323,0
DA:324,0
DA:328,0
DA:329,0
DA:330,0
DA:331,0
DA:333,0
DA:334,0
DA:337,0
DA:338,0
DA:344,0
DA:345,0
DA:347,0
DA:348,0
DA:352,0
DA:354,0
DA:359,0
DA:360,0
DA:362,0
DA:363,0
DA:366,0
DA:372,0
DA:373,0
DA:374,0
DA:375,0
DA:378,0
DA:379,0
DA:381,0
DA:382,0
DA:383,0
DA:386,0
DA:391,0
DA:392,0
DA:394,0
DA:395,0
DA:398,0
DA:404,0
DA:405,0
DA:406,0
DA:407,0
DA:410,0
DA:411,0
DA:413,0
DA:414,0
DA:415,0
DA:418,0
DA:419,0
DA:422,0
LF:152
LH:62
BRDA:16,0,0,0
BRDA:16,0,1,1
BRDA:95,1,0,5
BRDA:95,1,1,0
BRDA:99,2,0,5
BRDA:99,2,1,2
BRDA:99,2,2,2
BRDA:107,3,0,5
BRDA:107,3,1,5
BRDA:108,4,0,5
BRDA:108,4,1,1
BRDA:112,5,0,5
BRDA:112,5,1,0
BRDA:123,6,0,0
BRDA:123,6,1,0
BRDA:124,7,0,0
BRDA:124,7,1,0
BRDA:125,8,0,0
BRDA:125,8,1,0
BRDA:128,9,0,0
BRDA:128,9,1,0
BRDA:137,10,0,0
BRDA:137,10,1,0
BRDA:139,11,0,0
BRDA:139,11,1,0
BRDA:141,12,0,0
BRDA:141,12,1,0
BRDA:164,13,0,0
BRDA:164,13,1,0
BRDA:165,14,0,0
BRDA:165,14,1,0
BRDA:173,15,0,0
BRDA:173,15,1,1
BRDA:175,16,0,1
BRDA:175,16,1,0
BRDA:186,17,0,1
BRDA:186,17,1,2
BRDA:186,18,0,3
BRDA:186,18,1,1
BRDA:193,19,0,0
BRDA:193,19,1,3
BRDA:199,20,0,1
BRDA:199,20,1,2
BRDA:200,21,0,0
BRDA:200,21,1,1
BRDA:207,22,0,0
BRDA:207,22,1,2
BRDA:207,23,0,2
BRDA:207,23,1,2
BRDA:221,24,0,2
BRDA:221,24,1,0
BRDA:235,25,0,3
BRDA:235,25,1,0
BRDA:252,26,0,0
BRDA:252,26,1,2
BRDA:257,27,0,1
BRDA:257,27,1,1
BRDA:259,28,0,0
BRDA:259,28,1,1
BRDA:267,29,0,1
BRDA:267,29,1,0
BRDA:277,30,0,1
BRDA:277,30,1,1
BRDA:279,31,0,0
BRDA:279,31,1,1
BRDA:289,32,0,0
BRDA:289,32,1,0
BRDA:291,33,0,0
BRDA:291,33,1,0
BRDA:301,34,0,0
BRDA:301,34,1,0
BRDA:303,35,0,0
BRDA:303,35,1,0
BRDA:315,36,0,0
BRDA:315,36,1,0
BRDA:322,37,0,0
BRDA:322,37,1,0
BRDA:328,38,0,0
BRDA:328,38,1,0
BRDA:330,39,0,0
BRDA:330,39,1,0
BRDA:330,40,0,0
BRDA:330,40,1,0
BRDA:345,41,0,0
BRDA:345,41,1,0
BRDA:347,42,0,0
BRDA:347,42,1,0
BRDA:360,43,0,0
BRDA:360,43,1,0
BRDA:362,44,0,0
BRDA:362,44,1,0
BRDA:373,45,0,0
BRDA:373,45,1,0
BRDA:379,46,0,0
BRDA:379,46,1,0
BRDA:381,47,0,0
BRDA:381,47,1,0
BRDA:381,48,0,0
BRDA:381,48,1,0
BRDA:392,49,0,0
BRDA:392,49,1,0
BRDA:394,50,0,0
BRDA:394,50,1,0
BRDA:405,51,0,0
BRDA:405,51,1,0
BRDA:411,52,0,0
BRDA:411,52,1,0
BRDA:413,53,0,0
BRDA:413,53,1,0
BRDA:413,54,0,0
BRDA:413,54,1,0
BRF:111
BRH:33
end_of_record
TN:
SF:src\services\api\user.service.ts
FN:9,(anonymous_0)
FN:16,(anonymous_1)
FN:22,(anonymous_2)
FN:38,(anonymous_3)
FNF:4
FNH:0
FNDA:0,(anonymous_0)
FNDA:0,(anonymous_1)
FNDA:0,(anonymous_2)
FNDA:0,(anonymous_3)
DA:8,0
DA:11,0
DA:12,0
DA:13,0
DA:17,0
DA:18,0
DA:19,0
DA:23,0
DA:24,0
DA:31,0
DA:34,0
DA:35,0
DA:39,0
DA:40,0
LF:14
LH:0
BRDA:12,0,0,0
BRDA:12,0,1,0
BRDA:18,1,0,0
BRDA:18,1,1,0
BRDA:28,2,0,0
BRDA:28,2,1,0
BRDA:34,3,0,0
BRDA:34,3,1,0
BRDA:40,4,0,0
BRDA:40,4,1,0
BRF:10
BRH:0
end_of_record
TN:
SF:src\types\types.ts
FNF:0
FNH:0
LF:0
LH:0
BRF:0
BRH:0
end_of_record
TN:
SF:src\utils\validation.ts
FN:13,(anonymous_0)
FN:23,(anonymous_1)
FN:33,(anonymous_2)
FN:48,(anonymous_3)
FN:60,(anonymous_4)
FN:71,(anonymous_5)
FN:82,(anonymous_6)
FN:93,(anonymous_7)
FN:104,(anonymous_8)
FN:116,(anonymous_9)
FN:151,(anonymous_10)
FN:164,(anonymous_11)
FN:175,(anonymous_12)
FN:185,(anonymous_13)
FN:202,(anonymous_14)
FNF:15
FNH:0
FNDA:0,(anonymous_0)
FNDA:0,(anonymous_1)
FNDA:0,(anonymous_2)
FNDA:0,(anonymous_3)
FNDA:0,(anonymous_4)
FNDA:0,(anonymous_5)
FNDA:0,(anonymous_6)
FNDA:0,(anonymous_7)
FNDA:0,(anonymous_8)
FNDA:0,(anonymous_9)
FNDA:0,(anonymous_10)
FNDA:0,(anonymous_11)
FNDA:0,(anonymous_12)
FNDA:0,(anonymous_13)
FNDA:0,(anonymous_14)
DA:13,0
DA:14,0
DA:23,0
DA:24,0
DA:33,0
DA:34,0
DA:37,0
DA:38,0
DA:48,0
DA:49,0
DA:50,0
DA:60,0
DA:61,0
DA:62,0
DA:71,0
DA:72,0
DA:73,0
DA:82,0
DA:83,0
DA:84,0
DA:93,0
DA:94,0
DA:95,0
DA:104,0
DA:105,0
DA:106,0
DA:116,0
DA:126,0
DA:134,0
DA:136,0
DA:137,0
DA:138,0
DA:139,0
DA:140,0
DA:142,0
DA:151,0
DA:152,0
DA:153,0
DA:164,0
DA:165,0
DA:175,0
DA:176,0
DA:185,0
DA:186,0
DA:188,0
DA:189,0
DA:190,0
DA:192,0
DA:202,0
DA:203,0
DA:206,0
DA:207,0
LF:52
LH:0
BRDA:14,0,0,0
BRDA:14,0,1,0
BRDA:14,0,2,0
BRDA:34,1,0,0
BRDA:34,1,1,0
BRDA:49,2,0,0
BRDA:49,2,1,0
BRDA:61,3,0,0
BRDA:61,3,1,0
BRDA:72,4,0,0
BRDA:72,4,1,0
BRDA:83,5,0,0
BRDA:83,5,1,0
BRDA:94,6,0,0
BRDA:94,6,1,0
BRDA:105,7,0,0
BRDA:105,7,1,0
BRDA:118,8,0,0
BRDA:126,9,0,0
BRDA:126,9,1,0
BRDA:129,10,0,0
BRDA:130,11,0,0
BRDA:131,12,0,0
BRDA:132,13,0,0
BRDA:133,14,0,0
BRDA:136,15,0,0
BRDA:136,15,1,0
BRDA:137,16,0,0
BRDA:137,16,1,0
BRDA:137,17,0,0
BRDA:137,17,1,0
BRDA:138,18,0,0
BRDA:138,18,1,0
BRDA:138,19,0,0
BRDA:138,19,1,0
BRDA:139,20,0,0
BRDA:139,20,1,0
BRDA:139,21,0,0
BRDA:139,21,1,0
BRDA:140,22,0,0
BRDA:140,22,1,0
BRDA:140,23,0,0
BRDA:140,23,1,0
BRDA:152,24,0,0
BRDA:152,24,1,0
BRDA:165,25,0,0
BRDA:165,25,1,0
BRDA:186,26,0,0
BRDA:186,26,1,0
BRDA:203,27,0,0
BRDA:203,27,1,0
BRF:51
BRH:0
end_of_record
